   1               		.file	"PipeStream_AVR8.c"
   2               	__SP_H__ = 0x3e
   3               	__SP_L__ = 0x3d
   4               	__SREG__ = 0x3f
   5               	__tmp_reg__ = 0
   6               	__zero_reg__ = 1
   7               		.section	.gnu.debuglto_.debug_info,"",@progbits
   8               	.Ldebug_info0:
   9               		.hidden	PipeStream_AVR8.c.e4233a3f
  10               		.weak	PipeStream_AVR8.c.e4233a3f
  11               	PipeStream_AVR8.c.e4233a3f:
  12 0000 5200 0000 		.long	0x52
  13 0004 0200      		.word	0x2
  14 0006 0000 0000 		.long	.Ldebug_abbrev0
  15 000a 04        		.byte	0x4
  16 000b 01        		.uleb128 0x1
  17 000c 0000 0000 		.long	.LASF7
  18 0010 0C        		.byte	0xc
  19 0011 0000 0000 		.long	.LASF8
  20 0015 0000 0000 		.long	.LASF9
  21 0019 0000 0000 		.long	.Ldebug_line0
  22 001d 02        		.uleb128 0x2
  23 001e 01        		.byte	0x1
  24 001f 06        		.byte	0x6
  25 0020 0000 0000 		.long	.LASF0
  26 0024 02        		.uleb128 0x2
  27 0025 01        		.byte	0x1
  28 0026 08        		.byte	0x8
  29 0027 0000 0000 		.long	.LASF1
  30 002b 03        		.uleb128 0x3
  31 002c 02        		.byte	0x2
  32 002d 05        		.byte	0x5
  33 002e 696E 7400 		.string	"int"
  34 0032 02        		.uleb128 0x2
  35 0033 02        		.byte	0x2
  36 0034 07        		.byte	0x7
  37 0035 0000 0000 		.long	.LASF2
  38 0039 02        		.uleb128 0x2
  39 003a 04        		.byte	0x4
  40 003b 05        		.byte	0x5
  41 003c 0000 0000 		.long	.LASF3
  42 0040 02        		.uleb128 0x2
  43 0041 04        		.byte	0x4
  44 0042 07        		.byte	0x7
  45 0043 0000 0000 		.long	.LASF4
  46 0047 02        		.uleb128 0x2
  47 0048 08        		.byte	0x8
  48 0049 05        		.byte	0x5
  49 004a 0000 0000 		.long	.LASF5
  50 004e 02        		.uleb128 0x2
  51 004f 08        		.byte	0x8
  52 0050 07        		.byte	0x7
  53 0051 0000 0000 		.long	.LASF6
  54 0055 00        		.byte	0
  55               		.section	.gnu.debuglto_.debug_abbrev,"",@progbits
  56               	.Ldebug_abbrev0:
  57 0000 01        		.uleb128 0x1
  58 0001 11        		.uleb128 0x11
  59 0002 01        		.byte	0x1
  60 0003 25        		.uleb128 0x25
  61 0004 0E        		.uleb128 0xe
  62 0005 13        		.uleb128 0x13
  63 0006 0B        		.uleb128 0xb
  64 0007 03        		.uleb128 0x3
  65 0008 0E        		.uleb128 0xe
  66 0009 1B        		.uleb128 0x1b
  67 000a 0E        		.uleb128 0xe
  68 000b 10        		.uleb128 0x10
  69 000c 06        		.uleb128 0x6
  70 000d 00        		.byte	0
  71 000e 00        		.byte	0
  72 000f 02        		.uleb128 0x2
  73 0010 24        		.uleb128 0x24
  74 0011 00        		.byte	0
  75 0012 0B        		.uleb128 0xb
  76 0013 0B        		.uleb128 0xb
  77 0014 3E        		.uleb128 0x3e
  78 0015 0B        		.uleb128 0xb
  79 0016 03        		.uleb128 0x3
  80 0017 0E        		.uleb128 0xe
  81 0018 00        		.byte	0
  82 0019 00        		.byte	0
  83 001a 03        		.uleb128 0x3
  84 001b 24        		.uleb128 0x24
  85 001c 00        		.byte	0
  86 001d 0B        		.uleb128 0xb
  87 001e 0B        		.uleb128 0xb
  88 001f 3E        		.uleb128 0x3e
  89 0020 0B        		.uleb128 0xb
  90 0021 03        		.uleb128 0x3
  91 0022 08        		.uleb128 0x8
  92 0023 00        		.byte	0
  93 0024 00        		.byte	0
  94 0025 00        		.byte	0
  95               		.section	.gnu.debuglto_.debug_line,"",@progbits
  96               	.Ldebug_line0:
  97 0000 1900 0000 		.long	.LELT0-.LSLT0
  98               	.LSLT0:
  99 0004 0200      		.word	0x2
 100 0006 1300 0000 		.long	.LELTP0-.LASLTP0
 101               	.LASLTP0:
 102 000a 01        		.byte	0x1
 103 000b 01        		.byte	0x1
 104 000c F6        		.byte	0xf6
 105 000d F2        		.byte	0xf2
 106 000e 0D        		.byte	0xd
 107 000f 00        		.byte	0
 108 0010 01        		.byte	0x1
 109 0011 01        		.byte	0x1
 110 0012 01        		.byte	0x1
 111 0013 01        		.byte	0x1
 112 0014 00        		.byte	0
 113 0015 00        		.byte	0
 114 0016 00        		.byte	0
 115 0017 01        		.byte	0x1
 116 0018 00        		.byte	0
 117 0019 00        		.byte	0
 118 001a 01        		.byte	0x1
 119 001b 00        		.byte	0
 120 001c 00        		.byte	0
 121               	.LELTP0:
 122               	.LELT0:
 123               		.section	.gnu.debuglto_.debug_str,"MS",@progbits,1
 124               	.LASF2:
 125 0000 756E 7369 		.string	"unsigned int"
 125      676E 6564 
 125      2069 6E74 
 125      00
 126               	.LASF4:
 127 000d 6C6F 6E67 		.string	"long unsigned int"
 127      2075 6E73 
 127      6967 6E65 
 127      6420 696E 
 127      7400 
 128               	.LASF0:
 129 001f 7369 676E 		.string	"signed char"
 129      6564 2063 
 129      6861 7200 
 130               	.LASF6:
 131 002b 6C6F 6E67 		.string	"long long unsigned int"
 131      206C 6F6E 
 131      6720 756E 
 131      7369 676E 
 131      6564 2069 
 132               	.LASF8:
 133 0042 6C69 622F 		.string	"lib/lufa/LUFA/Drivers/USB/Core/AVR8/PipeStream_AVR8.c"
 133      6C75 6661 
 133      2F4C 5546 
 133      412F 4472 
 133      6976 6572 
 134               	.LASF7:
 135 0078 474E 5520 		.string	"GNU C99 8.3.0 -mn-flash=1 -mno-skip-bug -mmcu=avr5 -gdwarf-2 -Os -std=gnu99 -funsigned-ch
 135      4339 3920 
 135      382E 332E 
 135      3020 2D6D 
 135      6E2D 666C 
 136               	.LASF1:
 137 0160 756E 7369 		.string	"unsigned char"
 137      676E 6564 
 137      2063 6861 
 137      7200 
 138               	.LASF3:
 139 016e 6C6F 6E67 		.string	"long int"
 139      2069 6E74 
 139      00
 140               	.LASF9:
 141 0177 433A 5C55 		.string	"C:\\Users\\nonej\\Documents\\Keyboard\\msys64\\home\\nonej\\qmk_firmware"
 141      7365 7273 
 141      5C6E 6F6E 
 141      656A 5C44 
 141      6F63 756D 
 142               	.LASF5:
 143 01b8 6C6F 6E67 		.string	"long long int"
 143      206C 6F6E 
 143      6720 696E 
 143      7400 
 144               		.text
 145               		.section	.gnu.lto_.profile.54afece6,"",@progbits
 146 0000 789C 6367 		.string	"x\234cg`\004B "
 146      6004 4220 
 146      00
 147 0009 00        		.string	""
 148 000a 00        		.string	""
 149 000b 5400      		.string	"T"
 150 000d 0A        		.ascii	"\n"
 151               		.text
 152               		.section	.gnu.lto_.icf.54afece6,"",@progbits
 153 0000 789C 6367 		.string	"x\234cg`d`b@\006"
 153      6064 6062 
 153      4006 00
 154 000b 00        		.string	""
 155 000c BC00      		.string	"\274"
 156 000e 0B        		.ascii	"\013"
 157               		.text
 158               		.section	.gnu.lto_.jmpfuncs.54afece6,"",@progbits
 159 0000 789C 6367 		.string	"x\234cg`d`b@\006"
 159      6064 6062 
 159      4006 00
 160 000b 00        		.string	""
 161 000c BC00      		.string	"\274"
 162 000e 0B        		.ascii	"\013"
 163               		.text
 164               		.section	.gnu.lto_.inline.54afece6,"",@progbits
 165 0000 789C 6367 		.string	"x\234cg`d`b@\006"
 165      6064 6062 
 165      4006 00
 166 000b 00        		.string	""
 167 000c BC00      		.string	"\274"
 168 000e 0B        		.ascii	"\013"
 169               		.text
 170               		.section	.gnu.lto_.pureconst.54afece6,"",@progbits
 171 0000 789C 6367 		.string	"x\234cg`\004B "
 171      6004 4220 
 171      00
 172 0009 00        		.string	""
 173 000a 00        		.string	""
 174 000b 5400      		.string	"T"
 175 000d 0A        		.ascii	"\n"
 176               		.text
 177               		.section	.gnu.lto_.symbol_nodes.54afece6,"",@progbits
 178 0000 789C 6367 		.string	"x\234cg`d`b"
 178      6064 6062 
 178      00
 179 0009 0100      		.string	"\001"
 180 000b 00        		.string	""
 181 000c 6400      		.string	"d"
 182 000e 0B        		.ascii	"\013"
 183               		.text
 184               		.section	.gnu.lto_.refs.54afece6,"",@progbits
 185 0000 789C 6367 		.string	"x\234cg`\004B "
 185      6004 4220 
 185      00
 186 0009 00        		.string	""
 187 000a 00        		.string	""
 188 000b 5400      		.string	"T"
 189 000d 0A        		.ascii	"\n"
 190               		.text
 191               		.section	.gnu.lto_.decls.54afece6,"",@progbits
 192 0000 789C 6367 		.string	"x\234cg`d"
 192      6064 00
 193 0007 0110 A902 		.string	"\001\020\251\002\304\377\201"
 193      C4FF 8100 
 194 000f C4BE C840 		.string	"\304\276\310@"
 194      00
 195 0014 00        		.string	""
 196 0015 00        		.string	""
 197 0016 C0FC 04FC 		.ascii	"\300\374\004\374"
 198               		.text
 199               		.section	.gnu.lto_.symtab.54afece6,"",@progbits
 200               		.text
 201               		.section	.gnu.lto_.opts,"",@progbits
 202 0000 272D 666E 		.string	"'-fno-openmp' '-fno-openacc' '-fno-pie' '-mn-flash=1' '-mno-skip-bug' '-mmcu=avr5' '-Os' 
 202      6F2D 6F70 
 202      656E 6D70 
 202      2720 272D 
 202      666E 6F2D 
 203               		.text
 204               		.comm	__gnu_lto_v1,1,1
 205               		.comm	__gnu_lto_slim,1,1
 206               		.ident	"GCC: (GNU) 8.3.0"
DEFINED SYMBOLS
                            *ABS*:00000000 PipeStream_AVR8.c
C:\Users\nonej\Documents\Keyboard\msys64\tmp\ccrZgomt.s:2      *ABS*:0000003e __SP_H__
C:\Users\nonej\Documents\Keyboard\msys64\tmp\ccrZgomt.s:3      *ABS*:0000003d __SP_L__
C:\Users\nonej\Documents\Keyboard\msys64\tmp\ccrZgomt.s:4      *ABS*:0000003f __SREG__
C:\Users\nonej\Documents\Keyboard\msys64\tmp\ccrZgomt.s:5      *ABS*:00000000 __tmp_reg__
C:\Users\nonej\Documents\Keyboard\msys64\tmp\ccrZgomt.s:6      *ABS*:00000001 __zero_reg__
C:\Users\nonej\Documents\Keyboard\msys64\tmp\ccrZgomt.s:11     .gnu.debuglto_.debug_info:00000000 PipeStream_AVR8.c.e4233a3f
                            *COM*:00000001 __gnu_lto_v1
                            *COM*:00000001 __gnu_lto_slim

NO UNDEFINED SYMBOLS
