   1               		.file	"magic.c"
   2               	__SP_H__ = 0x3e
   3               	__SP_L__ = 0x3d
   4               	__SREG__ = 0x3f
   5               	__tmp_reg__ = 0
   6               	__zero_reg__ = 1
   7               		.file 1 "c:\\users\\nonej\\documents\\keyboard\\msys64\\home\\nonej\\qmk_utils\\avr8-gnu-toolchain
   8               		.file 2 "tmk_core/common/debug.h"
   9               		.file 3 "tmk_core/common/action.h"
  10               		.file 4 "lib/lufa/LUFA/Drivers/USB/Core/AVR8/../StdRequestType.h"
  11               		.file 5 "lib/lufa/LUFA/Drivers/USB/Core/AVR8/../DeviceStandardReq.h"
  12               		.file 6 "lib/lufa/LUFA/Drivers/USB/Core/USBTask.h"
  13               		.file 7 "lib/lufa/LUFA/Drivers/USB/Core/HostStandardReq.h"
  14               		.file 8 "c:\\users\\nonej\\documents\\keyboard\\msys64\\home\\nonej\\qmk_utils\\avr8-gnu-toolchain
  15               		.file 9 "tmk_core/common/host.h"
  16               		.file 10 "quantum/keycode_config.h"
  17               		.file 11 "quantum/keymap.h"
  18               		.file 12 "tmk_core/common/action_layer.h"
  19               		.file 13 "tmk_core/common/magic.c"
  20               		.section	.gnu.debuglto_.debug_info,"",@progbits
  21               	.Ldebug_info0:
  22               		.hidden	magic.c.120862a7
  23               		.weak	magic.c.120862a7
  24               	magic.c.120862a7:
  25 0000 7F04 0000 		.long	0x47f
  26 0004 0200      		.word	0x2
  27 0006 0000 0000 		.long	.Ldebug_abbrev0
  28 000a 04        		.byte	0x4
  29 000b 01        		.uleb128 0x1
  30 000c 0000 0000 		.long	.LASF57
  31 0010 0C        		.byte	0xc
  32 0011 0000 0000 		.long	.LASF58
  33 0015 0000 0000 		.long	.LASF59
  34 0019 0000 0000 		.long	.Ldebug_line0
  35 001d 02        		.uleb128 0x2
  36 001e 01        		.byte	0x1
  37 001f 06        		.byte	0x6
  38 0020 0000 0000 		.long	.LASF0
  39 0024 03        		.uleb128 0x3
  40 0025 0000 0000 		.long	.LASF2
  41 0029 01        		.byte	0x1
  42 002a 7E        		.byte	0x7e
  43 002b 16        		.byte	0x16
  44 002c 3500 0000 		.long	0x35
  45 0030 04        		.uleb128 0x4
  46 0031 2400 0000 		.long	0x24
  47 0035 02        		.uleb128 0x2
  48 0036 01        		.byte	0x1
  49 0037 08        		.byte	0x8
  50 0038 0000 0000 		.long	.LASF1
  51 003c 05        		.uleb128 0x5
  52 003d 02        		.byte	0x2
  53 003e 05        		.byte	0x5
  54 003f 696E 7400 		.string	"int"
  55 0043 03        		.uleb128 0x3
  56 0044 0000 0000 		.long	.LASF3
  57 0048 01        		.byte	0x1
  58 0049 80        		.byte	0x80
  59 004a 16        		.byte	0x16
  60 004b 5400 0000 		.long	0x54
  61 004f 06        		.uleb128 0x6
  62 0050 4300 0000 		.long	0x43
  63 0054 02        		.uleb128 0x2
  64 0055 02        		.byte	0x2
  65 0056 07        		.byte	0x7
  66 0057 0000 0000 		.long	.LASF4
  67 005b 02        		.uleb128 0x2
  68 005c 04        		.byte	0x4
  69 005d 05        		.byte	0x5
  70 005e 0000 0000 		.long	.LASF5
  71 0062 03        		.uleb128 0x3
  72 0063 0000 0000 		.long	.LASF6
  73 0067 01        		.byte	0x1
  74 0068 82        		.byte	0x82
  75 0069 16        		.byte	0x16
  76 006a 6E00 0000 		.long	0x6e
  77 006e 02        		.uleb128 0x2
  78 006f 04        		.byte	0x4
  79 0070 07        		.byte	0x7
  80 0071 0000 0000 		.long	.LASF7
  81 0075 02        		.uleb128 0x2
  82 0076 08        		.byte	0x8
  83 0077 05        		.byte	0x5
  84 0078 0000 0000 		.long	.LASF8
  85 007c 02        		.uleb128 0x2
  86 007d 08        		.byte	0x8
  87 007e 07        		.byte	0x7
  88 007f 0000 0000 		.long	.LASF9
  89 0083 07        		.uleb128 0x7
  90 0084 01        		.byte	0x1
  91 0085 02        		.byte	0x2
  92 0086 20        		.byte	0x20
  93 0087 05        		.byte	0x5
  94 0088 E700 0000 		.long	0xe7
  95 008c 08        		.uleb128 0x8
  96 008d 0000 0000 		.long	.LASF10
  97 0091 02        		.byte	0x2
  98 0092 21        		.byte	0x21
  99 0093 11        		.byte	0x11
 100 0094 E700 0000 		.long	0xe7
 101 0098 01        		.byte	0x1
 102 0099 01        		.byte	0x1
 103 009a 07        		.byte	0x7
 104 009b 02        		.byte	0x2
 105 009c 23        		.byte	0x23
 106 009d 00        		.uleb128 0
 107 009e 08        		.uleb128 0x8
 108 009f 0000 0000 		.long	.LASF11
 109 00a3 02        		.byte	0x2
 110 00a4 22        		.byte	0x22
 111 00a5 11        		.byte	0x11
 112 00a6 E700 0000 		.long	0xe7
 113 00aa 01        		.byte	0x1
 114 00ab 01        		.byte	0x1
 115 00ac 06        		.byte	0x6
 116 00ad 02        		.byte	0x2
 117 00ae 23        		.byte	0x23
 118 00af 00        		.uleb128 0
 119 00b0 08        		.uleb128 0x8
 120 00b1 0000 0000 		.long	.LASF12
 121 00b5 02        		.byte	0x2
 122 00b6 23        		.byte	0x23
 123 00b7 11        		.byte	0x11
 124 00b8 E700 0000 		.long	0xe7
 125 00bc 01        		.byte	0x1
 126 00bd 01        		.byte	0x1
 127 00be 05        		.byte	0x5
 128 00bf 02        		.byte	0x2
 129 00c0 23        		.byte	0x23
 130 00c1 00        		.uleb128 0
 131 00c2 08        		.uleb128 0x8
 132 00c3 0000 0000 		.long	.LASF13
 133 00c7 02        		.byte	0x2
 134 00c8 24        		.byte	0x24
 135 00c9 11        		.byte	0x11
 136 00ca E700 0000 		.long	0xe7
 137 00ce 01        		.byte	0x1
 138 00cf 01        		.byte	0x1
 139 00d0 04        		.byte	0x4
 140 00d1 02        		.byte	0x2
 141 00d2 23        		.byte	0x23
 142 00d3 00        		.uleb128 0
 143 00d4 08        		.uleb128 0x8
 144 00d5 0000 0000 		.long	.LASF14
 145 00d9 02        		.byte	0x2
 146 00da 25        		.byte	0x25
 147 00db 11        		.byte	0x11
 148 00dc 2400 0000 		.long	0x24
 149 00e0 01        		.byte	0x1
 150 00e1 04        		.byte	0x4
 151 00e2 00        		.byte	0
 152 00e3 02        		.byte	0x2
 153 00e4 23        		.byte	0x23
 154 00e5 00        		.uleb128 0
 155 00e6 00        		.byte	0
 156 00e7 02        		.uleb128 0x2
 157 00e8 01        		.byte	0x1
 158 00e9 02        		.byte	0x2
 159 00ea 0000 0000 		.long	.LASF15
 160 00ee 04        		.uleb128 0x4
 161 00ef E700 0000 		.long	0xe7
 162 00f3 09        		.uleb128 0x9
 163 00f4 01        		.byte	0x1
 164 00f5 02        		.byte	0x2
 165 00f6 1F        		.byte	0x1f
 166 00f7 09        		.byte	0x9
 167 00f8 0E01 0000 		.long	0x10e
 168 00fc 0A        		.uleb128 0xa
 169 00fd 8300 0000 		.long	0x83
 170 0101 0B        		.uleb128 0xb
 171 0102 7261 7700 		.string	"raw"
 172 0106 02        		.byte	0x2
 173 0107 27        		.byte	0x27
 174 0108 0D        		.byte	0xd
 175 0109 2400 0000 		.long	0x24
 176 010d 00        		.byte	0
 177 010e 03        		.uleb128 0x3
 178 010f 0000 0000 		.long	.LASF16
 179 0113 02        		.byte	0x2
 180 0114 28        		.byte	0x28
 181 0115 03        		.byte	0x3
 182 0116 F300 0000 		.long	0xf3
 183 011a 0C        		.uleb128 0xc
 184 011b 0000 0000 		.long	.LASF17
 185 011f 02        		.byte	0x2
 186 0120 2A        		.byte	0x2a
 187 0121 17        		.byte	0x17
 188 0122 0E01 0000 		.long	0x10e
 189 0126 01        		.byte	0x1
 190 0127 01        		.byte	0x1
 191 0128 0C        		.uleb128 0xc
 192 0129 0000 0000 		.long	.LASF18
 193 012d 03        		.byte	0x3
 194 012e 41        		.byte	0x41
 195 012f 0D        		.byte	0xd
 196 0130 E700 0000 		.long	0xe7
 197 0134 01        		.byte	0x1
 198 0135 01        		.byte	0x1
 199 0136 07        		.uleb128 0x7
 200 0137 08        		.byte	0x8
 201 0138 04        		.byte	0x4
 202 0139 A3        		.byte	0xa3
 203 013a 0C        		.byte	0xc
 204 013b 8B01 0000 		.long	0x18b
 205 013f 0D        		.uleb128 0xd
 206 0140 0000 0000 		.long	.LASF19
 207 0144 04        		.byte	0x4
 208 0145 A5        		.byte	0xa5
 209 0146 0E        		.byte	0xe
 210 0147 2400 0000 		.long	0x24
 211 014b 02        		.byte	0x2
 212 014c 23        		.byte	0x23
 213 014d 00        		.uleb128 0
 214 014e 0D        		.uleb128 0xd
 215 014f 0000 0000 		.long	.LASF20
 216 0153 04        		.byte	0x4
 217 0154 A6        		.byte	0xa6
 218 0155 0E        		.byte	0xe
 219 0156 2400 0000 		.long	0x24
 220 015a 02        		.byte	0x2
 221 015b 23        		.byte	0x23
 222 015c 01        		.uleb128 0x1
 223 015d 0D        		.uleb128 0xd
 224 015e 0000 0000 		.long	.LASF21
 225 0162 04        		.byte	0x4
 226 0163 A7        		.byte	0xa7
 227 0164 0E        		.byte	0xe
 228 0165 4300 0000 		.long	0x43
 229 0169 02        		.byte	0x2
 230 016a 23        		.byte	0x23
 231 016b 02        		.uleb128 0x2
 232 016c 0D        		.uleb128 0xd
 233 016d 0000 0000 		.long	.LASF22
 234 0171 04        		.byte	0x4
 235 0172 A8        		.byte	0xa8
 236 0173 0E        		.byte	0xe
 237 0174 4300 0000 		.long	0x43
 238 0178 02        		.byte	0x2
 239 0179 23        		.byte	0x23
 240 017a 04        		.uleb128 0x4
 241 017b 0D        		.uleb128 0xd
 242 017c 0000 0000 		.long	.LASF23
 243 0180 04        		.byte	0x4
 244 0181 A9        		.byte	0xa9
 245 0182 0E        		.byte	0xe
 246 0183 4300 0000 		.long	0x43
 247 0187 02        		.byte	0x2
 248 0188 23        		.byte	0x23
 249 0189 06        		.uleb128 0x6
 250 018a 00        		.byte	0
 251 018b 03        		.uleb128 0x3
 252 018c 0000 0000 		.long	.LASF24
 253 0190 04        		.byte	0x4
 254 0191 AA        		.byte	0xaa
 255 0192 12        		.byte	0x12
 256 0193 3601 0000 		.long	0x136
 257 0197 0C        		.uleb128 0xc
 258 0198 0000 0000 		.long	.LASF25
 259 019c 05        		.byte	0x5
 260 019d 5E        		.byte	0x5e
 261 019e 13        		.byte	0x13
 262 019f 2400 0000 		.long	0x24
 263 01a3 01        		.byte	0x1
 264 01a4 01        		.byte	0x1
 265 01a5 0C        		.uleb128 0xc
 266 01a6 0000 0000 		.long	.LASF26
 267 01aa 05        		.byte	0x5
 268 01ab 6E        		.byte	0x6e
 269 01ac 11        		.byte	0x11
 270 01ad E700 0000 		.long	0xe7
 271 01b1 01        		.byte	0x1
 272 01b2 01        		.byte	0x1
 273 01b3 0C        		.uleb128 0xc
 274 01b4 0000 0000 		.long	.LASF27
 275 01b8 05        		.byte	0x5
 276 01b9 78        		.byte	0x78
 277 01ba 11        		.byte	0x11
 278 01bb E700 0000 		.long	0xe7
 279 01bf 01        		.byte	0x1
 280 01c0 01        		.byte	0x1
 281 01c1 0C        		.uleb128 0xc
 282 01c2 0000 0000 		.long	.LASF28
 283 01c6 06        		.byte	0x6
 284 01c7 51        		.byte	0x51
 285 01c8 19        		.byte	0x19
 286 01c9 EE00 0000 		.long	0xee
 287 01cd 01        		.byte	0x1
 288 01ce 01        		.byte	0x1
 289 01cf 0C        		.uleb128 0xc
 290 01d0 0000 0000 		.long	.LASF29
 291 01d4 06        		.byte	0x6
 292 01d5 5B        		.byte	0x5b
 293 01d6 21        		.byte	0x21
 294 01d7 8B01 0000 		.long	0x18b
 295 01db 01        		.byte	0x1
 296 01dc 01        		.byte	0x1
 297 01dd 0C        		.uleb128 0xc
 298 01de 0000 0000 		.long	.LASF30
 299 01e2 06        		.byte	0x6
 300 01e3 90        		.byte	0x90
 301 01e4 1E        		.byte	0x1e
 302 01e5 3000 0000 		.long	0x30
 303 01e9 01        		.byte	0x1
 304 01ea 01        		.byte	0x1
 305 01eb 0C        		.uleb128 0xc
 306 01ec 0000 0000 		.long	.LASF31
 307 01f0 07        		.byte	0x7
 308 01f1 67        		.byte	0x67
 309 01f2 13        		.byte	0x13
 310 01f3 2400 0000 		.long	0x24
 311 01f7 01        		.byte	0x1
 312 01f8 01        		.byte	0x1
 313 01f9 0E        		.uleb128 0xe
 314 01fa 02        		.byte	0x2
 315 01fb 0F        		.uleb128 0xf
 316 01fc 0000 0000 		.long	.LASF60
 317 0200 0E        		.byte	0xe
 318 0201 08        		.byte	0x8
 319 0202 F4        		.byte	0xf4
 320 0203 08        		.byte	0x8
 321 0204 8602 0000 		.long	0x286
 322 0208 10        		.uleb128 0x10
 323 0209 6275 6600 		.string	"buf"
 324 020d 08        		.byte	0x8
 325 020e F5        		.byte	0xf5
 326 020f 08        		.byte	0x8
 327 0210 8602 0000 		.long	0x286
 328 0214 02        		.byte	0x2
 329 0215 23        		.byte	0x23
 330 0216 00        		.uleb128 0
 331 0217 0D        		.uleb128 0xd
 332 0218 0000 0000 		.long	.LASF32
 333 021c 08        		.byte	0x8
 334 021d F6        		.byte	0xf6
 335 021e 10        		.byte	0x10
 336 021f 3500 0000 		.long	0x35
 337 0223 02        		.byte	0x2
 338 0224 23        		.byte	0x23
 339 0225 02        		.uleb128 0x2
 340 0226 0D        		.uleb128 0xd
 341 0227 0000 0000 		.long	.LASF33
 342 022b 08        		.byte	0x8
 343 022c F7        		.byte	0xf7
 344 022d 0A        		.byte	0xa
 345 022e 2400 0000 		.long	0x24
 346 0232 02        		.byte	0x2
 347 0233 23        		.byte	0x23
 348 0234 03        		.uleb128 0x3
 349 0235 11        		.uleb128 0x11
 350 0236 0000 0000 		.long	.LASF34
 351 023a 08        		.byte	0x8
 352 023b 0701      		.word	0x107
 353 023d 06        		.byte	0x6
 354 023e 3C00 0000 		.long	0x3c
 355 0242 02        		.byte	0x2
 356 0243 23        		.byte	0x23
 357 0244 04        		.uleb128 0x4
 358 0245 12        		.uleb128 0x12
 359 0246 6C65 6E00 		.string	"len"
 360 024a 08        		.byte	0x8
 361 024b 0801      		.word	0x108
 362 024d 06        		.byte	0x6
 363 024e 3C00 0000 		.long	0x3c
 364 0252 02        		.byte	0x2
 365 0253 23        		.byte	0x23
 366 0254 06        		.uleb128 0x6
 367 0255 12        		.uleb128 0x12
 368 0256 7075 7400 		.string	"put"
 369 025a 08        		.byte	0x8
 370 025b 0901      		.word	0x109
 371 025d 08        		.byte	0x8
 372 025e AE02 0000 		.long	0x2ae
 373 0262 02        		.byte	0x2
 374 0263 23        		.byte	0x23
 375 0264 08        		.uleb128 0x8
 376 0265 12        		.uleb128 0x12
 377 0266 6765 7400 		.string	"get"
 378 026a 08        		.byte	0x8
 379 026b 0A01      		.word	0x10a
 380 026d 08        		.byte	0x8
 381 026e C402 0000 		.long	0x2c4
 382 0272 02        		.byte	0x2
 383 0273 23        		.byte	0x23
 384 0274 0A        		.uleb128 0xa
 385 0275 11        		.uleb128 0x11
 386 0276 0000 0000 		.long	.LASF35
 387 027a 08        		.byte	0x8
 388 027b 0B01      		.word	0x10b
 389 027d 08        		.byte	0x8
 390 027e F901 0000 		.long	0x1f9
 391 0282 02        		.byte	0x2
 392 0283 23        		.byte	0x23
 393 0284 0C        		.uleb128 0xc
 394 0285 00        		.byte	0
 395 0286 13        		.uleb128 0x13
 396 0287 02        		.byte	0x2
 397 0288 8C02 0000 		.long	0x28c
 398 028c 02        		.uleb128 0x2
 399 028d 01        		.byte	0x1
 400 028e 08        		.byte	0x8
 401 028f 0000 0000 		.long	.LASF36
 402 0293 14        		.uleb128 0x14
 403 0294 01        		.byte	0x1
 404 0295 3C00 0000 		.long	0x3c
 405 0299 A802 0000 		.long	0x2a8
 406 029d 15        		.uleb128 0x15
 407 029e 8C02 0000 		.long	0x28c
 408 02a2 15        		.uleb128 0x15
 409 02a3 A802 0000 		.long	0x2a8
 410 02a7 00        		.byte	0
 411 02a8 13        		.uleb128 0x13
 412 02a9 02        		.byte	0x2
 413 02aa FB01 0000 		.long	0x1fb
 414 02ae 13        		.uleb128 0x13
 415 02af 02        		.byte	0x2
 416 02b0 9302 0000 		.long	0x293
 417 02b4 14        		.uleb128 0x14
 418 02b5 01        		.byte	0x1
 419 02b6 3C00 0000 		.long	0x3c
 420 02ba C402 0000 		.long	0x2c4
 421 02be 15        		.uleb128 0x15
 422 02bf A802 0000 		.long	0x2a8
 423 02c3 00        		.byte	0
 424 02c4 13        		.uleb128 0x13
 425 02c5 02        		.byte	0x2
 426 02c6 B402 0000 		.long	0x2b4
 427 02ca 16        		.uleb128 0x16
 428 02cb A802 0000 		.long	0x2a8
 429 02cf D502 0000 		.long	0x2d5
 430 02d3 17        		.uleb128 0x17
 431 02d4 00        		.byte	0
 432 02d5 18        		.uleb128 0x18
 433 02d6 0000 0000 		.long	.LASF37
 434 02da 08        		.byte	0x8
 435 02db 9701      		.word	0x197
 436 02dd 17        		.byte	0x17
 437 02de CA02 0000 		.long	0x2ca
 438 02e2 01        		.byte	0x1
 439 02e3 01        		.byte	0x1
 440 02e4 0C        		.uleb128 0xc
 441 02e5 0000 0000 		.long	.LASF38
 442 02e9 09        		.byte	0x9
 443 02ea 24        		.byte	0x24
 444 02eb 10        		.byte	0x10
 445 02ec 2400 0000 		.long	0x24
 446 02f0 01        		.byte	0x1
 447 02f1 01        		.byte	0x1
 448 02f2 0C        		.uleb128 0xc
 449 02f3 0000 0000 		.long	.LASF39
 450 02f7 09        		.byte	0x9
 451 02f8 25        		.byte	0x25
 452 02f9 10        		.byte	0x10
 453 02fa 2400 0000 		.long	0x24
 454 02fe 01        		.byte	0x1
 455 02ff 01        		.byte	0x1
 456 0300 07        		.uleb128 0x7
 457 0301 02        		.byte	0x2
 458 0302 0A        		.byte	0xa
 459 0303 1E        		.byte	0x1e
 460 0304 05        		.byte	0x5
 461 0305 BE03 0000 		.long	0x3be
 462 0309 08        		.uleb128 0x8
 463 030a 0000 0000 		.long	.LASF40
 464 030e 0A        		.byte	0xa
 465 030f 1F        		.byte	0x1f
 466 0310 0E        		.byte	0xe
 467 0311 E700 0000 		.long	0xe7
 468 0315 01        		.byte	0x1
 469 0316 01        		.byte	0x1
 470 0317 07        		.byte	0x7
 471 0318 02        		.byte	0x2
 472 0319 23        		.byte	0x23
 473 031a 00        		.uleb128 0
 474 031b 08        		.uleb128 0x8
 475 031c 0000 0000 		.long	.LASF41
 476 0320 0A        		.byte	0xa
 477 0321 20        		.byte	0x20
 478 0322 0E        		.byte	0xe
 479 0323 E700 0000 		.long	0xe7
 480 0327 01        		.byte	0x1
 481 0328 01        		.byte	0x1
 482 0329 06        		.byte	0x6
 483 032a 02        		.byte	0x2
 484 032b 23        		.byte	0x23
 485 032c 00        		.uleb128 0
 486 032d 08        		.uleb128 0x8
 487 032e 0000 0000 		.long	.LASF42
 488 0332 0A        		.byte	0xa
 489 0333 21        		.byte	0x21
 490 0334 0E        		.byte	0xe
 491 0335 E700 0000 		.long	0xe7
 492 0339 01        		.byte	0x1
 493 033a 01        		.byte	0x1
 494 033b 05        		.byte	0x5
 495 033c 02        		.byte	0x2
 496 033d 23        		.byte	0x23
 497 033e 00        		.uleb128 0
 498 033f 08        		.uleb128 0x8
 499 0340 0000 0000 		.long	.LASF43
 500 0344 0A        		.byte	0xa
 501 0345 22        		.byte	0x22
 502 0346 0E        		.byte	0xe
 503 0347 E700 0000 		.long	0xe7
 504 034b 01        		.byte	0x1
 505 034c 01        		.byte	0x1
 506 034d 04        		.byte	0x4
 507 034e 02        		.byte	0x2
 508 034f 23        		.byte	0x23
 509 0350 00        		.uleb128 0
 510 0351 08        		.uleb128 0x8
 511 0352 0000 0000 		.long	.LASF44
 512 0356 0A        		.byte	0xa
 513 0357 23        		.byte	0x23
 514 0358 0E        		.byte	0xe
 515 0359 E700 0000 		.long	0xe7
 516 035d 01        		.byte	0x1
 517 035e 01        		.byte	0x1
 518 035f 03        		.byte	0x3
 519 0360 02        		.byte	0x2
 520 0361 23        		.byte	0x23
 521 0362 00        		.uleb128 0
 522 0363 08        		.uleb128 0x8
 523 0364 0000 0000 		.long	.LASF45
 524 0368 0A        		.byte	0xa
 525 0369 24        		.byte	0x24
 526 036a 0E        		.byte	0xe
 527 036b E700 0000 		.long	0xe7
 528 036f 01        		.byte	0x1
 529 0370 01        		.byte	0x1
 530 0371 02        		.byte	0x2
 531 0372 02        		.byte	0x2
 532 0373 23        		.byte	0x23
 533 0374 00        		.uleb128 0
 534 0375 08        		.uleb128 0x8
 535 0376 0000 0000 		.long	.LASF46
 536 037a 0A        		.byte	0xa
 537 037b 25        		.byte	0x25
 538 037c 0E        		.byte	0xe
 539 037d E700 0000 		.long	0xe7
 540 0381 01        		.byte	0x1
 541 0382 01        		.byte	0x1
 542 0383 01        		.byte	0x1
 543 0384 02        		.byte	0x2
 544 0385 23        		.byte	0x23
 545 0386 00        		.uleb128 0
 546 0387 08        		.uleb128 0x8
 547 0388 0000 0000 		.long	.LASF47
 548 038c 0A        		.byte	0xa
 549 038d 26        		.byte	0x26
 550 038e 0E        		.byte	0xe
 551 038f E700 0000 		.long	0xe7
 552 0393 01        		.byte	0x1
 553 0394 01        		.byte	0x1
 554 0395 00        		.byte	0
 555 0396 02        		.byte	0x2
 556 0397 23        		.byte	0x23
 557 0398 00        		.uleb128 0
 558 0399 08        		.uleb128 0x8
 559 039a 0000 0000 		.long	.LASF48
 560 039e 0A        		.byte	0xa
 561 039f 27        		.byte	0x27
 562 03a0 0E        		.byte	0xe
 563 03a1 E700 0000 		.long	0xe7
 564 03a5 01        		.byte	0x1
 565 03a6 01        		.byte	0x1
 566 03a7 07        		.byte	0x7
 567 03a8 02        		.byte	0x2
 568 03a9 23        		.byte	0x23
 569 03aa 01        		.uleb128 0x1
 570 03ab 08        		.uleb128 0x8
 571 03ac 0000 0000 		.long	.LASF49
 572 03b0 0A        		.byte	0xa
 573 03b1 28        		.byte	0x28
 574 03b2 0E        		.byte	0xe
 575 03b3 E700 0000 		.long	0xe7
 576 03b7 01        		.byte	0x1
 577 03b8 01        		.byte	0x1
 578 03b9 06        		.byte	0x6
 579 03ba 02        		.byte	0x2
 580 03bb 23        		.byte	0x23
 581 03bc 01        		.uleb128 0x1
 582 03bd 00        		.byte	0
 583 03be 09        		.uleb128 0x9
 584 03bf 02        		.byte	0x2
 585 03c0 0A        		.byte	0xa
 586 03c1 1C        		.byte	0x1c
 587 03c2 09        		.byte	0x9
 588 03c3 D903 0000 		.long	0x3d9
 589 03c7 0B        		.uleb128 0xb
 590 03c8 7261 7700 		.string	"raw"
 591 03cc 0A        		.byte	0xa
 592 03cd 1D        		.byte	0x1d
 593 03ce 0E        		.byte	0xe
 594 03cf 4300 0000 		.long	0x43
 595 03d3 0A        		.uleb128 0xa
 596 03d4 0003 0000 		.long	0x300
 597 03d8 00        		.byte	0
 598 03d9 03        		.uleb128 0x3
 599 03da 0000 0000 		.long	.LASF50
 600 03de 0A        		.byte	0xa
 601 03df 2A        		.byte	0x2a
 602 03e0 03        		.byte	0x3
 603 03e1 BE03 0000 		.long	0x3be
 604 03e5 0C        		.uleb128 0xc
 605 03e6 0000 0000 		.long	.LASF51
 606 03ea 0A        		.byte	0xa
 607 03eb 2C        		.byte	0x2c
 608 03ec 18        		.byte	0x18
 609 03ed D903 0000 		.long	0x3d9
 610 03f1 01        		.byte	0x1
 611 03f2 01        		.byte	0x1
 612 03f3 16        		.uleb128 0x16
 613 03f4 4F00 0000 		.long	0x4f
 614 03f8 0A04 0000 		.long	0x40a
 615 03fc 17        		.uleb128 0x17
 616 03fd 19        		.uleb128 0x19
 617 03fe 5400 0000 		.long	0x54
 618 0402 07        		.byte	0x7
 619 0403 19        		.uleb128 0x19
 620 0404 5400 0000 		.long	0x54
 621 0408 05        		.byte	0x5
 622 0409 00        		.byte	0
 623 040a 06        		.uleb128 0x6
 624 040b F303 0000 		.long	0x3f3
 625 040f 0C        		.uleb128 0xc
 626 0410 0000 0000 		.long	.LASF52
 627 0414 0B        		.byte	0xb
 628 0415 34        		.byte	0x34
 629 0416 17        		.byte	0x17
 630 0417 0A04 0000 		.long	0x40a
 631 041b 01        		.byte	0x1
 632 041c 01        		.byte	0x1
 633 041d 16        		.uleb128 0x16
 634 041e 4F00 0000 		.long	0x4f
 635 0422 2804 0000 		.long	0x428
 636 0426 17        		.uleb128 0x17
 637 0427 00        		.byte	0
 638 0428 06        		.uleb128 0x6
 639 0429 1D04 0000 		.long	0x41d
 640 042d 0C        		.uleb128 0xc
 641 042e 0000 0000 		.long	.LASF53
 642 0432 0B        		.byte	0xb
 643 0433 35        		.byte	0x35
 644 0434 17        		.byte	0x17
 645 0435 2804 0000 		.long	0x428
 646 0439 01        		.byte	0x1
 647 043a 01        		.byte	0x1
 648 043b 03        		.uleb128 0x3
 649 043c 0000 0000 		.long	.LASF54
 650 0440 0C        		.byte	0xc
 651 0441 1F        		.byte	0x1f
 652 0442 12        		.byte	0x12
 653 0443 6200 0000 		.long	0x62
 654 0447 0C        		.uleb128 0xc
 655 0448 0000 0000 		.long	.LASF55
 656 044c 0C        		.byte	0xc
 657 044d 26        		.byte	0x26
 658 044e 16        		.byte	0x16
 659 044f 3B04 0000 		.long	0x43b
 660 0453 01        		.byte	0x1
 661 0454 01        		.byte	0x1
 662 0455 0C        		.uleb128 0xc
 663 0456 0000 0000 		.long	.LASF56
 664 045a 0C        		.byte	0xc
 665 045b 3C        		.byte	0x3c
 666 045c 16        		.byte	0x16
 667 045d 3B04 0000 		.long	0x43b
 668 0461 01        		.byte	0x1
 669 0462 01        		.byte	0x1
 670 0463 1A        		.uleb128 0x1a
 671 0464 E503 0000 		.long	0x3e5
 672 0468 0D        		.byte	0xd
 673 0469 0F        		.byte	0xf
 674 046a 11        		.byte	0x11
 675 046b 1B        		.uleb128 0x1b
 676 046c 01        		.byte	0x1
 677 046d 0000 0000 		.long	.LASF61
 678 0471 0D        		.byte	0xd
 679 0472 15        		.byte	0x15
 680 0473 06        		.byte	0x6
 681 0474 01        		.byte	0x1
 682 0475 1C        		.uleb128 0x1c
 683 0476 0000 0000 		.long	.LASF62
 684 047a 0D        		.byte	0xd
 685 047b 21        		.byte	0x21
 686 047c 0D        		.byte	0xd
 687 047d 2400 0000 		.long	0x24
 688 0481 00        		.byte	0
 689 0482 00        		.byte	0
 690               		.section	.gnu.debuglto_.debug_abbrev,"",@progbits
 691               	.Ldebug_abbrev0:
 692 0000 01        		.uleb128 0x1
 693 0001 11        		.uleb128 0x11
 694 0002 01        		.byte	0x1
 695 0003 25        		.uleb128 0x25
 696 0004 0E        		.uleb128 0xe
 697 0005 13        		.uleb128 0x13
 698 0006 0B        		.uleb128 0xb
 699 0007 03        		.uleb128 0x3
 700 0008 0E        		.uleb128 0xe
 701 0009 1B        		.uleb128 0x1b
 702 000a 0E        		.uleb128 0xe
 703 000b 10        		.uleb128 0x10
 704 000c 06        		.uleb128 0x6
 705 000d 00        		.byte	0
 706 000e 00        		.byte	0
 707 000f 02        		.uleb128 0x2
 708 0010 24        		.uleb128 0x24
 709 0011 00        		.byte	0
 710 0012 0B        		.uleb128 0xb
 711 0013 0B        		.uleb128 0xb
 712 0014 3E        		.uleb128 0x3e
 713 0015 0B        		.uleb128 0xb
 714 0016 03        		.uleb128 0x3
 715 0017 0E        		.uleb128 0xe
 716 0018 00        		.byte	0
 717 0019 00        		.byte	0
 718 001a 03        		.uleb128 0x3
 719 001b 16        		.uleb128 0x16
 720 001c 00        		.byte	0
 721 001d 03        		.uleb128 0x3
 722 001e 0E        		.uleb128 0xe
 723 001f 3A        		.uleb128 0x3a
 724 0020 0B        		.uleb128 0xb
 725 0021 3B        		.uleb128 0x3b
 726 0022 0B        		.uleb128 0xb
 727 0023 39        		.uleb128 0x39
 728 0024 0B        		.uleb128 0xb
 729 0025 49        		.uleb128 0x49
 730 0026 13        		.uleb128 0x13
 731 0027 00        		.byte	0
 732 0028 00        		.byte	0
 733 0029 04        		.uleb128 0x4
 734 002a 35        		.uleb128 0x35
 735 002b 00        		.byte	0
 736 002c 49        		.uleb128 0x49
 737 002d 13        		.uleb128 0x13
 738 002e 00        		.byte	0
 739 002f 00        		.byte	0
 740 0030 05        		.uleb128 0x5
 741 0031 24        		.uleb128 0x24
 742 0032 00        		.byte	0
 743 0033 0B        		.uleb128 0xb
 744 0034 0B        		.uleb128 0xb
 745 0035 3E        		.uleb128 0x3e
 746 0036 0B        		.uleb128 0xb
 747 0037 03        		.uleb128 0x3
 748 0038 08        		.uleb128 0x8
 749 0039 00        		.byte	0
 750 003a 00        		.byte	0
 751 003b 06        		.uleb128 0x6
 752 003c 26        		.uleb128 0x26
 753 003d 00        		.byte	0
 754 003e 49        		.uleb128 0x49
 755 003f 13        		.uleb128 0x13
 756 0040 00        		.byte	0
 757 0041 00        		.byte	0
 758 0042 07        		.uleb128 0x7
 759 0043 13        		.uleb128 0x13
 760 0044 01        		.byte	0x1
 761 0045 0B        		.uleb128 0xb
 762 0046 0B        		.uleb128 0xb
 763 0047 3A        		.uleb128 0x3a
 764 0048 0B        		.uleb128 0xb
 765 0049 3B        		.uleb128 0x3b
 766 004a 0B        		.uleb128 0xb
 767 004b 39        		.uleb128 0x39
 768 004c 0B        		.uleb128 0xb
 769 004d 01        		.uleb128 0x1
 770 004e 13        		.uleb128 0x13
 771 004f 00        		.byte	0
 772 0050 00        		.byte	0
 773 0051 08        		.uleb128 0x8
 774 0052 0D        		.uleb128 0xd
 775 0053 00        		.byte	0
 776 0054 03        		.uleb128 0x3
 777 0055 0E        		.uleb128 0xe
 778 0056 3A        		.uleb128 0x3a
 779 0057 0B        		.uleb128 0xb
 780 0058 3B        		.uleb128 0x3b
 781 0059 0B        		.uleb128 0xb
 782 005a 39        		.uleb128 0x39
 783 005b 0B        		.uleb128 0xb
 784 005c 49        		.uleb128 0x49
 785 005d 13        		.uleb128 0x13
 786 005e 0B        		.uleb128 0xb
 787 005f 0B        		.uleb128 0xb
 788 0060 0D        		.uleb128 0xd
 789 0061 0B        		.uleb128 0xb
 790 0062 0C        		.uleb128 0xc
 791 0063 0B        		.uleb128 0xb
 792 0064 38        		.uleb128 0x38
 793 0065 0A        		.uleb128 0xa
 794 0066 00        		.byte	0
 795 0067 00        		.byte	0
 796 0068 09        		.uleb128 0x9
 797 0069 17        		.uleb128 0x17
 798 006a 01        		.byte	0x1
 799 006b 0B        		.uleb128 0xb
 800 006c 0B        		.uleb128 0xb
 801 006d 3A        		.uleb128 0x3a
 802 006e 0B        		.uleb128 0xb
 803 006f 3B        		.uleb128 0x3b
 804 0070 0B        		.uleb128 0xb
 805 0071 39        		.uleb128 0x39
 806 0072 0B        		.uleb128 0xb
 807 0073 01        		.uleb128 0x1
 808 0074 13        		.uleb128 0x13
 809 0075 00        		.byte	0
 810 0076 00        		.byte	0
 811 0077 0A        		.uleb128 0xa
 812 0078 0D        		.uleb128 0xd
 813 0079 00        		.byte	0
 814 007a 49        		.uleb128 0x49
 815 007b 13        		.uleb128 0x13
 816 007c 00        		.byte	0
 817 007d 00        		.byte	0
 818 007e 0B        		.uleb128 0xb
 819 007f 0D        		.uleb128 0xd
 820 0080 00        		.byte	0
 821 0081 03        		.uleb128 0x3
 822 0082 08        		.uleb128 0x8
 823 0083 3A        		.uleb128 0x3a
 824 0084 0B        		.uleb128 0xb
 825 0085 3B        		.uleb128 0x3b
 826 0086 0B        		.uleb128 0xb
 827 0087 39        		.uleb128 0x39
 828 0088 0B        		.uleb128 0xb
 829 0089 49        		.uleb128 0x49
 830 008a 13        		.uleb128 0x13
 831 008b 00        		.byte	0
 832 008c 00        		.byte	0
 833 008d 0C        		.uleb128 0xc
 834 008e 34        		.uleb128 0x34
 835 008f 00        		.byte	0
 836 0090 03        		.uleb128 0x3
 837 0091 0E        		.uleb128 0xe
 838 0092 3A        		.uleb128 0x3a
 839 0093 0B        		.uleb128 0xb
 840 0094 3B        		.uleb128 0x3b
 841 0095 0B        		.uleb128 0xb
 842 0096 39        		.uleb128 0x39
 843 0097 0B        		.uleb128 0xb
 844 0098 49        		.uleb128 0x49
 845 0099 13        		.uleb128 0x13
 846 009a 3F        		.uleb128 0x3f
 847 009b 0C        		.uleb128 0xc
 848 009c 3C        		.uleb128 0x3c
 849 009d 0C        		.uleb128 0xc
 850 009e 00        		.byte	0
 851 009f 00        		.byte	0
 852 00a0 0D        		.uleb128 0xd
 853 00a1 0D        		.uleb128 0xd
 854 00a2 00        		.byte	0
 855 00a3 03        		.uleb128 0x3
 856 00a4 0E        		.uleb128 0xe
 857 00a5 3A        		.uleb128 0x3a
 858 00a6 0B        		.uleb128 0xb
 859 00a7 3B        		.uleb128 0x3b
 860 00a8 0B        		.uleb128 0xb
 861 00a9 39        		.uleb128 0x39
 862 00aa 0B        		.uleb128 0xb
 863 00ab 49        		.uleb128 0x49
 864 00ac 13        		.uleb128 0x13
 865 00ad 38        		.uleb128 0x38
 866 00ae 0A        		.uleb128 0xa
 867 00af 00        		.byte	0
 868 00b0 00        		.byte	0
 869 00b1 0E        		.uleb128 0xe
 870 00b2 0F        		.uleb128 0xf
 871 00b3 00        		.byte	0
 872 00b4 0B        		.uleb128 0xb
 873 00b5 0B        		.uleb128 0xb
 874 00b6 00        		.byte	0
 875 00b7 00        		.byte	0
 876 00b8 0F        		.uleb128 0xf
 877 00b9 13        		.uleb128 0x13
 878 00ba 01        		.byte	0x1
 879 00bb 03        		.uleb128 0x3
 880 00bc 0E        		.uleb128 0xe
 881 00bd 0B        		.uleb128 0xb
 882 00be 0B        		.uleb128 0xb
 883 00bf 3A        		.uleb128 0x3a
 884 00c0 0B        		.uleb128 0xb
 885 00c1 3B        		.uleb128 0x3b
 886 00c2 0B        		.uleb128 0xb
 887 00c3 39        		.uleb128 0x39
 888 00c4 0B        		.uleb128 0xb
 889 00c5 01        		.uleb128 0x1
 890 00c6 13        		.uleb128 0x13
 891 00c7 00        		.byte	0
 892 00c8 00        		.byte	0
 893 00c9 10        		.uleb128 0x10
 894 00ca 0D        		.uleb128 0xd
 895 00cb 00        		.byte	0
 896 00cc 03        		.uleb128 0x3
 897 00cd 08        		.uleb128 0x8
 898 00ce 3A        		.uleb128 0x3a
 899 00cf 0B        		.uleb128 0xb
 900 00d0 3B        		.uleb128 0x3b
 901 00d1 0B        		.uleb128 0xb
 902 00d2 39        		.uleb128 0x39
 903 00d3 0B        		.uleb128 0xb
 904 00d4 49        		.uleb128 0x49
 905 00d5 13        		.uleb128 0x13
 906 00d6 38        		.uleb128 0x38
 907 00d7 0A        		.uleb128 0xa
 908 00d8 00        		.byte	0
 909 00d9 00        		.byte	0
 910 00da 11        		.uleb128 0x11
 911 00db 0D        		.uleb128 0xd
 912 00dc 00        		.byte	0
 913 00dd 03        		.uleb128 0x3
 914 00de 0E        		.uleb128 0xe
 915 00df 3A        		.uleb128 0x3a
 916 00e0 0B        		.uleb128 0xb
 917 00e1 3B        		.uleb128 0x3b
 918 00e2 05        		.uleb128 0x5
 919 00e3 39        		.uleb128 0x39
 920 00e4 0B        		.uleb128 0xb
 921 00e5 49        		.uleb128 0x49
 922 00e6 13        		.uleb128 0x13
 923 00e7 38        		.uleb128 0x38
 924 00e8 0A        		.uleb128 0xa
 925 00e9 00        		.byte	0
 926 00ea 00        		.byte	0
 927 00eb 12        		.uleb128 0x12
 928 00ec 0D        		.uleb128 0xd
 929 00ed 00        		.byte	0
 930 00ee 03        		.uleb128 0x3
 931 00ef 08        		.uleb128 0x8
 932 00f0 3A        		.uleb128 0x3a
 933 00f1 0B        		.uleb128 0xb
 934 00f2 3B        		.uleb128 0x3b
 935 00f3 05        		.uleb128 0x5
 936 00f4 39        		.uleb128 0x39
 937 00f5 0B        		.uleb128 0xb
 938 00f6 49        		.uleb128 0x49
 939 00f7 13        		.uleb128 0x13
 940 00f8 38        		.uleb128 0x38
 941 00f9 0A        		.uleb128 0xa
 942 00fa 00        		.byte	0
 943 00fb 00        		.byte	0
 944 00fc 13        		.uleb128 0x13
 945 00fd 0F        		.uleb128 0xf
 946 00fe 00        		.byte	0
 947 00ff 0B        		.uleb128 0xb
 948 0100 0B        		.uleb128 0xb
 949 0101 49        		.uleb128 0x49
 950 0102 13        		.uleb128 0x13
 951 0103 00        		.byte	0
 952 0104 00        		.byte	0
 953 0105 14        		.uleb128 0x14
 954 0106 15        		.uleb128 0x15
 955 0107 01        		.byte	0x1
 956 0108 27        		.uleb128 0x27
 957 0109 0C        		.uleb128 0xc
 958 010a 49        		.uleb128 0x49
 959 010b 13        		.uleb128 0x13
 960 010c 01        		.uleb128 0x1
 961 010d 13        		.uleb128 0x13
 962 010e 00        		.byte	0
 963 010f 00        		.byte	0
 964 0110 15        		.uleb128 0x15
 965 0111 05        		.uleb128 0x5
 966 0112 00        		.byte	0
 967 0113 49        		.uleb128 0x49
 968 0114 13        		.uleb128 0x13
 969 0115 00        		.byte	0
 970 0116 00        		.byte	0
 971 0117 16        		.uleb128 0x16
 972 0118 01        		.uleb128 0x1
 973 0119 01        		.byte	0x1
 974 011a 49        		.uleb128 0x49
 975 011b 13        		.uleb128 0x13
 976 011c 01        		.uleb128 0x1
 977 011d 13        		.uleb128 0x13
 978 011e 00        		.byte	0
 979 011f 00        		.byte	0
 980 0120 17        		.uleb128 0x17
 981 0121 21        		.uleb128 0x21
 982 0122 00        		.byte	0
 983 0123 00        		.byte	0
 984 0124 00        		.byte	0
 985 0125 18        		.uleb128 0x18
 986 0126 34        		.uleb128 0x34
 987 0127 00        		.byte	0
 988 0128 03        		.uleb128 0x3
 989 0129 0E        		.uleb128 0xe
 990 012a 3A        		.uleb128 0x3a
 991 012b 0B        		.uleb128 0xb
 992 012c 3B        		.uleb128 0x3b
 993 012d 05        		.uleb128 0x5
 994 012e 39        		.uleb128 0x39
 995 012f 0B        		.uleb128 0xb
 996 0130 49        		.uleb128 0x49
 997 0131 13        		.uleb128 0x13
 998 0132 3F        		.uleb128 0x3f
 999 0133 0C        		.uleb128 0xc
 1000 0134 3C        		.uleb128 0x3c
 1001 0135 0C        		.uleb128 0xc
 1002 0136 00        		.byte	0
 1003 0137 00        		.byte	0
 1004 0138 19        		.uleb128 0x19
 1005 0139 21        		.uleb128 0x21
 1006 013a 00        		.byte	0
 1007 013b 49        		.uleb128 0x49
 1008 013c 13        		.uleb128 0x13
 1009 013d 2F        		.uleb128 0x2f
 1010 013e 0B        		.uleb128 0xb
 1011 013f 00        		.byte	0
 1012 0140 00        		.byte	0
 1013 0141 1A        		.uleb128 0x1a
 1014 0142 34        		.uleb128 0x34
 1015 0143 00        		.byte	0
 1016 0144 47        		.uleb128 0x47
 1017 0145 13        		.uleb128 0x13
 1018 0146 3A        		.uleb128 0x3a
 1019 0147 0B        		.uleb128 0xb
 1020 0148 3B        		.uleb128 0x3b
 1021 0149 0B        		.uleb128 0xb
 1022 014a 39        		.uleb128 0x39
 1023 014b 0B        		.uleb128 0xb
 1024 014c 00        		.byte	0
 1025 014d 00        		.byte	0
 1026 014e 1B        		.uleb128 0x1b
 1027 014f 2E        		.uleb128 0x2e
 1028 0150 01        		.byte	0x1
 1029 0151 3F        		.uleb128 0x3f
 1030 0152 0C        		.uleb128 0xc
 1031 0153 03        		.uleb128 0x3
 1032 0154 0E        		.uleb128 0xe
 1033 0155 3A        		.uleb128 0x3a
 1034 0156 0B        		.uleb128 0xb
 1035 0157 3B        		.uleb128 0x3b
 1036 0158 0B        		.uleb128 0xb
 1037 0159 39        		.uleb128 0x39
 1038 015a 0B        		.uleb128 0xb
 1039 015b 27        		.uleb128 0x27
 1040 015c 0C        		.uleb128 0xc
 1041 015d 00        		.byte	0
 1042 015e 00        		.byte	0
 1043 015f 1C        		.uleb128 0x1c
 1044 0160 34        		.uleb128 0x34
 1045 0161 00        		.byte	0
 1046 0162 03        		.uleb128 0x3
 1047 0163 0E        		.uleb128 0xe
 1048 0164 3A        		.uleb128 0x3a
 1049 0165 0B        		.uleb128 0xb
 1050 0166 3B        		.uleb128 0x3b
 1051 0167 0B        		.uleb128 0xb
 1052 0168 39        		.uleb128 0x39
 1053 0169 0B        		.uleb128 0xb
 1054 016a 49        		.uleb128 0x49
 1055 016b 13        		.uleb128 0x13
 1056 016c 00        		.byte	0
 1057 016d 00        		.byte	0
 1058 016e 00        		.byte	0
 1059               		.section	.gnu.debuglto_.debug_line,"",@progbits
 1060               	.Ldebug_line0:
 1061 0000 A601 0000 		.long	.LELT0-.LSLT0
 1062               	.LSLT0:
 1063 0004 0200      		.word	0x2
 1064 0006 A001 0000 		.long	.LELTP0-.LASLTP0
 1065               	.LASLTP0:
 1066 000a 01        		.byte	0x1
 1067 000b 01        		.byte	0x1
 1068 000c F6        		.byte	0xf6
 1069 000d F2        		.byte	0xf2
 1070 000e 0D        		.byte	0xd
 1071 000f 00        		.byte	0
 1072 0010 01        		.byte	0x1
 1073 0011 01        		.byte	0x1
 1074 0012 01        		.byte	0x1
 1075 0013 01        		.byte	0x1
 1076 0014 00        		.byte	0
 1077 0015 00        		.byte	0
 1078 0016 00        		.byte	0
 1079 0017 01        		.byte	0x1
 1080 0018 00        		.byte	0
 1081 0019 00        		.byte	0
 1082 001a 01        		.byte	0x1
 1083 001b 633A 5C75 		.ascii	"c:\\users\\nonej\\documents\\keyboard\\msys64\\home\\nonej\\"
 1083      7365 7273 
 1083      5C6E 6F6E 
 1083      656A 5C64 
 1083      6F63 756D 
 1084 004f 716D 6B5F 		.ascii	"qmk_utils\\avr8-gnu-toolchain\\avr\\include"
 1084      7574 696C 
 1084      735C 6176 
 1084      7238 2D67 
 1084      6E75 2D74 
 1085 0077 00        		.byte	0
 1086 0078 6C69 622F 		.ascii	"lib/lufa/LUFA/Drivers/USB/Core"
 1086      6C75 6661 
 1086      2F4C 5546 
 1086      412F 4472 
 1086      6976 6572 
 1087 0096 00        		.byte	0
 1088 0097 6C69 622F 		.ascii	"lib/lufa/LUFA/Drivers/USB/Core/AVR8/.."
 1088      6C75 6661 
 1088      2F4C 5546 
 1088      412F 4472 
 1088      6976 6572 
 1089 00bd 00        		.byte	0
 1090 00be 746D 6B5F 		.ascii	"tmk_core/common"
 1090      636F 7265 
 1090      2F63 6F6D 
 1090      6D6F 6E
 1091 00cd 00        		.byte	0
 1092 00ce 7175 616E 		.ascii	"quantum"
 1092      7475 6D
 1093 00d5 00        		.byte	0
 1094 00d6 00        		.byte	0
 1095 00d7 7374 6469 		.string	"stdint.h"
 1095      6E74 2E68 
 1095      00
 1096 00e0 01        		.uleb128 0x1
 1097 00e1 00        		.uleb128 0
 1098 00e2 00        		.uleb128 0
 1099 00e3 6465 6275 		.string	"debug.h"
 1099      672E 6800 
 1100 00eb 04        		.uleb128 0x4
 1101 00ec 00        		.uleb128 0
 1102 00ed 00        		.uleb128 0
 1103 00ee 6163 7469 		.string	"action.h"
 1103      6F6E 2E68 
 1103      00
 1104 00f7 04        		.uleb128 0x4
 1105 00f8 00        		.uleb128 0
 1106 00f9 00        		.uleb128 0
 1107 00fa 4156 5238 		.string	"AVR8/../StdRequestType.h"
 1107      2F2E 2E2F 
 1107      5374 6452 
 1107      6571 7565 
 1107      7374 5479 
 1108 0113 02        		.uleb128 0x2
 1109 0114 00        		.uleb128 0
 1110 0115 00        		.uleb128 0
 1111 0116 4156 5238 		.string	"AVR8/../DeviceStandardReq.h"
 1111      2F2E 2E2F 
 1111      4465 7669 
 1111      6365 5374 
 1111      616E 6461 
 1112 0132 02        		.uleb128 0x2
 1113 0133 00        		.uleb128 0
 1114 0134 00        		.uleb128 0
 1115 0135 5553 4254 		.string	"USBTask.h"
 1115      6173 6B2E 
 1115      6800 
 1116 013f 02        		.uleb128 0x2
 1117 0140 00        		.uleb128 0
 1118 0141 00        		.uleb128 0
 1119 0142 486F 7374 		.string	"HostStandardReq.h"
 1119      5374 616E 
 1119      6461 7264 
 1119      5265 712E 
 1119      6800 
 1120 0154 02        		.uleb128 0x2
 1121 0155 00        		.uleb128 0
 1122 0156 00        		.uleb128 0
 1123 0157 7374 6469 		.string	"stdio.h"
 1123      6F2E 6800 
 1124 015f 01        		.uleb128 0x1
 1125 0160 00        		.uleb128 0
 1126 0161 00        		.uleb128 0
 1127 0162 686F 7374 		.string	"host.h"
 1127      2E68 00
 1128 0169 04        		.uleb128 0x4
 1129 016a 00        		.uleb128 0
 1130 016b 00        		.uleb128 0
 1131 016c 6B65 7963 		.string	"keycode_config.h"
 1131      6F64 655F 
 1131      636F 6E66 
 1131      6967 2E68 
 1131      00
 1132 017d 05        		.uleb128 0x5
 1133 017e 00        		.uleb128 0
 1134 017f 00        		.uleb128 0
 1135 0180 6B65 796D 		.string	"keymap.h"
 1135      6170 2E68 
 1135      00
 1136 0189 05        		.uleb128 0x5
 1137 018a 00        		.uleb128 0
 1138 018b 00        		.uleb128 0
 1139 018c 6163 7469 		.string	"action_layer.h"
 1139      6F6E 5F6C 
 1139      6179 6572 
 1139      2E68 00
 1140 019b 04        		.uleb128 0x4
 1141 019c 00        		.uleb128 0
 1142 019d 00        		.uleb128 0
 1143 019e 6D61 6769 		.string	"magic.c"
 1143      632E 6300 
 1144 01a6 04        		.uleb128 0x4
 1145 01a7 00        		.uleb128 0
 1146 01a8 00        		.uleb128 0
 1147 01a9 00        		.byte	0
 1148               	.LELTP0:
 1149               	.LELT0:
 1150               		.section	.gnu.debuglto_.debug_str,"MS",@progbits,1
 1151               	.LASF43:
 1152 0000 7377 6170 		.string	"swap_ralt_rgui"
 1152      5F72 616C 
 1152      745F 7267 
 1152      7569 00
 1153               	.LASF20:
 1154 000f 6252 6571 		.string	"bRequest"
 1154      7565 7374 
 1154      00
 1155               	.LASF41:
 1156 0018 6361 7073 		.string	"capslock_to_control"
 1156      6C6F 636B 
 1156      5F74 6F5F 
 1156      636F 6E74 
 1156      726F 6C00 
 1157               	.LASF51:
 1158 002c 6B65 796D 		.string	"keymap_config"
 1158      6170 5F63 
 1158      6F6E 6669 
 1158      6700 
 1159               	.LASF16:
 1160 003a 6465 6275 		.string	"debug_config_t"
 1160      675F 636F 
 1160      6E66 6967 
 1160      5F74 00
 1161               	.LASF54:
 1162 0049 6C61 7965 		.string	"layer_state_t"
 1162      725F 7374 
 1162      6174 655F 
 1162      7400 
 1163               	.LASF31:
 1164 0057 5553 425F 		.string	"USB_Host_ConfigurationNumber"
 1164      486F 7374 
 1164      5F43 6F6E 
 1164      6669 6775 
 1164      7261 7469 
 1165               	.LASF37:
 1166 0074 5F5F 696F 		.string	"__iob"
 1166      6200 
 1167               	.LASF10:
 1168 007a 656E 6162 		.string	"enable"
 1168      6C65 00
 1169               	.LASF25:
 1170 0081 5553 425F 		.string	"USB_Device_ConfigurationNumber"
 1170      4465 7669 
 1170      6365 5F43 
 1170      6F6E 6669 
 1170      6775 7261 
 1171               	.LASF50:
 1172 00a0 6B65 796D 		.string	"keymap_config_t"
 1172      6170 5F63 
 1172      6F6E 6669 
 1172      675F 7400 
 1173               	.LASF57:
 1174 00b0 474E 5520 		.string	"GNU C99 8.3.0 -mn-flash=1 -mno-skip-bug -mmcu=avr5 -gdwarf-2 -Os -std=gnu99 -funsigned-ch
 1174      4339 3920 
 1174      382E 332E 
 1174      3020 2D6D 
 1174      6E2D 666C 
 1175               	.LASF42:
 1176 0198 7377 6170 		.string	"swap_lalt_lgui"
 1176      5F6C 616C 
 1176      745F 6C67 
 1176      7569 00
 1177               	.LASF46:
 1178 01a7 7377 6170 		.string	"swap_backslash_backspace"
 1178      5F62 6163 
 1178      6B73 6C61 
 1178      7368 5F62 
 1178      6163 6B73 
 1179               	.LASF8:
 1180 01c0 6C6F 6E67 		.string	"long long int"
 1180      206C 6F6E 
 1180      6720 696E 
 1180      7400 
 1181               	.LASF9:
 1182 01ce 6C6F 6E67 		.string	"long long unsigned int"
 1182      206C 6F6E 
 1182      6720 756E 
 1182      7369 676E 
 1182      6564 2069 
 1183               	.LASF29:
 1184 01e5 5553 425F 		.string	"USB_ControlRequest"
 1184      436F 6E74 
 1184      726F 6C52 
 1184      6571 7565 
 1184      7374 00
 1185               	.LASF5:
 1186 01f8 6C6F 6E67 		.string	"long int"
 1186      2069 6E74 
 1186      00
 1187               	.LASF58:
 1188 0201 746D 6B5F 		.string	"tmk_core/common/magic.c"
 1188      636F 7265 
 1188      2F63 6F6D 
 1188      6D6F 6E2F 
 1188      6D61 6769 
 1189               	.LASF30:
 1190 0219 5553 425F 		.string	"USB_DeviceState"
 1190      4465 7669 
 1190      6365 5374 
 1190      6174 6500 
 1191               	.LASF45:
 1192 0229 7377 6170 		.string	"swap_grave_esc"
 1192      5F67 7261 
 1192      7665 5F65 
 1192      7363 00
 1193               	.LASF62:
 1194 0238 6465 6661 		.string	"default_layer"
 1194      756C 745F 
 1194      6C61 7965 
 1194      7200 
 1195               	.LASF28:
 1196 0246 5553 425F 		.string	"USB_IsInitialized"
 1196      4973 496E 
 1196      6974 6961 
 1196      6C69 7A65 
 1196      6400 
 1197               	.LASF21:
 1198 0258 7756 616C 		.string	"wValue"
 1198      7565 00
 1199               	.LASF24:
 1200 025f 5553 425F 		.string	"USB_Request_Header_t"
 1200      5265 7175 
 1200      6573 745F 
 1200      4865 6164 
 1200      6572 5F74 
 1201               	.LASF26:
 1202 0274 5553 425F 		.string	"USB_Device_RemoteWakeupEnabled"
 1202      4465 7669 
 1202      6365 5F52 
 1202      656D 6F74 
 1202      6557 616B 
 1203               	.LASF1:
 1204 0293 756E 7369 		.string	"unsigned char"
 1204      676E 6564 
 1204      2063 6861 
 1204      7200 
 1205               	.LASF38:
 1206 02a1 6B65 7962 		.string	"keyboard_idle"
 1206      6F61 7264 
 1206      5F69 646C 
 1206      6500 
 1207               	.LASF60:
 1208 02af 5F5F 6669 		.string	"__file"
 1208      6C65 00
 1209               	.LASF0:
 1210 02b6 7369 676E 		.string	"signed char"
 1210      6564 2063 
 1210      6861 7200 
 1211               	.LASF33:
 1212 02c2 666C 6167 		.string	"flags"
 1212      7300 
 1213               	.LASF14:
 1214 02c8 7265 7365 		.string	"reserved"
 1214      7276 6564 
 1214      00
 1215               	.LASF6:
 1216 02d1 7569 6E74 		.string	"uint32_t"
 1216      3332 5F74 
 1216      00
 1217               	.LASF4:
 1218 02da 756E 7369 		.string	"unsigned int"
 1218      676E 6564 
 1218      2069 6E74 
 1218      00
 1219               	.LASF3:
 1220 02e7 7569 6E74 		.string	"uint16_t"
 1220      3136 5F74 
 1220      00
 1221               	.LASF32:
 1222 02f0 756E 6765 		.string	"unget"
 1222      7400 
 1223               	.LASF13:
 1224 02f6 6D6F 7573 		.string	"mouse"
 1224      6500 
 1225               	.LASF53:
 1226 02fc 666E 5F61 		.string	"fn_actions"
 1226      6374 696F 
 1226      6E73 00
 1227               	.LASF35:
 1228 0307 7564 6174 		.string	"udata"
 1228      6100 
 1229               	.LASF55:
 1230 030d 6465 6661 		.string	"default_layer_state"
 1230      756C 745F 
 1230      6C61 7965 
 1230      725F 7374 
 1230      6174 6500 
 1231               	.LASF36:
 1232 0321 6368 6172 		.string	"char"
 1232      00
 1233               	.LASF59:
 1234 0326 433A 5C55 		.string	"C:\\Users\\nonej\\Documents\\Keyboard\\msys64\\home\\nonej\\qmk_firmware"
 1234      7365 7273 
 1234      5C6E 6F6E 
 1234      656A 5C44 
 1234      6F63 756D 
 1235               	.LASF39:
 1236 0367 6B65 7962 		.string	"keyboard_protocol"
 1236      6F61 7264 
 1236      5F70 726F 
 1236      746F 636F 
 1236      6C00 
 1237               	.LASF12:
 1238 0379 6B65 7962 		.string	"keyboard"
 1238      6F61 7264 
 1238      00
 1239               	.LASF49:
 1240 0382 7377 6170 		.string	"swap_rctl_rgui"
 1240      5F72 6374 
 1240      6C5F 7267 
 1240      7569 00
 1241               	.LASF47:
 1242 0391 6E6B 726F 		.string	"nkro"
 1242      00
 1243               	.LASF52:
 1244 0396 6B65 796D 		.string	"keymaps"
 1244      6170 7300 
 1245               	.LASF15:
 1246 039e 5F42 6F6F 		.string	"_Bool"
 1246      6C00 
 1247               	.LASF19:
 1248 03a4 626D 5265 		.string	"bmRequestType"
 1248      7175 6573 
 1248      7454 7970 
 1248      6500 
 1249               	.LASF17:
 1250 03b2 6465 6275 		.string	"debug_config"
 1250      675F 636F 
 1250      6E66 6967 
 1250      00
 1251               	.LASF18:
 1252 03bf 6469 7361 		.string	"disable_action_cache"
 1252      626C 655F 
 1252      6163 7469 
 1252      6F6E 5F63 
 1252      6163 6865 
 1253               	.LASF7:
 1254 03d4 6C6F 6E67 		.string	"long unsigned int"
 1254      2075 6E73 
 1254      6967 6E65 
 1254      6420 696E 
 1254      7400 
 1255               	.LASF34:
 1256 03e6 7369 7A65 		.string	"size"
 1256      00
 1257               	.LASF27:
 1258 03eb 5553 425F 		.string	"USB_Device_CurrentlySelfPowered"
 1258      4465 7669 
 1258      6365 5F43 
 1258      7572 7265 
 1258      6E74 6C79 
 1259               	.LASF2:
 1260 040b 7569 6E74 		.string	"uint8_t"
 1260      385F 7400 
 1261               	.LASF44:
 1262 0413 6E6F 5F67 		.string	"no_gui"
 1262      7569 00
 1263               	.LASF40:
 1264 041a 7377 6170 		.string	"swap_control_capslock"
 1264      5F63 6F6E 
 1264      7472 6F6C 
 1264      5F63 6170 
 1264      736C 6F63 
 1265               	.LASF48:
 1266 0430 7377 6170 		.string	"swap_lctl_lgui"
 1266      5F6C 6374 
 1266      6C5F 6C67 
 1266      7569 00
 1267               	.LASF61:
 1268 043f 6D61 6769 		.string	"magic"
 1268      6300 
 1269               	.LASF23:
 1270 0445 774C 656E 		.string	"wLength"
 1270      6774 6800 
 1271               	.LASF56:
 1272 044d 6C61 7965 		.string	"layer_state"
 1272      725F 7374 
 1272      6174 6500 
 1273               	.LASF11:
 1274 0459 6D61 7472 		.string	"matrix"
 1274      6978 00
 1275               	.LASF22:
 1276 0460 7749 6E64 		.string	"wIndex"
 1276      6578 00
 1277               		.text
 1278               		.section	.gnu.lto_.profile.54af95a8,"",@progbits
 1279 0000 789C 6367 		.string	"x\234cg`\004B "
 1279      6004 4220 
 1279      00
 1280 0009 00        		.string	""
 1281 000a 00        		.string	""
 1282 000b 5400      		.string	"T"
 1283 000d 0A        		.ascii	"\n"
 1284               		.text
 1285               		.section	.gnu.lto_.icf.54af95a8,"",@progbits
 1286 0000 789C 6367 		.string	"x\234cg`d\340c@"
 1286      6064 E063 
 1286      4000 
 1287 000a 2686 B7BB 		.string	"&\206\267\273\036\036ed:\363\365\322f\016\006"
 1287      1E1E 6564 
 1287      3AF3 F5D2 
 1287      660E 0600 
 1288 001a 347D 06B7 		.ascii	"4}\006\267"
 1289               		.text
 1290               		.section	.gnu.lto_.jmpfuncs.54af95a8,"",@progbits
 1291 0000 789C 6367 		.string	"x\234cg`dp`@"
 1291      6064 7060 
 1291      4000 
 1292 000a 4620 6602 		.string	"F f\002R\007\030\031\031\200\370?##\343Df\306\306\376\tk\371;\230g2\003\345\031w3\312"
 1292      5207 1819 
 1292      1980 F83F 
 1292      2323 E344 
 1292      66C6 C6FE 
 1293 002c 85F6 761D 		.string	"\205\366v\035\375\300\016\021\002*\332\303(\003\321\017"
 1293      FDC0 0E11 
 1293      022A DAC3 
 1293      2803 D10F 
 1293      00
 1294 003d CB90 0E5F 		.ascii	"\313\220\016_"
 1295               		.text
 1296               		.section	.gnu.lto_.inline.54af95a8,"",@progbits
 1297 0000 789C 6367 		.string	"x\234cg`d\360f@"
 1297      6064 F066 
 1297      4000 
 1298 000a 4606 06E1 		.string	"F\006\006\341\26337w\261d020q4"
 1298      B333 3777 
 1298      B164 3032 
 1298      3071 3400 
 1299 001a 014B 0A03 		.string	"\001K\n\003\003\033\230\221\314\304\300\004R\303\314\003R8\301\217\211\033\304C&\031\271\
 1299      031B 9891 
 1299      CCC4 C004 
 1299      52C3 CC03 
 1299      5238 C18F 
 1300 0039 2367 0988 		.ascii	"#g\t\210"
 1301               		.text
 1302               		.section	.gnu.lto_.pureconst.54af95a8,"",@progbits
 1303 0000 789C 6367 		.string	"x\234cg`d`a`"
 1303      6064 6061 
 1303      6000 
 1304 000a 9233 5800 		.string	"\2223X"
 1305 000e 01C2 00   		.string	"\001\302"
 1306 0011 AA        		.ascii	"\252"
 1307               		.text
 1308               		.section	.gnu.lto_magic.54af95a8,"",@progbits
 1309 0000 789C 6D92 		.ascii	"x\234m\222\337KTA\024\307\347{\317\354\356u\333\365G?@\310\007"
 1309      DF4B 5441 
 1309      14C7 E77B 
 1309      CFEC EE75 
 1309      DBF5 473F 
 1310 0017 9F04 F741 		.ascii	"\237\004\367A]\203\212z\351?\221e\263\250\334\004\261\240'g\327"
 1310      5D83 8A7A 
 1310      E93F 9165 
 1310      B3A8 DC04 
 1310      B1A0 2767 
 1311 002c 35CB 87AC 		.ascii	"5\313\207\254\226\220\255\004\261\254\3050\t\351\251\314[Zf\231"
 1311      9690 AD04 
 1311      B1AC C530 
 1311      09E9 A9CC 
 1311      5B5A 6699 
 1312 0040 90F4 D443 		.ascii	"\220\364\324C\017\376\b\223\b\2412*q;3w7u\365\302\035\016s\316"
 1312      0FFE 0893 
 1312      08A1 322A 
 1312      713B 3377 
 1312      3775 F5C2 
 1313 0058 7CBF 9F33 		.ascii	"|\277\2373g|\002\342&\tqD\bq\224\177x\004,\245\3241_\334\266"
 1313      677C 02E2 
 1313      2609 7144 
 1313      0871 947F 
 1313      7804 2CA5 
 1314 0071 2CEA 7AD8 		.ascii	",\352z\330\275O\252\200\\}\277\022\222\312O\220:'\343\266\004"
 1314      BD4F AA80 
 1314      5C7D BF12 
 1314      92CA 4F90 
 1314      3A27 E3B6 
 1315 0086 4CA4 6C88 		.ascii	"L\244l\2106\213$\332p\231\256\021~\374\272\265\030\fe8\247\234"
 1315      368B 24DA 
 1315      7099 AE11 
 1315      7EFC BAB5 
 1315      180C 6538 
 1316 009c 9E8F E52A 		.ascii	"\236\217\345*\343 \315\362)\376\335\017O\020\022\202+\377&V'"
 1316      E320 CDF2 
 1316      29FE DD0F 
 1316      4F10 1282 
 1316      2BFF 2656 
 1317 00b1 03B4 1F3A 		.ascii	"\003\264\037:\036\315d\207\354\252\273J%\2243\363\201\222\312"
 1317      1ECD 6487 
 1317      ECAA BB4A 
 1317      2594 33F3 
 1317      8192 CA
 1318 00c4 8957 A609 		.ascii	"\211W\246\tx\n\342\2238P\201\272\n}\270\372\247\255\313\347\036"
 1318      780A E293 
 1318      3850 81BA 
 1318      0A7D B8FA 
 1318      A7AD CBE7 
 1319 00d9 ADDF 087A 		.ascii	"\255\337\bz%FQ\225S\3063x\271\023\001\2757<\353q\324z\266S9\337"
 1319      2546 5195 
 1319      53C6 3378 
 1319      B913 01BD 
 1319      373C EB71 
 1320 00f3 FAD1 3FE2 		.ascii	"\372\321?\342/\205H\223e\361B\304\213\224\274x\212\2059.:H$\030"
 1320      2F85 4893 
 1320      65F1 42C4 
 1320      8B94 BC78 
 1320      8A85 392E 
 1321 010b 5642 39E2 		.ascii	"VB9\342\"Yq\023\267;b\001\252\177\254\332\350.\243\275\357\264"
 1321      2259 7113 
 1321      B73B 6201 
 1321      AA7F ACDA 
 1321      E82E A3BD 
 1322 0121 8E7A 08EC 		.ascii	"\216z\b\354\336\233\231\316\026%\221\210\333i\362\246H\273\216"
 1322      DE9B 99CE 
 1322      1625 9188 
 1322      DB69 F2A6 
 1322      48BB 8E
 1323 0134 21A9 3D7C 		.ascii	"!\251=|b\036\311\245\361\tl\024\307\273\257\016\225\\\"\366\207"
 1323      621E C9A5 
 1323      F109 6C14 
 1323      C7BB AF0E 
 1323      955C 22F6 
 1324 0149 8003 D305 		.ascii	"\200\003\323\005\373\320\354\312\237\f\362>\363S\310\033U\232"
 1324      FBD0 ECCA 
 1324      9F0C F23E 
 1324      F353 C81B 
 1324      559A 
 1325 015b A0C0 C54E 		.ascii	"\240\300\305N\221\305.\317]\227\"\243 \267\220~\337 \235\313"
 1325      91C5 2ECF 
 1325      5D97 22A3 
 1325      20B7 907E 
 1325      DF20 9DCB 
 1326 016f B95B 0522 		.ascii	"\271[\005\"\376\024w/\360\302\025\331%\226\220\370\324\365\305"
 1326      FE14 772F 
 1326      F0C2 15D9 
 1326      2596 90F8 
 1326      D4F5 C5
 1327 0182 A38B 3773 		.ascii	"\243\2137s\006P\350\036\350\325W\314\233k\203\217o\373\007p\207"
 1327      0650 E81E 
 1327      E8D5 57CC 
 1327      9B6B 838F 
 1327      6FFB 0770 
 1328 0197 271A C404 		.ascii	"'\032\304\004\353`\\7\304\031'\333q\305\027\036\326S\357\273"
 1328      EB60 5C37 
 1328      C419 27DB 
 1328      71C5 171E 
 1328      D653 EFBB 
 1329 01ab 073D B997 		.ascii	"\007=\271\227\030\300uw4\257\020f\032\203\231\335\300\374\234"
 1329      18C0 7577 
 1329      34AF 1066 
 1329      1A83 99DD 
 1329      C0FC 9C
 1330 01be C3A4 02B7 		.ascii	"\303\244\002\267\342\024I>4\351b\226\270\230\277\267a\226n\303"
 1330      E214 493E 
 1330      34E9 6296 
 1330      B898 BFB7 
 1330      6196 6EC3 
 1331 01d2 2CED D5A3 		.ascii	",\355\325\243\330\212Y\206)\215\371z\007\314AN\357\306\033\203"
 1331      D88A 5986 
 1331      298D F97A 
 1331      07CC 414E 
 1331      EFC6 1B83 
 1332 01e6 098D F956 		.ascii	"\t\215\371Vc\222\301\274\0372\230\013H\364\235\327\221~)\233"
 1332      6392 C1BC 
 1332      1F32 980B 
 1332      48F4 9DD7 
 1332      917E 299B 
 1333 01fa CDC1 B39C 		.ascii	"\315\301\263\234fM]\373 \364\277\245\325\\K\305\333o\336\303"
 1333      664D 5DFB 
 1333      20F4 BFA5 
 1333      D55C 4BC5 
 1333      DB6F DEC3 
 1334 020e 06EF F237 		.ascii	"\006\357\3627\317\272\225yY\25662\303\256\fw\273\326\231\223"
 1334      CFBA 9579 
 1334      59AE 3632 
 1334      C3AE 0C77 
 1334      BBD6 9993 
 1335 0222 913A B78C 		.ascii	"\221:\267\214\344\216ObO\212\274\2549\2435\2714M{\305W\306\035"
 1335      E48E 4F62 
 1335      4F8A BCAC 
 1335      39A3 35B9 
 1335      344D 7BC5 
 1336 0239 F19B 62FD 		.ascii	"\361\233b\375u0\260y\"\374t\312[cg\032\242\315-\215\265\321\346"
 1336      7530 B079 
 1336      22FC 74CA 
 1336      5B63 671A 
 1336      A2CD 2D8D 
 1337 0250 58AC F96C 		.ascii	"X\254\371lm,r\362T\264&*\202\307\033OD\3165\26564E.4\266\224"
 1337      6D2C 72F2 
 1337      54B4 262A 
 1337      82C7 1B4F 
 1337      44CE 35B5 
 1338 026b E5B6 6BC2 		.ascii	"\345\266k\302\365u\207\017\326G\016\211\177`\\3G"
 1338      F575 870F 
 1338      D647 0E89 
 1338      7F60 5C33 
 1338      47
 1339               		.text
 1340               		.section	.gnu.lto_.symbol_nodes.54af95a8,"",@progbits
 1341 0000 789C 6DCF 		.string	"x\234m\317\261\021\3020\f@\321\257\310\216\271,\001\307$p\307^r\230\200!(\230\201\232\232
 1341      B111 C230 
 1341      0C40 D1AF 
 1341      C88E B92C 
 1341      01C7 2470 
 1342 0024 A1A5 0127 		.ascii	"\241\245\001'qi7\372\247\247\306\001\241\021\240\272clc\214N"
 1342      7169 37FA 
 1342      A7A7 C601 
 1342      A111 A0BA 
 1342      636C 638C 
 1343 0039 7667 5273 		.ascii	"vgRs\214k\006\361/X\f\363\206\264\313\024\362\301\344\227\337"
 1343      8C6B 06F1 
 1343      2F58 0CF3 
 1343      86B4 CB14 
 1343      F2C1 E497 
 1344 004e 7C3C 8718 		.ascii	"|<\207\030WIz\254*\313\033\323\262<1W\226\016\363ey`uQ\224Y;"
 1344      5749 7AAC 
 1344      2ACB 1BD3 
 1344      B23C 3157 
 1344      960E F365 
 1345 0069 7E62 A384 		.ascii	"~b\243\204K\377=\210\354E\251\247\3455\245\237\362T+.o\203\242"
 1345      4BFF 3D88 
 1345      EC45 A9A7 
 1345      E535 A59F 
 1345      F254 2B2E 
 1346 0080 391B FE92 		.ascii	"9\033\376\222\226d\231"
 1346      9664 99
 1347               		.text
 1348               		.section	.gnu.lto_.refs.54af95a8,"",@progbits
 1349 0000 789C 6367 		.string	"x\234cg`d\340d```b`d\344`d\342f"
 1349      6064 E064 
 1349      6060 6062 
 1349      6064 E460 
 1349      64E2 6600 
 1350 0014 00        		.string	""
 1351 0015 0173 00   		.string	"\001s"
 1352 0018 2C        		.ascii	","
 1353               		.text
 1354               		.section	.gnu.lto_.decls.54af95a8,"",@progbits
 1355 0000 789C 7D56 		.string	"x\234}VkTT\327\025\276\373\236a\030'\003\223\350\244\245K\326*Y\004Sj\227\242i\254\351\35
 1355      6B54 54D7 
 1355      15BE FB9E 
 1355      6118 2703 
 1355      93E8 A4A5 
 1356 00c6 F5CD 38BE 		.string	"\365\3158\276\215\322\217\357\277\301\261M\336\363\005\312[\340\363o\\\366\351\266\354\34
 1356      8DD2 8FEF 
 1356      BFC1 B14D 
 1356      DEF3 05CA 
 1356      5BE0 F36F 
 1357 0150 D780 ED7D 		.ascii	"\327\200\355}\025b\004\270\202\223\227\351d#\350\321\252\376"
 1357      1562 04B8 
 1357      8293 97E9 
 1357      6423 E8D1 
 1357      AAFE 
 1358 0162 74BD 5B33 		.ascii	"t\275[3\fw\200F#\007\003 \017\300\204\353\300T\034E>\310S \303"
 1358      0C77 8046 
 1358      2307 0320 
 1358      0FC0 84EB 
 1358      C054 1C45 
 1359 017b 04EF BB8C 		.ascii	"\004\357\273\214\342\363\242\217\220\375\201 \363\275\364>\234"
 1359      E2F3 A28F 
 1359      90FD 8120 
 1359      F3BD F43E 
 1359      9C
 1360 018c 5B86 F808 		.ascii	"[\206\370\b\351\234\350M*\347\227a@\023\017\202\232\201\363\252"
 1360      E99C E84D 
 1360      2AE7 9761 
 1360      4013 0F82 
 1360      9A81 F3AA 
 1361 01a0 1CF0 5BE4 		.ascii	"\034\360[\344\033\253\226\325Q\202\367\324\016\347\036)\325\222"
 1361      1BAB 96D5 
 1361      5182 F7D4 
 1361      0EE7 1E29 
 1361      D592 
 1362 01b2 0F58 9EA7 		.ascii	"\017X\236\247\006\232\216\207\206\225\320\003\361HR\004\300\356"
 1362      069A 8E87 
 1362      8695 D003 
 1362      F148 5204 
 1362      C0EE 
 1363 01c4 9FC1 BBE1 		.ascii	"\237\301\273\341\020\203\205\006\315\020\206\377\367j\270U\375"
 1363      1083 8506 
 1363      CD10 86FF 
 1363      F76A B855 
 1363      FD
 1364 01d5 685B 832E 		.ascii	"h[\203.\262R\252\030\221<\235e\277\035\315\221\244\375h\245\241"
 1364      B252 AA18 
 1364      913C 9D65 
 1364      BF1D CD91 
 1364      A4FD 68A5 
 1365 01ea 3068 C2AC 		.ascii	"0h\302\254\323\224\323m\232\330\241\302\177a\030\"\037\350\004"
 1365      D394 D36D 
 1365      9AD8 A1C2 
 1365      7F61 1822 
 1365      1FE8 04
 1366 01fd 6881 4834 		.ascii	"h\201H4\317\373f\354\346k$\226m:_\273P\240\323`\314\364`\350"
 1366      CFFB 66EC 
 1366      E66B 2496 
 1366      6D3A 5FBB 
 1366      50A0 D360 
 1367 0215 06F4 848F 		.ascii	"\006\364\204\217g\236\b\016\340H\033s\344[\220=\371\272\354\311"
 1367      679E 080E 
 1367      E048 1B73 
 1367      E45B 903D 
 1367      F9BA ECC9 
 1368 0229 1523 7A32 		.ascii	"\025#z2\202\320\311\243\021\343Ui\236\030\006\202V\225\033\255"
 1368      82D0 C9A3 
 1368      11E3 5569 
 1368      9E18 0682 
 1368      5695 1BAD 
 1369 023d 726D 09D0 		.ascii	"rm\t\320\316\0348\340\371\327\270\201\024\003\363 \363r\345\035"
 1369      CE1C 38E0 
 1369      F9D7 B881 
 1369      1403 F320 
 1369      F372 E51D 
 1370 0251 0DD6 5338 		.ascii	"\r\326S8\026.\250\2526\234Wm\315\261\352\246\020R\317\261\003"
 1370      162E A8AA 
 1370      369C 576D 
 1370      CDB1 EAA6 
 1370      1052 CFB1 
 1371 0266 933F 14E8 		.ascii	"\223?\024\350x\261y*$-\026\033\367\013:\200\031\260R\273\216"
 1371      78B1 792A 
 1371      242D 161B 
 1371      F70B 3A80 
 1371      19B0 52BB 
 1372 027b A5F6 3D96 		.ascii	"\245\366=\226\032\342_\236"
 1372      1AE2 5F9E 
 1373 0283 BE74 3448 		.string	"\276t4H\035I'\006\351\r\245\313/\247\245\227\262KB\345HZ\277\336\351>W,ei\031\b\276S\205\
 1373      1D49 2706 
 1373      E90D A5CB 
 1373      2FA7 A597 
 1373      B24B 42E5 
 1374 0384 2B14 A922 		.string	"+\024\251\"\002\224B\031\301\r\350\222"
 1374      0294 4219 
 1374      C10D E892 
 1374      00
 1375 0391 6368 F003 		.ascii	"ch\360\003\246\316-\351\330\f\255\265\222\364\t\242N!\316+)\274"
 1375      A6CE 2DE9 
 1375      D80C ADB5 
 1375      92F4 09A2 
 1375      4E21 CE2B 
 1376 03a7 E797 C2E6 		.ascii	"\347\227\302\346\216\301\236\0209\200\3050\346?\002\360\236\371"
 1376      8EC1 9E10 
 1376      3980 C530 
 1376      E63F 02F0 
 1376      9EF9 
 1377 03b9 FC1F 56FC 		.ascii	"\374\037V\374\037g\376\347\254\f\334\324\222\263\242_S5\361\246"
 1377      1F67 FEE7 
 1377      AC0C DCD4 
 1377      92B3 A25F 
 1377      5335 F1A6 
 1378 03cd 5AE0 CEAC 		.ascii	"Z\340\316\2544\220\313<\234S\373f\357\033A\037\316B\342\305."
 1378      3490 CB3C 
 1378      9C53 FB66 
 1378      EF1B 411F 
 1378      CE42 E2C5 
 1379 03e2 496F 2931 		.ascii	"Io)1\b\360#\350\361\377\003\\\236b\001 \346\ta\2634\030:\"\345"
 1379      08F0 23E8 
 1379      F1FF 035C 
 1379      9E62 0120 
 1379      E609 61B3 
 1380 03fb 91BE A54C 		.ascii	"\221\276\245L\271O\323R\314\276YU\023J\232D\277\3323\361\332"
 1380      B94F D352 
 1380      CCBE 5955 
 1380      134A 9A44 
 1380      BFDA 33F1 
 1381 0410 3BF3 60E4 		.ascii	";\363`\344\"!\355|\255e\377\345\206 \322\303\225\375\203\335"
 1381      2221 ED7C 
 1381      AD65 FFE5 
 1381      8620 D2C3 
 1381      95FD 83DD 
 1382 0424 1774 6490 		.ascii	"\027td\220)\272\376\256\214\363:\210\302gCTT\364\t\346X\347\355"
 1382      29BA FEAE 
 1382      8CF3 3A88 
 1382      C267 4354 
 1382      54F4 09E6 
 1383 043b B78B 33D2 		.ascii	"\267\2133\322<\243Z\226\253\247\030\376\034l\200\355\262\243"
 1383      3CA3 5A96 
 1383      ABA7 18FE 
 1383      1C6C 80ED 
 1383      B2A3 
 1384 044d 5BC3 D9F4 		.ascii	"[\303\331\364,D\3016\372\275<\301R;\367Q\272\224\265\021\357"
 1384      2C44 C136 
 1384      FABD 3CC1 
 1384      523B F751 
 1384      BA94 B511 
 1385 0462 ABC0 C0EF 		.ascii	"\253\300\300\357*`\374\347\205!\365\335\342\240t)g#c\230\016"
 1385      2A60 FCE7 
 1385      8521 F5DD 
 1385      E2A0 7429 
 1385      6723 6398 
 1386 0477 4CFC 187C 		.ascii	"L\374\030|&\243\037v\365\363S{\024\330\340!3(\344\247\fa\276"
 1386      26A3 1F76 
 1386      F5F3 537B 
 1386      14D8 E021 
 1386      3328 E4A7 
 1387 048e B452 3C   		.ascii	"\264R<"
 1388 0491 1E1E 2C40 		.string	"\036\036,@4\314 p\036\345\031\312s\224\237 JP\266\351V\266y\022x\233\355>\267\246\030\036
 1388      34CC 2070 
 1388      1EE5 19CA 
 1388      7394 9F20 
 1388      4A50 B6E9 
 1389 0592 5FD3 D21F 		.ascii	"_\323\322\037W\337\270w\220\253|\251\252u\254G\303\227\202h\027"
 1389      57DF B877 
 1389      90AB 7CA9 
 1389      AA75 AC47 
 1389      C397 8268 
 1390 05a7 1DE8 AFD6 		.ascii	"\035\350\257\326\221[|-\177h\356\264\221Lpe\372\337\345\371\006"
 1390      915B 7C2D 
 1390      7F68 EEB4 
 1390      914C 7065 
 1390      FADF E5F9 
 1391 05bc F288 2B27 		.ascii	"\362\210+'.\3754m$\313\\iz\366\002\313\346\240\206)\007z\317"
 1391      2EFD 346D 
 1391      24CB 5C69 
 1391      7AF6 02CB 
 1391      E6A0 8629 
 1392 05d3 5419 C831 		.ascii	"T\031\3101\246\204\224<\355\351\303\013\211\267\021\213\200?"
 1392      A684 943C 
 1392      EDE9 C30B 
 1392      89B7 118B 
 1392      803F 
 1393 05e5 FC14 A7F3 		.ascii	"\374\024\247\363\311\367W\n\244j;\253\306"
 1393      C9F7 570A 
 1393      A46A 3BAB 
 1393      C6
 1394 05f2 8322 8122 		.string	"\203\"\201\"\361\225\"=$FA\216\250\334\205.\226i\357WF`\0264k%\230\364/\021\352F\371;J\03
 1394      F195 223D 
 1394      2446 418E 
 1394      A8DC 852E 
 1394      9669 EF57 
 1395 06f3 F1E1 469D 		.ascii	"\361\341F\235\345\207\262X\177\362\320_\355\177(\254J\223\352"
 1395      E587 B258 
 1395      7FF2 D05F 
 1395      ED7F 28AC 
 1395      4A93 EA
 1396 0706 2560 F4FB 		.ascii	"%`\364\3739\275\312E\234\021\"\307\360'{\025\353Q\317g\323\262"
 1396      39BD CA45 
 1396      9C11 22C7 
 1396      F027 7B15 
 1396      EB51 CF67 
 1397 071c 7586 1CE5 		.ascii	"u\206\034\345\347 \373\261\341C\177%\032\230k8\"\370\340\227"
 1397      E720 FBB1 
 1397      E143 7F25 
 1397      1A98 6B38 
 1397      22F8 E097 
 1398 0730 D725 A31A 		.ascii	"\327%\243\032\334\354\007>%\203O1pq\307\363\t\203\032\334\345"
 1398      DCEC 073E 
 1398      2583 4F31 
 1398      7071 C7F3 
 1398      0983 1ADC 
 1399 0745 07AE 96C1 		.ascii	"\007\256\226\301\325\f\354\236~t.T\rN\363\313k\215\f\256a`)\257"
 1399      D50C EC9E 
 1399      7E74 2E54 
 1399      0D4E F3CB 
 1399      6B8D 0CAE 
 1400 075d 7CB3 1A3B 		.ascii	"|\263\032;\340G\\+ck\031\366\302\322\221:?/N\372\021\327\311"
 1400      E047 5C2B 
 1400      636B 19F6 
 1400      C2D2 913A 
 1400      3F2F 4EFA 
 1401 0774 E03A 063E 		.ascii	"\340:\006>\333\325~\230\250\301m~\314\247e0\035\177\356JJ4[\035"
 1401      DBD5 7E98 
 1401      A8C1 6D7E 
 1401      CCA7 6530 
 1401      1D7F EE4A 
 1402 078c 4EDB 56AB 		.ascii	"N\333V\253#)\311\221\2745\311\022\237`\335b\325\375\351\317\037"
 1402      2329 C991 
 1402      BC35 C912 
 1402      9F60 DD62 
 1402      D5FD E9CF 
 1403 07a1 477C F0FE 		.ascii	"G|\360\376\373\302\033\362\304\226m\333cv\356\330n\371\235\020"
 1403      FBC2 1BF2 
 1403      C496 6DDB 
 1403      6376 EED8 
 1403      6EF9 9D10 
 1404 07b5 62B7 7C6E 		.ascii	"b\267|ns\232S\\\026\227\315\354\nb\353a\001h\2047\342l\237ZR"
 1404      739A 535C 
 1404      1697 CDEC 
 1404      0A62 EB61 
 1404      0168 8437 
 1405 07ce ED2E      		.ascii	"\355."
 1406 07d0 B3        		.ascii	"\263"
 1407 07d1 6C64 73FD 		.string	"lds\375r5\324bu%8\2229`\313na\243\315fu$\177\232\020ov\332,qf?\373\340\324\204d\327N\263k
 1407      7235 D462 
 1407      7525 3892 
 1407      3960 CB6E 
 1407      61A3 CD66 
 1408 08d2 7513 FDEA 		.ascii	"u\023\375\352"
 1409               		.text
 1410               		.section	.gnu.lto_.symtab.54af95a8,"",@progbits
 1411 0000 6D61 6769 		.string	"magic"
 1411      6300 
 1412 0006 00        		.string	""
 1413 0007 00        		.string	""
 1414 0008 00        		.string	""
 1415 0009 00        		.string	""
 1416 000a 00        		.string	""
 1417 000b 00        		.string	""
 1418 000c 00        		.string	""
 1419 000d 00        		.string	""
 1420 000e 00        		.string	""
 1421 000f 00        		.string	""
 1422 0010 00        		.string	""
 1423 0011 C600      		.string	"\306"
 1424 0013 00        		.string	""
 1425 0014 00        		.string	""
 1426 0015 6B65 796D 		.string	"keymap_config"
 1426      6170 5F63 
 1426      6F6E 6669 
 1426      6700 
 1427 0023 00        		.string	""
 1428 0024 04        		.ascii	"\004"
 1429 0025 00        		.string	""
 1430 0026 0200      		.string	"\002"
 1431 0028 00        		.string	""
 1432 0029 00        		.string	""
 1433 002a 00        		.string	""
 1434 002b 00        		.string	""
 1435 002c 00        		.string	""
 1436 002d 00        		.string	""
 1437 002e 2501 00   		.string	"%\001"
 1438 0031 00        		.string	""
 1439 0032 6465 6275 		.string	"debug_config"
 1439      675F 636F 
 1439      6E66 6967 
 1439      00
 1440 003f 00        		.string	""
 1441 0040 02        		.ascii	"\002"
 1442 0041 00        		.string	""
 1443 0042 00        		.string	""
 1444 0043 00        		.string	""
 1445 0044 00        		.string	""
 1446 0045 00        		.string	""
 1447 0046 00        		.string	""
 1448 0047 00        		.string	""
 1449 0048 00        		.string	""
 1450 0049 00        		.string	""
 1451 004a 0201 00   		.string	"\002\001"
 1452 004d 00        		.string	""
 1453 004e 6465 6661 		.string	"default_layer_set"
 1453      756C 745F 
 1453      6C61 7965 
 1453      725F 7365 
 1453      7400 
 1454 0060 00        		.string	""
 1455 0061 02        		.ascii	"\002"
 1456 0062 00        		.string	""
 1457 0063 00        		.string	""
 1458 0064 00        		.string	""
 1459 0065 00        		.string	""
 1460 0066 00        		.string	""
 1461 0067 00        		.string	""
 1462 0068 00        		.string	""
 1463 0069 00        		.string	""
 1464 006a 00        		.string	""
 1465 006b CA00      		.string	"\312"
 1466 006d 00        		.string	""
 1467 006e 00        		.string	""
 1468 006f 6565 636F 		.string	"eeconfig_read_default_layer"
 1468      6E66 6967 
 1468      5F72 6561 
 1468      645F 6465 
 1468      6661 756C 
 1469 008b 00        		.string	""
 1470 008c 02        		.ascii	"\002"
 1471 008d 00        		.string	""
 1472 008e 00        		.string	""
 1473 008f 00        		.string	""
 1474 0090 00        		.string	""
 1475 0091 00        		.string	""
 1476 0092 00        		.string	""
 1477 0093 00        		.string	""
 1478 0094 00        		.string	""
 1479 0095 00        		.string	""
 1480 0096 D100      		.string	"\321"
 1481 0098 00        		.string	""
 1482 0099 00        		.string	""
 1483 009a 6565 636F 		.string	"eeconfig_read_keymap"
 1483      6E66 6967 
 1483      5F72 6561 
 1483      645F 6B65 
 1483      796D 6170 
 1484 00af 00        		.string	""
 1485 00b0 02        		.ascii	"\002"
 1486 00b1 00        		.string	""
 1487 00b2 00        		.string	""
 1488 00b3 00        		.string	""
 1489 00b4 00        		.string	""
 1490 00b5 00        		.string	""
 1491 00b6 00        		.string	""
 1492 00b7 00        		.string	""
 1493 00b8 00        		.string	""
 1494 00b9 00        		.string	""
 1495 00ba DA00      		.string	"\332"
 1496 00bc 00        		.string	""
 1497 00bd 00        		.string	""
 1498 00be 6565 636F 		.string	"eeconfig_read_debug"
 1498      6E66 6967 
 1498      5F72 6561 
 1498      645F 6465 
 1498      6275 6700 
 1499 00d2 00        		.string	""
 1500 00d3 02        		.ascii	"\002"
 1501 00d4 00        		.string	""
 1502 00d5 00        		.string	""
 1503 00d6 00        		.string	""
 1504 00d7 00        		.string	""
 1505 00d8 00        		.string	""
 1506 00d9 00        		.string	""
 1507 00da 00        		.string	""
 1508 00db 00        		.string	""
 1509 00dc 00        		.string	""
 1510 00dd DC00      		.string	"\334"
 1511 00df 00        		.string	""
 1512 00e0 00        		.string	""
 1513 00e1 6565 636F 		.string	"eeconfig_init"
 1513      6E66 6967 
 1513      5F69 6E69 
 1513      7400 
 1514 00ef 00        		.string	""
 1515 00f0 02        		.ascii	"\002"
 1516 00f1 00        		.string	""
 1517 00f2 00        		.string	""
 1518 00f3 00        		.string	""
 1519 00f4 00        		.string	""
 1520 00f5 00        		.string	""
 1521 00f6 00        		.string	""
 1522 00f7 00        		.string	""
 1523 00f8 00        		.string	""
 1524 00f9 00        		.string	""
 1525 00fa DE00      		.string	"\336"
 1526 00fc 00        		.string	""
 1527 00fd 00        		.string	""
 1528 00fe 6565 636F 		.string	"eeconfig_is_enabled"
 1528      6E66 6967 
 1528      5F69 735F 
 1528      656E 6162 
 1528      6C65 6400 
 1529 0112 00        		.string	""
 1530 0113 02        		.ascii	"\002"
 1531 0114 00        		.string	""
 1532 0115 00        		.string	""
 1533 0116 00        		.string	""
 1534 0117 00        		.string	""
 1535 0118 00        		.string	""
 1536 0119 00        		.string	""
 1537 011a 00        		.string	""
 1538 011b 00        		.string	""
 1539 011c 00        		.string	""
 1540 011d E500      		.string	"\345"
 1541 011f 00        		.string	""
 1542 0120 00        		.string	""
 1543               		.text
 1544               		.section	.gnu.lto_.opts,"",@progbits
 1545 0000 272D 666E 		.string	"'-fno-openmp' '-fno-openacc' '-fno-pie' '-mn-flash=1' '-mno-skip-bug' '-mmcu=avr5' '-Os' 
 1545      6F2D 6F70 
 1545      656E 6D70 
 1545      2720 272D 
 1545      666E 6F2D 
 1546               		.text
 1547               		.comm	__gnu_lto_v1,1,1
 1548               		.comm	__gnu_lto_slim,1,1
 1549               		.ident	"GCC: (GNU) 8.3.0"
DEFINED SYMBOLS
                            *ABS*:00000000 magic.c
C:\Users\nonej\Documents\Keyboard\msys64\tmp\ccP5Ac7V.s:2      *ABS*:0000003e __SP_H__
C:\Users\nonej\Documents\Keyboard\msys64\tmp\ccP5Ac7V.s:3      *ABS*:0000003d __SP_L__
C:\Users\nonej\Documents\Keyboard\msys64\tmp\ccP5Ac7V.s:4      *ABS*:0000003f __SREG__
C:\Users\nonej\Documents\Keyboard\msys64\tmp\ccP5Ac7V.s:5      *ABS*:00000000 __tmp_reg__
C:\Users\nonej\Documents\Keyboard\msys64\tmp\ccP5Ac7V.s:6      *ABS*:00000001 __zero_reg__
C:\Users\nonej\Documents\Keyboard\msys64\tmp\ccP5Ac7V.s:24     .gnu.debuglto_.debug_info:00000000 magic.c.120862a7
                            *COM*:00000001 __gnu_lto_v1
                            *COM*:00000001 __gnu_lto_slim

NO UNDEFINED SYMBOLS
