   1               		.file	"util.c"
   2               	__SP_H__ = 0x3e
   3               	__SP_L__ = 0x3d
   4               	__SREG__ = 0x3f
   5               	__tmp_reg__ = 0
   6               	__zero_reg__ = 1
   7               		.file 1 "c:\\users\\nonej\\documents\\keyboard\\msys64\\home\\nonej\\qmk_utils\\avr8-gnu-toolchain
   8               		.file 2 "tmk_core/common/util.c"
   9               		.section	.gnu.debuglto_.debug_info,"",@progbits
  10               	.Ldebug_info0:
  11               		.hidden	util.c.7e8c126f
  12               		.weak	util.c.7e8c126f
  13               	util.c.7e8c126f:
  14 0000 C501 0000 		.long	0x1c5
  15 0004 0200      		.word	0x2
  16 0006 0000 0000 		.long	.Ldebug_abbrev0
  17 000a 04        		.byte	0x4
  18 000b 01        		.uleb128 0x1
  19 000c 0000 0000 		.long	.LASF19
  20 0010 0C        		.byte	0xc
  21 0011 0000 0000 		.long	.LASF20
  22 0015 0000 0000 		.long	.LASF21
  23 0019 0000 0000 		.long	.Ldebug_line0
  24 001d 02        		.uleb128 0x2
  25 001e 01        		.byte	0x1
  26 001f 06        		.byte	0x6
  27 0020 0000 0000 		.long	.LASF0
  28 0024 03        		.uleb128 0x3
  29 0025 0000 0000 		.long	.LASF2
  30 0029 01        		.byte	0x1
  31 002a 7E        		.byte	0x7e
  32 002b 16        		.byte	0x16
  33 002c 3000 0000 		.long	0x30
  34 0030 02        		.uleb128 0x2
  35 0031 01        		.byte	0x1
  36 0032 08        		.byte	0x8
  37 0033 0000 0000 		.long	.LASF1
  38 0037 04        		.uleb128 0x4
  39 0038 02        		.byte	0x2
  40 0039 05        		.byte	0x5
  41 003a 696E 7400 		.string	"int"
  42 003e 03        		.uleb128 0x3
  43 003f 0000 0000 		.long	.LASF3
  44 0043 01        		.byte	0x1
  45 0044 80        		.byte	0x80
  46 0045 16        		.byte	0x16
  47 0046 4A00 0000 		.long	0x4a
  48 004a 02        		.uleb128 0x2
  49 004b 02        		.byte	0x2
  50 004c 07        		.byte	0x7
  51 004d 0000 0000 		.long	.LASF4
  52 0051 02        		.uleb128 0x2
  53 0052 04        		.byte	0x4
  54 0053 05        		.byte	0x5
  55 0054 0000 0000 		.long	.LASF5
  56 0058 03        		.uleb128 0x3
  57 0059 0000 0000 		.long	.LASF6
  58 005d 01        		.byte	0x1
  59 005e 82        		.byte	0x82
  60 005f 16        		.byte	0x16
  61 0060 6400 0000 		.long	0x64
  62 0064 02        		.uleb128 0x2
  63 0065 04        		.byte	0x4
  64 0066 07        		.byte	0x7
  65 0067 0000 0000 		.long	.LASF7
  66 006b 02        		.uleb128 0x2
  67 006c 08        		.byte	0x8
  68 006d 05        		.byte	0x5
  69 006e 0000 0000 		.long	.LASF8
  70 0072 02        		.uleb128 0x2
  71 0073 08        		.byte	0x8
  72 0074 07        		.byte	0x7
  73 0075 0000 0000 		.long	.LASF9
  74 0079 05        		.uleb128 0x5
  75 007a 01        		.byte	0x1
  76 007b 0000 0000 		.long	.LASF10
  77 007f 02        		.byte	0x2
  78 0080 78        		.byte	0x78
  79 0081 0A        		.byte	0xa
  80 0082 01        		.byte	0x1
  81 0083 5800 0000 		.long	0x58
  82 0087 9800 0000 		.long	0x98
  83 008b 06        		.uleb128 0x6
  84 008c 0000 0000 		.long	.LASF12
  85 0090 02        		.byte	0x2
  86 0091 78        		.byte	0x78
  87 0092 1C        		.byte	0x1c
  88 0093 5800 0000 		.long	0x58
  89 0097 00        		.byte	0
  90 0098 05        		.uleb128 0x5
  91 0099 01        		.byte	0x1
  92 009a 0000 0000 		.long	.LASF11
  93 009e 02        		.byte	0x2
  94 009f 73        		.byte	0x73
  95 00a0 0A        		.byte	0xa
  96 00a1 01        		.byte	0x1
  97 00a2 3E00 0000 		.long	0x3e
  98 00a6 B700 0000 		.long	0xb7
  99 00aa 06        		.uleb128 0x6
 100 00ab 0000 0000 		.long	.LASF12
 101 00af 02        		.byte	0x2
 102 00b0 73        		.byte	0x73
 103 00b1 1C        		.byte	0x1c
 104 00b2 3E00 0000 		.long	0x3e
 105 00b6 00        		.byte	0
 106 00b7 05        		.uleb128 0x5
 107 00b8 01        		.byte	0x1
 108 00b9 0000 0000 		.long	.LASF13
 109 00bd 02        		.byte	0x2
 110 00be 6C        		.byte	0x6c
 111 00bf 09        		.byte	0x9
 112 00c0 01        		.byte	0x1
 113 00c1 2400 0000 		.long	0x24
 114 00c5 D600 0000 		.long	0xd6
 115 00c9 06        		.uleb128 0x6
 116 00ca 0000 0000 		.long	.LASF12
 117 00ce 02        		.byte	0x2
 118 00cf 6C        		.byte	0x6c
 119 00d0 18        		.byte	0x18
 120 00d1 2400 0000 		.long	0x24
 121 00d5 00        		.byte	0
 122 00d6 05        		.uleb128 0x5
 123 00d7 01        		.byte	0x1
 124 00d8 0000 0000 		.long	.LASF14
 125 00dc 02        		.byte	0x2
 126 00dd 53        		.byte	0x53
 127 00de 09        		.byte	0x9
 128 00df 01        		.byte	0x1
 129 00e0 2400 0000 		.long	0x24
 130 00e4 FF00 0000 		.long	0xff
 131 00e8 06        		.uleb128 0x6
 132 00e9 0000 0000 		.long	.LASF12
 133 00ed 02        		.byte	0x2
 134 00ee 53        		.byte	0x53
 135 00ef 1A        		.byte	0x1a
 136 00f0 5800 0000 		.long	0x58
 137 00f4 07        		.uleb128 0x7
 138 00f5 6E00      		.string	"n"
 139 00f7 02        		.byte	0x2
 140 00f8 54        		.byte	0x54
 141 00f9 0D        		.byte	0xd
 142 00fa 2400 0000 		.long	0x24
 143 00fe 00        		.byte	0
 144 00ff 05        		.uleb128 0x5
 145 0100 01        		.byte	0x1
 146 0101 0000 0000 		.long	.LASF15
 147 0105 02        		.byte	0x2
 148 0106 3E        		.byte	0x3e
 149 0107 09        		.byte	0x9
 150 0108 01        		.byte	0x1
 151 0109 2400 0000 		.long	0x24
 152 010d 2801 0000 		.long	0x128
 153 0111 06        		.uleb128 0x6
 154 0112 0000 0000 		.long	.LASF12
 155 0116 02        		.byte	0x2
 156 0117 3E        		.byte	0x3e
 157 0118 1A        		.byte	0x1a
 158 0119 3E00 0000 		.long	0x3e
 159 011d 07        		.uleb128 0x7
 160 011e 6E00      		.string	"n"
 161 0120 02        		.byte	0x2
 162 0121 3F        		.byte	0x3f
 163 0122 0D        		.byte	0xd
 164 0123 2400 0000 		.long	0x24
 165 0127 00        		.byte	0
 166 0128 05        		.uleb128 0x5
 167 0129 01        		.byte	0x1
 168 012a 0000 0000 		.long	.LASF16
 169 012e 02        		.byte	0x2
 170 012f 2D        		.byte	0x2d
 171 0130 09        		.byte	0x9
 172 0131 01        		.byte	0x1
 173 0132 2400 0000 		.long	0x24
 174 0136 5101 0000 		.long	0x151
 175 013a 06        		.uleb128 0x6
 176 013b 0000 0000 		.long	.LASF12
 177 013f 02        		.byte	0x2
 178 0140 2D        		.byte	0x2d
 179 0141 17        		.byte	0x17
 180 0142 2400 0000 		.long	0x24
 181 0146 07        		.uleb128 0x7
 182 0147 6E00      		.string	"n"
 183 0149 02        		.byte	0x2
 184 014a 2E        		.byte	0x2e
 185 014b 0D        		.byte	0xd
 186 014c 2400 0000 		.long	0x24
 187 0150 00        		.byte	0
 188 0151 05        		.uleb128 0x5
 189 0152 01        		.byte	0x1
 190 0153 0000 0000 		.long	.LASF17
 191 0157 02        		.byte	0x2
 192 0158 25        		.byte	0x25
 193 0159 09        		.byte	0x9
 194 015a 01        		.byte	0x1
 195 015b 2400 0000 		.long	0x24
 196 015f 7A01 0000 		.long	0x17a
 197 0163 06        		.uleb128 0x6
 198 0164 0000 0000 		.long	.LASF12
 199 0168 02        		.byte	0x2
 200 0169 25        		.byte	0x25
 201 016a 1B        		.byte	0x1b
 202 016b 5800 0000 		.long	0x58
 203 016f 07        		.uleb128 0x7
 204 0170 6300      		.string	"c"
 205 0172 02        		.byte	0x2
 206 0173 26        		.byte	0x26
 207 0174 0D        		.byte	0xd
 208 0175 2400 0000 		.long	0x24
 209 0179 00        		.byte	0
 210 017a 05        		.uleb128 0x5
 211 017b 01        		.byte	0x1
 212 017c 0000 0000 		.long	.LASF18
 213 0180 02        		.byte	0x2
 214 0181 1F        		.byte	0x1f
 215 0182 09        		.byte	0x9
 216 0183 01        		.byte	0x1
 217 0184 2400 0000 		.long	0x24
 218 0188 A301 0000 		.long	0x1a3
 219 018c 06        		.uleb128 0x6
 220 018d 0000 0000 		.long	.LASF12
 221 0191 02        		.byte	0x2
 222 0192 1F        		.byte	0x1f
 223 0193 1B        		.byte	0x1b
 224 0194 3E00 0000 		.long	0x3e
 225 0198 07        		.uleb128 0x7
 226 0199 6300      		.string	"c"
 227 019b 02        		.byte	0x2
 228 019c 20        		.byte	0x20
 229 019d 0D        		.byte	0xd
 230 019e 2400 0000 		.long	0x24
 231 01a2 00        		.byte	0
 232 01a3 08        		.uleb128 0x8
 233 01a4 01        		.byte	0x1
 234 01a5 0000 0000 		.long	.LASF22
 235 01a9 02        		.byte	0x2
 236 01aa 15        		.byte	0x15
 237 01ab 09        		.byte	0x9
 238 01ac 01        		.byte	0x1
 239 01ad 2400 0000 		.long	0x24
 240 01b1 06        		.uleb128 0x6
 241 01b2 0000 0000 		.long	.LASF12
 242 01b6 02        		.byte	0x2
 243 01b7 15        		.byte	0x15
 244 01b8 18        		.byte	0x18
 245 01b9 2400 0000 		.long	0x24
 246 01bd 07        		.uleb128 0x7
 247 01be 6300      		.string	"c"
 248 01c0 02        		.byte	0x2
 249 01c1 16        		.byte	0x16
 250 01c2 0D        		.byte	0xd
 251 01c3 2400 0000 		.long	0x24
 252 01c7 00        		.byte	0
 253 01c8 00        		.byte	0
 254               		.section	.gnu.debuglto_.debug_abbrev,"",@progbits
 255               	.Ldebug_abbrev0:
 256 0000 01        		.uleb128 0x1
 257 0001 11        		.uleb128 0x11
 258 0002 01        		.byte	0x1
 259 0003 25        		.uleb128 0x25
 260 0004 0E        		.uleb128 0xe
 261 0005 13        		.uleb128 0x13
 262 0006 0B        		.uleb128 0xb
 263 0007 03        		.uleb128 0x3
 264 0008 0E        		.uleb128 0xe
 265 0009 1B        		.uleb128 0x1b
 266 000a 0E        		.uleb128 0xe
 267 000b 10        		.uleb128 0x10
 268 000c 06        		.uleb128 0x6
 269 000d 00        		.byte	0
 270 000e 00        		.byte	0
 271 000f 02        		.uleb128 0x2
 272 0010 24        		.uleb128 0x24
 273 0011 00        		.byte	0
 274 0012 0B        		.uleb128 0xb
 275 0013 0B        		.uleb128 0xb
 276 0014 3E        		.uleb128 0x3e
 277 0015 0B        		.uleb128 0xb
 278 0016 03        		.uleb128 0x3
 279 0017 0E        		.uleb128 0xe
 280 0018 00        		.byte	0
 281 0019 00        		.byte	0
 282 001a 03        		.uleb128 0x3
 283 001b 16        		.uleb128 0x16
 284 001c 00        		.byte	0
 285 001d 03        		.uleb128 0x3
 286 001e 0E        		.uleb128 0xe
 287 001f 3A        		.uleb128 0x3a
 288 0020 0B        		.uleb128 0xb
 289 0021 3B        		.uleb128 0x3b
 290 0022 0B        		.uleb128 0xb
 291 0023 39        		.uleb128 0x39
 292 0024 0B        		.uleb128 0xb
 293 0025 49        		.uleb128 0x49
 294 0026 13        		.uleb128 0x13
 295 0027 00        		.byte	0
 296 0028 00        		.byte	0
 297 0029 04        		.uleb128 0x4
 298 002a 24        		.uleb128 0x24
 299 002b 00        		.byte	0
 300 002c 0B        		.uleb128 0xb
 301 002d 0B        		.uleb128 0xb
 302 002e 3E        		.uleb128 0x3e
 303 002f 0B        		.uleb128 0xb
 304 0030 03        		.uleb128 0x3
 305 0031 08        		.uleb128 0x8
 306 0032 00        		.byte	0
 307 0033 00        		.byte	0
 308 0034 05        		.uleb128 0x5
 309 0035 2E        		.uleb128 0x2e
 310 0036 01        		.byte	0x1
 311 0037 3F        		.uleb128 0x3f
 312 0038 0C        		.uleb128 0xc
 313 0039 03        		.uleb128 0x3
 314 003a 0E        		.uleb128 0xe
 315 003b 3A        		.uleb128 0x3a
 316 003c 0B        		.uleb128 0xb
 317 003d 3B        		.uleb128 0x3b
 318 003e 0B        		.uleb128 0xb
 319 003f 39        		.uleb128 0x39
 320 0040 0B        		.uleb128 0xb
 321 0041 27        		.uleb128 0x27
 322 0042 0C        		.uleb128 0xc
 323 0043 49        		.uleb128 0x49
 324 0044 13        		.uleb128 0x13
 325 0045 01        		.uleb128 0x1
 326 0046 13        		.uleb128 0x13
 327 0047 00        		.byte	0
 328 0048 00        		.byte	0
 329 0049 06        		.uleb128 0x6
 330 004a 05        		.uleb128 0x5
 331 004b 00        		.byte	0
 332 004c 03        		.uleb128 0x3
 333 004d 0E        		.uleb128 0xe
 334 004e 3A        		.uleb128 0x3a
 335 004f 0B        		.uleb128 0xb
 336 0050 3B        		.uleb128 0x3b
 337 0051 0B        		.uleb128 0xb
 338 0052 39        		.uleb128 0x39
 339 0053 0B        		.uleb128 0xb
 340 0054 49        		.uleb128 0x49
 341 0055 13        		.uleb128 0x13
 342 0056 00        		.byte	0
 343 0057 00        		.byte	0
 344 0058 07        		.uleb128 0x7
 345 0059 34        		.uleb128 0x34
 346 005a 00        		.byte	0
 347 005b 03        		.uleb128 0x3
 348 005c 08        		.uleb128 0x8
 349 005d 3A        		.uleb128 0x3a
 350 005e 0B        		.uleb128 0xb
 351 005f 3B        		.uleb128 0x3b
 352 0060 0B        		.uleb128 0xb
 353 0061 39        		.uleb128 0x39
 354 0062 0B        		.uleb128 0xb
 355 0063 49        		.uleb128 0x49
 356 0064 13        		.uleb128 0x13
 357 0065 00        		.byte	0
 358 0066 00        		.byte	0
 359 0067 08        		.uleb128 0x8
 360 0068 2E        		.uleb128 0x2e
 361 0069 01        		.byte	0x1
 362 006a 3F        		.uleb128 0x3f
 363 006b 0C        		.uleb128 0xc
 364 006c 03        		.uleb128 0x3
 365 006d 0E        		.uleb128 0xe
 366 006e 3A        		.uleb128 0x3a
 367 006f 0B        		.uleb128 0xb
 368 0070 3B        		.uleb128 0x3b
 369 0071 0B        		.uleb128 0xb
 370 0072 39        		.uleb128 0x39
 371 0073 0B        		.uleb128 0xb
 372 0074 27        		.uleb128 0x27
 373 0075 0C        		.uleb128 0xc
 374 0076 49        		.uleb128 0x49
 375 0077 13        		.uleb128 0x13
 376 0078 00        		.byte	0
 377 0079 00        		.byte	0
 378 007a 00        		.byte	0
 379               		.section	.gnu.debuglto_.debug_line,"",@progbits
 380               	.Ldebug_line0:
 381 0000 9C00 0000 		.long	.LELT0-.LSLT0
 382               	.LSLT0:
 383 0004 0200      		.word	0x2
 384 0006 9600 0000 		.long	.LELTP0-.LASLTP0
 385               	.LASLTP0:
 386 000a 01        		.byte	0x1
 387 000b 01        		.byte	0x1
 388 000c F6        		.byte	0xf6
 389 000d F2        		.byte	0xf2
 390 000e 0D        		.byte	0xd
 391 000f 00        		.byte	0
 392 0010 01        		.byte	0x1
 393 0011 01        		.byte	0x1
 394 0012 01        		.byte	0x1
 395 0013 01        		.byte	0x1
 396 0014 00        		.byte	0
 397 0015 00        		.byte	0
 398 0016 00        		.byte	0
 399 0017 01        		.byte	0x1
 400 0018 00        		.byte	0
 401 0019 00        		.byte	0
 402 001a 01        		.byte	0x1
 403 001b 633A 5C75 		.ascii	"c:\\users\\nonej\\documents\\keyboard\\msys64\\home\\nonej\\"
 403      7365 7273 
 403      5C6E 6F6E 
 403      656A 5C64 
 403      6F63 756D 
 404 004f 716D 6B5F 		.ascii	"qmk_utils\\avr8-gnu-toolchain\\avr\\include"
 404      7574 696C 
 404      735C 6176 
 404      7238 2D67 
 404      6E75 2D74 
 405 0077 00        		.byte	0
 406 0078 746D 6B5F 		.ascii	"tmk_core/common"
 406      636F 7265 
 406      2F63 6F6D 
 406      6D6F 6E
 407 0087 00        		.byte	0
 408 0088 00        		.byte	0
 409 0089 7374 6469 		.string	"stdint.h"
 409      6E74 2E68 
 409      00
 410 0092 01        		.uleb128 0x1
 411 0093 00        		.uleb128 0
 412 0094 00        		.uleb128 0
 413 0095 7574 696C 		.string	"util.c"
 413      2E63 00
 414 009c 02        		.uleb128 0x2
 415 009d 00        		.uleb128 0
 416 009e 00        		.uleb128 0
 417 009f 00        		.byte	0
 418               	.LELTP0:
 419               	.LELT0:
 420               		.section	.gnu.debuglto_.debug_str,"MS",@progbits,1
 421               	.LASF13:
 422 0000 6269 7472 		.string	"bitrev"
 422      6576 00
 423               	.LASF11:
 424 0007 6269 7472 		.string	"bitrev16"
 424      6576 3136 
 424      00
 425               	.LASF10:
 426 0010 6269 7472 		.string	"bitrev32"
 426      6576 3332 
 426      00
 427               	.LASF15:
 428 0019 6269 746F 		.string	"biton16"
 428      6E31 3600 
 429               	.LASF1:
 430 0021 756E 7369 		.string	"unsigned char"
 430      676E 6564 
 430      2063 6861 
 430      7200 
 431               	.LASF14:
 432 002f 6269 746F 		.string	"biton32"
 432      6E33 3200 
 433               	.LASF18:
 434 0037 6269 7470 		.string	"bitpop16"
 434      6F70 3136 
 434      00
 435               	.LASF7:
 436 0040 6C6F 6E67 		.string	"long unsigned int"
 436      2075 6E73 
 436      6967 6E65 
 436      6420 696E 
 436      7400 
 437               	.LASF21:
 438 0052 433A 5C55 		.string	"C:\\Users\\nonej\\Documents\\Keyboard\\msys64\\home\\nonej\\qmk_firmware"
 438      7365 7273 
 438      5C6E 6F6E 
 438      656A 5C44 
 438      6F63 756D 
 439               	.LASF4:
 440 0093 756E 7369 		.string	"unsigned int"
 440      676E 6564 
 440      2069 6E74 
 440      00
 441               	.LASF22:
 442 00a0 6269 7470 		.string	"bitpop"
 442      6F70 00
 443               	.LASF9:
 444 00a7 6C6F 6E67 		.string	"long long unsigned int"
 444      206C 6F6E 
 444      6720 756E 
 444      7369 676E 
 444      6564 2069 
 445               	.LASF2:
 446 00be 7569 6E74 		.string	"uint8_t"
 446      385F 7400 
 447               	.LASF8:
 448 00c6 6C6F 6E67 		.string	"long long int"
 448      206C 6F6E 
 448      6720 696E 
 448      7400 
 449               	.LASF16:
 450 00d4 6269 746F 		.string	"biton"
 450      6E00 
 451               	.LASF12:
 452 00da 6269 7473 		.string	"bits"
 452      00
 453               	.LASF3:
 454 00df 7569 6E74 		.string	"uint16_t"
 454      3136 5F74 
 454      00
 455               	.LASF20:
 456 00e8 746D 6B5F 		.string	"tmk_core/common/util.c"
 456      636F 7265 
 456      2F63 6F6D 
 456      6D6F 6E2F 
 456      7574 696C 
 457               	.LASF6:
 458 00ff 7569 6E74 		.string	"uint32_t"
 458      3332 5F74 
 458      00
 459               	.LASF5:
 460 0108 6C6F 6E67 		.string	"long int"
 460      2069 6E74 
 460      00
 461               	.LASF19:
 462 0111 474E 5520 		.string	"GNU C99 8.3.0 -mn-flash=1 -mno-skip-bug -mmcu=avr5 -gdwarf-2 -Os -std=gnu99 -funsigned-ch
 462      4339 3920 
 462      382E 332E 
 462      3020 2D6D 
 462      6E2D 666C 
 463               	.LASF0:
 464 01f9 7369 676E 		.string	"signed char"
 464      6564 2063 
 464      6861 7200 
 465               	.LASF17:
 466 0205 6269 7470 		.string	"bitpop32"
 466      6F70 3332 
 466      00
 467               		.text
 468               		.section	.gnu.lto_.profile.54af909c,"",@progbits
 469 0000 789C 6367 		.string	"x\234cg`\004B "
 469      6004 4220 
 469      00
 470 0009 00        		.string	""
 471 000a 00        		.string	""
 472 000b 5400      		.string	"T"
 473 000d 0A        		.ascii	"\n"
 474               		.text
 475               		.section	.gnu.lto_.icf.54af909c,"",@progbits
 476 0000 789C 6367 		.string	"x\234cg`d\260`@"
 476      6064 B060 
 476      4000 
 477 000a 4E86 2B33 		.string	"N\206+37\237ga|\177|\327N6\246\227\313\336\034\342c\376:\375\375\026.\226K\177\357\336\34
 477      379F 6761 
 477      7C7F 7CD7 
 477      4E36 A697 
 477      CBDE 1CE2 
 478 0047 3683 1BE6 		.ascii	"6\203\033\346"
 479               		.text
 480               		.section	.gnu.lto_.jmpfuncs.54af909c,"",@progbits
 481 0000 789C 5D8B 		.ascii	"x\234]\213\333\r\2000\f\003\317\rP\230\232\037\226`\0336kS\311"
 481      DB0D 8030 
 481      0C03 CF0D 
 481      5098 9A1F 
 481      9660 1B36 
 482 0017 8847 A2E8 		.ascii	"\210G\242\350\344S\\\021\007\317lH\332\317\030\030T\311M\226"
 482      E453 5C11 
 482      07CF 6C48 
 482      DACF 1818 
 482      54C9 4D96 
 483 002b B09F EC67 		.ascii	"\260\237\354g\373\305\276\336\377\240K\"\257\211oZ\335y\333\026"
 483      FBC5 BEDE 
 483      FFA0 4B22 
 483      AF89 6F5A 
 483      DD79 DB16 
 484 003f FC22 1D66 		.ascii	"\374\"\035fs\026\362"
 484      7316 F2
 485               		.text
 486               		.section	.gnu.lto_.inline.54af909c,"",@progbits
 487 0000 789C 9D90 		.ascii	"x\234\235\220\313\r\3020\020D\307\377\200\"\024q@\210\223+J\023"
 487      CB0D C230 
 487      1044 C7FF 
 487      8022 1471 
 487      4088 932B 
 488 0016 F994 81A0 		.ascii	"\371\224\201\240\003J\240\013\256)-;\216\260b\t\210\304^\274"
 488      034A A00B 
 488      AE29 2D3B 
 488      8EB0 6209 
 488      88C4 5EBC 
 489 002a 9F79 BB23 		.ascii	"\237y\273#\007(\274\024r\354\200\352&\021z\005\275g\346z\300"
 489      0728 BC14 
 489      72EC 80EA 
 489      2611 7A05 
 489      BD67 E67A 
 490 003f 33B1 9D86 		.ascii	"3\261\235\206\246FmK\364\266\304\340 \345\344\007%\373\304\201"
 490      A646 6D4B 
 490      F4B6 C4E0 
 490      20E5 E407 
 490      25FB C481 
 491 0053 69D2 7828 		.ascii	"i\322x(t)\365\035,\t\213\243TO;\n\321\2208\247\351\017\302\341"
 491      7429 F51D 
 491      2C09 8BA3 
 491      544F 3B0A 
 491      D190 38A7 
 492 006b 44C2 9188 		.ascii	"D\302\221\210$b\022\216\337\t\017\332\230Bv\005\334\245q-\210"
 492      2462 128E 
 492      DF09 0FDA 
 492      9842 7605 
 492      DCA5 712D 
 493 0080 CB62 7C21 		.ascii	"\313b|!\002j\336\b\331\325'\242\270aj~\342\243}\277\325jC\374"
 493      026A DE08 
 493      D9D5 27A2 
 493      B861 6A7E 
 493      E2A3 7DBF 
 494 0098 6B03 6606 		.ascii	"k\003f\006\234W\335"
 494      9C57 DD
 495               		.text
 496               		.section	.gnu.lto_.pureconst.54af909c,"",@progbits
 497 0000 789C 05C1 		.string	"x\234\005\301\201\001"
 497      8101 00
 498 0007 100C 03C1 		.ascii	"\020\f\003\301\224\247\354`\330\214\224\021\335\265JO\322U\250"
 498      94A7 EC60 
 498      D88C 9411 
 498      DDB5 4A4F 
 498      D255 A8
 499 001a 30C2 3498 		.ascii	"0\3024\230e\266is\314\007T\352\005\206"
 499      65B6 6973 
 499      CC07 54EA 
 499      0586 
 500               		.text
 501               		.section	.gnu.lto_bitpop.54af909c,"",@progbits
 502 0000 789C 5553 		.string	"x\234USKk\023Q\024>\347\236;\231\311\303\007n\024)\264\013)\265H\037\n\232\245\340\037\36
 502      4B6B 1351 
 502      143E E79E 
 502      3B99 C9C3 
 502      076E 1429 
 503 0062 38CF 3746 		.string	"8\3177F"
 503      00
 504 0067 8552 EAAC 		.string	"\205R\352\254\353{\002\245F\322\367\250\203j\236\024\324hm'\245\2129/J\005W\252\204\203h\
 504      EB7B 02A5 
 504      46D2 F7A8 
 504      836A 9E14 
 504      D468 6D27 
 505 00d8 5AF1 E1D9 		.string	"Z\361\341\331\223;1\0321\352\325\326\334C\247\377\261Q\377i\320\264\n\375>\355\260\274\30
 505      933B 311A 
 505      31EA D5D6 
 505      DC43 A7FF 
 505      B151 FF69 
 506 015f 6BA8 1B28 		.string	"k\250\033(\022\225\n\237\352\3245\331\260\312&\346\347\212\225\270\306\001a@\016\253\2537
 506      1295 0A9F 
 506      EAD4 35D9 
 506      B0CA 26E6 
 506      E78A 95B8 
 507 01da 9BE8 04E4 		.ascii	"\233\350\004\344\n\340\324\364\352\320&{\362\201(\273lK\345\375"
 507      0AE0 D4F4 
 507      EAD0 267B 
 507      F281 28BB 
 507      6C4B E5FD 
 508 01ee ECEB EC1E 		.ascii	"\354\353\354\036\363\272\035\363\267\356l\003\212\031\217\030"
 508      F3BA 1DF3 
 508      B7EE 6C03 
 508      8A19 8F18 
 509 01fe E792 FAFD 		.ascii	"\347\222\372\375\240a\363oq8\233\276t!\225\231\034\037Ne\322"
 509      A061 F36F 
 509      7138 9BBE 
 509      7421 9599 
 509      1C1F 4E65 
 510 0213 E9CC 95E1 		.ascii	"\351\314\225\341k\331\211\313C)\220c\023\331\253\007\355f\350"
 510      6BD9 89CB 
 510      4329 9063 
 510      13D9 AB07 
 510      ED66 E8
 511 0226 CC78 3235 		.ascii	"\314x25z\362\364E\300\324?(\023\347\217"
 511      7AF2 F445 
 511      C0D4 3F28 
 511      13E7 8F
 512               		.text
 513               		.section	.gnu.lto_bitpop16.54af909c,"",@progbits
 514 0000 789C 4D53 		.string	"x\234MSMk\023Q\024\275\367\3357\231iR\265\270Q$\320.\244\224 \375P\320,\375\t\202?@h\250P
 514      4D6B 1351 
 514      14BD F7DD 
 514      3799 6952 
 514      B5B8 5124 
 515 0063 3D00      		.string	"="
 516 0065 7086 DF18 		.string	"p\206\337\030\001\024J\251\323n\316\023(5\2229\217vP\311\223\202\252\353\333I\251\242\316
 516      0114 4AA9 
 516      D36E CE13 
 516      2835 9239 
 516      8F76 50C9 
 517 00f7 DDF3 F1FE 		.ascii	"\335\363\361\376\302\315(u\233\376\267\3533\263N\373\274\351"
 517      C2CD 2875 
 517      9BFE B7EB 
 517      33B3 4EFB 
 517      BCE9 
 518 0109 2F7F A211 		.ascii	"/\177\242\021\025\344\332\330\026\006Vc\327Y\353m\322\364\257"
 518      15E4 DAD8 
 518      1606 5663 
 518      D759 EB6D 
 518      D2F4 AF
 519 011c 4FC2 A97D 		.ascii	"O\302\251}\021\211%l\327\316\265\3437:-\376\326\265\345\252\023"
 519      1189 256C 
 519      D7CE B5E3 
 519      373A 2DFE 
 519      D6B5 E5AA 
 520 0131 A8B0 3EA6 		.ascii	"\250\260>\246\202p\022\347\227\243M\310\303\2450\243Y\215\031"
 520      8270 12E7 
 520      97A3 4DC8 
 520      C3A5 30A3 
 520      598D 19
 521 0144 1235 764C 		.ascii	"\0225vL%b*\256\371\004\310\023\374\331^J\242\n`\224\204\201\303"
 521      2562 2AAE 
 521      F904 C813 
 521      FCD9 5E4A 
 521      A20A 6094 
 522 015b 017C 4735 		.ascii	"\001|G5w/a\206h\270 v\340\320\335\001\215t+\333\312\025\256?"
 522      772F 6186 
 522      68B8 2076 
 522      E0D0 DD01 
 522      8D74 2BDB 
 523 0173 3279 B113 		.ascii	"2y\261\023\\\321;\263\006\025\362\237+\324\020\331@\323Y\303"
 523      5CD1 3BB3 
 523      0615 F29F 
 523      2BD4 10D9 
 523      40D3 59C3 
 524 0187 E199 513F 		.ascii	"\341\231Q?\246q\221\260H:\336\255_\377\246L\274\204\365:G\302"
 524      A671 91B0 
 524      483A DEAD 
 524      5FFF A64C 
 524      BC84 F53A 
 525 019d FD4C BB35 		.ascii	"\375L\2735\3467Y\232c\231zj\233\031\312\336\271j\265\306]K\342"
 525      E637 599A 
 525      6399 7A6A 
 525      9B19 CADE 
 525      B96A B5C6 
 526 01b4 4BFF CA6B 		.ascii	"K\377\312k\345\277\275\326\b\342;\026\332\355a\243L2\306d\216"
 526      E5BF BDD6 
 526      08E2 3B16 
 526      DAED 61A3 
 526      4C32 C664 
 527 01c9 9F15 698D 		.ascii	"\237\025i\215\t\260w\310b\243,\340\033\216\324V\216Ya\261w?\342"
 527      09B0 77C8 
 527      62A3 2CE0 
 527      1B8E D456 
 527      8E59 61B1 
 528 01e0 FDCA 663F 		.ascii	"\375\312f?\330DQ\324\331\262\023zzp\023I/.&\\\236B\023\373y\214"
 528      D844 51D4 
 528      D9B2 137A 
 528      7A70 1349 
 528      2F2E 265C 
 529 01fa B337 C307 		.ascii	"\2637\303\0076\303\337\215\340\212\344\032\r\246\223\324\341"
 529      36C3 DF8D 
 529      E08A E41A 
 529      0DA6 93D4 
 529      E1
 530 020b A361 F39F 		.ascii	"\243a\363\237\340P6}\341\\*3\320\327\225\312\244\323\231K]W\262"
 530      E050 367D 
 530      E15C 2A33 
 530      D0D7 95CA 
 530      A4D3 994B 
 531 0222 FD17 3B53 		.ascii	"\375\027;S {\373\263\227[\354\241\363T_2\325s\374\344y\300\324"
 531      207B FBB3 
 531      975B ECA1 
 531      F354 5F32 
 531      D573 FCE4 
 532 0239 7F34 30E6 		.ascii	"\17740\346O"
 532      4F
 533               		.text
 534               		.section	.gnu.lto_bitpop32.54af909c,"",@progbits
 535 0000 789C 4D53 		.string	"x\234MSMO\023Q\024\275\367\3357\235\322\2025n4\246\t\335HHc\3702\321.\375\t\376\003\023\0
 535      4D4F 1351 
 535      14BD F7DD 
 535      379D D282 
 535      356E 34A6 
 536 0064 E7F8 C200 		.string	"\347\370\302"
 537 0068 A050 4A9D 		.string	"\240PJ\235u\263A\201R#\231\r\322\036\252\004\245\240\215\315\335\204T!g\261Xp\245jw\020\3
 537      75B3 4181 
 537      5223 990D 
 537      D21E AA04 
 537      A5A0 8DCD 
 538 00f2 7C83 DDA0 		.ascii	"|\203\335\240s\326\037?\234\rQ\237\311_\335,?p\272\346M\376\337"
 538      73D6 1F3F 
 538      9C0D 519F 
 538      C95F DD2C 
 538      3F70 BAE6 
 539 0109 0F94 577E 		.ascii	"\017\224W~6\306\266\320\267\032\373\316:\177\013M\377\362\254"
 539      36C6 B6D0 
 539      B71A FBCE 
 539      3A7F 0B4D 
 539      FFF2 AC
 540 011c 71AB 2320 		.ascii	"q\253# \261\202]\332\271v\374VO\213\237:\366t\303\361U\2439\251"
 540      B182 5DDA 
 540      B976 FC56 
 540      4F8B 9F3A 
 540      F674 C3F1 
 541 0134 FC5F B338 		.ascii	"\374_\2638\377=\324\206\\\\\332\322\254\306\f\211\032;&\0220"
 541      FF3D D486 
 541      5C5C DAD2 
 541      ACC6 0C89 
 541      1A3B 2612 
 542 0149 11D7 DC01 		.ascii	"\021\327\334\001\n\004[\273\013\tT>L\2200p\334\207\257\250\346"
 542      0A04 5BBB 
 542      0B09 543E 
 542      4C90 3070 
 542      DC87 AFA8 
 543 015e 96E2 A688 		.ascii	"\226\342\246\210\206\313b\017\346\356\217h\244S\331V\2668\375"
 543      86CB 620F 
 543      E6EE 8F68 
 543      A453 D956 
 543      B638 FD
 544 0171 24A2 07C4 		.ascii	"$\242\007\304NpE\367\314\032T,|\254RKd\033Mf\035\307\313\023"
 544      4E70 45F7 
 544      CC1A 542C 
 544      7CAC 524B 
 544      641B 4D66 
 545 0189 5E58 E312 		.ascii	"^X\343\022a\211\204\036\357z\356\205\311&l\362\021\301UV`\342"
 545      6189 841E 
 545      EF7A EE85 
 545      C926 6CF2 
 545      11C1 5556 
 546 019f ED49 AFCD 		.ascii	"\355I\257\315\022\035\313\325uc\246,\273\347\250U\233r-\211O"
 546      121D CBD5 
 546      7563 A62C 
 546      BBE7 A855 
 546      9B72 2D89 
 547 01b4 FD9E 7FAE 		.ascii	"\375\236\177\256\375\031\264V\020\337\261\320~\016[e\222\261"
 547      FD19 B456 
 547      10DF B1D0 
 547      7E0E 5B65 
 547      92B1 
 548 01c6 26B3 FCB5 		.ascii	"&\263\374\265HkM\200\335!\213\215\262\200\032\346\353+'\255\260"
 548      486B 4D80 
 548      DD21 8B8D 
 548      B280 1AE6 
 548      EB2B 27AD 
 549 01db 38D8 2171 		.ascii	"8\330!q\207k\246C\330AQ\322\323e'\364\374\310\016\222n]\314\270"
 549      876B A643 
 549      D841 51D2 
 549      D365 27F4 
 549      FCC8 0E92 
 550 01f3 5C85 660E 		.ascii	"\\\205f\016q\031\347\340\024kv\212?Z\243+\221k4\230NR\217\037"
 550      7119 E7E0 
 550      146B 768A 
 550      3F5A A32B 
 550      916B 3498 
 551 020b 0D9B 7F83 		.ascii	"\r\233\177\203\243\231\324\305\363\311\364\310Po2\235J\245/\367"
 551      A399 D4C5 
 551      F3C9 F4C8 
 551      506F 329D 
 551      4AA5 2FF7 
 552 021f 5EC9 0C5F 		.ascii	"^\311\f_\352I\202\034\034\316\214\036\266\213\2363C\211d\377"
 552      EA49 821C 
 552      1CCE 8C1E 
 552      B68B 9E33 
 552      4389 64FF 
 553 0233 C0E9 0B80 		.ascii	"\300\351\013\200\311\377\b\232\350\236"
 553      C9FF 089A 
 553      E89E 
 554               		.text
 555               		.section	.gnu.lto_biton.54af909c,"",@progbits
 556 0000 789C 6D93 		.string	"x\234m\223\333KTQ\024\306\327\332{\237\313\314\231\321\336\212\020\364%\021\005/\005\331\
 556      DB4B 5451 
 556      14C6 D7DA 
 556      7B9F CBCC 
 556      99D1 DE8A 
 557 0060 3500      		.string	"5"
 558 0062 709A BE18 		.string	"p\232\276\030\001\024Z\353:'\351\n!)+Q:\252\202\337\230D\223\325\251\244\253\204\025jv\25
 558      0114 5AEB 
 558      3A27 E90A 
 558      2129 2B51 
 558      3AAA 82DF 
 559 0105 289E 12A6 		.ascii	"(\236\022\246\374\303\203\365+q[\341(\226\032g\306\221\2176m"
 559      FCC3 83F5 
 559      2B71 5BE1 
 559      2896 1A67 
 559      C691 8F36 
 560 011a 11D0 DC   		.ascii	"\021\320\334"
 561 011d 1B7E 6DF9 		.string	"\033~m\371z}\243[\373\237gp\360\273\027G:\034\205\t\322\004\305&,\216\324E\035\016G\227c\
 561      7A7D A35B 
 561      FB9F 6770 
 561      F0BB 1747 
 561      3A1C 8509 
 562 021e 54E0 143F 		.string	"T\340\024?\224T\311\346\"\250\212\301\355<\340N\016\270\305\307\214\346\001\227$b\3056P\3
 562      9454 C9E6 
 562      22A8 8AC1 
 562      ED3C E04E 
 562      0EB8 C5C7 
 563 028b EC6E 6B3A 		.ascii	"\354nk:v$\321\322\332P\225hijji\256:\331\326x\2742\001\252\276"
 563      7624 D1D2 
 563      DA50 9568 
 563      696A 6A69 
 563      AE3A D9D6 
 564 02a5 B1ED C4AE 		.ascii	"\261\355\304\256\340\242\262\266\341P\242f\377\301\243\200\315"
 564      E0A2 B2B6 
 564      E150 A266 
 564      FFC1 A380 
 564      CD
 565 02b6 7F01 78A6 		.ascii	"\177\001x\246\\\364"
 565      5CF4 
 566               		.text
 567               		.section	.gnu.lto_biton16.54af909c,"",@progbits
 568 0000 789C 6D93 		.string	"x\234m\223[KTQ\024\307\367\332{\237\313\234\271\331S\027\204|ID\301KA\365\350w\350\003\00
 568      5B4B 5451 
 568      14C7 F7DA 
 568      7B9F CB9C 
 568      B9D9 5317 
 569 0098 1C4F 7300 		.string	"\034Os"
 570 009c 2853 36B0 		.string	"(S6\260j.\244aZv\300\201j\270,Z\004,\216\177\370\032\314\275\243T\215J&~\037\030R\365{\33
 570      6A2E A461 
 570      5A76 C081 
 570      6AB8 2C5A 
 570      042C 8E7F 
 571 00d9 E0B8 9C4A 		.string	"\340\270\234J-\254\331z\311!\003\227\327\327\273\307\203b\0370\314;^w=\2269\275\324\365\3
 571      2DAC D97A 
 571      C921 0397 
 571      D7D7 BBC7 
 571      8362 1F30 
 572 0106 FBE2 B3FD 		.string	"\373\342\263\375-\234\301s\310a\272\346\217\272\326\026\021\205T\237Z\352z\020\316\356\24
 572      2D9C C173 
 572      C861 BAE6 
 572      8FBA D616 
 572      1185 549F 
 573 015a 4F97 5C07 		.ascii	"O\227\\\007\241\203\324\301 +&E\213\242\315tu\200"
 573      A183 D4C1 
 573      202B 2645 
 573      8BA2 CD74 
 573      7580 
 574 016c A243 3148 		.string	"\242C1H1\004Z\rS\036\241\030\245\310X\275`58l\t*\311\342\202\307(\257M\2629P\335\177\363\
 574      3104 5A0D 
 574      531E A118 
 574      A5C8 58BD 
 574      6035 386C 
 575 026d 87C9 EDEC 		.string	"\207\311\355\354b\223\035W\206Dvn\364\315j\366"
 575      6293 1D57 
 575      8644 766E 
 575      F4CD 6AF6 
 575      00
 576 027e DAD4 EBB0 		.ascii	"\332\324\353\2601=K\334\326\026\356\005\177nA\342'?\356\bZGC"
 576      313D 4BDC 
 576      D616 EE05 
 576      7F6E 41E2 
 576      273F EE08 
 577 0295 6F97 471B 		.ascii	"o\227G\033B.7\207\227;\270#\304m\373p;i\334\026\035\263\342\307"
 577      422E 3787 
 577      973B B823 
 577      C46D FB70 
 577      3B69 DC16 
 578 02ad 2D51 85BC 		.ascii	"-Q\205\274m\234r\223\323\302\271\230\310%\254\276y\315\351\240"
 578      6D9C 7293 
 578      D3C2 B998 
 578      C825 ACBE 
 578      79CD E9A0 
 579 02c1 2DBD 8E58 		.ascii	"-\275\216X\323\363\304\031\330\302\371\335\237S\222\370\313\217"
 579      D3F3 C419 
 579      D8C2 F9DD 
 579      9F53 92F8 
 579      CB8F 
 580 02d3 338A 5691 		.ascii	"3\212V\221\363\363\330\267\022\027\023\340\325\016\314(a:>\230"
 580      F3F3 D8B7 
 580      1217 13E0 
 580      D50E CC28 
 580      613A 3E98 
 581 02e7 41F7 0D6D 		.ascii	"A\367\rmr\321\226\360\330J\267o\220\354\007\261\273\215v\243"
 581      72D1 96F0 
 581      D84A B76F 
 581      90EC 07B1 
 581      BB8D 76A3 
 582 02fb 81E9 05B4 		.ascii	"\201\351\005\264[\217\257#\365\340\214\355\256*;}\274\264\242"
 582      5B8F AF23 
 582      F5E0 8CED 
 582      AE2A 3B7D 
 582      BCB4 A2
 583 030e F244 4169 		.ascii	"\362DAiEYYEy\301\371\252Sg\362K\231,9Uu.\303]\344\0379q\264\264"
 583      4559 5945 
 583      79C1 F9AA 
 583      5367 F24B 
 583      992C 3955 
 584 032c E8E0 E193 		.ascii	"\350\340\341\223\f\312\377\001\2378\302L"
 584      0CCA FF01 
 584      9F38 C24C 
 585               		.text
 586               		.section	.gnu.lto_biton32.54af909c,"",@progbits
 587 0000 789C 6D94 		.ascii	"x\234m\224\333o\314A\024\307\347\314\314\357\376\333[\033\021"
 587      DB6F CC41 
 587      14C7 E7CC 
 587      CCEF FEDB 
 587      5B1B 11
 588 0013 4D13 7D12 		.ascii	"M\023}\022!qM\360\350?\221hH\204\266\t\345\301\213\351\322Eh"
 588      2171 4DF0 
 588      E83F 9168 
 588      4884 B609 
 588      E5C1 8BE9 
 589 002a 11B4 4AD4 		.ascii	"\021\264J\324%\202D\004!\021\367um\335\022qK\263\017\036(V\212"
 589      2582 4404 
 589      2111 F775 
 589      6DDD 1271 
 589      4BB3 0F1E 
 590 0041 5245 2C5A 		.ascii	"RE,Zg\316o\252\333\366\267\311\236=\363\373\3169\363\375\314"
 590      67CE 6FAA 
 590      DBF6 B7C9 
 590      9E3D F3FB 
 590      CE39 F3FD 
 591 0056 FC66 1D06 		.ascii	"\374f\035\006,k36\2271v\036\277\220`\300\225R\213\235&\227s\201"
 591      2C6B 3336 
 591      9731 761E 
 591      BF90 60C0 
 591      9552 8B9D 
 592 006e 598D 54BE 		.ascii	"Y\215T\276\214~C\001:[,\233\\\311-\243\331F\263\3006\232\315"
 592      8C7E 4301 
 592      3A5B 2C9B 
 592      5CC9 2DA3 
 592      D946 B3C0 
 593 0085 1DA3 B946 		.ascii	"\035\243\271Fs\3005\232\313=\243\371F\363\3007\232\317\003\243"
 593      73C0 359A 
 593      CB3D A3F9 
 593      46F3 C037 
 593      9ACF 03A3 
 594 0099 8546 0B20 		.ascii	"\205F\013 4Z\b@\231r\201m\340BZ\266\343z~\020\302\006\330*v\t"
 594      345A 0840 
 594      9972 816D 
 594      E042 5AB6 
 594      E37A 7E10 
 595 00b3 2876 BD1D 		.ascii	"(v\275\035\bf\234T*\253\362\355/\355\216-O\224\350\020\214\355"
 595      0866 9C54 
 595      2AAB F2ED 
 595      2FED 8E2D 
 595      4F94 E810 
 596 00c9 160C E657 		.ascii	"\026\f\346W\303\234j\246?p\005f\340\344\257\207\232\177\211-"
 596      C39C 6AA6 
 596      3F70 0566 
 596      E0E4 AF87 
 596      9A7F 892D 
 597 00dd A803 481C 		.ascii	"\250\003H\034\026:\207\237%\364\220C\r\016\017\016\035\355\n"
 597      163A 879F 
 597      25F4 9043 
 597      0D0E 0F0E 
 597      1DED 0A
 598 00f0 4415 30CC 		.ascii	"D\0250\314\267m\337t95\3758\265}\276F\205\035B\300u\020\272\353"
 598      B76D DF74 
 598      3935 FD38 
 598      B57D BE46 
 598      851D 42C0 
 599 0108 35A8 86AB 		.ascii	"5\250\206\253\200}\361\331\324\"0\270\001\323\231\256\371\253"
 599      807D F1D9 
 599      D422 30B8 
 599      01D3 99AE 
 599      F9AB 
 600 011a F6B4 25C5 		.ascii	"\366\264%\305\034\252\357\371x\344lb\3321\252\177\267\277\352"
 600      1CAA EFF9 
 600      78E4 6C62 
 600      DA31 AA7F 
 600      B7BF EA
 601 012d A652 FB94 		.ascii	"\246R\373\224D_\220\217\232\374\2676u\220\346\277>7\2647aK\270"
 601      445F 908F 
 601      9AFC B736 
 601      7590 E6BF 
 601      3E37 B437 
 602 0144 09D3 B475 		.ascii	"\t\323\264um\371\026\330xF\f\364\2633O\255\274\032\032\336\254"
 602      6DF9 16D8 
 602      7846 0CF4 
 602      B333 4FAD 
 602      BC1A 1ADE 
 603 0159 F2AF AABA 		.ascii	"\362\257\252\272/|\312L\002\\]r\035\204\016R\007K\007\233\374"
 603      2F7C CA4C 
 603      025C 5D72 
 603      1D84 0E52 
 603      074B 079B 
 604 016e 3814 5D8A 		.ascii	"8\024]\212\036E\237\351>\001\305\220b\202b\222b\n\364\2344\345"
 604      1E45 9FE9 
 604      3E01 C590 
 604      6282 6292 
 604      620A F49C 
 605 0184 198A 1514 		.ascii	"\031\212\025\024+)2\326,X\026\217A\202\312\263\234\340M\224o"
 605      2B29 32D6 
 605      2C58 168F 
 605      4182 CAB3 
 605      9CE0 4D94 
 606 0199 CCB3 5E50 		.ascii	"\314\263^PG\317\267X\344\265\027\262\207\327\351L\227 R\323\216"
 606      47CF B758 
 606      E4B5 17B2 
 606      87D7 E94C 
 606      9720 52D3 
 607 01ae 9DA7 537A 		.ascii	"\235\247Szw\221\002n\343\206\351\311\027\315\344\"l\374\223\373"
 607      7791 026E 
 607      E386 E9C9 
 607      17CD E422 
 607      6CFC 93FB 
 608 01c2 2074 DE2E 		.ascii	" t\336.\240]\244\260\340i\317\373\037\256.\260 \rw\260\340\r"
 608      A05D A4B0 
 608      E069 CFFB 
 608      1FAE 2EB0 
 608      200D 77B0 
 609 01d8 6C2A DEBE 		.ascii	"l*\336\276\003fRyK\201-\357Bt\2669\241\337V\305G\374\\i\231\362"
 609      0366 5279 
 609      4B81 2DEF 
 609      4274 B639 
 609      A1DF 56C5 
 610 01f2 DFCF 7AF2 		.ascii	"\337\317z\362\203hXO\342\2152\261\276\314\354\305\316\223Y;2"
 610      8368 584F 
 610      E28D 32B1 
 610      BECC ECC5 
 610      CE93 593B 
 611 0207 9B86 7BD4 		.ascii	"\233\206{\3249'd\031'\247\235h\027~\224SK\233Z\276\217C\342\250"
 611      3927 6419 
 611      27A7 9D68 
 611      177E 9453 
 611      4B9B 5ABE 
 612 021f 62DB C3D7 		.ascii	"b\333\303\327[\332D\204\344B\327"
 612      5BDA 4484 
 612      E442 D7
 613 022a 7824 3EC2 		.string	"x$>\3020\250G)\316\320\245(\364}\201A\360\365\216\361\375}E\320nD\251\257\007\320\2205\00
 613      30A8 4729 
 613      CED0 A528 
 613      F47D 8141 
 613      F0F5 8EF1 
 614 032b 7106 632F 		.ascii	"q\006c/p<\247\025]\3408\316J\264\212\234\237\356}_\032a\002<"
 614      703C A715 
 614      5DE0 38CE 
 614      4AB4 8A9C 
 614      9FEE 7D5F 
 615 0343 9E80 5949 		.ascii	"\236\200YI\230a\ff2\272\307\006\355#.\273:\352\233$\373I\354"
 615      9861 0C66 
 615      32BA C706 
 615      ED23 2EBB 
 615      3AEA 9B24 
 616 035a EEA3 DDCA 		.ascii	"\356\243\335\312\240\364\r\3556\343\377\020\365\340\214Mn\254"
 616      A0F4 0DED 
 616      36E3 FF10 
 616      F5E0 8C4D 
 616      6EAC 
 617 036c 5BB9 A4B6 		.ascii	"[\271\244\266a\365\262\331\265\ruu\r\365\263\3276\256X5\253\226"
 617      61F5 B2D9 
 617      B50D 7575 
 617      0DF5 B3D7 
 617      36AE 5835 
 618 0382 C9A5 2B1A 		.ascii	"\311\245+\032\327\244\243\301\254\205\313\026\325\316\235\267"
 618      D7A4 A3C1 
 618      AC85 CB16 
 618      D5CE 9DB7 
 619 0392 6039 83FA 		.ascii	"`9\203\372\177\304\232\031\363"
 619      7FC4 9A19 
 619      F3
 620               		.text
 621               		.section	.gnu.lto_bitrev.54af909c,"",@progbits
 622 0000 789C 6D53 		.string	"x\234mSMk\023Q\024\275w\336$\2234\237\375H\323\204\210.K\013\215ZP\227\202\0137\376\007\3
 622      4D6B 1351 
 622      14BD 77DE 
 622      2493 349F 
 622      FD48 D384 
 623 0062 7BE8 8B02 		.ascii	"{\350\213\002\320\220R\036\265\246}\006\"O\246\364!\024\f,\340"
 623      D090 521E 
 623      B5A6 7D06 
 623      224F A6F4 
 623      2114 0C2C 
 624 0077 ACB8 2C70 		.ascii	"\254\270,p}\371\363F`\344\216\224Ei\327\037[\215\231\267R4\310"
 624      7DF9 F346 
 624      60E4 8E94 
 624      4569 D71F 
 624      5B8D 99B7 
 625 008e E10A 29C7 		.ascii	"\341\n)\307S\270?\005\374\301\2478B\3137\332\363\313\001\221"
 625      53B8 3F05 
 625      FCC1 A738 
 625      42CB 37DA 
 625      F3CB 0191 
 626 00a2 44A0 B9F6 		.ascii	"D\240\271\366\256\364\335?\274\250\204K\307d\220D\370\fE\207"
 626      AEF4 DD3F 
 626      BCA8 844B 
 626      C764 9044 
 626      F80C 4587 
 627 00b6 8E98 BD2B 		.ascii	"\216\230\275+\b\370\034\207\201\025\037\037\264\257\206\274&"
 627      08F8 1C87 
 627      8115 1F1F 
 627      B4AF 86BC 
 627      26
 628 00c7 5BB3 E50B 		.ascii	"[\263\345\013\364RZ\200\373\253\036[\266\267\253\322\336\\\300"
 628      F452 5A80 
 628      FBAB 1E5B 
 628      B6B7 ABD2 
 628      DE5C C0
 629 00da B5E3 2924 		.ascii	"\265\343)$!\032\f\202\3000\t\204\207'/\203\305\027>\006?\037"
 629      211A 0C82 
 629      C030 0984 
 629      8727 2F83 
 629      C517 3E06 
 630 00f0 7B18 027C 		.ascii	"{\030\002|\f\362\024b\b3D\230\2132\364\362\261\217\241\237\217"
 630      0CF2 1462 
 630      0833 4498 
 630      8B32 F4F2 
 630      B18F A19F 
 631 0105 033C C518 		.ascii	"\003<\305\030\006\031\342\310\371\206T\312\204\302\244\223\270"
 631      0619 E2C8 
 631      F986 54CA 
 631      84C2 A493 
 631      B8
 632 0116 2CA0 482F 		.ascii	",\240H/\314DiCE\030\323j.\331\360\t\345\374\317\213\036\225\177"
 632      CC44 6943 
 632      4518 D36A 
 632      2ED9 F009 
 632      E5FC CF8B 
 633 012d 1D8B 5BD5 		.ascii	"\035\213[\325\273\026\317u\201u\021'\246\364\253\202\2320\210"
 633      BB16 CF75 
 633      8175 1127 
 633      A6F4 AB82 
 633      9A30 88
 634 0140 A3DE 3F6E 		.ascii	"\243\336?n\226[b\206\336*\242\211/1\245U-G%h\217U[\225V@3&\371"
 634      965B 6286 
 634      DE2A A289 
 634      2F31 A555 
 634      2D47 2568 
 635 015d FCDB 73BC 		.ascii	"\374\333s\274<\304\363Z\355\257Pk=N\006\241\311!\342)aq\037\037"
 635      3CC4 F35A 
 635      EDAF 506B 
 635      3D4E 06A1 
 635      C921 E229 
 636 0175 B907 512A 		.ascii	"\271\007Q*\361\357\316\304\263~\275m\361mgb\037q\224x\345\375"
 636      F1EF CEC4 
 636      B37E BD6D 
 636      F16D 6762 
 636      1F71 9478 
 637 018b B5C5 884E 		.ascii	"\265\305\210Nl\240\335\225\304Ok,\232\333!z\210cQ\263\375-\314"
 637      6CA0 DD95 
 637      C44F 6B2C 
 637      9ADB 217A 
 637      8863 51B3 
 638 01a2 2203 4FE0 		.ascii	"\"\003O\340+%\242RO\"z)@\316\377Y\005\211wY\205\210#\253\265"
 638      2B25 A252 
 638      4F22 7A29 
 638      40CE FF59 
 638      0589 7759 
 639 01bb 478D DB21 		.ascii	"G\215\333!m5\216\257\265U\255\372\301I\035V\217\f\271\213'\210"
 639      6D35 8EAF 
 639      B555 ADFA 
 639      C149 1D56 
 639      8F0C B98B 
 640 01d1 EF2A 9E50 		.ascii	"\357*\236P\305\267w+\036\341\333\316\342Q\342p\324\235\256\227"
 640      C5B7 772B 
 640      1EE1 DBCE 
 640      E251 E270 
 640      D49D AE97 
 641 01e5 6857 BA3E 		.ascii	"hW\272>\342(\335j\363\313C\257Nw\257\200o\272\233\366\357b5@"
 641      E228 DD6A 
 641      F3CB 43AF 
 641      4E77 AF80 
 641      6FBA 9BF6 
 642 01fd B4CB 2A46 		.ascii	"\264\313*F\034Y]\237\333\314k\247&\340Rw\321A\365\310\230\273"
 642      1C59 5D9F 
 642      DBCC 6BA7 
 642      26E0 5277 
 642      D141 F5C8 
 643 0213 6892 F8AE 		.ascii	"h\222\370\256\242IUt\341\222.\372\025\213\267\246\234]\376\243"
 643      A249 5574 
 643      E192 2EFA 
 643      158B B7A6 
 643      9C5D FEA3 
 644 0227 9505 EADF 		.ascii	"\225\005\352\337\256\001\020\317g\317\234\314\344\246&\322\231"
 644      AE01 10CF 
 644      67CF 9CCC 
 644      E4A6 26D2 
 644      99
 645 0238 5C36 9B3B 		.ascii	"\\6\233;\227\276\220\237<;\226\001\363\324d\376|T\037\306\016"
 645      97BE 909F 
 645      3C3B 9601 
 645      F3D4 64FE 
 645      7C54 1FC6 
 646 024d 4F1C C91C 		.ascii	"O\034\311\0348x\3504\374\001(\257/\253"
 646      3878 E834 
 646      FC01 28AF 
 646      2FAB 
 647               		.text
 648               		.section	.gnu.lto_bitrev16.54af909c,"",@progbits
 649 0000 789C 6D52 		.ascii	"x\234mR\317KTQ\024>\337;\367\375\230q$wA\030\266\024\027\016"
 649      CF4B 5451 
 649      143E DF3B 
 649      F7FD 9871 
 649      2477 4118 
 650 0018 B6A8 96ED 		.ascii	"\266\250\226\355\\\213\177@\320` 9\r\330\264\366\316\233q&\203"
 650      5C8B 7F40 
 650      D060 2039 
 650      0DD8 B4F6 
 650      CE9B 7126 
 651 002d 8894 1A26 		.ascii	"\210\224\032&1LB\264\026!\006-*{\025\021BAH\204\2336!\025\321"
 651      314C 42B4 
 651      1621 062D 
 651      2A7B 1511 
 651      4241 4884 
 652 0046 3A28 64EC 		.ascii	":(d\354\234w\337\242\242\007\357p\316w\277s\316w\277\367B\002"
 652      9C77 DFA2 
 652      A207 EF70 
 652      CE77 BF73 
 652      CE77 BFF7 
 653 005c 8D79 4445 		.ascii	"\215yDE\":*/\230\340YkO\207\265\310\003436\002\315x\230\301\034"
 653      223A 2A2F 
 653      98E0 596B 
 653      4F87 B5C8 
 653      0334 3336 
 654 0076 5F67 6CEF 		.ascii	"_gl\357.\256\036\272\314\035%J\271\263\373\345G\244%\320'\345"
 654      2EAE 1EBA 
 654      CC1D 254A 
 654      B9B3 FBE5 
 654      47A4 25D0 
 655 008c ABFB 9F6F 		.ascii	"\253\373\237o\347\207\326\254\215m\322\376\020\336\272\362\316"
 655      E787 D6AC 
 655      8D6D D2FE 
 655      10DE BAF2 
 655      CE
 656 009d CA99 470B 		.ascii	"\312\231G\013B\177\202~<F?\351\203\247\030\022\372Rw\345u\017"
 656      427F 827E 
 656      3C46 3FE9 
 656      83A7 1812 
 656      FA52 77E5 
 657 00b3 1F01 49BE 		.ascii	"\037\001I\276\370\366\316C3\270\232\266\356\215\333\202\264a"
 657      F8F6 CE43 
 657      33B8 9AB6 
 657      EE8D DB82 
 657      B461 
 658 00c5 0BFC 57A7 		.ascii	"\013\374W\247`\003\367@x\206A\322\236O\033\335\033\275\201\321"
 658      6003 F740 
 658      7886 41D2 
 658      9E4F 1BDD 
 658      1BBD 81D1 
 659 00d9 F13A 3441 		.ascii	"\361:4A \367!z\260\343'\266{\320\262\311\373\273\3708\332\013"
 659      20F7 217A 
 659      B0E3 27B6 
 659      7BD0 B2C9 
 659      FBBB F838 
 660 00ef 6914 1112 		.ascii	"i\024\021\022X\2021\032|\t~\240X\250!R,\247!\017\035_\310\226"
 660      5882 311A 
 660      7C09 7EA0 
 660      58A8 2152 
 660      2CA7 210F 
 661 0107 CC32 C5E2 		.ascii	"\3142\305\342\202\201M\250\311^-\315\353\t\355\301\256l^\363"
 661      8281 4DA8 
 661      C95E 2DCD 
 661      EB09 EDC1 
 661      AE6C 5EF3 
 662 011b D395 5F11 		.ascii	"\323\225_\021\357\267\266Y\3636\243\315y\372\206\3061W\252GK"
 662      EFB7 B659 
 662      F336 A3CD 
 662      79FA 86C6 
 662      3157 AA47 
 663 0130 6B6F 0E72 		.ascii	"ko\016r\r\304\265\250\303\301\002\213B<G\003$\344\216lO\333\341"
 663      0DC4 B5A8 
 663      C3C1 028B 
 663      423C 4703 
 663      24E4 8E6C 
 664 0147 E82C 1D02 		.ascii	"\350,\035\002\324\1775\327s\0161\002\312\214\345\255\2537Y}6"
 664      D47F 35D7 
 664      730E 3102 
 664      CA8C E5AD 
 664      AB37 597D 
 665 015c 88F0 42BC 		.ascii	"\210\360B\274\020\322~sn\304\221|Y\232\2412\253\323\343P=\370"
 665      10D2 7E73 
 665      6EC4 917C 
 665      599A A132 
 665      ABD3 E350 
 666 0172 434A F87F 		.ascii	"CJ\370\177)/\235\224\340_)Q;\005\352\363\255\237\231\224\\\252"
 666      292F 9D94 
 666      E05F 2951 
 666      3B05 EAF3 
 666      AD9F 9994 
 667 0188 2672 ACF5 		.ascii	"&r\254\365\354\276\005\301\305\2158]\242\236\t\224\272\363(s"
 667      ECBE 05C1 
 667      C58D 385D 
 667      A29E 0994 
 667      BAF3 2873 
 668 019c E73B E2E5 		.ascii	"\347;\342\345\351\214\253_i\226\341\\\224\337\356p\265|\376L"
 668      E98C AB5F 
 668      6996 E15C 
 668      94DF EE70 
 668      B57C FE4C 
 669 01b0 A932 3D51 		.ascii	"\2512=Q,U\312\345\312\205\342\245\352\344\324p\211\314\331\311"
 669      2C55 CAE5 
 669      CA85 E2A5 
 669      EAE4 D470 
 669      89CC D9C9 
 670 01c4 EAC5 3E57 		.ascii	"\352\305>W\f\237\2348U\0329~\342\034\375\006\264\304\274\004"
 670      0C9F 9C38 
 670      551A 397E 
 670      E21C FD06 
 670      B4C4 BC04 
 671               		.text
 672               		.section	.gnu.lto_bitrev32.54af909c,"",@progbits
 673 0000 789C 6D52 		.ascii	"x\234mR\317k\023a\020\235\267\263\233\335\220\206\366&\224\026"
 673      CF6B 1361 
 673      109D B7B3 
 673      9BDD 9086 
 673      F626 9416 
 674 0014 7B2C 3D34 		.ascii	"{,=4(X\005/\336\3743\004C\013\305\306@\233\236\373e\273IZ*\212"
 674      2858 052F 
 674      DEFC 3304 
 674      430B C5C6 
 674      409B 9EFB 
 675 002e 1609 11AA 		.ascii	"\026\t\021\252RD\232\223x\325\252\333z\020\301\203\324\036\212"
 675      5244 9A93 
 675      78D5 AADB 
 675      7A10 C183 
 675      D41E 8A
 676 0041 4729 D45F 		.ascii	"G)\324_\207\026D\211\224\2443\373-\242\340\302\0163\357{o\346"
 676      8716 4489 
 676      94A4 33FB 
 676      2DA2 E0C2 
 676      0E33 EF7B 
 677 0057 7DB3 EB13 		.ascii	"}\263\353\023\350\242CT \242ay\301\004\307\030s\311\257\006\016"
 677      E8A2 4354 
 677      20A2 6179 
 677      C104 C718 
 677      73C9 AF06 
 678 006c A099 6B02 		.ascii	"\240\231k\002\320\202\203\005,\363m\306\321\203Z\207\227\270"
 678      D082 8305 
 678      2CF3 6DC6 
 678      D183 5A87 
 678      97B8 
 679 007e 2544 57CA 		.ascii	"%DW\312\217\367{\037\362Z\002#R\376\330\353D\331\261\rcB\023"
 679      8FF7 7B1F 
 679      F25A 0223 
 679      52FE D8EB 
 679      44D9 B10D 
 680 0095 370F FD7B 		.ascii	"7\017\375{7\337\0339shU\350\233\030\302s\f\221>x\2011\241\257"
 680      37DF 1B39 
 680      7368 55E8 
 680      9B18 C273 
 680      0C91 3E78 
 681 00ad 75D7 DFE4 		.ascii	"u\327\337\344x\020$\371\312\215\350Y\377\350\343D\272?g\372D"
 681      7810 24F9 
 681      CA8D E859 
 681      FFE8 E344 
 681      BA3F 67FA 
 682 00c2 8697 E07F 		.ascii	"\206\227\340\177\224\202\235^"
 682      9482 9D5E 
 683 00ca 01E1 1546 		.string	"\001\341\025FI5\237\236v\357\3463\256\266\327\24612r\037\242';^l\272\275\206\211w\037\341
 683      4935 9F9E 
 683      76EF E633 
 683      AEB6 D7A6 
 683      3132 721F 
 684 01cb 4BA0 B85B 		.ascii	"K\240\270["
 685               		.text
 686               		.section	.gnu.lto_.symbol_nodes.54af909c,"",@progbits
 687 0000 789C 6DC9 		.string	"x\234m\311\261\r\2000\fD\321s\022\354\210\211hY\205E.d\002\306`\006\206`\027Z*P\244\320\3
 687      B10D 8030 
 687      0C44 D173 
 687      12EC 8889 
 687      6859 8545 
 688 002a 01C4 75EF 		.ascii	"\001\304u\357\223l'\336\304Qf\264/\024\367\007\006\367G\306Z"
 688      936C 27DE 
 688      C451 66B4 
 688      2F14 F707 
 688      06F7 47C6 
 689 003f 4A49 3F48 		.ascii	"JI?HL>\f\034|P\252\017F\363!3\273\020M\327\366\227\257\252\306"
 689      4C3E 0C1C 
 689      7C50 AA0F 
 689      46F3 2133 
 689      BB10 4DD7 
 690 0058 6C7D F6AA 		.ascii	"l}\366\252\212\007\303\262A\304"
 690      8A07 C3B2 
 690      41C4 
 691               		.text
 692               		.section	.gnu.lto_.refs.54af909c,"",@progbits
 693 0000 789C 6367 		.string	"x\234cg`\004B "
 693      6004 4220 
 693      00
 694 0009 00        		.string	""
 695 000a 00        		.string	""
 696 000b 5400      		.string	"T"
 697 000d 0A        		.ascii	"\n"
 698               		.text
 699               		.section	.gnu.lto_.decls.54af909c,"",@progbits
 700 0000 789C 7595 		.string	"x\234u\225]L\\E\024\307\347\334\273\354.\013k\t!J\fF\322>\360\326\362a\260\304\007M4\361I
 700      5D4C 5C45 
 700      14C7 E7DC 
 700      BBEC 2E0B 
 700      6B09 214A 
 701 0048 AD2C 1F0B 		.string	"\255,\037\013\202\300\262,Ka)Hw\227\306\230"
 701      82C0 B22C 
 701      4B61 2948 
 701      7797 C698 
 701      00
 702 0059 9AF5 CCC7 		.ascii	"\232\365\314\307\205\001\227\311=w\276\316\371\317o\356\234\314"
 702      8501 97C9 
 702      3D77 BECE 
 702      F9CF 6FEE 
 702      9CCC 
 703 006b B5        		.ascii	"\265"
 704 006c 1020 A72C 		.string	"\020 \247,\204\334$\204|\240\021\022\305b\303\266\007MGs\241\r\240\271\211(\361rn\022m\00
 704      84DC 2484 
 704      7CA0 1112 
 704      C562 C3B6 
 704      074D 4773 
 705 016d 0EBA C086 		.ascii	"\016\272\300\2061\343M76\031J>\242Du\205%_\260\364\326y\2036"
 705      31E3 4D37 
 705      3619 4A3E 
 705      A244 7585 
 705      255F B0F4 
 706 0185 FD35 DE7E 		.ascii	"\3755\336~4\335t\365\020N%\333@c\241\323+\177[\261\233b\203$"
 706      34DD 74F5 
 706      104E 25DB 
 706      4063 A1D3 
 706      2B7F 5BB1 
 707 019d ECAE 5457 		.ascii	"\354\256TW-\304\211\325\307(\265\341\352\375\270\324\003\266"
 707      2DC4 89D5 
 707      C728 B5E1 
 707      EAFD B8D4 
 707      03B6 
 708 01af D47D E07A 		.ascii	"\324}\340z|\375{8x\227\r\016\360\365\303\375\241\333\026\024"
 708      7CFD 7B38 
 708      7897 0D0E 
 708      F0F5 C3FD 
 708      A1DB 1614 
 709 01c3 C960 EB47 		.ascii	"\311`\353G\243\207\024\202\fAp\275\243\356[\263\376\026oo\264"
 709      A387 1482 
 709      0C41 70BD 
 709      A3EE 5BB3 
 709      FE16 6F6F 
 710 01d8 566D EA82 		.ascii	"Vm\352\202\300\204\335\331\226\350\204]\020\2443\255\037G+\315"
 710      C084 DDD9 
 710      96E8 845D 
 710      10A4 33AD 
 710      1F47 2BCD 
 711 01ec 8220 4269 		.ascii	"\202 Bi2\022\f\341b\277\261\305\036\001\327\343\004\017qp\220"
 711      3212 0CE1 
 711      62BF B1C5 
 711      1E01 D7E3 
 711      040F 7170 
 712 0201 0DBA 3941 		.ascii	"\r\2729A\347\315\316F\223\037|\200\037\234'\021\313%\220\025"
 712      E7CD CE46 
 712      931F 7C80 
 712      1F9C 2711 
 712      CB25 9015 
 713 0215 7013 7DE0 		.ascii	"p\023}\340]\2545Q\311!\220n\304hK/1\256\355\n\362\007\210\324"
 713      5DAC 3551 
 713      C921 906E 
 713      C468 4B2F 
 713      31AE ED0A 
 714 022d 8B1A 4568 		.ascii	"\213\032EhK\227]A6\246\0319#\364\245\033\2764\366R\024\204\256"
 714      4B97 5D41 
 714      36A6 1939 
 714      23F4 A51B 
 714      BE34 F652 
 715 0244 02B0 6752 		.ascii	"\002\260gR,\254L\253\273\004#)\353g\356\316i\372;\374;\207\203"
 715      2CAC 4CAB 
 715      BB04 2329 
 715      EB67 EECE 
 715      69FA 3BFC 
 716 025b 5B0F E34D 		.ascii	"[\017\343M\270<\313\0228gbc5\303\003\315\366\324K,\r]\224\246"
 716      B83C CB12 
 716      3867 6263 
 716      35C3 03CD 
 716      F6D4 4B2C 
 717 0273 039F 1209 		.ascii	"\003\237\022\tF`\fR\361=\n&\241\365\323\352\340\232~\244\215"
 717      4660 0C52 
 717      F13D 0A26 
 717      A1F5 D3EA 
 717      E09A 7EA4 
 718 0288 762E 50D7 		.ascii	"v.P\327J\343+_\267W\320N\214{\303\304\034a\004\017\203\235\004"
 718      4AE3 2B5F 
 718      B757 D04E 
 718      8C7B C3C4 
 718      1C61 040F 
 719 029f 5B7D 8467 		.ascii	"[}\204g3\f\203\037\016\267\353\004<p\004\343i\327\223\240I?\315"
 719      330C 831F 
 719      0EB7 EB04 
 719      3C70 04E3 
 719      69D7 93A0 
 720 02b6 5986 FFFD 		.ascii	"Y\206\377\375k]\343,\003;,7\372\276\210$\034\304\362;g\2310X"
 720      6B5D E32C 
 720      033B 2C37 
 720      FABE 8824 
 720      1CC4 F23B 
 721 02ce 82DD DF79 		.ascii	"\202\335\337yl\222e\353=z\001c\234\032s\202q\205c\\\341\330\322"
 721      6C92 65EB 
 721      3D7A 0163 
 721      9C1A 7382 
 721      7185 635C 
 722 02e5 084C 728E 		.ascii	"\bLr\216\313\347\375\021M/\347\034\323w\226\257\n\016\367\016"
 722      CBE7 FD11 
 722      4D2F E71C 
 722      D377 96AF 
 722      0A0E F70E 
 723 02f9 C7D4 7074 		.ascii	"\307\324pt\323v\020\3074\347\370\303\340\270\264\272\356O\224"
 723      D376 10C7 
 723      34E7 F8C3 
 723      E0B8 B4BA 
 723      EE4F 94
 724 030c 1C6B EF1B 		.ascii	"\034k\357\033\034\350\004S\n\307\224\302\341A\216\031\3161t\271"
 724      1CE8 0453 
 724      0AC7 94C2 
 724      E141 8E19 
 724      CE31 74B9 
 725 0320 C16D D73F 		.ascii	"\301m\327?\345\034\333\223?\217\032\373Y;\301u\222\370g\235U"
 725      E51C DB93 
 725      3F8F 1AFB 
 725      593B C175 
 725      92F8 679D 
 726 0335 6466 1599 		.ascii	"df\025\231k(\343\3452Ngh\333\252\177\016\342\226\251\335\256"
 726      6B28 E3E5 
 726      324E 6768 
 726      DBAA 7F0E 
 726      E296 A9DD 
 727 034a B64B 9D67 		.ascii	"\266K\235g'\245\016\373,s\212\316\234\242\023\305\354\361q\235"
 727      27A5 0EFB 
 727      2C73 8ACE 
 727      9CA2 13C5 
 727      ECF1 719D 
 728 035e DE70 BFEF 		.ascii	"\336p\277\3579\375\202\320\251\252\252\254H\220:\263/VQW\005"
 728      39FD 82D0 
 728      A9AA AAAC 
 728      4890 3AB3 
 728      2F56 5157 
 729 0373 2A89 8DCD 		.ascii	"*\211\215\315+J\363\212\322\024*\371\271\322hk\313\210]\277("
 729      2B4A F38A 
 729      D214 2AF9 
 729      B9D2 686B 
 729      CB88 5DBF 
 730 0388 949E 7AFF 		.ascii	"\224\236z\3779\257\241R\004\225\026_\332Qb{[P\224\026\024%\374"
 730      39AF A152 
 730      0495 165F 
 730      DA51 627B 
 730      5B50 9416 
 731 039f 7141 802B 		.ascii	"qA\200+\205\207\003\337[\365&80g\256t\267\316\231\325\263\032"
 731      8587 03DF 
 731      5BF5 2638 
 731      3067 AE74 
 731      B7CE 99D5 
 732 03b5 50CE 6A89 		.ascii	"P\316j\211\237\325c\343\254j\273kOJ\220\371\226\024\017\245\r"
 732      9FD5 63E3 
 732      AC6A BB6B 
 732      4F4A 90F9 
 732      9614 0FA5 
 733 03ca 9485 A017 		.ascii	"\224\205\240\027,*$\213\nI\003\222,s\222\266\372\213\213\361"
 733      2C2A 248B 
 733      0A49 0392 
 733      2C73 92B6 
 733      FA8B 8BF1 
 734 03de 7A07 1C98 		.ascii	"z\007\034\2305\277<k\376jO\366\272\025\222'\234d\305 \271\025"
 734      35BF 3C6B 
 734      FE6A 4FF6 
 734      BA15 9227 
 734      9C64 C520 
 735 03f4 0E8F 1959 		.ascii	"\016\217\031Ys\357\345\235o\202^\020TH\202\n\311'\004V\031\210"
 735      73EF E59D 
 735      6F82 5E10 
 735      5448 820A 
 735      C927 0456 
 736 040a DE15 0DB8 		.ascii	"\336\025\r\270\343\360\262c\217\255\221\342\305\030\371\f\326"
 736      E3F0 B263 
 736      8FAD 91E2 
 736      C518 F90C 
 736      D6
 737 041b C146 1AA9 		.ascii	"\301F\032\251\225\327\342WA\225_\005\341\343\004\376\304\230"
 737      95D7 E257 
 737      4195 5F05 
 737      E1E3 04FE 
 737      C498 
 738 042d 3576 47AE 		.ascii	"5vG\256\263;Rov}S\257s\0314\241\364:\204\204\002\335\257\020"
 738      B33B 526F 
 738      767D 53AF 
 738      7319 34A1 
 738      F43A 8484 
 739 0445 E20A 6174 		.ascii	"\342\nat\177\212\n\334\233z\200\017\263\027\273\322\235\203\336"
 739      7F8A 0ADC 
 739      9B7A 800F 
 739      B317 BBD2 
 739      9D83 DE
 740 0458 F8C4 2F77 		.ascii	"\370\304/w~\025\374\210\215\277\005\201\b$\362Ma\215\316\336"
 740      7E15 FC88 
 740      8DBF 0581 
 740      0824 F24D 
 740      618D CEDE 
 741 046c 8E66 975D 		.ascii	"\216f\227]u^\332\343\274!\235Y\375\274\243\344\343\202\302\262"
 741      755E DAE3 
 741      BC21 9D59 
 741      FDBC A3E4 
 741      E382 C2B2 
 742 0480 B345 C70A 		.ascii	"\263E\307\n\313JJ\312J\217\225;\212O\037-\264\276\375\356\211"
 742      CB4A 4ACA 
 742      4A8F 953B 
 742      8A4F 1F2D 
 742      B4BE FDEE 
 743 0495 F437 F3F2 		.ascii	"\3647\363\362H\222\350\037}\265\350xaVv\356G\304R^\\\3528^\340"
 743      4892 E81F 
 743      7DB5 E878 
 743      6156 76EE 
 743      47C4 525E 
 744 04ae B0B2 3A2B 		.ascii	"\260\262:+W6r\262\013\034\346\017\213\035g\312\316\274\020[\221"
 744      5736 72B2 
 744      0B1C E60F 
 744      8B1D 67CA 
 744      CEBC 105B 
 745 04c3 58C5 7456 		.ascii	"X\305tV\256l\344d\307a\243\254\324\302\337Y\271\242\316\311f"
 745      AE6C E464 
 745      C761 A3AC 
 745      D4C2 DF59 
 745      B9A2 CEC9 
 746 04d8 3267 8BCE 		.ascii	"2g\213\316YE%\334\261\221\223\375\037,\376sB"
 746      5945 25DC 
 746      B191 93FD 
 746      1F2C FE73 
 746      42
 747               		.text
 748               		.section	.gnu.lto_.symtab.54af909c,"",@progbits
 749 0000 6269 7470 		.string	"bitpop"
 749      6F70 00
 750 0007 00        		.string	""
 751 0008 00        		.string	""
 752 0009 00        		.string	""
 753 000a 00        		.string	""
 754 000b 00        		.string	""
 755 000c 00        		.string	""
 756 000d 00        		.string	""
 757 000e 00        		.string	""
 758 000f 00        		.string	""
 759 0010 00        		.string	""
 760 0011 00        		.string	""
 761 0012 D100      		.string	"\321"
 762 0014 00        		.string	""
 763 0015 00        		.string	""
 764 0016 6269 7470 		.string	"bitpop16"
 764      6F70 3136 
 764      00
 765 001f 00        		.string	""
 766 0020 00        		.string	""
 767 0021 00        		.string	""
 768 0022 00        		.string	""
 769 0023 00        		.string	""
 770 0024 00        		.string	""
 771 0025 00        		.string	""
 772 0026 00        		.string	""
 773 0027 00        		.string	""
 774 0028 00        		.string	""
 775 0029 00        		.string	""
 776 002a D500      		.string	"\325"
 777 002c 00        		.string	""
 778 002d 00        		.string	""
 779 002e 6269 7470 		.string	"bitpop32"
 779      6F70 3332 
 779      00
 780 0037 00        		.string	""
 781 0038 00        		.string	""
 782 0039 00        		.string	""
 783 003a 00        		.string	""
 784 003b 00        		.string	""
 785 003c 00        		.string	""
 786 003d 00        		.string	""
 787 003e 00        		.string	""
 788 003f 00        		.string	""
 789 0040 00        		.string	""
 790 0041 00        		.string	""
 791 0042 D900      		.string	"\331"
 792 0044 00        		.string	""
 793 0045 00        		.string	""
 794 0046 6269 746F 		.string	"biton"
 794      6E00 
 795 004c 00        		.string	""
 796 004d 00        		.string	""
 797 004e 00        		.string	""
 798 004f 00        		.string	""
 799 0050 00        		.string	""
 800 0051 00        		.string	""
 801 0052 00        		.string	""
 802 0053 00        		.string	""
 803 0054 00        		.string	""
 804 0055 00        		.string	""
 805 0056 00        		.string	""
 806 0057 DB00      		.string	"\333"
 807 0059 00        		.string	""
 808 005a 00        		.string	""
 809 005b 6269 746F 		.string	"biton16"
 809      6E31 3600 
 810 0063 00        		.string	""
 811 0064 00        		.string	""
 812 0065 00        		.string	""
 813 0066 00        		.string	""
 814 0067 00        		.string	""
 815 0068 00        		.string	""
 816 0069 00        		.string	""
 817 006a 00        		.string	""
 818 006b 00        		.string	""
 819 006c 00        		.string	""
 820 006d 00        		.string	""
 821 006e DD00      		.string	"\335"
 822 0070 00        		.string	""
 823 0071 00        		.string	""
 824 0072 6269 746F 		.string	"biton32"
 824      6E33 3200 
 825 007a 00        		.string	""
 826 007b 00        		.string	""
 827 007c 00        		.string	""
 828 007d 00        		.string	""
 829 007e 00        		.string	""
 830 007f 00        		.string	""
 831 0080 00        		.string	""
 832 0081 00        		.string	""
 833 0082 00        		.string	""
 834 0083 00        		.string	""
 835 0084 00        		.string	""
 836 0085 DF00      		.string	"\337"
 837 0087 00        		.string	""
 838 0088 00        		.string	""
 839 0089 6269 7472 		.string	"bitrev"
 839      6576 00
 840 0090 00        		.string	""
 841 0091 00        		.string	""
 842 0092 00        		.string	""
 843 0093 00        		.string	""
 844 0094 00        		.string	""
 845 0095 00        		.string	""
 846 0096 00        		.string	""
 847 0097 00        		.string	""
 848 0098 00        		.string	""
 849 0099 00        		.string	""
 850 009a 00        		.string	""
 851 009b E100      		.string	"\341"
 852 009d 00        		.string	""
 853 009e 00        		.string	""
 854 009f 6269 7472 		.string	"bitrev16"
 854      6576 3136 
 854      00
 855 00a8 00        		.string	""
 856 00a9 00        		.string	""
 857 00aa 00        		.string	""
 858 00ab 00        		.string	""
 859 00ac 00        		.string	""
 860 00ad 00        		.string	""
 861 00ae 00        		.string	""
 862 00af 00        		.string	""
 863 00b0 00        		.string	""
 864 00b1 00        		.string	""
 865 00b2 00        		.string	""
 866 00b3 E500      		.string	"\345"
 867 00b5 00        		.string	""
 868 00b6 00        		.string	""
 869 00b7 6269 7472 		.string	"bitrev32"
 869      6576 3332 
 869      00
 870 00c0 00        		.string	""
 871 00c1 00        		.string	""
 872 00c2 00        		.string	""
 873 00c3 00        		.string	""
 874 00c4 00        		.string	""
 875 00c5 00        		.string	""
 876 00c6 00        		.string	""
 877 00c7 00        		.string	""
 878 00c8 00        		.string	""
 879 00c9 00        		.string	""
 880 00ca 00        		.string	""
 881 00cb E900      		.string	"\351"
 882 00cd 00        		.string	""
 883 00ce 00        		.string	""
 884               		.text
 885               		.section	.gnu.lto_.opts,"",@progbits
 886 0000 272D 666E 		.string	"'-fno-openmp' '-fno-openacc' '-fno-pie' '-mn-flash=1' '-mno-skip-bug' '-mmcu=avr5' '-Os' 
 886      6F2D 6F70 
 886      656E 6D70 
 886      2720 272D 
 886      666E 6F2D 
 887               		.text
 888               		.comm	__gnu_lto_v1,1,1
 889               		.comm	__gnu_lto_slim,1,1
 890               		.ident	"GCC: (GNU) 8.3.0"
DEFINED SYMBOLS
                            *ABS*:00000000 util.c
C:\Users\nonej\Documents\Keyboard\msys64\tmp\ccNrHlLn.s:2      *ABS*:0000003e __SP_H__
C:\Users\nonej\Documents\Keyboard\msys64\tmp\ccNrHlLn.s:3      *ABS*:0000003d __SP_L__
C:\Users\nonej\Documents\Keyboard\msys64\tmp\ccNrHlLn.s:4      *ABS*:0000003f __SREG__
C:\Users\nonej\Documents\Keyboard\msys64\tmp\ccNrHlLn.s:5      *ABS*:00000000 __tmp_reg__
C:\Users\nonej\Documents\Keyboard\msys64\tmp\ccNrHlLn.s:6      *ABS*:00000001 __zero_reg__
C:\Users\nonej\Documents\Keyboard\msys64\tmp\ccNrHlLn.s:13     .gnu.debuglto_.debug_info:00000000 util.c.7e8c126f
                            *COM*:00000001 __gnu_lto_v1
                            *COM*:00000001 __gnu_lto_slim

NO UNDEFINED SYMBOLS
