   1               		.file	"logo_reader.c"
   2               	__SP_H__ = 0x3e
   3               	__SP_L__ = 0x3d
   4               	__SREG__ = 0x3f
   5               	__tmp_reg__ = 0
   6               	__zero_reg__ = 1
   7               		.text
   8               	.Ltext0:
   9               		.cfi_sections	.debug_frame
  10               		.section	.text.read_logo,"ax",@progbits
  11               	.global	read_logo
  13               	read_logo:
  14               	.LFB119:
  15               		.file 1 "keyboards/crkbd/lib/logo_reader.c"
   1:keyboards/crkbd/lib/logo_reader.c **** #include "crkbd.h"
   2:keyboards/crkbd/lib/logo_reader.c **** 
   3:keyboards/crkbd/lib/logo_reader.c **** const char *read_logo(void) {
  16               		.loc 1 3 29 view -0
  17               		.cfi_startproc
  18               	/* prologue: function */
  19               	/* frame size = 0 */
  20               	/* stack size = 0 */
  21               	.L__stack_usage = 0
   4:keyboards/crkbd/lib/logo_reader.c ****   static char logo[] = {
  22               		.loc 1 4 3 view .LVU1
   5:keyboards/crkbd/lib/logo_reader.c ****       0x80, 0x81, 0x82, 0x83, 0x84, 0x85, 0x86, 0x87, 0x88, 0x89, 0x8a, 0x8b, 0x8c, 0x8d, 0x8e, 0x8
   6:keyboards/crkbd/lib/logo_reader.c ****       0xa0, 0xa1, 0xa2, 0xa3, 0xa4, 0xa5, 0xa6, 0xa7, 0xa8, 0xa9, 0xaa, 0xab, 0xac, 0xad, 0xae, 0xa
   7:keyboards/crkbd/lib/logo_reader.c ****       0xc0, 0xc1, 0xc2, 0xc3, 0xc4, 0xc5, 0xc6, 0xc7, 0xc8, 0xc9, 0xca, 0xcb, 0xcc, 0xcd, 0xce, 0xc
   8:keyboards/crkbd/lib/logo_reader.c ****       0};
   9:keyboards/crkbd/lib/logo_reader.c **** 
  10:keyboards/crkbd/lib/logo_reader.c ****   return logo;
  23               		.loc 1 10 3 view .LVU2
  11:keyboards/crkbd/lib/logo_reader.c **** }
  24               		.loc 1 11 1 is_stmt 0 view .LVU3
  25 0000 80E0      		ldi r24,lo8(logo.6090)
  26 0002 90E0      		ldi r25,hi8(logo.6090)
  27               	/* epilogue start */
  28 0004 0895      		ret
  29               		.cfi_endproc
  30               	.LFE119:
  32               		.section	.data.logo.6090,"aw"
  35               	logo.6090:
  36 0000 80        		.byte	-128
  37 0001 81        		.byte	-127
  38 0002 82        		.byte	-126
  39 0003 83        		.byte	-125
  40 0004 84        		.byte	-124
  41 0005 85        		.byte	-123
  42 0006 86        		.byte	-122
  43 0007 87        		.byte	-121
  44 0008 88        		.byte	-120
  45 0009 89        		.byte	-119
  46 000a 8A        		.byte	-118
  47 000b 8B        		.byte	-117
  48 000c 8C        		.byte	-116
  49 000d 8D        		.byte	-115
  50 000e 8E        		.byte	-114
  51 000f 8F        		.byte	-113
  52 0010 90        		.byte	-112
  53 0011 91        		.byte	-111
  54 0012 92        		.byte	-110
  55 0013 93        		.byte	-109
  56 0014 94        		.byte	-108
  57 0015 A0        		.byte	-96
  58 0016 A1        		.byte	-95
  59 0017 A2        		.byte	-94
  60 0018 A3        		.byte	-93
  61 0019 A4        		.byte	-92
  62 001a A5        		.byte	-91
  63 001b A6        		.byte	-90
  64 001c A7        		.byte	-89
  65 001d A8        		.byte	-88
  66 001e A9        		.byte	-87
  67 001f AA        		.byte	-86
  68 0020 AB        		.byte	-85
  69 0021 AC        		.byte	-84
  70 0022 AD        		.byte	-83
  71 0023 AE        		.byte	-82
  72 0024 AF        		.byte	-81
  73 0025 B0        		.byte	-80
  74 0026 B1        		.byte	-79
  75 0027 B2        		.byte	-78
  76 0028 B3        		.byte	-77
  77 0029 B4        		.byte	-76
  78 002a C0        		.byte	-64
  79 002b C1        		.byte	-63
  80 002c C2        		.byte	-62
  81 002d C3        		.byte	-61
  82 002e C4        		.byte	-60
  83 002f C5        		.byte	-59
  84 0030 C6        		.byte	-58
  85 0031 C7        		.byte	-57
  86 0032 C8        		.byte	-56
  87 0033 C9        		.byte	-55
  88 0034 CA        		.byte	-54
  89 0035 CB        		.byte	-53
  90 0036 CC        		.byte	-52
  91 0037 CD        		.byte	-51
  92 0038 CE        		.byte	-50
  93 0039 CF        		.byte	-49
  94 003a D0        		.byte	-48
  95 003b D1        		.byte	-47
  96 003c D2        		.byte	-46
  97 003d D3        		.byte	-45
  98 003e D4        		.byte	-44
  99 003f 00        		.byte	0
 100               		.text
 101               	.Letext0:
 102               		.file 2 "c:\\users\\nonej\\documents\\keyboard\\msys64\\home\\nonej\\qmk_utils\\avr8-gnu-toolchain
 103               		.file 3 "c:\\users\\nonej\\documents\\keyboard\\msys64\\home\\nonej\\qmk_utils\\avr8-gnu-toolchain
 104               		.file 4 "lib/lufa/LUFA/Drivers/USB/Core/AVR8/../StdRequestType.h"
 105               		.file 5 "tmk_core/common/action.h"
 106               		.file 6 "lib/lufa/LUFA/Drivers/USB/Core/AVR8/../DeviceStandardReq.h"
 107               		.file 7 "lib/lufa/LUFA/Drivers/USB/Core/USBTask.h"
 108               		.file 8 "lib/lufa/LUFA/Drivers/USB/Core/HostStandardReq.h"
 109               		.file 9 "c:\\users\\nonej\\documents\\keyboard\\msys64\\home\\nonej\\qmk_utils\\avr8-gnu-toolchain
 110               		.file 10 "tmk_core/common/report.h"
 111               		.file 11 "tmk_core/common/host_driver.h"
 112               		.file 12 "tmk_core/common/host.h"
 113               		.file 13 "tmk_core/common/debug.h"
 114               		.file 14 "quantum/keycode_config.h"
 115               		.file 15 "quantum/keymap.h"
 116               		.file 16 "tmk_core/common/action_layer.h"
 117               		.file 17 "tmk_core/common/timer.h"
 118               		.file 18 "tmk_core/common/action_util.h"
 119               		.file 19 "c:\\users\\nonej\\documents\\keyboard\\msys64\\home\\nonej\\qmk_utils\\avr8-gnu-toolchai
 120               		.file 20 "quantum/process_keycode/process_tap_dance.h"
 121               		.file 21 "quantum/quantum.h"
 122               		.file 22 "tmk_core/protocol/lufa/lufa.h"
 123               		.file 23 "keyboards/crkbd/rev1/split_util.h"
DEFINED SYMBOLS
                            *ABS*:00000000 logo_reader.c
C:\Users\nonej\Documents\Keyboard\msys64\tmp\cc4CJGN6.s:2      *ABS*:0000003e __SP_H__
C:\Users\nonej\Documents\Keyboard\msys64\tmp\cc4CJGN6.s:3      *ABS*:0000003d __SP_L__
C:\Users\nonej\Documents\Keyboard\msys64\tmp\cc4CJGN6.s:4      *ABS*:0000003f __SREG__
C:\Users\nonej\Documents\Keyboard\msys64\tmp\cc4CJGN6.s:5      *ABS*:00000000 __tmp_reg__
C:\Users\nonej\Documents\Keyboard\msys64\tmp\cc4CJGN6.s:6      *ABS*:00000001 __zero_reg__
C:\Users\nonej\Documents\Keyboard\msys64\tmp\cc4CJGN6.s:13     .text.read_logo:00000000 read_logo
C:\Users\nonej\Documents\Keyboard\msys64\tmp\cc4CJGN6.s:35     .data.logo.6090:00000000 logo.6090

UNDEFINED SYMBOLS
__do_copy_data
