   1               		.file	"matrix_common.c"
   2               	__SP_H__ = 0x3e
   3               	__SP_L__ = 0x3d
   4               	__SREG__ = 0x3f
   5               	__tmp_reg__ = 0
   6               	__zero_reg__ = 1
   7               		.text
   8               	.Ltext0:
   9               		.cfi_sections	.debug_frame
  10               		.section	.text.matrix_init_user,"ax",@progbits
  11               		.weak	matrix_init_user
  13               	matrix_init_user:
  14               	.LFB8:
  15               		.file 1 "quantum/matrix_common.c"
   1:quantum/matrix_common.c **** #include "matrix.h"
   2:quantum/matrix_common.c **** #include "debounce.h"
   3:quantum/matrix_common.c **** #include "wait.h"
   4:quantum/matrix_common.c **** #include "print.h"
   5:quantum/matrix_common.c **** #include "debug.h"
   6:quantum/matrix_common.c **** 
   7:quantum/matrix_common.c **** #ifndef MATRIX_IO_DELAY
   8:quantum/matrix_common.c **** #    define MATRIX_IO_DELAY 30
   9:quantum/matrix_common.c **** #endif
  10:quantum/matrix_common.c **** 
  11:quantum/matrix_common.c **** /* matrix state(1:on, 0:off) */
  12:quantum/matrix_common.c **** matrix_row_t raw_matrix[MATRIX_ROWS];
  13:quantum/matrix_common.c **** matrix_row_t matrix[MATRIX_ROWS];
  14:quantum/matrix_common.c **** 
  15:quantum/matrix_common.c **** #ifdef MATRIX_MASKED
  16:quantum/matrix_common.c **** extern const matrix_row_t matrix_mask[];
  17:quantum/matrix_common.c **** #endif
  18:quantum/matrix_common.c **** 
  19:quantum/matrix_common.c **** // user-defined overridable functions
  20:quantum/matrix_common.c **** 
  21:quantum/matrix_common.c **** __attribute__((weak)) void matrix_init_kb(void) { matrix_init_user(); }
  22:quantum/matrix_common.c **** 
  23:quantum/matrix_common.c **** __attribute__((weak)) void matrix_scan_kb(void) { matrix_scan_user(); }
  24:quantum/matrix_common.c **** 
  25:quantum/matrix_common.c **** __attribute__((weak)) void matrix_init_user(void) {}
  16               		.loc 1 25 51 view -0
  17               		.cfi_startproc
  18               	/* prologue: function */
  19               	/* frame size = 0 */
  20               	/* stack size = 0 */
  21               	.L__stack_usage = 0
  22               		.loc 1 25 52 view .LVU1
  23               	/* epilogue start */
  24               		.loc 1 25 1 is_stmt 0 view .LVU2
  25 0000 0895      		ret
  26               		.cfi_endproc
  27               	.LFE8:
  29               		.set	matrix_init_user.localalias.0,matrix_init_user
  30               		.section	.text.matrix_init_kb,"ax",@progbits
  31               		.weak	matrix_init_kb
  33               	matrix_init_kb:
  34               	.LFB6:
  21:quantum/matrix_common.c **** 
  35               		.loc 1 21 49 is_stmt 1 view -0
  36               		.cfi_startproc
  37               	/* prologue: function */
  38               	/* frame size = 0 */
  39               	/* stack size = 0 */
  40               	.L__stack_usage = 0
  21:quantum/matrix_common.c **** 
  41               		.loc 1 21 51 view .LVU4
  42 0000 0C94 0000 		jmp matrix_init_user
  43               	.LVL0:
  44               		.cfi_endproc
  45               	.LFE6:
  47               		.section	.text.matrix_scan_user,"ax",@progbits
  48               		.weak	matrix_scan_user
  50               	matrix_scan_user:
  51               	.LFB23:
  52               		.cfi_startproc
  53               	/* prologue: function */
  54               	/* frame size = 0 */
  55               	/* stack size = 0 */
  56               	.L__stack_usage = 0
  57               	/* epilogue start */
  58 0000 0895      		ret
  59               		.cfi_endproc
  60               	.LFE23:
  62               		.section	.text.matrix_scan_kb,"ax",@progbits
  63               		.weak	matrix_scan_kb
  65               	matrix_scan_kb:
  66               	.LFB7:
  23:quantum/matrix_common.c **** 
  67               		.loc 1 23 49 view -0
  68               		.cfi_startproc
  69               	/* prologue: function */
  70               	/* frame size = 0 */
  71               	/* stack size = 0 */
  72               	.L__stack_usage = 0
  23:quantum/matrix_common.c **** 
  73               		.loc 1 23 51 view .LVU6
  74 0000 0C94 0000 		jmp matrix_scan_user
  75               	.LVL1:
  76               		.cfi_endproc
  77               	.LFE7:
  79               		.section	.text.matrix_rows,"ax",@progbits
  80               	.global	matrix_rows
  82               	matrix_rows:
  83               	.LFB10:
  26:quantum/matrix_common.c **** 
  27:quantum/matrix_common.c **** __attribute__((weak)) void matrix_scan_user(void) {}
  28:quantum/matrix_common.c **** 
  29:quantum/matrix_common.c **** // helper functions
  30:quantum/matrix_common.c **** 
  31:quantum/matrix_common.c **** inline uint8_t matrix_rows(void) { return MATRIX_ROWS; }
  84               		.loc 1 31 34 view -0
  85               		.cfi_startproc
  86               	/* prologue: function */
  87               	/* frame size = 0 */
  88               	/* stack size = 0 */
  89               	.L__stack_usage = 0
  90               		.loc 1 31 36 view .LVU8
  91               		.loc 1 31 1 is_stmt 0 view .LVU9
  92 0000 84E0      		ldi r24,lo8(4)
  93               	/* epilogue start */
  94 0002 0895      		ret
  95               		.cfi_endproc
  96               	.LFE10:
  98               		.section	.text.matrix_cols,"ax",@progbits
  99               	.global	matrix_cols
 101               	matrix_cols:
 102               	.LFB11:
  32:quantum/matrix_common.c **** 
  33:quantum/matrix_common.c **** inline uint8_t matrix_cols(void) { return MATRIX_COLS; }
 103               		.loc 1 33 34 is_stmt 1 view -0
 104               		.cfi_startproc
 105               	/* prologue: function */
 106               	/* frame size = 0 */
 107               	/* stack size = 0 */
 108               	.L__stack_usage = 0
 109               		.loc 1 33 36 view .LVU11
 110               		.loc 1 33 1 is_stmt 0 view .LVU12
 111 0000 8CE0      		ldi r24,lo8(12)
 112               	/* epilogue start */
 113 0002 0895      		ret
 114               		.cfi_endproc
 115               	.LFE11:
 117               		.section	.text.matrix_is_on,"ax",@progbits
 118               	.global	matrix_is_on
 120               	matrix_is_on:
 121               	.LVL2:
 122               	.LFB12:
  34:quantum/matrix_common.c **** 
  35:quantum/matrix_common.c **** inline bool matrix_is_on(uint8_t row, uint8_t col) { return (matrix[row] & ((matrix_row_t)1 << col)
 123               		.loc 1 35 52 is_stmt 1 view -0
 124               		.cfi_startproc
 125               	/* prologue: function */
 126               	/* frame size = 0 */
 127               	/* stack size = 0 */
 128               	.L__stack_usage = 0
 129               		.loc 1 35 54 view .LVU14
 130               		.loc 1 35 68 is_stmt 0 view .LVU15
 131 0000 E82F      		mov r30,r24
 132 0002 F0E0      		ldi r31,0
 133 0004 EE0F      		lsl r30
 134 0006 FF1F      		rol r31
 135               	.LVL3:
 136               		.loc 1 35 68 view .LVU16
 137 0008 E050      		subi r30,lo8(-(matrix))
 138 000a F040      		sbci r31,hi8(-(matrix))
 139               		.loc 1 35 93 view .LVU17
 140 000c 21E0      		ldi r18,lo8(1)
 141 000e 30E0      		ldi r19,0
 142 0010 00C0      		rjmp 2f
 143               		1:
 144 0012 220F      		lsl r18
 145 0014 331F      		rol r19
 146               		2:
 147 0016 6A95      		dec r22
 148 0018 02F4      		brpl 1b
 149               		.loc 1 35 74 view .LVU18
 150 001a 8081      		ld r24,Z
 151 001c 9181      		ldd r25,Z+1
 152 001e 2823      		and r18,r24
 153 0020 3923      		and r19,r25
 154 0022 81E0      		ldi r24,lo8(1)
 155 0024 232B      		or r18,r19
 156 0026 01F4      		brne .L8
 157 0028 80E0      		ldi r24,0
 158               	.L8:
 159               	/* epilogue start */
 160               		.loc 1 35 1 view .LVU19
 161 002a 0895      		ret
 162               		.cfi_endproc
 163               	.LFE12:
 165               		.section	.text.matrix_get_row,"ax",@progbits
 166               	.global	matrix_get_row
 168               	matrix_get_row:
 169               	.LVL4:
 170               	.LFB13:
  36:quantum/matrix_common.c **** 
  37:quantum/matrix_common.c **** inline matrix_row_t matrix_get_row(uint8_t row) {
 171               		.loc 1 37 49 is_stmt 1 view -0
 172               		.cfi_startproc
 173               	/* prologue: function */
 174               	/* frame size = 0 */
 175               	/* stack size = 0 */
 176               	.L__stack_usage = 0
  38:quantum/matrix_common.c ****     // Matrix mask lets you disable switches in the returned matrix data. For example, if you have 
  39:quantum/matrix_common.c ****     // switch blocker installed and the switch is always pressed.
  40:quantum/matrix_common.c **** #ifdef MATRIX_MASKED
  41:quantum/matrix_common.c ****     return matrix[row] & matrix_mask[row];
  42:quantum/matrix_common.c **** #else
  43:quantum/matrix_common.c ****     return matrix[row];
 177               		.loc 1 43 5 view .LVU21
 178               		.loc 1 43 18 is_stmt 0 view .LVU22
 179 0000 E82F      		mov r30,r24
 180 0002 F0E0      		ldi r31,0
 181 0004 EE0F      		lsl r30
 182 0006 FF1F      		rol r31
 183               	.LVL5:
 184               		.loc 1 43 18 view .LVU23
 185 0008 E050      		subi r30,lo8(-(matrix))
 186 000a F040      		sbci r31,hi8(-(matrix))
  44:quantum/matrix_common.c **** #endif
  45:quantum/matrix_common.c **** }
 187               		.loc 1 45 1 view .LVU24
 188 000c 8081      		ld r24,Z
 189 000e 9181      		ldd r25,Z+1
 190               	/* epilogue start */
 191 0010 0895      		ret
 192               		.cfi_endproc
 193               	.LFE13:
 195               		.section	.text.matrix_is_modified,"ax",@progbits
 196               	.global	matrix_is_modified
 198               	matrix_is_modified:
 199               	.LFB14:
  46:quantum/matrix_common.c **** 
  47:quantum/matrix_common.c **** // Deprecated.
  48:quantum/matrix_common.c **** bool matrix_is_modified(void) {
 200               		.loc 1 48 31 is_stmt 1 view -0
 201               		.cfi_startproc
 202               	/* prologue: function */
 203               	/* frame size = 0 */
 204               	/* stack size = 0 */
 205               	.L__stack_usage = 0
  49:quantum/matrix_common.c ****     if (debounce_active()) return false;
 206               		.loc 1 49 5 view .LVU26
 207               		.loc 1 49 9 is_stmt 0 view .LVU27
 208 0000 0E94 0000 		call debounce_active
 209               	.LVL6:
  50:quantum/matrix_common.c ****     return true;
  51:quantum/matrix_common.c **** }
 210               		.loc 1 51 1 view .LVU28
 211 0004 91E0      		ldi r25,lo8(1)
 212 0006 8927      		eor r24,r25
 213               	/* epilogue start */
 214 0008 0895      		ret
 215               		.cfi_endproc
 216               	.LFE14:
 218               		.section	.text.matrix_print,"ax",@progbits
 219               	.global	matrix_print
 221               	matrix_print:
 222               	.LFB15:
  52:quantum/matrix_common.c **** 
  53:quantum/matrix_common.c **** #if (MATRIX_COLS <= 8)
  54:quantum/matrix_common.c **** #    define print_matrix_header() print("\nr/c 01234567\n")
  55:quantum/matrix_common.c **** #    define print_matrix_row(row) print_bin_reverse8(matrix_get_row(row))
  56:quantum/matrix_common.c **** #    define matrix_bitpop(row) bitpop(matrix_get_row(row))
  57:quantum/matrix_common.c **** #elif (MATRIX_COLS <= 16)
  58:quantum/matrix_common.c **** #    define print_matrix_header() print("\nr/c 0123456789ABCDEF\n")
  59:quantum/matrix_common.c **** #    define print_matrix_row(row) print_bin_reverse16(matrix_get_row(row))
  60:quantum/matrix_common.c **** #    define matrix_bitpop(row) bitpop16(matrix_get_row(row))
  61:quantum/matrix_common.c **** #elif (MATRIX_COLS <= 32)
  62:quantum/matrix_common.c **** #    define print_matrix_header() print("\nr/c 0123456789ABCDEF0123456789ABCDEF\n")
  63:quantum/matrix_common.c **** #    define print_matrix_row(row) print_bin_reverse32(matrix_get_row(row))
  64:quantum/matrix_common.c **** #    define matrix_bitpop(row) bitpop32(matrix_get_row(row))
  65:quantum/matrix_common.c **** #endif
  66:quantum/matrix_common.c **** 
  67:quantum/matrix_common.c **** void matrix_print(void) {
 223               		.loc 1 67 25 is_stmt 1 view -0
 224               		.cfi_startproc
 225               	/* prologue: function */
 226               	/* frame size = 0 */
 227               	/* stack size = 0 */
 228               	.L__stack_usage = 0
  68:quantum/matrix_common.c ****     print_matrix_header();
 229               		.loc 1 68 26 view .LVU30
  69:quantum/matrix_common.c **** 
  70:quantum/matrix_common.c ****     for (uint8_t row = 0; row < MATRIX_ROWS; row++) {
 230               		.loc 1 70 5 view .LVU31
 231               		.loc 1 70 10 view .LVU32
 232               	.LVL7:
 233               	/* epilogue start */
  71:quantum/matrix_common.c ****         phex(row);
  72:quantum/matrix_common.c ****         print(": ");
  73:quantum/matrix_common.c ****         print_matrix_row(row);
  74:quantum/matrix_common.c ****         print("\n");
  75:quantum/matrix_common.c ****     }
  76:quantum/matrix_common.c **** }
 234               		.loc 1 76 1 is_stmt 0 view .LVU33
 235 0000 0895      		ret
 236               		.cfi_endproc
 237               	.LFE15:
 239               		.section	.text.matrix_key_count,"ax",@progbits
 240               	.global	matrix_key_count
 242               	matrix_key_count:
 243               	.LFB16:
  77:quantum/matrix_common.c **** 
  78:quantum/matrix_common.c **** uint8_t matrix_key_count(void) {
 244               		.loc 1 78 32 is_stmt 1 view -0
 245               		.cfi_startproc
 246 0000 0F93      		push r16
 247               	.LCFI0:
 248               		.cfi_def_cfa_offset 3
 249               		.cfi_offset 16, -2
 250 0002 1F93      		push r17
 251               	.LCFI1:
 252               		.cfi_def_cfa_offset 4
 253               		.cfi_offset 17, -3
 254 0004 CF93      		push r28
 255               	.LCFI2:
 256               		.cfi_def_cfa_offset 5
 257               		.cfi_offset 28, -4
 258               	/* prologue: function */
 259               	/* frame size = 0 */
 260               	/* stack size = 3 */
 261               	.L__stack_usage = 3
  79:quantum/matrix_common.c ****     uint8_t count = 0;
 262               		.loc 1 79 5 view .LVU35
 263               	.LVL8:
  80:quantum/matrix_common.c ****     for (uint8_t i = 0; i < MATRIX_ROWS; i++) {
 264               		.loc 1 80 5 view .LVU36
 265               	.LBB7:
 266               		.loc 1 80 10 view .LVU37
 267               		.loc 1 80 10 is_stmt 0 view .LVU38
 268 0006 00E0      		ldi r16,lo8(matrix)
 269 0008 10E0      		ldi r17,hi8(matrix)
 270               	.LBE7:
  79:quantum/matrix_common.c ****     uint8_t count = 0;
 271               		.loc 1 79 13 view .LVU39
 272 000a C0E0      		ldi r28,0
 273               	.LVL9:
 274               	.L13:
 275               	.LBB10:
  81:quantum/matrix_common.c ****         count += matrix_bitpop(i);
 276               		.loc 1 81 9 is_stmt 1 view .LVU40
 277               	.LBB8:
 278               	.LBI8:
  37:quantum/matrix_common.c ****     // Matrix mask lets you disable switches in the returned matrix data. For example, if you have 
 279               		.loc 1 37 21 view .LVU41
 280               	.LBB9:
  43:quantum/matrix_common.c **** #endif
 281               		.loc 1 43 5 view .LVU42
 282               	.LBE9:
 283               	.LBE8:
 284               		.loc 1 81 18 is_stmt 0 view .LVU43
 285 000c F801      		movw r30,r16
 286 000e 8191      		ld r24,Z+
 287 0010 9191      		ld r25,Z+
 288 0012 8F01      		movw r16,r30
 289 0014 0E94 0000 		call bitpop16
 290               	.LVL10:
 291               		.loc 1 81 15 view .LVU44
 292 0018 C80F      		add r28,r24
 293               	.LVL11:
  80:quantum/matrix_common.c ****         count += matrix_bitpop(i);
 294               		.loc 1 80 5 view .LVU45
 295 001a F0E0      		ldi r31,hi8(matrix+8)
 296 001c 0030      		cpi r16,lo8(matrix+8)
 297 001e 1F07      		cpc r17,r31
 298 0020 01F4      		brne .L13
 299               	.LBE10:
  82:quantum/matrix_common.c ****     }
  83:quantum/matrix_common.c ****     return count;
 300               		.loc 1 83 5 is_stmt 1 view .LVU46
  84:quantum/matrix_common.c **** }
 301               		.loc 1 84 1 is_stmt 0 view .LVU47
 302 0022 8C2F      		mov r24,r28
 303               	/* epilogue start */
 304 0024 CF91      		pop r28
 305               	.LVL12:
 306               		.loc 1 84 1 view .LVU48
 307 0026 1F91      		pop r17
 308 0028 0F91      		pop r16
 309 002a 0895      		ret
 310               		.cfi_endproc
 311               	.LFE16:
 313               		.section	.text.matrix_io_delay,"ax",@progbits
 314               		.weak	matrix_io_delay
 316               	matrix_io_delay:
 317               	.LFB17:
  85:quantum/matrix_common.c **** 
  86:quantum/matrix_common.c **** __attribute__((weak)) void matrix_io_delay(void) { wait_us(MATRIX_IO_DELAY); }
 318               		.loc 1 86 50 is_stmt 1 view -0
 319               		.cfi_startproc
 320               	/* prologue: function */
 321               	/* frame size = 0 */
 322               	/* stack size = 0 */
 323               	.L__stack_usage = 0
 324               		.loc 1 86 52 view .LVU50
 325               	.LVL13:
 326               	.LBB11:
 327               	.LBI11:
 328               		.file 2 "c:\\users\\nonej\\documents\\keyboard\\msys64\\home\\nonej\\qmk_utils\\avr8-gnu-toolchain
   1:c:\users\nonej\documents\keyboard\msys64\home\nonej\qmk_utils\avr8-gnu-toolchain\avr\include\util\delay.h **** /* Copyright (c) 2002, Marek Michalkiewicz
   2:c:\users\nonej\documents\keyboard\msys64\home\nonej\qmk_utils\avr8-gnu-toolchain\avr\include\util\delay.h ****    Copyright (c) 2004,2005,2007 Joerg Wunsch
   3:c:\users\nonej\documents\keyboard\msys64\home\nonej\qmk_utils\avr8-gnu-toolchain\avr\include\util\delay.h ****    Copyright (c) 2007  Florin-Viorel Petrov
   4:c:\users\nonej\documents\keyboard\msys64\home\nonej\qmk_utils\avr8-gnu-toolchain\avr\include\util\delay.h ****    All rights reserved.
   5:c:\users\nonej\documents\keyboard\msys64\home\nonej\qmk_utils\avr8-gnu-toolchain\avr\include\util\delay.h **** 
   6:c:\users\nonej\documents\keyboard\msys64\home\nonej\qmk_utils\avr8-gnu-toolchain\avr\include\util\delay.h ****    Redistribution and use in source and binary forms, with or without
   7:c:\users\nonej\documents\keyboard\msys64\home\nonej\qmk_utils\avr8-gnu-toolchain\avr\include\util\delay.h ****    modification, are permitted provided that the following conditions are met:
   8:c:\users\nonej\documents\keyboard\msys64\home\nonej\qmk_utils\avr8-gnu-toolchain\avr\include\util\delay.h **** 
   9:c:\users\nonej\documents\keyboard\msys64\home\nonej\qmk_utils\avr8-gnu-toolchain\avr\include\util\delay.h ****    * Redistributions of source code must retain the above copyright
  10:c:\users\nonej\documents\keyboard\msys64\home\nonej\qmk_utils\avr8-gnu-toolchain\avr\include\util\delay.h ****      notice, this list of conditions and the following disclaimer.
  11:c:\users\nonej\documents\keyboard\msys64\home\nonej\qmk_utils\avr8-gnu-toolchain\avr\include\util\delay.h **** 
  12:c:\users\nonej\documents\keyboard\msys64\home\nonej\qmk_utils\avr8-gnu-toolchain\avr\include\util\delay.h ****    * Redistributions in binary form must reproduce the above copyright
  13:c:\users\nonej\documents\keyboard\msys64\home\nonej\qmk_utils\avr8-gnu-toolchain\avr\include\util\delay.h ****      notice, this list of conditions and the following disclaimer in
  14:c:\users\nonej\documents\keyboard\msys64\home\nonej\qmk_utils\avr8-gnu-toolchain\avr\include\util\delay.h ****      the documentation and/or other materials provided with the
  15:c:\users\nonej\documents\keyboard\msys64\home\nonej\qmk_utils\avr8-gnu-toolchain\avr\include\util\delay.h ****      distribution.
  16:c:\users\nonej\documents\keyboard\msys64\home\nonej\qmk_utils\avr8-gnu-toolchain\avr\include\util\delay.h **** 
  17:c:\users\nonej\documents\keyboard\msys64\home\nonej\qmk_utils\avr8-gnu-toolchain\avr\include\util\delay.h ****    * Neither the name of the copyright holders nor the names of
  18:c:\users\nonej\documents\keyboard\msys64\home\nonej\qmk_utils\avr8-gnu-toolchain\avr\include\util\delay.h ****      contributors may be used to endorse or promote products derived
  19:c:\users\nonej\documents\keyboard\msys64\home\nonej\qmk_utils\avr8-gnu-toolchain\avr\include\util\delay.h ****      from this software without specific prior written permission.
  20:c:\users\nonej\documents\keyboard\msys64\home\nonej\qmk_utils\avr8-gnu-toolchain\avr\include\util\delay.h **** 
  21:c:\users\nonej\documents\keyboard\msys64\home\nonej\qmk_utils\avr8-gnu-toolchain\avr\include\util\delay.h ****   THIS SOFTWARE IS PROVIDED BY THE COPYRIGHT HOLDERS AND CONTRIBUTORS "AS IS"
  22:c:\users\nonej\documents\keyboard\msys64\home\nonej\qmk_utils\avr8-gnu-toolchain\avr\include\util\delay.h ****   AND ANY EXPRESS OR IMPLIED WARRANTIES, INCLUDING, BUT NOT LIMITED TO, THE
  23:c:\users\nonej\documents\keyboard\msys64\home\nonej\qmk_utils\avr8-gnu-toolchain\avr\include\util\delay.h ****   IMPLIED WARRANTIES OF MERCHANTABILITY AND FITNESS FOR A PARTICULAR PURPOSE
  24:c:\users\nonej\documents\keyboard\msys64\home\nonej\qmk_utils\avr8-gnu-toolchain\avr\include\util\delay.h ****   ARE DISCLAIMED. IN NO EVENT SHALL THE COPYRIGHT OWNER OR CONTRIBUTORS BE
  25:c:\users\nonej\documents\keyboard\msys64\home\nonej\qmk_utils\avr8-gnu-toolchain\avr\include\util\delay.h ****   LIABLE FOR ANY DIRECT, INDIRECT, INCIDENTAL, SPECIAL, EXEMPLARY, OR
  26:c:\users\nonej\documents\keyboard\msys64\home\nonej\qmk_utils\avr8-gnu-toolchain\avr\include\util\delay.h ****   CONSEQUENTIAL DAMAGES (INCLUDING, BUT NOT LIMITED TO, PROCUREMENT OF
  27:c:\users\nonej\documents\keyboard\msys64\home\nonej\qmk_utils\avr8-gnu-toolchain\avr\include\util\delay.h ****   SUBSTITUTE GOODS OR SERVICES; LOSS OF USE, DATA, OR PROFITS; OR BUSINESS
  28:c:\users\nonej\documents\keyboard\msys64\home\nonej\qmk_utils\avr8-gnu-toolchain\avr\include\util\delay.h ****   INTERRUPTION) HOWEVER CAUSED AND ON ANY THEORY OF LIABILITY, WHETHER IN
  29:c:\users\nonej\documents\keyboard\msys64\home\nonej\qmk_utils\avr8-gnu-toolchain\avr\include\util\delay.h ****   CONTRACT, STRICT LIABILITY, OR TORT (INCLUDING NEGLIGENCE OR OTHERWISE)
  30:c:\users\nonej\documents\keyboard\msys64\home\nonej\qmk_utils\avr8-gnu-toolchain\avr\include\util\delay.h ****   ARISING IN ANY WAY OUT OF THE USE OF THIS SOFTWARE, EVEN IF ADVISED OF THE
  31:c:\users\nonej\documents\keyboard\msys64\home\nonej\qmk_utils\avr8-gnu-toolchain\avr\include\util\delay.h ****   POSSIBILITY OF SUCH DAMAGE. */
  32:c:\users\nonej\documents\keyboard\msys64\home\nonej\qmk_utils\avr8-gnu-toolchain\avr\include\util\delay.h **** 
  33:c:\users\nonej\documents\keyboard\msys64\home\nonej\qmk_utils\avr8-gnu-toolchain\avr\include\util\delay.h **** /* $Id: delay.h.in 2506 2016-02-08 10:05:45Z joerg_wunsch $ */
  34:c:\users\nonej\documents\keyboard\msys64\home\nonej\qmk_utils\avr8-gnu-toolchain\avr\include\util\delay.h **** 
  35:c:\users\nonej\documents\keyboard\msys64\home\nonej\qmk_utils\avr8-gnu-toolchain\avr\include\util\delay.h **** #ifndef _UTIL_DELAY_H_
  36:c:\users\nonej\documents\keyboard\msys64\home\nonej\qmk_utils\avr8-gnu-toolchain\avr\include\util\delay.h **** #define _UTIL_DELAY_H_ 1
  37:c:\users\nonej\documents\keyboard\msys64\home\nonej\qmk_utils\avr8-gnu-toolchain\avr\include\util\delay.h **** 
  38:c:\users\nonej\documents\keyboard\msys64\home\nonej\qmk_utils\avr8-gnu-toolchain\avr\include\util\delay.h **** #ifndef __DOXYGEN__
  39:c:\users\nonej\documents\keyboard\msys64\home\nonej\qmk_utils\avr8-gnu-toolchain\avr\include\util\delay.h **** #  ifndef __HAS_DELAY_CYCLES
  40:c:\users\nonej\documents\keyboard\msys64\home\nonej\qmk_utils\avr8-gnu-toolchain\avr\include\util\delay.h **** #    define __HAS_DELAY_CYCLES 1
  41:c:\users\nonej\documents\keyboard\msys64\home\nonej\qmk_utils\avr8-gnu-toolchain\avr\include\util\delay.h **** #  endif
  42:c:\users\nonej\documents\keyboard\msys64\home\nonej\qmk_utils\avr8-gnu-toolchain\avr\include\util\delay.h **** #endif  /* __DOXYGEN__ */
  43:c:\users\nonej\documents\keyboard\msys64\home\nonej\qmk_utils\avr8-gnu-toolchain\avr\include\util\delay.h **** 
  44:c:\users\nonej\documents\keyboard\msys64\home\nonej\qmk_utils\avr8-gnu-toolchain\avr\include\util\delay.h **** #include <inttypes.h>
  45:c:\users\nonej\documents\keyboard\msys64\home\nonej\qmk_utils\avr8-gnu-toolchain\avr\include\util\delay.h **** #include <util/delay_basic.h>
  46:c:\users\nonej\documents\keyboard\msys64\home\nonej\qmk_utils\avr8-gnu-toolchain\avr\include\util\delay.h **** #include <math.h>
  47:c:\users\nonej\documents\keyboard\msys64\home\nonej\qmk_utils\avr8-gnu-toolchain\avr\include\util\delay.h **** 
  48:c:\users\nonej\documents\keyboard\msys64\home\nonej\qmk_utils\avr8-gnu-toolchain\avr\include\util\delay.h **** /** \file */
  49:c:\users\nonej\documents\keyboard\msys64\home\nonej\qmk_utils\avr8-gnu-toolchain\avr\include\util\delay.h **** /** \defgroup util_delay <util/delay.h>: Convenience functions for busy-wait delay loops
  50:c:\users\nonej\documents\keyboard\msys64\home\nonej\qmk_utils\avr8-gnu-toolchain\avr\include\util\delay.h ****     \code
  51:c:\users\nonej\documents\keyboard\msys64\home\nonej\qmk_utils\avr8-gnu-toolchain\avr\include\util\delay.h ****     #define F_CPU 1000000UL  // 1 MHz
  52:c:\users\nonej\documents\keyboard\msys64\home\nonej\qmk_utils\avr8-gnu-toolchain\avr\include\util\delay.h ****     //#define F_CPU 14.7456E6
  53:c:\users\nonej\documents\keyboard\msys64\home\nonej\qmk_utils\avr8-gnu-toolchain\avr\include\util\delay.h ****     #include <util/delay.h>
  54:c:\users\nonej\documents\keyboard\msys64\home\nonej\qmk_utils\avr8-gnu-toolchain\avr\include\util\delay.h ****     \endcode
  55:c:\users\nonej\documents\keyboard\msys64\home\nonej\qmk_utils\avr8-gnu-toolchain\avr\include\util\delay.h **** 
  56:c:\users\nonej\documents\keyboard\msys64\home\nonej\qmk_utils\avr8-gnu-toolchain\avr\include\util\delay.h ****     \note As an alternative method, it is possible to pass the
  57:c:\users\nonej\documents\keyboard\msys64\home\nonej\qmk_utils\avr8-gnu-toolchain\avr\include\util\delay.h ****     F_CPU macro down to the compiler from the Makefile.
  58:c:\users\nonej\documents\keyboard\msys64\home\nonej\qmk_utils\avr8-gnu-toolchain\avr\include\util\delay.h ****     Obviously, in that case, no \c \#define statement should be
  59:c:\users\nonej\documents\keyboard\msys64\home\nonej\qmk_utils\avr8-gnu-toolchain\avr\include\util\delay.h ****     used.
  60:c:\users\nonej\documents\keyboard\msys64\home\nonej\qmk_utils\avr8-gnu-toolchain\avr\include\util\delay.h **** 
  61:c:\users\nonej\documents\keyboard\msys64\home\nonej\qmk_utils\avr8-gnu-toolchain\avr\include\util\delay.h ****     The functions in this header file are wrappers around the basic
  62:c:\users\nonej\documents\keyboard\msys64\home\nonej\qmk_utils\avr8-gnu-toolchain\avr\include\util\delay.h ****     busy-wait functions from <util/delay_basic.h>.  They are meant as
  63:c:\users\nonej\documents\keyboard\msys64\home\nonej\qmk_utils\avr8-gnu-toolchain\avr\include\util\delay.h ****     convenience functions where actual time values can be specified
  64:c:\users\nonej\documents\keyboard\msys64\home\nonej\qmk_utils\avr8-gnu-toolchain\avr\include\util\delay.h ****     rather than a number of cycles to wait for.  The idea behind is
  65:c:\users\nonej\documents\keyboard\msys64\home\nonej\qmk_utils\avr8-gnu-toolchain\avr\include\util\delay.h ****     that compile-time constant expressions will be eliminated by
  66:c:\users\nonej\documents\keyboard\msys64\home\nonej\qmk_utils\avr8-gnu-toolchain\avr\include\util\delay.h ****     compiler optimization so floating-point expressions can be used
  67:c:\users\nonej\documents\keyboard\msys64\home\nonej\qmk_utils\avr8-gnu-toolchain\avr\include\util\delay.h ****     to calculate the number of delay cycles needed based on the CPU
  68:c:\users\nonej\documents\keyboard\msys64\home\nonej\qmk_utils\avr8-gnu-toolchain\avr\include\util\delay.h ****     frequency passed by the macro F_CPU.
  69:c:\users\nonej\documents\keyboard\msys64\home\nonej\qmk_utils\avr8-gnu-toolchain\avr\include\util\delay.h **** 
  70:c:\users\nonej\documents\keyboard\msys64\home\nonej\qmk_utils\avr8-gnu-toolchain\avr\include\util\delay.h ****     \note In order for these functions to work as intended, compiler
  71:c:\users\nonej\documents\keyboard\msys64\home\nonej\qmk_utils\avr8-gnu-toolchain\avr\include\util\delay.h ****     optimizations <em>must</em> be enabled, and the delay time
  72:c:\users\nonej\documents\keyboard\msys64\home\nonej\qmk_utils\avr8-gnu-toolchain\avr\include\util\delay.h ****     <em>must</em> be an expression that is a known constant at
  73:c:\users\nonej\documents\keyboard\msys64\home\nonej\qmk_utils\avr8-gnu-toolchain\avr\include\util\delay.h ****     compile-time.  If these requirements are not met, the resulting
  74:c:\users\nonej\documents\keyboard\msys64\home\nonej\qmk_utils\avr8-gnu-toolchain\avr\include\util\delay.h ****     delay will be much longer (and basically unpredictable), and
  75:c:\users\nonej\documents\keyboard\msys64\home\nonej\qmk_utils\avr8-gnu-toolchain\avr\include\util\delay.h ****     applications that otherwise do not use floating-point calculations
  76:c:\users\nonej\documents\keyboard\msys64\home\nonej\qmk_utils\avr8-gnu-toolchain\avr\include\util\delay.h ****     will experience severe code bloat by the floating-point library
  77:c:\users\nonej\documents\keyboard\msys64\home\nonej\qmk_utils\avr8-gnu-toolchain\avr\include\util\delay.h ****     routines linked into the application.
  78:c:\users\nonej\documents\keyboard\msys64\home\nonej\qmk_utils\avr8-gnu-toolchain\avr\include\util\delay.h **** 
  79:c:\users\nonej\documents\keyboard\msys64\home\nonej\qmk_utils\avr8-gnu-toolchain\avr\include\util\delay.h ****     The functions available allow the specification of microsecond, and
  80:c:\users\nonej\documents\keyboard\msys64\home\nonej\qmk_utils\avr8-gnu-toolchain\avr\include\util\delay.h ****     millisecond delays directly, using the application-supplied macro
  81:c:\users\nonej\documents\keyboard\msys64\home\nonej\qmk_utils\avr8-gnu-toolchain\avr\include\util\delay.h ****     F_CPU as the CPU clock frequency (in Hertz).
  82:c:\users\nonej\documents\keyboard\msys64\home\nonej\qmk_utils\avr8-gnu-toolchain\avr\include\util\delay.h **** 
  83:c:\users\nonej\documents\keyboard\msys64\home\nonej\qmk_utils\avr8-gnu-toolchain\avr\include\util\delay.h **** */
  84:c:\users\nonej\documents\keyboard\msys64\home\nonej\qmk_utils\avr8-gnu-toolchain\avr\include\util\delay.h **** 
  85:c:\users\nonej\documents\keyboard\msys64\home\nonej\qmk_utils\avr8-gnu-toolchain\avr\include\util\delay.h **** #if !defined(__DOXYGEN__)
  86:c:\users\nonej\documents\keyboard\msys64\home\nonej\qmk_utils\avr8-gnu-toolchain\avr\include\util\delay.h **** static __inline__ void _delay_us(double __us) __attribute__((__always_inline__));
  87:c:\users\nonej\documents\keyboard\msys64\home\nonej\qmk_utils\avr8-gnu-toolchain\avr\include\util\delay.h **** static __inline__ void _delay_ms(double __ms) __attribute__((__always_inline__));
  88:c:\users\nonej\documents\keyboard\msys64\home\nonej\qmk_utils\avr8-gnu-toolchain\avr\include\util\delay.h **** #endif
  89:c:\users\nonej\documents\keyboard\msys64\home\nonej\qmk_utils\avr8-gnu-toolchain\avr\include\util\delay.h **** 
  90:c:\users\nonej\documents\keyboard\msys64\home\nonej\qmk_utils\avr8-gnu-toolchain\avr\include\util\delay.h **** #ifndef F_CPU
  91:c:\users\nonej\documents\keyboard\msys64\home\nonej\qmk_utils\avr8-gnu-toolchain\avr\include\util\delay.h **** /* prevent compiler error by supplying a default */
  92:c:\users\nonej\documents\keyboard\msys64\home\nonej\qmk_utils\avr8-gnu-toolchain\avr\include\util\delay.h **** # warning "F_CPU not defined for <util/delay.h>"
  93:c:\users\nonej\documents\keyboard\msys64\home\nonej\qmk_utils\avr8-gnu-toolchain\avr\include\util\delay.h **** /** \ingroup util_delay
  94:c:\users\nonej\documents\keyboard\msys64\home\nonej\qmk_utils\avr8-gnu-toolchain\avr\include\util\delay.h ****     \def F_CPU
  95:c:\users\nonej\documents\keyboard\msys64\home\nonej\qmk_utils\avr8-gnu-toolchain\avr\include\util\delay.h ****     \brief CPU frequency in Hz
  96:c:\users\nonej\documents\keyboard\msys64\home\nonej\qmk_utils\avr8-gnu-toolchain\avr\include\util\delay.h **** 
  97:c:\users\nonej\documents\keyboard\msys64\home\nonej\qmk_utils\avr8-gnu-toolchain\avr\include\util\delay.h ****     The macro F_CPU specifies the CPU frequency to be considered by
  98:c:\users\nonej\documents\keyboard\msys64\home\nonej\qmk_utils\avr8-gnu-toolchain\avr\include\util\delay.h ****     the delay macros.  This macro is normally supplied by the
  99:c:\users\nonej\documents\keyboard\msys64\home\nonej\qmk_utils\avr8-gnu-toolchain\avr\include\util\delay.h ****     environment (e.g. from within a project header, or the project's
 100:c:\users\nonej\documents\keyboard\msys64\home\nonej\qmk_utils\avr8-gnu-toolchain\avr\include\util\delay.h ****     Makefile).  The value 1 MHz here is only provided as a "vanilla"
 101:c:\users\nonej\documents\keyboard\msys64\home\nonej\qmk_utils\avr8-gnu-toolchain\avr\include\util\delay.h ****     fallback if no such user-provided definition could be found.
 102:c:\users\nonej\documents\keyboard\msys64\home\nonej\qmk_utils\avr8-gnu-toolchain\avr\include\util\delay.h **** 
 103:c:\users\nonej\documents\keyboard\msys64\home\nonej\qmk_utils\avr8-gnu-toolchain\avr\include\util\delay.h ****     In terms of the delay functions, the CPU frequency can be given as
 104:c:\users\nonej\documents\keyboard\msys64\home\nonej\qmk_utils\avr8-gnu-toolchain\avr\include\util\delay.h ****     a floating-point constant (e.g. 3.6864E6 for 3.6864 MHz).
 105:c:\users\nonej\documents\keyboard\msys64\home\nonej\qmk_utils\avr8-gnu-toolchain\avr\include\util\delay.h ****     However, the macros in <util/setbaud.h> require it to be an
 106:c:\users\nonej\documents\keyboard\msys64\home\nonej\qmk_utils\avr8-gnu-toolchain\avr\include\util\delay.h ****     integer value.
 107:c:\users\nonej\documents\keyboard\msys64\home\nonej\qmk_utils\avr8-gnu-toolchain\avr\include\util\delay.h ****  */
 108:c:\users\nonej\documents\keyboard\msys64\home\nonej\qmk_utils\avr8-gnu-toolchain\avr\include\util\delay.h **** # define F_CPU 1000000UL
 109:c:\users\nonej\documents\keyboard\msys64\home\nonej\qmk_utils\avr8-gnu-toolchain\avr\include\util\delay.h **** #endif
 110:c:\users\nonej\documents\keyboard\msys64\home\nonej\qmk_utils\avr8-gnu-toolchain\avr\include\util\delay.h **** 
 111:c:\users\nonej\documents\keyboard\msys64\home\nonej\qmk_utils\avr8-gnu-toolchain\avr\include\util\delay.h **** #ifndef __OPTIMIZE__
 112:c:\users\nonej\documents\keyboard\msys64\home\nonej\qmk_utils\avr8-gnu-toolchain\avr\include\util\delay.h **** # warning "Compiler optimizations disabled; functions from <util/delay.h> won't work as designed"
 113:c:\users\nonej\documents\keyboard\msys64\home\nonej\qmk_utils\avr8-gnu-toolchain\avr\include\util\delay.h **** #endif
 114:c:\users\nonej\documents\keyboard\msys64\home\nonej\qmk_utils\avr8-gnu-toolchain\avr\include\util\delay.h **** 
 115:c:\users\nonej\documents\keyboard\msys64\home\nonej\qmk_utils\avr8-gnu-toolchain\avr\include\util\delay.h **** #if __HAS_DELAY_CYCLES && defined(__OPTIMIZE__) && \
 116:c:\users\nonej\documents\keyboard\msys64\home\nonej\qmk_utils\avr8-gnu-toolchain\avr\include\util\delay.h ****   !defined(__DELAY_BACKWARD_COMPATIBLE__) &&	   \
 117:c:\users\nonej\documents\keyboard\msys64\home\nonej\qmk_utils\avr8-gnu-toolchain\avr\include\util\delay.h ****   __STDC_HOSTED__
 118:c:\users\nonej\documents\keyboard\msys64\home\nonej\qmk_utils\avr8-gnu-toolchain\avr\include\util\delay.h **** #  include <math.h>
 119:c:\users\nonej\documents\keyboard\msys64\home\nonej\qmk_utils\avr8-gnu-toolchain\avr\include\util\delay.h **** #endif
 120:c:\users\nonej\documents\keyboard\msys64\home\nonej\qmk_utils\avr8-gnu-toolchain\avr\include\util\delay.h **** 
 121:c:\users\nonej\documents\keyboard\msys64\home\nonej\qmk_utils\avr8-gnu-toolchain\avr\include\util\delay.h **** /**
 122:c:\users\nonej\documents\keyboard\msys64\home\nonej\qmk_utils\avr8-gnu-toolchain\avr\include\util\delay.h ****    \ingroup util_delay
 123:c:\users\nonej\documents\keyboard\msys64\home\nonej\qmk_utils\avr8-gnu-toolchain\avr\include\util\delay.h **** 
 124:c:\users\nonej\documents\keyboard\msys64\home\nonej\qmk_utils\avr8-gnu-toolchain\avr\include\util\delay.h ****    Perform a delay of \c __ms milliseconds, using _delay_loop_2().
 125:c:\users\nonej\documents\keyboard\msys64\home\nonej\qmk_utils\avr8-gnu-toolchain\avr\include\util\delay.h **** 
 126:c:\users\nonej\documents\keyboard\msys64\home\nonej\qmk_utils\avr8-gnu-toolchain\avr\include\util\delay.h ****    The macro F_CPU is supposed to be defined to a
 127:c:\users\nonej\documents\keyboard\msys64\home\nonej\qmk_utils\avr8-gnu-toolchain\avr\include\util\delay.h ****    constant defining the CPU clock frequency (in Hertz).
 128:c:\users\nonej\documents\keyboard\msys64\home\nonej\qmk_utils\avr8-gnu-toolchain\avr\include\util\delay.h **** 
 129:c:\users\nonej\documents\keyboard\msys64\home\nonej\qmk_utils\avr8-gnu-toolchain\avr\include\util\delay.h ****    The maximal possible delay is 262.14 ms / F_CPU in MHz.
 130:c:\users\nonej\documents\keyboard\msys64\home\nonej\qmk_utils\avr8-gnu-toolchain\avr\include\util\delay.h **** 
 131:c:\users\nonej\documents\keyboard\msys64\home\nonej\qmk_utils\avr8-gnu-toolchain\avr\include\util\delay.h ****    When the user request delay which exceed the maximum possible one,
 132:c:\users\nonej\documents\keyboard\msys64\home\nonej\qmk_utils\avr8-gnu-toolchain\avr\include\util\delay.h ****    _delay_ms() provides a decreased resolution functionality. In this
 133:c:\users\nonej\documents\keyboard\msys64\home\nonej\qmk_utils\avr8-gnu-toolchain\avr\include\util\delay.h ****    mode _delay_ms() will work with a resolution of 1/10 ms, providing
 134:c:\users\nonej\documents\keyboard\msys64\home\nonej\qmk_utils\avr8-gnu-toolchain\avr\include\util\delay.h ****    delays up to 6.5535 seconds (independent from CPU frequency).  The
 135:c:\users\nonej\documents\keyboard\msys64\home\nonej\qmk_utils\avr8-gnu-toolchain\avr\include\util\delay.h ****    user will not be informed about decreased resolution.
 136:c:\users\nonej\documents\keyboard\msys64\home\nonej\qmk_utils\avr8-gnu-toolchain\avr\include\util\delay.h **** 
 137:c:\users\nonej\documents\keyboard\msys64\home\nonej\qmk_utils\avr8-gnu-toolchain\avr\include\util\delay.h ****    If the avr-gcc toolchain has __builtin_avr_delay_cycles()
 138:c:\users\nonej\documents\keyboard\msys64\home\nonej\qmk_utils\avr8-gnu-toolchain\avr\include\util\delay.h ****    support, maximal possible delay is 4294967.295 ms/ F_CPU in MHz. For
 139:c:\users\nonej\documents\keyboard\msys64\home\nonej\qmk_utils\avr8-gnu-toolchain\avr\include\util\delay.h ****    values greater than the maximal possible delay, overflows results in
 140:c:\users\nonej\documents\keyboard\msys64\home\nonej\qmk_utils\avr8-gnu-toolchain\avr\include\util\delay.h ****    no delay i.e., 0ms.
 141:c:\users\nonej\documents\keyboard\msys64\home\nonej\qmk_utils\avr8-gnu-toolchain\avr\include\util\delay.h **** 
 142:c:\users\nonej\documents\keyboard\msys64\home\nonej\qmk_utils\avr8-gnu-toolchain\avr\include\util\delay.h ****    Conversion of \c __ms into clock cycles may not always result in
 143:c:\users\nonej\documents\keyboard\msys64\home\nonej\qmk_utils\avr8-gnu-toolchain\avr\include\util\delay.h ****    integer.  By default, the clock cycles rounded up to next
 144:c:\users\nonej\documents\keyboard\msys64\home\nonej\qmk_utils\avr8-gnu-toolchain\avr\include\util\delay.h ****    integer. This ensures that the user gets at least \c __ms
 145:c:\users\nonej\documents\keyboard\msys64\home\nonej\qmk_utils\avr8-gnu-toolchain\avr\include\util\delay.h ****    microseconds of delay.
 146:c:\users\nonej\documents\keyboard\msys64\home\nonej\qmk_utils\avr8-gnu-toolchain\avr\include\util\delay.h **** 
 147:c:\users\nonej\documents\keyboard\msys64\home\nonej\qmk_utils\avr8-gnu-toolchain\avr\include\util\delay.h ****    Alternatively, by defining the macro \c __DELAY_ROUND_DOWN__, or
 148:c:\users\nonej\documents\keyboard\msys64\home\nonej\qmk_utils\avr8-gnu-toolchain\avr\include\util\delay.h ****    \c __DELAY_ROUND_CLOSEST__, before including this header file, the
 149:c:\users\nonej\documents\keyboard\msys64\home\nonej\qmk_utils\avr8-gnu-toolchain\avr\include\util\delay.h ****    algorithm can be made to round down, or round to closest integer,
 150:c:\users\nonej\documents\keyboard\msys64\home\nonej\qmk_utils\avr8-gnu-toolchain\avr\include\util\delay.h ****    respectively.
 151:c:\users\nonej\documents\keyboard\msys64\home\nonej\qmk_utils\avr8-gnu-toolchain\avr\include\util\delay.h **** 
 152:c:\users\nonej\documents\keyboard\msys64\home\nonej\qmk_utils\avr8-gnu-toolchain\avr\include\util\delay.h ****    \note
 153:c:\users\nonej\documents\keyboard\msys64\home\nonej\qmk_utils\avr8-gnu-toolchain\avr\include\util\delay.h **** 
 154:c:\users\nonej\documents\keyboard\msys64\home\nonej\qmk_utils\avr8-gnu-toolchain\avr\include\util\delay.h ****    The implementation of _delay_ms() based on
 155:c:\users\nonej\documents\keyboard\msys64\home\nonej\qmk_utils\avr8-gnu-toolchain\avr\include\util\delay.h ****    __builtin_avr_delay_cycles() is not backward compatible with older
 156:c:\users\nonej\documents\keyboard\msys64\home\nonej\qmk_utils\avr8-gnu-toolchain\avr\include\util\delay.h ****    implementations.  In order to get functionality backward compatible
 157:c:\users\nonej\documents\keyboard\msys64\home\nonej\qmk_utils\avr8-gnu-toolchain\avr\include\util\delay.h ****    with previous versions, the macro \c "__DELAY_BACKWARD_COMPATIBLE__"
 158:c:\users\nonej\documents\keyboard\msys64\home\nonej\qmk_utils\avr8-gnu-toolchain\avr\include\util\delay.h ****    must be defined before including this header file. Also, the
 159:c:\users\nonej\documents\keyboard\msys64\home\nonej\qmk_utils\avr8-gnu-toolchain\avr\include\util\delay.h ****    backward compatible algorithm will be chosen if the code is
 160:c:\users\nonej\documents\keyboard\msys64\home\nonej\qmk_utils\avr8-gnu-toolchain\avr\include\util\delay.h ****    compiled in a <em>freestanding environment</em> (GCC option
 161:c:\users\nonej\documents\keyboard\msys64\home\nonej\qmk_utils\avr8-gnu-toolchain\avr\include\util\delay.h ****    \c -ffreestanding), as the math functions required for rounding are
 162:c:\users\nonej\documents\keyboard\msys64\home\nonej\qmk_utils\avr8-gnu-toolchain\avr\include\util\delay.h ****    not available to the compiler then.
 163:c:\users\nonej\documents\keyboard\msys64\home\nonej\qmk_utils\avr8-gnu-toolchain\avr\include\util\delay.h **** 
 164:c:\users\nonej\documents\keyboard\msys64\home\nonej\qmk_utils\avr8-gnu-toolchain\avr\include\util\delay.h ****  */
 165:c:\users\nonej\documents\keyboard\msys64\home\nonej\qmk_utils\avr8-gnu-toolchain\avr\include\util\delay.h **** void
 166:c:\users\nonej\documents\keyboard\msys64\home\nonej\qmk_utils\avr8-gnu-toolchain\avr\include\util\delay.h **** _delay_ms(double __ms)
 167:c:\users\nonej\documents\keyboard\msys64\home\nonej\qmk_utils\avr8-gnu-toolchain\avr\include\util\delay.h **** {
 168:c:\users\nonej\documents\keyboard\msys64\home\nonej\qmk_utils\avr8-gnu-toolchain\avr\include\util\delay.h **** 	double __tmp ;
 169:c:\users\nonej\documents\keyboard\msys64\home\nonej\qmk_utils\avr8-gnu-toolchain\avr\include\util\delay.h **** #if __HAS_DELAY_CYCLES && defined(__OPTIMIZE__) && \
 170:c:\users\nonej\documents\keyboard\msys64\home\nonej\qmk_utils\avr8-gnu-toolchain\avr\include\util\delay.h ****   !defined(__DELAY_BACKWARD_COMPATIBLE__) &&	   \
 171:c:\users\nonej\documents\keyboard\msys64\home\nonej\qmk_utils\avr8-gnu-toolchain\avr\include\util\delay.h ****   __STDC_HOSTED__
 172:c:\users\nonej\documents\keyboard\msys64\home\nonej\qmk_utils\avr8-gnu-toolchain\avr\include\util\delay.h **** 	uint32_t __ticks_dc;
 173:c:\users\nonej\documents\keyboard\msys64\home\nonej\qmk_utils\avr8-gnu-toolchain\avr\include\util\delay.h **** 	extern void __builtin_avr_delay_cycles(unsigned long);
 174:c:\users\nonej\documents\keyboard\msys64\home\nonej\qmk_utils\avr8-gnu-toolchain\avr\include\util\delay.h **** 	__tmp = ((F_CPU) / 1e3) * __ms;
 175:c:\users\nonej\documents\keyboard\msys64\home\nonej\qmk_utils\avr8-gnu-toolchain\avr\include\util\delay.h **** 
 176:c:\users\nonej\documents\keyboard\msys64\home\nonej\qmk_utils\avr8-gnu-toolchain\avr\include\util\delay.h **** 	#if defined(__DELAY_ROUND_DOWN__)
 177:c:\users\nonej\documents\keyboard\msys64\home\nonej\qmk_utils\avr8-gnu-toolchain\avr\include\util\delay.h **** 		__ticks_dc = (uint32_t)fabs(__tmp);
 178:c:\users\nonej\documents\keyboard\msys64\home\nonej\qmk_utils\avr8-gnu-toolchain\avr\include\util\delay.h **** 
 179:c:\users\nonej\documents\keyboard\msys64\home\nonej\qmk_utils\avr8-gnu-toolchain\avr\include\util\delay.h **** 	#elif defined(__DELAY_ROUND_CLOSEST__)
 180:c:\users\nonej\documents\keyboard\msys64\home\nonej\qmk_utils\avr8-gnu-toolchain\avr\include\util\delay.h **** 		__ticks_dc = (uint32_t)(fabs(__tmp)+0.5);
 181:c:\users\nonej\documents\keyboard\msys64\home\nonej\qmk_utils\avr8-gnu-toolchain\avr\include\util\delay.h **** 
 182:c:\users\nonej\documents\keyboard\msys64\home\nonej\qmk_utils\avr8-gnu-toolchain\avr\include\util\delay.h **** 	#else
 183:c:\users\nonej\documents\keyboard\msys64\home\nonej\qmk_utils\avr8-gnu-toolchain\avr\include\util\delay.h **** 		//round up by default
 184:c:\users\nonej\documents\keyboard\msys64\home\nonej\qmk_utils\avr8-gnu-toolchain\avr\include\util\delay.h **** 		__ticks_dc = (uint32_t)(ceil(fabs(__tmp)));
 185:c:\users\nonej\documents\keyboard\msys64\home\nonej\qmk_utils\avr8-gnu-toolchain\avr\include\util\delay.h **** 	#endif
 186:c:\users\nonej\documents\keyboard\msys64\home\nonej\qmk_utils\avr8-gnu-toolchain\avr\include\util\delay.h **** 
 187:c:\users\nonej\documents\keyboard\msys64\home\nonej\qmk_utils\avr8-gnu-toolchain\avr\include\util\delay.h **** 	__builtin_avr_delay_cycles(__ticks_dc);
 188:c:\users\nonej\documents\keyboard\msys64\home\nonej\qmk_utils\avr8-gnu-toolchain\avr\include\util\delay.h **** 
 189:c:\users\nonej\documents\keyboard\msys64\home\nonej\qmk_utils\avr8-gnu-toolchain\avr\include\util\delay.h **** #else
 190:c:\users\nonej\documents\keyboard\msys64\home\nonej\qmk_utils\avr8-gnu-toolchain\avr\include\util\delay.h **** 	uint16_t __ticks;
 191:c:\users\nonej\documents\keyboard\msys64\home\nonej\qmk_utils\avr8-gnu-toolchain\avr\include\util\delay.h **** 	__tmp = ((F_CPU) / 4e3) * __ms;
 192:c:\users\nonej\documents\keyboard\msys64\home\nonej\qmk_utils\avr8-gnu-toolchain\avr\include\util\delay.h **** 	if (__tmp < 1.0)
 193:c:\users\nonej\documents\keyboard\msys64\home\nonej\qmk_utils\avr8-gnu-toolchain\avr\include\util\delay.h **** 		__ticks = 1;
 194:c:\users\nonej\documents\keyboard\msys64\home\nonej\qmk_utils\avr8-gnu-toolchain\avr\include\util\delay.h **** 	else if (__tmp > 65535)
 195:c:\users\nonej\documents\keyboard\msys64\home\nonej\qmk_utils\avr8-gnu-toolchain\avr\include\util\delay.h **** 	{
 196:c:\users\nonej\documents\keyboard\msys64\home\nonej\qmk_utils\avr8-gnu-toolchain\avr\include\util\delay.h **** 		//	__ticks = requested delay in 1/10 ms
 197:c:\users\nonej\documents\keyboard\msys64\home\nonej\qmk_utils\avr8-gnu-toolchain\avr\include\util\delay.h **** 		__ticks = (uint16_t) (__ms * 10.0);
 198:c:\users\nonej\documents\keyboard\msys64\home\nonej\qmk_utils\avr8-gnu-toolchain\avr\include\util\delay.h **** 		while(__ticks)
 199:c:\users\nonej\documents\keyboard\msys64\home\nonej\qmk_utils\avr8-gnu-toolchain\avr\include\util\delay.h **** 		{
 200:c:\users\nonej\documents\keyboard\msys64\home\nonej\qmk_utils\avr8-gnu-toolchain\avr\include\util\delay.h **** 			// wait 1/10 ms
 201:c:\users\nonej\documents\keyboard\msys64\home\nonej\qmk_utils\avr8-gnu-toolchain\avr\include\util\delay.h **** 			_delay_loop_2(((F_CPU) / 4e3) / 10);
 202:c:\users\nonej\documents\keyboard\msys64\home\nonej\qmk_utils\avr8-gnu-toolchain\avr\include\util\delay.h **** 			__ticks --;
 203:c:\users\nonej\documents\keyboard\msys64\home\nonej\qmk_utils\avr8-gnu-toolchain\avr\include\util\delay.h **** 		}
 204:c:\users\nonej\documents\keyboard\msys64\home\nonej\qmk_utils\avr8-gnu-toolchain\avr\include\util\delay.h **** 		return;
 205:c:\users\nonej\documents\keyboard\msys64\home\nonej\qmk_utils\avr8-gnu-toolchain\avr\include\util\delay.h **** 	}
 206:c:\users\nonej\documents\keyboard\msys64\home\nonej\qmk_utils\avr8-gnu-toolchain\avr\include\util\delay.h **** 	else
 207:c:\users\nonej\documents\keyboard\msys64\home\nonej\qmk_utils\avr8-gnu-toolchain\avr\include\util\delay.h **** 		__ticks = (uint16_t)__tmp;
 208:c:\users\nonej\documents\keyboard\msys64\home\nonej\qmk_utils\avr8-gnu-toolchain\avr\include\util\delay.h **** 	_delay_loop_2(__ticks);
 209:c:\users\nonej\documents\keyboard\msys64\home\nonej\qmk_utils\avr8-gnu-toolchain\avr\include\util\delay.h **** #endif
 210:c:\users\nonej\documents\keyboard\msys64\home\nonej\qmk_utils\avr8-gnu-toolchain\avr\include\util\delay.h **** }
 211:c:\users\nonej\documents\keyboard\msys64\home\nonej\qmk_utils\avr8-gnu-toolchain\avr\include\util\delay.h **** 
 212:c:\users\nonej\documents\keyboard\msys64\home\nonej\qmk_utils\avr8-gnu-toolchain\avr\include\util\delay.h **** /**
 213:c:\users\nonej\documents\keyboard\msys64\home\nonej\qmk_utils\avr8-gnu-toolchain\avr\include\util\delay.h ****    \ingroup util_delay
 214:c:\users\nonej\documents\keyboard\msys64\home\nonej\qmk_utils\avr8-gnu-toolchain\avr\include\util\delay.h **** 
 215:c:\users\nonej\documents\keyboard\msys64\home\nonej\qmk_utils\avr8-gnu-toolchain\avr\include\util\delay.h ****    Perform a delay of \c __us microseconds, using _delay_loop_1().
 216:c:\users\nonej\documents\keyboard\msys64\home\nonej\qmk_utils\avr8-gnu-toolchain\avr\include\util\delay.h **** 
 217:c:\users\nonej\documents\keyboard\msys64\home\nonej\qmk_utils\avr8-gnu-toolchain\avr\include\util\delay.h ****    The macro F_CPU is supposed to be defined to a
 218:c:\users\nonej\documents\keyboard\msys64\home\nonej\qmk_utils\avr8-gnu-toolchain\avr\include\util\delay.h ****    constant defining the CPU clock frequency (in Hertz).
 219:c:\users\nonej\documents\keyboard\msys64\home\nonej\qmk_utils\avr8-gnu-toolchain\avr\include\util\delay.h **** 
 220:c:\users\nonej\documents\keyboard\msys64\home\nonej\qmk_utils\avr8-gnu-toolchain\avr\include\util\delay.h ****    The maximal possible delay is 768 us / F_CPU in MHz.
 221:c:\users\nonej\documents\keyboard\msys64\home\nonej\qmk_utils\avr8-gnu-toolchain\avr\include\util\delay.h **** 
 222:c:\users\nonej\documents\keyboard\msys64\home\nonej\qmk_utils\avr8-gnu-toolchain\avr\include\util\delay.h ****    If the user requests a delay greater than the maximal possible one,
 223:c:\users\nonej\documents\keyboard\msys64\home\nonej\qmk_utils\avr8-gnu-toolchain\avr\include\util\delay.h ****    _delay_us() will automatically call _delay_ms() instead.  The user
 224:c:\users\nonej\documents\keyboard\msys64\home\nonej\qmk_utils\avr8-gnu-toolchain\avr\include\util\delay.h ****    will not be informed about this case.
 225:c:\users\nonej\documents\keyboard\msys64\home\nonej\qmk_utils\avr8-gnu-toolchain\avr\include\util\delay.h **** 
 226:c:\users\nonej\documents\keyboard\msys64\home\nonej\qmk_utils\avr8-gnu-toolchain\avr\include\util\delay.h ****    If the avr-gcc toolchain has __builtin_avr_delay_cycles()
 227:c:\users\nonej\documents\keyboard\msys64\home\nonej\qmk_utils\avr8-gnu-toolchain\avr\include\util\delay.h ****    support, maximal possible delay is 4294967.295 us/ F_CPU in MHz. For
 228:c:\users\nonej\documents\keyboard\msys64\home\nonej\qmk_utils\avr8-gnu-toolchain\avr\include\util\delay.h ****    values greater than the maximal possible delay, overflow results in
 229:c:\users\nonej\documents\keyboard\msys64\home\nonej\qmk_utils\avr8-gnu-toolchain\avr\include\util\delay.h ****    no delay i.e., 0us.
 230:c:\users\nonej\documents\keyboard\msys64\home\nonej\qmk_utils\avr8-gnu-toolchain\avr\include\util\delay.h **** 
 231:c:\users\nonej\documents\keyboard\msys64\home\nonej\qmk_utils\avr8-gnu-toolchain\avr\include\util\delay.h ****    Conversion of \c __us into clock cycles may not always result in
 232:c:\users\nonej\documents\keyboard\msys64\home\nonej\qmk_utils\avr8-gnu-toolchain\avr\include\util\delay.h ****    integer.  By default, the clock cycles rounded up to next
 233:c:\users\nonej\documents\keyboard\msys64\home\nonej\qmk_utils\avr8-gnu-toolchain\avr\include\util\delay.h ****    integer. This ensures that the user gets at least \c __us
 234:c:\users\nonej\documents\keyboard\msys64\home\nonej\qmk_utils\avr8-gnu-toolchain\avr\include\util\delay.h ****    microseconds of delay.
 235:c:\users\nonej\documents\keyboard\msys64\home\nonej\qmk_utils\avr8-gnu-toolchain\avr\include\util\delay.h **** 
 236:c:\users\nonej\documents\keyboard\msys64\home\nonej\qmk_utils\avr8-gnu-toolchain\avr\include\util\delay.h ****    Alternatively, by defining the macro \c __DELAY_ROUND_DOWN__, or
 237:c:\users\nonej\documents\keyboard\msys64\home\nonej\qmk_utils\avr8-gnu-toolchain\avr\include\util\delay.h ****    \c __DELAY_ROUND_CLOSEST__, before including this header file, the
 238:c:\users\nonej\documents\keyboard\msys64\home\nonej\qmk_utils\avr8-gnu-toolchain\avr\include\util\delay.h ****    algorithm can be made to round down, or round to closest integer,
 239:c:\users\nonej\documents\keyboard\msys64\home\nonej\qmk_utils\avr8-gnu-toolchain\avr\include\util\delay.h ****    respectively.
 240:c:\users\nonej\documents\keyboard\msys64\home\nonej\qmk_utils\avr8-gnu-toolchain\avr\include\util\delay.h **** 
 241:c:\users\nonej\documents\keyboard\msys64\home\nonej\qmk_utils\avr8-gnu-toolchain\avr\include\util\delay.h ****    \note
 242:c:\users\nonej\documents\keyboard\msys64\home\nonej\qmk_utils\avr8-gnu-toolchain\avr\include\util\delay.h **** 
 243:c:\users\nonej\documents\keyboard\msys64\home\nonej\qmk_utils\avr8-gnu-toolchain\avr\include\util\delay.h ****    The implementation of _delay_ms() based on
 244:c:\users\nonej\documents\keyboard\msys64\home\nonej\qmk_utils\avr8-gnu-toolchain\avr\include\util\delay.h ****    __builtin_avr_delay_cycles() is not backward compatible with older
 245:c:\users\nonej\documents\keyboard\msys64\home\nonej\qmk_utils\avr8-gnu-toolchain\avr\include\util\delay.h ****    implementations.  In order to get functionality backward compatible
 246:c:\users\nonej\documents\keyboard\msys64\home\nonej\qmk_utils\avr8-gnu-toolchain\avr\include\util\delay.h ****    with previous versions, the macro \c __DELAY_BACKWARD_COMPATIBLE__
 247:c:\users\nonej\documents\keyboard\msys64\home\nonej\qmk_utils\avr8-gnu-toolchain\avr\include\util\delay.h ****    must be defined before including this header file. Also, the
 248:c:\users\nonej\documents\keyboard\msys64\home\nonej\qmk_utils\avr8-gnu-toolchain\avr\include\util\delay.h ****    backward compatible algorithm will be chosen if the code is
 249:c:\users\nonej\documents\keyboard\msys64\home\nonej\qmk_utils\avr8-gnu-toolchain\avr\include\util\delay.h ****    compiled in a <em>freestanding environment</em> (GCC option
 250:c:\users\nonej\documents\keyboard\msys64\home\nonej\qmk_utils\avr8-gnu-toolchain\avr\include\util\delay.h ****    \c -ffreestanding), as the math functions required for rounding are
 251:c:\users\nonej\documents\keyboard\msys64\home\nonej\qmk_utils\avr8-gnu-toolchain\avr\include\util\delay.h ****    not available to the compiler then.
 252:c:\users\nonej\documents\keyboard\msys64\home\nonej\qmk_utils\avr8-gnu-toolchain\avr\include\util\delay.h **** 
 253:c:\users\nonej\documents\keyboard\msys64\home\nonej\qmk_utils\avr8-gnu-toolchain\avr\include\util\delay.h ****  */
 254:c:\users\nonej\documents\keyboard\msys64\home\nonej\qmk_utils\avr8-gnu-toolchain\avr\include\util\delay.h **** void
 255:c:\users\nonej\documents\keyboard\msys64\home\nonej\qmk_utils\avr8-gnu-toolchain\avr\include\util\delay.h **** _delay_us(double __us)
 329               		.loc 2 255 1 view .LVU51
 330               	.LBB12:
 256:c:\users\nonej\documents\keyboard\msys64\home\nonej\qmk_utils\avr8-gnu-toolchain\avr\include\util\delay.h **** {
 257:c:\users\nonej\documents\keyboard\msys64\home\nonej\qmk_utils\avr8-gnu-toolchain\avr\include\util\delay.h **** 	double __tmp ;
 331               		.loc 2 257 2 view .LVU52
 258:c:\users\nonej\documents\keyboard\msys64\home\nonej\qmk_utils\avr8-gnu-toolchain\avr\include\util\delay.h **** #if __HAS_DELAY_CYCLES && defined(__OPTIMIZE__) && \
 259:c:\users\nonej\documents\keyboard\msys64\home\nonej\qmk_utils\avr8-gnu-toolchain\avr\include\util\delay.h ****   !defined(__DELAY_BACKWARD_COMPATIBLE__) &&	   \
 260:c:\users\nonej\documents\keyboard\msys64\home\nonej\qmk_utils\avr8-gnu-toolchain\avr\include\util\delay.h ****   __STDC_HOSTED__
 261:c:\users\nonej\documents\keyboard\msys64\home\nonej\qmk_utils\avr8-gnu-toolchain\avr\include\util\delay.h **** 	uint32_t __ticks_dc;
 332               		.loc 2 261 2 view .LVU53
 262:c:\users\nonej\documents\keyboard\msys64\home\nonej\qmk_utils\avr8-gnu-toolchain\avr\include\util\delay.h **** 	extern void __builtin_avr_delay_cycles(unsigned long);
 333               		.loc 2 262 2 view .LVU54
 263:c:\users\nonej\documents\keyboard\msys64\home\nonej\qmk_utils\avr8-gnu-toolchain\avr\include\util\delay.h **** 	__tmp = ((F_CPU) / 1e6) * __us;
 334               		.loc 2 263 2 view .LVU55
 264:c:\users\nonej\documents\keyboard\msys64\home\nonej\qmk_utils\avr8-gnu-toolchain\avr\include\util\delay.h **** 
 265:c:\users\nonej\documents\keyboard\msys64\home\nonej\qmk_utils\avr8-gnu-toolchain\avr\include\util\delay.h **** 	#if defined(__DELAY_ROUND_DOWN__)
 266:c:\users\nonej\documents\keyboard\msys64\home\nonej\qmk_utils\avr8-gnu-toolchain\avr\include\util\delay.h **** 		__ticks_dc = (uint32_t)fabs(__tmp);
 267:c:\users\nonej\documents\keyboard\msys64\home\nonej\qmk_utils\avr8-gnu-toolchain\avr\include\util\delay.h **** 
 268:c:\users\nonej\documents\keyboard\msys64\home\nonej\qmk_utils\avr8-gnu-toolchain\avr\include\util\delay.h **** 	#elif defined(__DELAY_ROUND_CLOSEST__)
 269:c:\users\nonej\documents\keyboard\msys64\home\nonej\qmk_utils\avr8-gnu-toolchain\avr\include\util\delay.h **** 		__ticks_dc = (uint32_t)(fabs(__tmp)+0.5);
 270:c:\users\nonej\documents\keyboard\msys64\home\nonej\qmk_utils\avr8-gnu-toolchain\avr\include\util\delay.h **** 
 271:c:\users\nonej\documents\keyboard\msys64\home\nonej\qmk_utils\avr8-gnu-toolchain\avr\include\util\delay.h **** 	#else
 272:c:\users\nonej\documents\keyboard\msys64\home\nonej\qmk_utils\avr8-gnu-toolchain\avr\include\util\delay.h **** 		//round up by default
 273:c:\users\nonej\documents\keyboard\msys64\home\nonej\qmk_utils\avr8-gnu-toolchain\avr\include\util\delay.h **** 		__ticks_dc = (uint32_t)(ceil(fabs(__tmp)));
 335               		.loc 2 273 3 view .LVU56
 274:c:\users\nonej\documents\keyboard\msys64\home\nonej\qmk_utils\avr8-gnu-toolchain\avr\include\util\delay.h **** 	#endif
 275:c:\users\nonej\documents\keyboard\msys64\home\nonej\qmk_utils\avr8-gnu-toolchain\avr\include\util\delay.h **** 
 276:c:\users\nonej\documents\keyboard\msys64\home\nonej\qmk_utils\avr8-gnu-toolchain\avr\include\util\delay.h **** 	__builtin_avr_delay_cycles(__ticks_dc);
 336               		.loc 2 276 2 view .LVU57
 337 0000 80EA      		ldi r24,lo8(-96)
 338 0002 8A95      	1:	dec r24
 339 0004 01F4      		brne 1b
 340               	.LVL14:
 341               	/* epilogue start */
 342               		.loc 2 276 2 is_stmt 0 view .LVU58
 343               	.LBE12:
 344               	.LBE11:
 345               		.loc 1 86 1 view .LVU59
 346 0006 0895      		ret
 347               		.cfi_endproc
 348               	.LFE17:
 350               		.section	.text.matrix_init_custom,"ax",@progbits
 351               		.weak	matrix_init_custom
 353               	matrix_init_custom:
 354               	.LFB25:
 355               		.cfi_startproc
 356               	/* prologue: function */
 357               	/* frame size = 0 */
 358               	/* stack size = 0 */
 359               	.L__stack_usage = 0
 360               	/* epilogue start */
 361 0000 0895      		ret
 362               		.cfi_endproc
 363               	.LFE25:
 365               		.section	.text.matrix_scan_custom,"ax",@progbits
 366               		.weak	matrix_scan_custom
 368               	matrix_scan_custom:
 369               	.LVL15:
 370               	.LFB19:
  87:quantum/matrix_common.c **** 
  88:quantum/matrix_common.c **** // CUSTOM MATRIX 'LITE'
  89:quantum/matrix_common.c **** __attribute__((weak)) void matrix_init_custom(void) {}
  90:quantum/matrix_common.c **** 
  91:quantum/matrix_common.c **** __attribute__((weak)) bool matrix_scan_custom(matrix_row_t current_matrix[]) { return true; }
 371               		.loc 1 91 78 is_stmt 1 view -0
 372               		.cfi_startproc
 373               	/* prologue: function */
 374               	/* frame size = 0 */
 375               	/* stack size = 0 */
 376               	.L__stack_usage = 0
 377               		.loc 1 91 80 view .LVU61
 378               		.loc 1 91 1 is_stmt 0 view .LVU62
 379 0000 81E0      		ldi r24,lo8(1)
 380               	.LVL16:
 381               	/* epilogue start */
 382               		.loc 1 91 1 view .LVU63
 383 0002 0895      		ret
 384               		.cfi_endproc
 385               	.LFE19:
 387               		.section	.text.matrix_init,"ax",@progbits
 388               		.weak	matrix_init
 390               	matrix_init:
 391               	.LFB20:
  92:quantum/matrix_common.c **** 
  93:quantum/matrix_common.c **** __attribute__((weak)) void matrix_init(void) {
 392               		.loc 1 93 46 is_stmt 1 view -0
 393               		.cfi_startproc
 394               	/* prologue: function */
 395               	/* frame size = 0 */
 396               	/* stack size = 0 */
 397               	.L__stack_usage = 0
  94:quantum/matrix_common.c ****     matrix_init_custom();
 398               		.loc 1 94 5 view .LVU65
 399 0000 0E94 0000 		call matrix_init_custom
 400               	.LVL17:
  95:quantum/matrix_common.c **** 
  96:quantum/matrix_common.c ****     // initialize matrix state: all keys off
  97:quantum/matrix_common.c ****     for (uint8_t i = 0; i < MATRIX_ROWS; i++) {
 401               		.loc 1 97 5 view .LVU66
 402               	.LBB13:
 403               		.loc 1 97 10 view .LVU67
  98:quantum/matrix_common.c ****         raw_matrix[i] = 0;
 404               		.loc 1 98 9 view .LVU68
 405               		.loc 1 98 23 is_stmt 0 view .LVU69
 406 0004 A0E0      		ldi r26,lo8(raw_matrix)
 407 0006 B0E0      		ldi r27,hi8(raw_matrix)
 408 0008 1196      		adiw r26,1
 409 000a 1C92      		st X,__zero_reg__
 410 000c 1E92      		st -X,__zero_reg__
  99:quantum/matrix_common.c ****         matrix[i]     = 0;
 411               		.loc 1 99 9 is_stmt 1 view .LVU70
 412               		.loc 1 99 23 is_stmt 0 view .LVU71
 413 000e E0E0      		ldi r30,lo8(matrix)
 414 0010 F0E0      		ldi r31,hi8(matrix)
 415 0012 1182      		std Z+1,__zero_reg__
 416 0014 1082      		st Z,__zero_reg__
 417               	.LVL18:
  98:quantum/matrix_common.c ****         raw_matrix[i] = 0;
 418               		.loc 1 98 9 is_stmt 1 view .LVU72
  98:quantum/matrix_common.c ****         raw_matrix[i] = 0;
 419               		.loc 1 98 23 is_stmt 0 view .LVU73
 420 0016 1396      		adiw r26,2+1
 421 0018 1C92      		st X,__zero_reg__
 422 001a 1E92      		st -X,__zero_reg__
 423 001c 1297      		sbiw r26,2
 424               		.loc 1 99 9 is_stmt 1 view .LVU74
 425               		.loc 1 99 23 is_stmt 0 view .LVU75
 426 001e 1382      		std Z+3,__zero_reg__
 427 0020 1282      		std Z+2,__zero_reg__
 428               	.LVL19:
  98:quantum/matrix_common.c ****         raw_matrix[i] = 0;
 429               		.loc 1 98 9 is_stmt 1 view .LVU76
  98:quantum/matrix_common.c ****         raw_matrix[i] = 0;
 430               		.loc 1 98 23 is_stmt 0 view .LVU77
 431 0022 1596      		adiw r26,4+1
 432 0024 1C92      		st X,__zero_reg__
 433 0026 1E92      		st -X,__zero_reg__
 434 0028 1497      		sbiw r26,4
 435               		.loc 1 99 9 is_stmt 1 view .LVU78
 436               		.loc 1 99 23 is_stmt 0 view .LVU79
 437 002a 1582      		std Z+5,__zero_reg__
 438 002c 1482      		std Z+4,__zero_reg__
 439               	.LVL20:
  98:quantum/matrix_common.c ****         raw_matrix[i] = 0;
 440               		.loc 1 98 9 is_stmt 1 view .LVU80
  98:quantum/matrix_common.c ****         raw_matrix[i] = 0;
 441               		.loc 1 98 23 is_stmt 0 view .LVU81
 442 002e 1796      		adiw r26,6+1
 443 0030 1C92      		st X,__zero_reg__
 444 0032 1E92      		st -X,__zero_reg__
 445 0034 1697      		sbiw r26,6
 446               		.loc 1 99 9 is_stmt 1 view .LVU82
 447               		.loc 1 99 23 is_stmt 0 view .LVU83
 448 0036 1782      		std Z+7,__zero_reg__
 449 0038 1682      		std Z+6,__zero_reg__
 450               	.LVL21:
 451               		.loc 1 99 23 view .LVU84
 452               	.LBE13:
 100:quantum/matrix_common.c ****     }
 101:quantum/matrix_common.c **** 
 102:quantum/matrix_common.c ****     debounce_init(MATRIX_ROWS);
 453               		.loc 1 102 5 is_stmt 1 view .LVU85
 454 003a 84E0      		ldi r24,lo8(4)
 455 003c 0E94 0000 		call debounce_init
 456               	.LVL22:
 103:quantum/matrix_common.c **** 
 104:quantum/matrix_common.c ****     matrix_init_quantum();
 457               		.loc 1 104 5 view .LVU86
 458 0040 0C94 0000 		jmp matrix_init_quantum
 459               	.LVL23:
 460               		.cfi_endproc
 461               	.LFE20:
 463               		.section	.text.matrix_scan,"ax",@progbits
 464               		.weak	matrix_scan
 466               	matrix_scan:
 467               	.LFB21:
 105:quantum/matrix_common.c **** }
 106:quantum/matrix_common.c **** 
 107:quantum/matrix_common.c **** __attribute__((weak)) uint8_t matrix_scan(void) {
 468               		.loc 1 107 49 view -0
 469               		.cfi_startproc
 470 0000 CF93      		push r28
 471               	.LCFI3:
 472               		.cfi_def_cfa_offset 3
 473               		.cfi_offset 28, -2
 474               	/* prologue: function */
 475               	/* frame size = 0 */
 476               	/* stack size = 1 */
 477               	.L__stack_usage = 1
 108:quantum/matrix_common.c ****     bool changed = matrix_scan_custom(raw_matrix);
 478               		.loc 1 108 5 view .LVU88
 479               		.loc 1 108 20 is_stmt 0 view .LVU89
 480 0002 80E0      		ldi r24,lo8(raw_matrix)
 481 0004 90E0      		ldi r25,hi8(raw_matrix)
 482 0006 0E94 0000 		call matrix_scan_custom
 483               	.LVL24:
 484 000a C82F      		mov r28,r24
 485               	.LVL25:
 109:quantum/matrix_common.c **** 
 110:quantum/matrix_common.c ****     debounce(raw_matrix, matrix, MATRIX_ROWS, changed);
 486               		.loc 1 110 5 is_stmt 1 view .LVU90
 487 000c 282F      		mov r18,r24
 488 000e 44E0      		ldi r20,lo8(4)
 489 0010 60E0      		ldi r22,lo8(matrix)
 490 0012 70E0      		ldi r23,hi8(matrix)
 491 0014 80E0      		ldi r24,lo8(raw_matrix)
 492 0016 90E0      		ldi r25,hi8(raw_matrix)
 493               	.LVL26:
 494               		.loc 1 110 5 is_stmt 0 view .LVU91
 495 0018 0E94 0000 		call debounce
 496               	.LVL27:
 111:quantum/matrix_common.c **** 
 112:quantum/matrix_common.c ****     matrix_scan_quantum();
 497               		.loc 1 112 5 is_stmt 1 view .LVU92
 498 001c 0E94 0000 		call matrix_scan_quantum
 499               	.LVL28:
 113:quantum/matrix_common.c ****     return changed;
 500               		.loc 1 113 5 view .LVU93
 114:quantum/matrix_common.c **** }
 501               		.loc 1 114 1 is_stmt 0 view .LVU94
 502 0020 8C2F      		mov r24,r28
 503               	/* epilogue start */
 504 0022 CF91      		pop r28
 505               	.LVL29:
 506               		.loc 1 114 1 view .LVU95
 507 0024 0895      		ret
 508               		.cfi_endproc
 509               	.LFE21:
 511               		.comm	matrix,8,1
 512               		.comm	raw_matrix,8,1
 513               		.text
 514               	.Letext0:
 515               		.file 3 "c:\\users\\nonej\\documents\\keyboard\\msys64\\home\\nonej\\qmk_utils\\avr8-gnu-toolchain
 516               		.file 4 "tmk_core/common/matrix.h"
 517               		.file 5 "tmk_core/common/debug.h"
 518               		.file 6 "quantum/debounce.h"
 519               		.file 7 "tmk_core/common/util.h"
DEFINED SYMBOLS
                            *ABS*:00000000 matrix_common.c
C:\Users\nonej\Documents\Keyboard\msys64\tmp\ccqvEIPU.s:2      *ABS*:0000003e __SP_H__
C:\Users\nonej\Documents\Keyboard\msys64\tmp\ccqvEIPU.s:3      *ABS*:0000003d __SP_L__
C:\Users\nonej\Documents\Keyboard\msys64\tmp\ccqvEIPU.s:4      *ABS*:0000003f __SREG__
C:\Users\nonej\Documents\Keyboard\msys64\tmp\ccqvEIPU.s:5      *ABS*:00000000 __tmp_reg__
C:\Users\nonej\Documents\Keyboard\msys64\tmp\ccqvEIPU.s:6      *ABS*:00000001 __zero_reg__
C:\Users\nonej\Documents\Keyboard\msys64\tmp\ccqvEIPU.s:13     .text.matrix_init_user:00000000 matrix_init_user
C:\Users\nonej\Documents\Keyboard\msys64\tmp\ccqvEIPU.s:13     .text.matrix_init_user:00000000 matrix_init_user.localalias.0
C:\Users\nonej\Documents\Keyboard\msys64\tmp\ccqvEIPU.s:33     .text.matrix_init_kb:00000000 matrix_init_kb
C:\Users\nonej\Documents\Keyboard\msys64\tmp\ccqvEIPU.s:50     .text.matrix_scan_user:00000000 matrix_scan_user
C:\Users\nonej\Documents\Keyboard\msys64\tmp\ccqvEIPU.s:65     .text.matrix_scan_kb:00000000 matrix_scan_kb
C:\Users\nonej\Documents\Keyboard\msys64\tmp\ccqvEIPU.s:82     .text.matrix_rows:00000000 matrix_rows
C:\Users\nonej\Documents\Keyboard\msys64\tmp\ccqvEIPU.s:101    .text.matrix_cols:00000000 matrix_cols
C:\Users\nonej\Documents\Keyboard\msys64\tmp\ccqvEIPU.s:120    .text.matrix_is_on:00000000 matrix_is_on
                            *COM*:00000008 matrix
C:\Users\nonej\Documents\Keyboard\msys64\tmp\ccqvEIPU.s:168    .text.matrix_get_row:00000000 matrix_get_row
C:\Users\nonej\Documents\Keyboard\msys64\tmp\ccqvEIPU.s:198    .text.matrix_is_modified:00000000 matrix_is_modified
C:\Users\nonej\Documents\Keyboard\msys64\tmp\ccqvEIPU.s:221    .text.matrix_print:00000000 matrix_print
C:\Users\nonej\Documents\Keyboard\msys64\tmp\ccqvEIPU.s:242    .text.matrix_key_count:00000000 matrix_key_count
C:\Users\nonej\Documents\Keyboard\msys64\tmp\ccqvEIPU.s:316    .text.matrix_io_delay:00000000 matrix_io_delay
C:\Users\nonej\Documents\Keyboard\msys64\tmp\ccqvEIPU.s:353    .text.matrix_init_custom:00000000 matrix_init_custom
C:\Users\nonej\Documents\Keyboard\msys64\tmp\ccqvEIPU.s:368    .text.matrix_scan_custom:00000000 matrix_scan_custom
C:\Users\nonej\Documents\Keyboard\msys64\tmp\ccqvEIPU.s:390    .text.matrix_init:00000000 matrix_init
                            *COM*:00000008 raw_matrix
C:\Users\nonej\Documents\Keyboard\msys64\tmp\ccqvEIPU.s:466    .text.matrix_scan:00000000 matrix_scan

UNDEFINED SYMBOLS
debounce_active
bitpop16
debounce_init
matrix_init_quantum
debounce
matrix_scan_quantum
__do_clear_bss
