   1               		.file	"bootloader.c"
   2               	__SP_H__ = 0x3e
   3               	__SP_L__ = 0x3d
   4               	__SREG__ = 0x3f
   5               	__tmp_reg__ = 0
   6               	__zero_reg__ = 1
   7               		.file 1 "c:\\users\\nonej\\documents\\keyboard\\msys64\\home\\nonej\\qmk_utils\\avr8-gnu-toolchain
   8               		.file 2 "lib/lufa/LUFA/Drivers/USB/Core/AVR8/../StdRequestType.h"
   9               		.file 3 "lib/lufa/LUFA/Drivers/USB/Core/AVR8/../DeviceStandardReq.h"
  10               		.file 4 "lib/lufa/LUFA/Drivers/USB/Core/USBTask.h"
  11               		.file 5 "lib/lufa/LUFA/Drivers/USB/Core/HostStandardReq.h"
  12               		.file 6 "c:\\users\\nonej\\documents\\keyboard\\msys64\\home\\nonej\\qmk_utils\\avr8-gnu-toolchain
  13               		.file 7 "tmk_core/common/avr/bootloader.c"
  14               		.file 8 "c:\\users\\nonej\\documents\\keyboard\\msys64\\home\\nonej\\qmk_utils\\avr8-gnu-toolchain
  15               		.file 9 "c:\\users\\nonej\\documents\\keyboard\\msys64\\home\\nonej\\qmk_utils\\avr8-gnu-toolchain
  16               		.section	.gnu.debuglto_.debug_info,"",@progbits
  17               	.Ldebug_info0:
  18               		.hidden	bootloader.c.a62742bd
  19               		.weak	bootloader.c.a62742bd
  20               	bootloader.c.a62742bd:
  21 0000 EF02 0000 		.long	0x2ef
  22 0004 0200      		.word	0x2
  23 0006 0000 0000 		.long	.Ldebug_abbrev0
  24 000a 04        		.byte	0x4
  25 000b 01        		.uleb128 0x1
  26 000c 0000 0000 		.long	.LASF40
  27 0010 0C        		.byte	0xc
  28 0011 0000 0000 		.long	.LASF41
  29 0015 0000 0000 		.long	.LASF42
  30 0019 0000 0000 		.long	.Ldebug_line0
  31 001d 02        		.uleb128 0x2
  32 001e 01        		.byte	0x1
  33 001f 06        		.byte	0x6
  34 0020 0000 0000 		.long	.LASF0
  35 0024 03        		.uleb128 0x3
  36 0025 0000 0000 		.long	.LASF2
  37 0029 01        		.byte	0x1
  38 002a 7E        		.byte	0x7e
  39 002b 16        		.byte	0x16
  40 002c 3A00 0000 		.long	0x3a
  41 0030 04        		.uleb128 0x4
  42 0031 2400 0000 		.long	0x24
  43 0035 05        		.uleb128 0x5
  44 0036 2400 0000 		.long	0x24
  45 003a 02        		.uleb128 0x2
  46 003b 01        		.byte	0x1
  47 003c 08        		.byte	0x8
  48 003d 0000 0000 		.long	.LASF1
  49 0041 06        		.uleb128 0x6
  50 0042 02        		.byte	0x2
  51 0043 05        		.byte	0x5
  52 0044 696E 7400 		.string	"int"
  53 0048 03        		.uleb128 0x3
  54 0049 0000 0000 		.long	.LASF3
  55 004d 01        		.byte	0x1
  56 004e 80        		.byte	0x80
  57 004f 16        		.byte	0x16
  58 0050 5400 0000 		.long	0x54
  59 0054 02        		.uleb128 0x2
  60 0055 02        		.byte	0x2
  61 0056 07        		.byte	0x7
  62 0057 0000 0000 		.long	.LASF4
  63 005b 02        		.uleb128 0x2
  64 005c 04        		.byte	0x4
  65 005d 05        		.byte	0x5
  66 005e 0000 0000 		.long	.LASF5
  67 0062 03        		.uleb128 0x3
  68 0063 0000 0000 		.long	.LASF6
  69 0067 01        		.byte	0x1
  70 0068 82        		.byte	0x82
  71 0069 16        		.byte	0x16
  72 006a 6E00 0000 		.long	0x6e
  73 006e 02        		.uleb128 0x2
  74 006f 04        		.byte	0x4
  75 0070 07        		.byte	0x7
  76 0071 0000 0000 		.long	.LASF7
  77 0075 02        		.uleb128 0x2
  78 0076 08        		.byte	0x8
  79 0077 05        		.byte	0x5
  80 0078 0000 0000 		.long	.LASF8
  81 007c 02        		.uleb128 0x2
  82 007d 08        		.byte	0x8
  83 007e 07        		.byte	0x7
  84 007f 0000 0000 		.long	.LASF9
  85 0083 07        		.uleb128 0x7
  86 0084 08        		.byte	0x8
  87 0085 02        		.byte	0x2
  88 0086 A3        		.byte	0xa3
  89 0087 0C        		.byte	0xc
  90 0088 D800 0000 		.long	0xd8
  91 008c 08        		.uleb128 0x8
  92 008d 0000 0000 		.long	.LASF10
  93 0091 02        		.byte	0x2
  94 0092 A5        		.byte	0xa5
  95 0093 0E        		.byte	0xe
  96 0094 2400 0000 		.long	0x24
  97 0098 02        		.byte	0x2
  98 0099 23        		.byte	0x23
  99 009a 00        		.uleb128 0
 100 009b 08        		.uleb128 0x8
 101 009c 0000 0000 		.long	.LASF11
 102 00a0 02        		.byte	0x2
 103 00a1 A6        		.byte	0xa6
 104 00a2 0E        		.byte	0xe
 105 00a3 2400 0000 		.long	0x24
 106 00a7 02        		.byte	0x2
 107 00a8 23        		.byte	0x23
 108 00a9 01        		.uleb128 0x1
 109 00aa 08        		.uleb128 0x8
 110 00ab 0000 0000 		.long	.LASF12
 111 00af 02        		.byte	0x2
 112 00b0 A7        		.byte	0xa7
 113 00b1 0E        		.byte	0xe
 114 00b2 4800 0000 		.long	0x48
 115 00b6 02        		.byte	0x2
 116 00b7 23        		.byte	0x23
 117 00b8 02        		.uleb128 0x2
 118 00b9 08        		.uleb128 0x8
 119 00ba 0000 0000 		.long	.LASF13
 120 00be 02        		.byte	0x2
 121 00bf A8        		.byte	0xa8
 122 00c0 0E        		.byte	0xe
 123 00c1 4800 0000 		.long	0x48
 124 00c5 02        		.byte	0x2
 125 00c6 23        		.byte	0x23
 126 00c7 04        		.uleb128 0x4
 127 00c8 08        		.uleb128 0x8
 128 00c9 0000 0000 		.long	.LASF14
 129 00cd 02        		.byte	0x2
 130 00ce A9        		.byte	0xa9
 131 00cf 0E        		.byte	0xe
 132 00d0 4800 0000 		.long	0x48
 133 00d4 02        		.byte	0x2
 134 00d5 23        		.byte	0x23
 135 00d6 06        		.uleb128 0x6
 136 00d7 00        		.byte	0
 137 00d8 03        		.uleb128 0x3
 138 00d9 0000 0000 		.long	.LASF15
 139 00dd 02        		.byte	0x2
 140 00de AA        		.byte	0xaa
 141 00df 12        		.byte	0x12
 142 00e0 8300 0000 		.long	0x83
 143 00e4 09        		.uleb128 0x9
 144 00e5 0000 0000 		.long	.LASF16
 145 00e9 03        		.byte	0x3
 146 00ea 5E        		.byte	0x5e
 147 00eb 13        		.byte	0x13
 148 00ec 2400 0000 		.long	0x24
 149 00f0 01        		.byte	0x1
 150 00f1 01        		.byte	0x1
 151 00f2 09        		.uleb128 0x9
 152 00f3 0000 0000 		.long	.LASF17
 153 00f7 03        		.byte	0x3
 154 00f8 6E        		.byte	0x6e
 155 00f9 11        		.byte	0x11
 156 00fa 0001 0000 		.long	0x100
 157 00fe 01        		.byte	0x1
 158 00ff 01        		.byte	0x1
 159 0100 02        		.uleb128 0x2
 160 0101 01        		.byte	0x1
 161 0102 02        		.byte	0x2
 162 0103 0000 0000 		.long	.LASF18
 163 0107 04        		.uleb128 0x4
 164 0108 0001 0000 		.long	0x100
 165 010c 09        		.uleb128 0x9
 166 010d 0000 0000 		.long	.LASF19
 167 0111 03        		.byte	0x3
 168 0112 78        		.byte	0x78
 169 0113 11        		.byte	0x11
 170 0114 0001 0000 		.long	0x100
 171 0118 01        		.byte	0x1
 172 0119 01        		.byte	0x1
 173 011a 09        		.uleb128 0x9
 174 011b 0000 0000 		.long	.LASF20
 175 011f 04        		.byte	0x4
 176 0120 51        		.byte	0x51
 177 0121 19        		.byte	0x19
 178 0122 0701 0000 		.long	0x107
 179 0126 01        		.byte	0x1
 180 0127 01        		.byte	0x1
 181 0128 09        		.uleb128 0x9
 182 0129 0000 0000 		.long	.LASF21
 183 012d 04        		.byte	0x4
 184 012e 5B        		.byte	0x5b
 185 012f 21        		.byte	0x21
 186 0130 D800 0000 		.long	0xd8
 187 0134 01        		.byte	0x1
 188 0135 01        		.byte	0x1
 189 0136 09        		.uleb128 0x9
 190 0137 0000 0000 		.long	.LASF22
 191 013b 04        		.byte	0x4
 192 013c 90        		.byte	0x90
 193 013d 1E        		.byte	0x1e
 194 013e 3000 0000 		.long	0x30
 195 0142 01        		.byte	0x1
 196 0143 01        		.byte	0x1
 197 0144 09        		.uleb128 0x9
 198 0145 0000 0000 		.long	.LASF23
 199 0149 05        		.byte	0x5
 200 014a 67        		.byte	0x67
 201 014b 13        		.byte	0x13
 202 014c 2400 0000 		.long	0x24
 203 0150 01        		.byte	0x1
 204 0151 01        		.byte	0x1
 205 0152 0A        		.uleb128 0xa
 206 0153 02        		.byte	0x2
 207 0154 0B        		.uleb128 0xb
 208 0155 0000 0000 		.long	.LASF43
 209 0159 0E        		.byte	0xe
 210 015a 06        		.byte	0x6
 211 015b F4        		.byte	0xf4
 212 015c 08        		.byte	0x8
 213 015d DF01 0000 		.long	0x1df
 214 0161 0C        		.uleb128 0xc
 215 0162 6275 6600 		.string	"buf"
 216 0166 06        		.byte	0x6
 217 0167 F5        		.byte	0xf5
 218 0168 08        		.byte	0x8
 219 0169 DF01 0000 		.long	0x1df
 220 016d 02        		.byte	0x2
 221 016e 23        		.byte	0x23
 222 016f 00        		.uleb128 0
 223 0170 08        		.uleb128 0x8
 224 0171 0000 0000 		.long	.LASF24
 225 0175 06        		.byte	0x6
 226 0176 F6        		.byte	0xf6
 227 0177 10        		.byte	0x10
 228 0178 3A00 0000 		.long	0x3a
 229 017c 02        		.byte	0x2
 230 017d 23        		.byte	0x23
 231 017e 02        		.uleb128 0x2
 232 017f 08        		.uleb128 0x8
 233 0180 0000 0000 		.long	.LASF25
 234 0184 06        		.byte	0x6
 235 0185 F7        		.byte	0xf7
 236 0186 0A        		.byte	0xa
 237 0187 2400 0000 		.long	0x24
 238 018b 02        		.byte	0x2
 239 018c 23        		.byte	0x23
 240 018d 03        		.uleb128 0x3
 241 018e 0D        		.uleb128 0xd
 242 018f 0000 0000 		.long	.LASF26
 243 0193 06        		.byte	0x6
 244 0194 0701      		.word	0x107
 245 0196 06        		.byte	0x6
 246 0197 4100 0000 		.long	0x41
 247 019b 02        		.byte	0x2
 248 019c 23        		.byte	0x23
 249 019d 04        		.uleb128 0x4
 250 019e 0E        		.uleb128 0xe
 251 019f 6C65 6E00 		.string	"len"
 252 01a3 06        		.byte	0x6
 253 01a4 0801      		.word	0x108
 254 01a6 06        		.byte	0x6
 255 01a7 4100 0000 		.long	0x41
 256 01ab 02        		.byte	0x2
 257 01ac 23        		.byte	0x23
 258 01ad 06        		.uleb128 0x6
 259 01ae 0E        		.uleb128 0xe
 260 01af 7075 7400 		.string	"put"
 261 01b3 06        		.byte	0x6
 262 01b4 0901      		.word	0x109
 263 01b6 08        		.byte	0x8
 264 01b7 0702 0000 		.long	0x207
 265 01bb 02        		.byte	0x2
 266 01bc 23        		.byte	0x23
 267 01bd 08        		.uleb128 0x8
 268 01be 0E        		.uleb128 0xe
 269 01bf 6765 7400 		.string	"get"
 270 01c3 06        		.byte	0x6
 271 01c4 0A01      		.word	0x10a
 272 01c6 08        		.byte	0x8
 273 01c7 1D02 0000 		.long	0x21d
 274 01cb 02        		.byte	0x2
 275 01cc 23        		.byte	0x23
 276 01cd 0A        		.uleb128 0xa
 277 01ce 0D        		.uleb128 0xd
 278 01cf 0000 0000 		.long	.LASF27
 279 01d3 06        		.byte	0x6
 280 01d4 0B01      		.word	0x10b
 281 01d6 08        		.byte	0x8
 282 01d7 5201 0000 		.long	0x152
 283 01db 02        		.byte	0x2
 284 01dc 23        		.byte	0x23
 285 01dd 0C        		.uleb128 0xc
 286 01de 00        		.byte	0
 287 01df 0F        		.uleb128 0xf
 288 01e0 02        		.byte	0x2
 289 01e1 E501 0000 		.long	0x1e5
 290 01e5 02        		.uleb128 0x2
 291 01e6 01        		.byte	0x1
 292 01e7 08        		.byte	0x8
 293 01e8 0000 0000 		.long	.LASF28
 294 01ec 10        		.uleb128 0x10
 295 01ed 01        		.byte	0x1
 296 01ee 4100 0000 		.long	0x41
 297 01f2 0102 0000 		.long	0x201
 298 01f6 11        		.uleb128 0x11
 299 01f7 E501 0000 		.long	0x1e5
 300 01fb 11        		.uleb128 0x11
 301 01fc 0102 0000 		.long	0x201
 302 0200 00        		.byte	0
 303 0201 0F        		.uleb128 0xf
 304 0202 02        		.byte	0x2
 305 0203 5401 0000 		.long	0x154
 306 0207 0F        		.uleb128 0xf
 307 0208 02        		.byte	0x2
 308 0209 EC01 0000 		.long	0x1ec
 309 020d 10        		.uleb128 0x10
 310 020e 01        		.byte	0x1
 311 020f 4100 0000 		.long	0x41
 312 0213 1D02 0000 		.long	0x21d
 313 0217 11        		.uleb128 0x11
 314 0218 0102 0000 		.long	0x201
 315 021c 00        		.byte	0
 316 021d 0F        		.uleb128 0xf
 317 021e 02        		.byte	0x2
 318 021f 0D02 0000 		.long	0x20d
 319 0223 12        		.uleb128 0x12
 320 0224 0102 0000 		.long	0x201
 321 0228 2E02 0000 		.long	0x22e
 322 022c 13        		.uleb128 0x13
 323 022d 00        		.byte	0
 324 022e 14        		.uleb128 0x14
 325 022f 0000 0000 		.long	.LASF29
 326 0233 06        		.byte	0x6
 327 0234 9701      		.word	0x197
 328 0236 17        		.byte	0x17
 329 0237 2302 0000 		.long	0x223
 330 023b 01        		.byte	0x1
 331 023c 01        		.byte	0x1
 332 023d 15        		.uleb128 0x15
 333 023e 0000 0000 		.long	.LASF44
 334 0242 07        		.byte	0x7
 335 0243 4A        		.byte	0x4a
 336 0244 0A        		.byte	0xa
 337 0245 6200 0000 		.long	0x62
 338 0249 01        		.byte	0x1
 339 024a 16        		.uleb128 0x16
 340 024b 01        		.byte	0x1
 341 024c 0000 0000 		.long	.LASF30
 342 0250 07        		.byte	0x7
 343 0251 1101      		.word	0x111
 344 0253 06        		.byte	0x6
 345 0254 01        		.byte	0x1
 346 0255 17        		.uleb128 0x17
 347 0256 01        		.byte	0x1
 348 0257 0000 0000 		.long	.LASF31
 349 025b 07        		.byte	0x7
 350 025c 50        		.byte	0x50
 351 025d 06        		.byte	0x6
 352 025e 01        		.byte	0x1
 353 025f 18        		.uleb128 0x18
 354 0260 0000 0000 		.long	.LASF35
 355 0264 08        		.byte	0x8
 356 0265 A6        		.byte	0xa6
 357 0266 01        		.byte	0x1
 358 0267 01        		.byte	0x1
 359 0268 A202 0000 		.long	0x2a2
 360 026c 19        		.uleb128 0x19
 361 026d 0000 0000 		.long	.LASF38
 362 0271 08        		.byte	0x8
 363 0272 A6        		.byte	0xa6
 364 0273 12        		.byte	0x12
 365 0274 A202 0000 		.long	0x2a2
 366 0278 1A        		.uleb128 0x1a
 367 0279 0000 0000 		.long	.LASF32
 368 027d 08        		.byte	0x8
 369 027e A8        		.byte	0xa8
 370 027f 09        		.byte	0x9
 371 0280 A202 0000 		.long	0x2a2
 372 0284 1A        		.uleb128 0x1a
 373 0285 0000 0000 		.long	.LASF33
 374 0289 08        		.byte	0x8
 375 028a AC        		.byte	0xac
 376 028b 0B        		.byte	0xb
 377 028c 6200 0000 		.long	0x62
 378 0290 1B        		.uleb128 0x1b
 379 0291 01        		.byte	0x1
 380 0292 0000 0000 		.long	.LASF45
 381 0296 08        		.byte	0x8
 382 0297 AD        		.byte	0xad
 383 0298 0E        		.byte	0xe
 384 0299 01        		.byte	0x1
 385 029a 01        		.byte	0x1
 386 029b 11        		.uleb128 0x11
 387 029c 6E00 0000 		.long	0x6e
 388 02a0 00        		.byte	0
 389 02a1 00        		.byte	0
 390 02a2 02        		.uleb128 0x2
 391 02a3 04        		.byte	0x4
 392 02a4 04        		.byte	0x4
 393 02a5 0000 0000 		.long	.LASF34
 394 02a9 1C        		.uleb128 0x1c
 395 02aa 0000 0000 		.long	.LASF36
 396 02ae 09        		.byte	0x9
 397 02af BF01      		.word	0x1bf
 398 02b1 06        		.byte	0x6
 399 02b2 01        		.byte	0x1
 400 02b3 DA02 0000 		.long	0x2da
 401 02b7 1D        		.uleb128 0x1d
 402 02b8 CA02 0000 		.long	0x2ca
 403 02bc 1E        		.uleb128 0x1e
 404 02bd 0000 0000 		.long	.LASF37
 405 02c1 09        		.byte	0x9
 406 02c2 C301      		.word	0x1c3
 407 02c4 1A        		.byte	0x1a
 408 02c5 2400 0000 		.long	0x24
 409 02c9 00        		.byte	0
 410 02ca 1F        		.uleb128 0x1f
 411 02cb 1E        		.uleb128 0x1e
 412 02cc 0000 0000 		.long	.LASF37
 413 02d0 09        		.byte	0x9
 414 02d1 D501      		.word	0x1d5
 415 02d3 1A        		.byte	0x1a
 416 02d4 2400 0000 		.long	0x24
 417 02d8 00        		.byte	0
 418 02d9 00        		.byte	0
 419 02da 20        		.uleb128 0x20
 420 02db 0000 0000 		.long	.LASF46
 421 02df 09        		.byte	0x9
 422 02e0 9701      		.word	0x197
 423 02e2 06        		.byte	0x6
 424 02e3 01        		.byte	0x1
 425 02e4 21        		.uleb128 0x21
 426 02e5 0000 0000 		.long	.LASF39
 427 02e9 09        		.byte	0x9
 428 02ea 9701      		.word	0x197
 429 02ec 20        		.byte	0x20
 430 02ed 3500 0000 		.long	0x35
 431 02f1 00        		.byte	0
 432 02f2 00        		.byte	0
 433               		.section	.gnu.debuglto_.debug_abbrev,"",@progbits
 434               	.Ldebug_abbrev0:
 435 0000 01        		.uleb128 0x1
 436 0001 11        		.uleb128 0x11
 437 0002 01        		.byte	0x1
 438 0003 25        		.uleb128 0x25
 439 0004 0E        		.uleb128 0xe
 440 0005 13        		.uleb128 0x13
 441 0006 0B        		.uleb128 0xb
 442 0007 03        		.uleb128 0x3
 443 0008 0E        		.uleb128 0xe
 444 0009 1B        		.uleb128 0x1b
 445 000a 0E        		.uleb128 0xe
 446 000b 10        		.uleb128 0x10
 447 000c 06        		.uleb128 0x6
 448 000d 00        		.byte	0
 449 000e 00        		.byte	0
 450 000f 02        		.uleb128 0x2
 451 0010 24        		.uleb128 0x24
 452 0011 00        		.byte	0
 453 0012 0B        		.uleb128 0xb
 454 0013 0B        		.uleb128 0xb
 455 0014 3E        		.uleb128 0x3e
 456 0015 0B        		.uleb128 0xb
 457 0016 03        		.uleb128 0x3
 458 0017 0E        		.uleb128 0xe
 459 0018 00        		.byte	0
 460 0019 00        		.byte	0
 461 001a 03        		.uleb128 0x3
 462 001b 16        		.uleb128 0x16
 463 001c 00        		.byte	0
 464 001d 03        		.uleb128 0x3
 465 001e 0E        		.uleb128 0xe
 466 001f 3A        		.uleb128 0x3a
 467 0020 0B        		.uleb128 0xb
 468 0021 3B        		.uleb128 0x3b
 469 0022 0B        		.uleb128 0xb
 470 0023 39        		.uleb128 0x39
 471 0024 0B        		.uleb128 0xb
 472 0025 49        		.uleb128 0x49
 473 0026 13        		.uleb128 0x13
 474 0027 00        		.byte	0
 475 0028 00        		.byte	0
 476 0029 04        		.uleb128 0x4
 477 002a 35        		.uleb128 0x35
 478 002b 00        		.byte	0
 479 002c 49        		.uleb128 0x49
 480 002d 13        		.uleb128 0x13
 481 002e 00        		.byte	0
 482 002f 00        		.byte	0
 483 0030 05        		.uleb128 0x5
 484 0031 26        		.uleb128 0x26
 485 0032 00        		.byte	0
 486 0033 49        		.uleb128 0x49
 487 0034 13        		.uleb128 0x13
 488 0035 00        		.byte	0
 489 0036 00        		.byte	0
 490 0037 06        		.uleb128 0x6
 491 0038 24        		.uleb128 0x24
 492 0039 00        		.byte	0
 493 003a 0B        		.uleb128 0xb
 494 003b 0B        		.uleb128 0xb
 495 003c 3E        		.uleb128 0x3e
 496 003d 0B        		.uleb128 0xb
 497 003e 03        		.uleb128 0x3
 498 003f 08        		.uleb128 0x8
 499 0040 00        		.byte	0
 500 0041 00        		.byte	0
 501 0042 07        		.uleb128 0x7
 502 0043 13        		.uleb128 0x13
 503 0044 01        		.byte	0x1
 504 0045 0B        		.uleb128 0xb
 505 0046 0B        		.uleb128 0xb
 506 0047 3A        		.uleb128 0x3a
 507 0048 0B        		.uleb128 0xb
 508 0049 3B        		.uleb128 0x3b
 509 004a 0B        		.uleb128 0xb
 510 004b 39        		.uleb128 0x39
 511 004c 0B        		.uleb128 0xb
 512 004d 01        		.uleb128 0x1
 513 004e 13        		.uleb128 0x13
 514 004f 00        		.byte	0
 515 0050 00        		.byte	0
 516 0051 08        		.uleb128 0x8
 517 0052 0D        		.uleb128 0xd
 518 0053 00        		.byte	0
 519 0054 03        		.uleb128 0x3
 520 0055 0E        		.uleb128 0xe
 521 0056 3A        		.uleb128 0x3a
 522 0057 0B        		.uleb128 0xb
 523 0058 3B        		.uleb128 0x3b
 524 0059 0B        		.uleb128 0xb
 525 005a 39        		.uleb128 0x39
 526 005b 0B        		.uleb128 0xb
 527 005c 49        		.uleb128 0x49
 528 005d 13        		.uleb128 0x13
 529 005e 38        		.uleb128 0x38
 530 005f 0A        		.uleb128 0xa
 531 0060 00        		.byte	0
 532 0061 00        		.byte	0
 533 0062 09        		.uleb128 0x9
 534 0063 34        		.uleb128 0x34
 535 0064 00        		.byte	0
 536 0065 03        		.uleb128 0x3
 537 0066 0E        		.uleb128 0xe
 538 0067 3A        		.uleb128 0x3a
 539 0068 0B        		.uleb128 0xb
 540 0069 3B        		.uleb128 0x3b
 541 006a 0B        		.uleb128 0xb
 542 006b 39        		.uleb128 0x39
 543 006c 0B        		.uleb128 0xb
 544 006d 49        		.uleb128 0x49
 545 006e 13        		.uleb128 0x13
 546 006f 3F        		.uleb128 0x3f
 547 0070 0C        		.uleb128 0xc
 548 0071 3C        		.uleb128 0x3c
 549 0072 0C        		.uleb128 0xc
 550 0073 00        		.byte	0
 551 0074 00        		.byte	0
 552 0075 0A        		.uleb128 0xa
 553 0076 0F        		.uleb128 0xf
 554 0077 00        		.byte	0
 555 0078 0B        		.uleb128 0xb
 556 0079 0B        		.uleb128 0xb
 557 007a 00        		.byte	0
 558 007b 00        		.byte	0
 559 007c 0B        		.uleb128 0xb
 560 007d 13        		.uleb128 0x13
 561 007e 01        		.byte	0x1
 562 007f 03        		.uleb128 0x3
 563 0080 0E        		.uleb128 0xe
 564 0081 0B        		.uleb128 0xb
 565 0082 0B        		.uleb128 0xb
 566 0083 3A        		.uleb128 0x3a
 567 0084 0B        		.uleb128 0xb
 568 0085 3B        		.uleb128 0x3b
 569 0086 0B        		.uleb128 0xb
 570 0087 39        		.uleb128 0x39
 571 0088 0B        		.uleb128 0xb
 572 0089 01        		.uleb128 0x1
 573 008a 13        		.uleb128 0x13
 574 008b 00        		.byte	0
 575 008c 00        		.byte	0
 576 008d 0C        		.uleb128 0xc
 577 008e 0D        		.uleb128 0xd
 578 008f 00        		.byte	0
 579 0090 03        		.uleb128 0x3
 580 0091 08        		.uleb128 0x8
 581 0092 3A        		.uleb128 0x3a
 582 0093 0B        		.uleb128 0xb
 583 0094 3B        		.uleb128 0x3b
 584 0095 0B        		.uleb128 0xb
 585 0096 39        		.uleb128 0x39
 586 0097 0B        		.uleb128 0xb
 587 0098 49        		.uleb128 0x49
 588 0099 13        		.uleb128 0x13
 589 009a 38        		.uleb128 0x38
 590 009b 0A        		.uleb128 0xa
 591 009c 00        		.byte	0
 592 009d 00        		.byte	0
 593 009e 0D        		.uleb128 0xd
 594 009f 0D        		.uleb128 0xd
 595 00a0 00        		.byte	0
 596 00a1 03        		.uleb128 0x3
 597 00a2 0E        		.uleb128 0xe
 598 00a3 3A        		.uleb128 0x3a
 599 00a4 0B        		.uleb128 0xb
 600 00a5 3B        		.uleb128 0x3b
 601 00a6 05        		.uleb128 0x5
 602 00a7 39        		.uleb128 0x39
 603 00a8 0B        		.uleb128 0xb
 604 00a9 49        		.uleb128 0x49
 605 00aa 13        		.uleb128 0x13
 606 00ab 38        		.uleb128 0x38
 607 00ac 0A        		.uleb128 0xa
 608 00ad 00        		.byte	0
 609 00ae 00        		.byte	0
 610 00af 0E        		.uleb128 0xe
 611 00b0 0D        		.uleb128 0xd
 612 00b1 00        		.byte	0
 613 00b2 03        		.uleb128 0x3
 614 00b3 08        		.uleb128 0x8
 615 00b4 3A        		.uleb128 0x3a
 616 00b5 0B        		.uleb128 0xb
 617 00b6 3B        		.uleb128 0x3b
 618 00b7 05        		.uleb128 0x5
 619 00b8 39        		.uleb128 0x39
 620 00b9 0B        		.uleb128 0xb
 621 00ba 49        		.uleb128 0x49
 622 00bb 13        		.uleb128 0x13
 623 00bc 38        		.uleb128 0x38
 624 00bd 0A        		.uleb128 0xa
 625 00be 00        		.byte	0
 626 00bf 00        		.byte	0
 627 00c0 0F        		.uleb128 0xf
 628 00c1 0F        		.uleb128 0xf
 629 00c2 00        		.byte	0
 630 00c3 0B        		.uleb128 0xb
 631 00c4 0B        		.uleb128 0xb
 632 00c5 49        		.uleb128 0x49
 633 00c6 13        		.uleb128 0x13
 634 00c7 00        		.byte	0
 635 00c8 00        		.byte	0
 636 00c9 10        		.uleb128 0x10
 637 00ca 15        		.uleb128 0x15
 638 00cb 01        		.byte	0x1
 639 00cc 27        		.uleb128 0x27
 640 00cd 0C        		.uleb128 0xc
 641 00ce 49        		.uleb128 0x49
 642 00cf 13        		.uleb128 0x13
 643 00d0 01        		.uleb128 0x1
 644 00d1 13        		.uleb128 0x13
 645 00d2 00        		.byte	0
 646 00d3 00        		.byte	0
 647 00d4 11        		.uleb128 0x11
 648 00d5 05        		.uleb128 0x5
 649 00d6 00        		.byte	0
 650 00d7 49        		.uleb128 0x49
 651 00d8 13        		.uleb128 0x13
 652 00d9 00        		.byte	0
 653 00da 00        		.byte	0
 654 00db 12        		.uleb128 0x12
 655 00dc 01        		.uleb128 0x1
 656 00dd 01        		.byte	0x1
 657 00de 49        		.uleb128 0x49
 658 00df 13        		.uleb128 0x13
 659 00e0 01        		.uleb128 0x1
 660 00e1 13        		.uleb128 0x13
 661 00e2 00        		.byte	0
 662 00e3 00        		.byte	0
 663 00e4 13        		.uleb128 0x13
 664 00e5 21        		.uleb128 0x21
 665 00e6 00        		.byte	0
 666 00e7 00        		.byte	0
 667 00e8 00        		.byte	0
 668 00e9 14        		.uleb128 0x14
 669 00ea 34        		.uleb128 0x34
 670 00eb 00        		.byte	0
 671 00ec 03        		.uleb128 0x3
 672 00ed 0E        		.uleb128 0xe
 673 00ee 3A        		.uleb128 0x3a
 674 00ef 0B        		.uleb128 0xb
 675 00f0 3B        		.uleb128 0x3b
 676 00f1 05        		.uleb128 0x5
 677 00f2 39        		.uleb128 0x39
 678 00f3 0B        		.uleb128 0xb
 679 00f4 49        		.uleb128 0x49
 680 00f5 13        		.uleb128 0x13
 681 00f6 3F        		.uleb128 0x3f
 682 00f7 0C        		.uleb128 0xc
 683 00f8 3C        		.uleb128 0x3c
 684 00f9 0C        		.uleb128 0xc
 685 00fa 00        		.byte	0
 686 00fb 00        		.byte	0
 687 00fc 15        		.uleb128 0x15
 688 00fd 34        		.uleb128 0x34
 689 00fe 00        		.byte	0
 690 00ff 03        		.uleb128 0x3
 691 0100 0E        		.uleb128 0xe
 692 0101 3A        		.uleb128 0x3a
 693 0102 0B        		.uleb128 0xb
 694 0103 3B        		.uleb128 0x3b
 695 0104 0B        		.uleb128 0xb
 696 0105 39        		.uleb128 0x39
 697 0106 0B        		.uleb128 0xb
 698 0107 49        		.uleb128 0x49
 699 0108 13        		.uleb128 0x13
 700 0109 3F        		.uleb128 0x3f
 701 010a 0C        		.uleb128 0xc
 702 010b 00        		.byte	0
 703 010c 00        		.byte	0
 704 010d 16        		.uleb128 0x16
 705 010e 2E        		.uleb128 0x2e
 706 010f 00        		.byte	0
 707 0110 3F        		.uleb128 0x3f
 708 0111 0C        		.uleb128 0xc
 709 0112 03        		.uleb128 0x3
 710 0113 0E        		.uleb128 0xe
 711 0114 3A        		.uleb128 0x3a
 712 0115 0B        		.uleb128 0xb
 713 0116 3B        		.uleb128 0x3b
 714 0117 05        		.uleb128 0x5
 715 0118 39        		.uleb128 0x39
 716 0119 0B        		.uleb128 0xb
 717 011a 27        		.uleb128 0x27
 718 011b 0C        		.uleb128 0xc
 719 011c 00        		.byte	0
 720 011d 00        		.byte	0
 721 011e 17        		.uleb128 0x17
 722 011f 2E        		.uleb128 0x2e
 723 0120 00        		.byte	0
 724 0121 3F        		.uleb128 0x3f
 725 0122 0C        		.uleb128 0xc
 726 0123 03        		.uleb128 0x3
 727 0124 0E        		.uleb128 0xe
 728 0125 3A        		.uleb128 0x3a
 729 0126 0B        		.uleb128 0xb
 730 0127 3B        		.uleb128 0x3b
 731 0128 0B        		.uleb128 0xb
 732 0129 39        		.uleb128 0x39
 733 012a 0B        		.uleb128 0xb
 734 012b 27        		.uleb128 0x27
 735 012c 0C        		.uleb128 0xc
 736 012d 00        		.byte	0
 737 012e 00        		.byte	0
 738 012f 18        		.uleb128 0x18
 739 0130 2E        		.uleb128 0x2e
 740 0131 01        		.byte	0x1
 741 0132 03        		.uleb128 0x3
 742 0133 0E        		.uleb128 0xe
 743 0134 3A        		.uleb128 0x3a
 744 0135 0B        		.uleb128 0xb
 745 0136 3B        		.uleb128 0x3b
 746 0137 0B        		.uleb128 0xb
 747 0138 39        		.uleb128 0x39
 748 0139 0B        		.uleb128 0xb
 749 013a 27        		.uleb128 0x27
 750 013b 0C        		.uleb128 0xc
 751 013c 01        		.uleb128 0x1
 752 013d 13        		.uleb128 0x13
 753 013e 00        		.byte	0
 754 013f 00        		.byte	0
 755 0140 19        		.uleb128 0x19
 756 0141 05        		.uleb128 0x5
 757 0142 00        		.byte	0
 758 0143 03        		.uleb128 0x3
 759 0144 0E        		.uleb128 0xe
 760 0145 3A        		.uleb128 0x3a
 761 0146 0B        		.uleb128 0xb
 762 0147 3B        		.uleb128 0x3b
 763 0148 0B        		.uleb128 0xb
 764 0149 39        		.uleb128 0x39
 765 014a 0B        		.uleb128 0xb
 766 014b 49        		.uleb128 0x49
 767 014c 13        		.uleb128 0x13
 768 014d 00        		.byte	0
 769 014e 00        		.byte	0
 770 014f 1A        		.uleb128 0x1a
 771 0150 34        		.uleb128 0x34
 772 0151 00        		.byte	0
 773 0152 03        		.uleb128 0x3
 774 0153 0E        		.uleb128 0xe
 775 0154 3A        		.uleb128 0x3a
 776 0155 0B        		.uleb128 0xb
 777 0156 3B        		.uleb128 0x3b
 778 0157 0B        		.uleb128 0xb
 779 0158 39        		.uleb128 0x39
 780 0159 0B        		.uleb128 0xb
 781 015a 49        		.uleb128 0x49
 782 015b 13        		.uleb128 0x13
 783 015c 00        		.byte	0
 784 015d 00        		.byte	0
 785 015e 1B        		.uleb128 0x1b
 786 015f 2E        		.uleb128 0x2e
 787 0160 01        		.byte	0x1
 788 0161 3F        		.uleb128 0x3f
 789 0162 0C        		.uleb128 0xc
 790 0163 03        		.uleb128 0x3
 791 0164 0E        		.uleb128 0xe
 792 0165 3A        		.uleb128 0x3a
 793 0166 0B        		.uleb128 0xb
 794 0167 3B        		.uleb128 0x3b
 795 0168 0B        		.uleb128 0xb
 796 0169 39        		.uleb128 0x39
 797 016a 0B        		.uleb128 0xb
 798 016b 27        		.uleb128 0x27
 799 016c 0C        		.uleb128 0xc
 800 016d 3C        		.uleb128 0x3c
 801 016e 0C        		.uleb128 0xc
 802 016f 00        		.byte	0
 803 0170 00        		.byte	0
 804 0171 1C        		.uleb128 0x1c
 805 0172 2E        		.uleb128 0x2e
 806 0173 01        		.byte	0x1
 807 0174 03        		.uleb128 0x3
 808 0175 0E        		.uleb128 0xe
 809 0176 3A        		.uleb128 0x3a
 810 0177 0B        		.uleb128 0xb
 811 0178 3B        		.uleb128 0x3b
 812 0179 05        		.uleb128 0x5
 813 017a 39        		.uleb128 0x39
 814 017b 0B        		.uleb128 0xb
 815 017c 27        		.uleb128 0x27
 816 017d 0C        		.uleb128 0xc
 817 017e 01        		.uleb128 0x1
 818 017f 13        		.uleb128 0x13
 819 0180 00        		.byte	0
 820 0181 00        		.byte	0
 821 0182 1D        		.uleb128 0x1d
 822 0183 0B        		.uleb128 0xb
 823 0184 01        		.byte	0x1
 824 0185 01        		.uleb128 0x1
 825 0186 13        		.uleb128 0x13
 826 0187 00        		.byte	0
 827 0188 00        		.byte	0
 828 0189 1E        		.uleb128 0x1e
 829 018a 34        		.uleb128 0x34
 830 018b 00        		.byte	0
 831 018c 03        		.uleb128 0x3
 832 018d 0E        		.uleb128 0xe
 833 018e 3A        		.uleb128 0x3a
 834 018f 0B        		.uleb128 0xb
 835 0190 3B        		.uleb128 0x3b
 836 0191 05        		.uleb128 0x5
 837 0192 39        		.uleb128 0x39
 838 0193 0B        		.uleb128 0xb
 839 0194 49        		.uleb128 0x49
 840 0195 13        		.uleb128 0x13
 841 0196 00        		.byte	0
 842 0197 00        		.byte	0
 843 0198 1F        		.uleb128 0x1f
 844 0199 0B        		.uleb128 0xb
 845 019a 01        		.byte	0x1
 846 019b 00        		.byte	0
 847 019c 00        		.byte	0
 848 019d 20        		.uleb128 0x20
 849 019e 2E        		.uleb128 0x2e
 850 019f 01        		.byte	0x1
 851 01a0 03        		.uleb128 0x3
 852 01a1 0E        		.uleb128 0xe
 853 01a2 3A        		.uleb128 0x3a
 854 01a3 0B        		.uleb128 0xb
 855 01a4 3B        		.uleb128 0x3b
 856 01a5 05        		.uleb128 0x5
 857 01a6 39        		.uleb128 0x39
 858 01a7 0B        		.uleb128 0xb
 859 01a8 27        		.uleb128 0x27
 860 01a9 0C        		.uleb128 0xc
 861 01aa 00        		.byte	0
 862 01ab 00        		.byte	0
 863 01ac 21        		.uleb128 0x21
 864 01ad 05        		.uleb128 0x5
 865 01ae 00        		.byte	0
 866 01af 03        		.uleb128 0x3
 867 01b0 0E        		.uleb128 0xe
 868 01b1 3A        		.uleb128 0x3a
 869 01b2 0B        		.uleb128 0xb
 870 01b3 3B        		.uleb128 0x3b
 871 01b4 05        		.uleb128 0x5
 872 01b5 39        		.uleb128 0x39
 873 01b6 0B        		.uleb128 0xb
 874 01b7 49        		.uleb128 0x49
 875 01b8 13        		.uleb128 0x13
 876 01b9 00        		.byte	0
 877 01ba 00        		.byte	0
 878 01bb 00        		.byte	0
 879               		.section	.gnu.debuglto_.debug_line,"",@progbits
 880               	.Ldebug_line0:
 881 0000 3402 0000 		.long	.LELT0-.LSLT0
 882               	.LSLT0:
 883 0004 0200      		.word	0x2
 884 0006 2E02 0000 		.long	.LELTP0-.LASLTP0
 885               	.LASLTP0:
 886 000a 01        		.byte	0x1
 887 000b 01        		.byte	0x1
 888 000c F6        		.byte	0xf6
 889 000d F2        		.byte	0xf2
 890 000e 0D        		.byte	0xd
 891 000f 00        		.byte	0
 892 0010 01        		.byte	0x1
 893 0011 01        		.byte	0x1
 894 0012 01        		.byte	0x1
 895 0013 01        		.byte	0x1
 896 0014 00        		.byte	0
 897 0015 00        		.byte	0
 898 0016 00        		.byte	0
 899 0017 01        		.byte	0x1
 900 0018 00        		.byte	0
 901 0019 00        		.byte	0
 902 001a 01        		.byte	0x1
 903 001b 633A 5C75 		.ascii	"c:\\users\\nonej\\documents\\keyboard\\msys64\\home\\nonej\\"
 903      7365 7273 
 903      5C6E 6F6E 
 903      656A 5C64 
 903      6F63 756D 
 904 004f 716D 6B5F 		.ascii	"qmk_utils\\avr8-gnu-toolchain\\avr\\include"
 904      7574 696C 
 904      735C 6176 
 904      7238 2D67 
 904      6E75 2D74 
 905 0077 00        		.byte	0
 906 0078 633A 5C75 		.ascii	"c:\\users\\nonej\\documents\\keyboard\\msys64\\home\\nonej\\"
 906      7365 7273 
 906      5C6E 6F6E 
 906      656A 5C64 
 906      6F63 756D 
 907 00ac 716D 6B5F 		.ascii	"qmk_utils\\avr8-gnu-toolchain\\avr\\include\\avr"
 907      7574 696C 
 907      735C 6176 
 907      7238 2D67 
 907      6E75 2D74 
 908 00d8 00        		.byte	0
 909 00d9 633A 5C75 		.ascii	"c:\\users\\nonej\\documents\\keyboard\\msys64\\home\\nonej\\"
 909      7365 7273 
 909      5C6E 6F6E 
 909      656A 5C64 
 909      6F63 756D 
 910 010d 716D 6B5F 		.ascii	"qmk_utils\\avr8-gnu-toolchain\\avr\\include\\util"
 910      7574 696C 
 910      735C 6176 
 910      7238 2D67 
 910      6E75 2D74 
 911 013a 00        		.byte	0
 912 013b 6C69 622F 		.ascii	"lib/lufa/LUFA/Drivers/USB/Core"
 912      6C75 6661 
 912      2F4C 5546 
 912      412F 4472 
 912      6976 6572 
 913 0159 00        		.byte	0
 914 015a 6C69 622F 		.ascii	"lib/lufa/LUFA/Drivers/USB/Core/AVR8/.."
 914      6C75 6661 
 914      2F4C 5546 
 914      412F 4472 
 914      6976 6572 
 915 0180 00        		.byte	0
 916 0181 746D 6B5F 		.ascii	"tmk_core/common/avr"
 916      636F 7265 
 916      2F63 6F6D 
 916      6D6F 6E2F 
 916      6176 72
 917 0194 00        		.byte	0
 918 0195 00        		.byte	0
 919 0196 7374 6469 		.string	"stdint.h"
 919      6E74 2E68 
 919      00
 920 019f 01        		.uleb128 0x1
 921 01a0 00        		.uleb128 0
 922 01a1 00        		.uleb128 0
 923 01a2 4156 5238 		.string	"AVR8/../StdRequestType.h"
 923      2F2E 2E2F 
 923      5374 6452 
 923      6571 7565 
 923      7374 5479 
 924 01bb 04        		.uleb128 0x4
 925 01bc 00        		.uleb128 0
 926 01bd 00        		.uleb128 0
 927 01be 4156 5238 		.string	"AVR8/../DeviceStandardReq.h"
 927      2F2E 2E2F 
 927      4465 7669 
 927      6365 5374 
 927      616E 6461 
 928 01da 04        		.uleb128 0x4
 929 01db 00        		.uleb128 0
 930 01dc 00        		.uleb128 0
 931 01dd 5553 4254 		.string	"USBTask.h"
 931      6173 6B2E 
 931      6800 
 932 01e7 04        		.uleb128 0x4
 933 01e8 00        		.uleb128 0
 934 01e9 00        		.uleb128 0
 935 01ea 486F 7374 		.string	"HostStandardReq.h"
 935      5374 616E 
 935      6461 7264 
 935      5265 712E 
 935      6800 
 936 01fc 04        		.uleb128 0x4
 937 01fd 00        		.uleb128 0
 938 01fe 00        		.uleb128 0
 939 01ff 7374 6469 		.string	"stdio.h"
 939      6F2E 6800 
 940 0207 01        		.uleb128 0x1
 941 0208 00        		.uleb128 0
 942 0209 00        		.uleb128 0
 943 020a 626F 6F74 		.string	"bootloader.c"
 943      6C6F 6164 
 943      6572 2E63 
 943      00
 944 0217 06        		.uleb128 0x6
 945 0218 00        		.uleb128 0
 946 0219 00        		.uleb128 0
 947 021a 7574 696C 		.string	"util\\delay.h"
 947      5C64 656C 
 947      6179 2E68 
 947      00
 948 0227 01        		.uleb128 0x1
 949 0228 00        		.uleb128 0
 950 0229 00        		.uleb128 0
 951 022a 6176 725C 		.string	"avr\\wdt.h"
 951      7764 742E 
 951      6800 
 952 0234 01        		.uleb128 0x1
 953 0235 00        		.uleb128 0
 954 0236 00        		.uleb128 0
 955 0237 00        		.byte	0
 956               	.LELTP0:
 957               	.LELT0:
 958               		.section	.gnu.debuglto_.debug_str,"MS",@progbits,1
 959               	.LASF8:
 960 0000 6C6F 6E67 		.string	"long long int"
 960      206C 6F6E 
 960      6720 696E 
 960      7400 
 961               	.LASF37:
 962 000e 7465 6D70 		.string	"temp_reg"
 962      5F72 6567 
 962      00
 963               	.LASF36:
 964 0017 7764 745F 		.string	"wdt_disable"
 964      6469 7361 
 964      626C 6500 
 965               	.LASF39:
 966 0023 7661 6C75 		.string	"value"
 966      6500 
 967               	.LASF23:
 968 0029 5553 425F 		.string	"USB_Host_ConfigurationNumber"
 968      486F 7374 
 968      5F43 6F6E 
 968      6669 6775 
 968      7261 7469 
 969               	.LASF21:
 970 0046 5553 425F 		.string	"USB_ControlRequest"
 970      436F 6E74 
 970      726F 6C52 
 970      6571 7565 
 970      7374 00
 971               	.LASF43:
 972 0059 5F5F 6669 		.string	"__file"
 972      6C65 00
 973               	.LASF4:
 974 0060 756E 7369 		.string	"unsigned int"
 974      676E 6564 
 974      2069 6E74 
 974      00
 975               	.LASF34:
 976 006d 646F 7562 		.string	"double"
 976      6C65 00
 977               	.LASF17:
 978 0074 5553 425F 		.string	"USB_Device_RemoteWakeupEnabled"
 978      4465 7669 
 978      6365 5F52 
 978      656D 6F74 
 978      6557 616B 
 979               	.LASF45:
 980 0093 5F5F 6275 		.string	"__builtin_avr_delay_cycles"
 980      696C 7469 
 980      6E5F 6176 
 980      725F 6465 
 980      6C61 795F 
 981               	.LASF46:
 982 00ae 7764 745F 		.string	"wdt_enable"
 982      656E 6162 
 982      6C65 00
 983               	.LASF9:
 984 00b9 6C6F 6E67 		.string	"long long unsigned int"
 984      206C 6F6E 
 984      6720 756E 
 984      7369 676E 
 984      6564 2069 
 985               	.LASF12:
 986 00d0 7756 616C 		.string	"wValue"
 986      7565 00
 987               	.LASF1:
 988 00d7 756E 7369 		.string	"unsigned char"
 988      676E 6564 
 988      2063 6861 
 988      7200 
 989               	.LASF19:
 990 00e5 5553 425F 		.string	"USB_Device_CurrentlySelfPowered"
 990      4465 7669 
 990      6365 5F43 
 990      7572 7265 
 990      6E74 6C79 
 991               	.LASF35:
 992 0105 5F64 656C 		.string	"_delay_ms"
 992      6179 5F6D 
 992      7300 
 993               	.LASF15:
 994 010f 5553 425F 		.string	"USB_Request_Header_t"
 994      5265 7175 
 994      6573 745F 
 994      4865 6164 
 994      6572 5F74 
 995               	.LASF20:
 996 0124 5553 425F 		.string	"USB_IsInitialized"
 996      4973 496E 
 996      6974 6961 
 996      6C69 7A65 
 996      6400 
 997               	.LASF14:
 998 0136 774C 656E 		.string	"wLength"
 998      6774 6800 
 999               	.LASF7:
 1000 013e 6C6F 6E67 		.string	"long unsigned int"
 1000      2075 6E73 
 1000      6967 6E65 
 1000      6420 696E 
 1000      7400 
 1001               	.LASF22:
 1002 0150 5553 425F 		.string	"USB_DeviceState"
 1002      4465 7669 
 1002      6365 5374 
 1002      6174 6500 
 1003               	.LASF32:
 1004 0160 5F5F 746D 		.string	"__tmp"
 1004      7000 
 1005               	.LASF30:
 1006 0166 626F 6F74 		.string	"bootloader_jump_after_watchdog_reset"
 1006      6C6F 6164 
 1006      6572 5F6A 
 1006      756D 705F 
 1006      6166 7465 
 1007               	.LASF24:
 1008 018b 756E 6765 		.string	"unget"
 1008      7400 
 1009               	.LASF25:
 1010 0191 666C 6167 		.string	"flags"
 1010      7300 
 1011               	.LASF26:
 1012 0197 7369 7A65 		.string	"size"
 1012      00
 1013               	.LASF28:
 1014 019c 6368 6172 		.string	"char"
 1014      00
 1015               	.LASF2:
 1016 01a1 7569 6E74 		.string	"uint8_t"
 1016      385F 7400 
 1017               	.LASF31:
 1018 01a9 626F 6F74 		.string	"bootloader_jump"
 1018      6C6F 6164 
 1018      6572 5F6A 
 1018      756D 7000 
 1019               	.LASF44:
 1020 01b9 7265 7365 		.string	"reset_key"
 1020      745F 6B65 
 1020      7900 
 1021               	.LASF33:
 1022 01c3 5F5F 7469 		.string	"__ticks_dc"
 1022      636B 735F 
 1022      6463 00
 1023               	.LASF3:
 1024 01ce 7569 6E74 		.string	"uint16_t"
 1024      3136 5F74 
 1024      00
 1025               	.LASF10:
 1026 01d7 626D 5265 		.string	"bmRequestType"
 1026      7175 6573 
 1026      7454 7970 
 1026      6500 
 1027               	.LASF16:
 1028 01e5 5553 425F 		.string	"USB_Device_ConfigurationNumber"
 1028      4465 7669 
 1028      6365 5F43 
 1028      6F6E 6669 
 1028      6775 7261 
 1029               	.LASF13:
 1030 0204 7749 6E64 		.string	"wIndex"
 1030      6578 00
 1031               	.LASF42:
 1032 020b 433A 5C55 		.string	"C:\\Users\\nonej\\Documents\\Keyboard\\msys64\\home\\nonej\\qmk_firmware"
 1032      7365 7273 
 1032      5C6E 6F6E 
 1032      656A 5C44 
 1032      6F63 756D 
 1033               	.LASF6:
 1034 024c 7569 6E74 		.string	"uint32_t"
 1034      3332 5F74 
 1034      00
 1035               	.LASF5:
 1036 0255 6C6F 6E67 		.string	"long int"
 1036      2069 6E74 
 1036      00
 1037               	.LASF40:
 1038 025e 474E 5520 		.string	"GNU C99 8.3.0 -mn-flash=1 -mno-skip-bug -mmcu=avr5 -gdwarf-2 -Os -std=gnu99 -funsigned-ch
 1038      4339 3920 
 1038      382E 332E 
 1038      3020 2D6D 
 1038      6E2D 666C 
 1039               	.LASF11:
 1040 0346 6252 6571 		.string	"bRequest"
 1040      7565 7374 
 1040      00
 1041               	.LASF0:
 1042 034f 7369 676E 		.string	"signed char"
 1042      6564 2063 
 1042      6861 7200 
 1043               	.LASF27:
 1044 035b 7564 6174 		.string	"udata"
 1044      6100 
 1045               	.LASF18:
 1046 0361 5F42 6F6F 		.string	"_Bool"
 1046      6C00 
 1047               	.LASF29:
 1048 0367 5F5F 696F 		.string	"__iob"
 1048      6200 
 1049               	.LASF38:
 1050 036d 5F5F 6D73 		.string	"__ms"
 1050      00
 1051               	.LASF41:
 1052 0372 746D 6B5F 		.string	"tmk_core/common/avr/bootloader.c"
 1052      636F 7265 
 1052      2F63 6F6D 
 1052      6D6F 6E2F 
 1052      6176 722F 
 1053               		.text
 1054               		.section	.gnu.lto_.profile.54afda9b,"",@progbits
 1055 0000 789C 6367 		.string	"x\234cg`\004B "
 1055      6004 4220 
 1055      00
 1056 0009 00        		.string	""
 1057 000a 00        		.string	""
 1058 000b 5400      		.string	"T"
 1059 000d 0A        		.ascii	"\n"
 1060               		.text
 1061               		.section	.gnu.lto_.icf.54afda9b,"",@progbits
 1062 0000 789C 6367 		.string	"x\234cg`d\020a@"
 1062      6064 1061 
 1062      4000 
 1063 000a 6686 739B 		.string	"f\206s\233n\377\347e\334\373\360];+\323\366\355\033v\2622"
 1063      6EFF E765 
 1063      DCFB F05D 
 1063      3B2B D3F6 
 1063      ED1B 76B2 
 1064 0020 00        		.string	""
 1065 0021 694A 097E 		.ascii	"iJ\t~"
 1066               		.text
 1067               		.section	.gnu.lto_.jmpfuncs.54afda9b,"",@progbits
 1068 0000 789C 6367 		.string	"x\234cg`d\320g@"
 1068      6064 D067 
 1068      4000 
 1069 000a 2610 669C 		.string	"&\020f\234\310\314\370\373\361\355g\274\035\3143\231\031\030\033>\2620\356f\224a`<\300\bb
 1069      C8CC F8FB 
 1069      F1ED 67BC 
 1069      1DCC 3399 
 1069      1918 1B3E 
 1070 0031 37D8 0B8F 		.ascii	"7\330\013\217"
 1071               		.text
 1072               		.section	.gnu.lto_.inline.54afda9b,"",@progbits
 1073 0000 789C 6367 		.string	"x\234cg`d\be@"
 1073      6064 0865 
 1073      4000 
 1074 000a 2606 06FE 		.ascii	"&\006\006\376\206\206\206\003l\251\214\fL\022@V\003[*\003\003"
 1074      8686 8603 
 1074      6CA9 8C0C 
 1074      4C12 4056 
 1074      035B 2A03 
 1075 001f 0B43 2390 		.ascii	"\013C#\220U\307\004\222f``d\004\021@\266\354\346gg>\262\245\001"
 1075      55C7 0492 
 1075      6660 6064 
 1075      0411 40B6 
 1075      ECE6 6767 
 1076 0037 75E9 01A5 		.ascii	"u\351\001\245\037\260\002Yl -,\311P\225\314\374`C\001L8\021\211"
 1076      1FB0 0259 
 1076      6C20 2D2C 
 1076      C950 95CC 
 1076      FC60 4301 
 1077               		.text
 1078               		.section	.gnu.lto_.pureconst.54afda9b,"",@progbits
 1079 0000 789C 6367 		.string	"x\234cg`d`g```b\330\312\312\264\213\025"
 1079      6064 6067 
 1079      6060 6062 
 1079      D8CA CAB4 
 1079      8B15 00
 1080 0013 05FC 018D 		.ascii	"\005\374\001\215"
 1081               		.text
 1082               		.section	.gnu.lto_bootloader_jump.54afda9b,"",@progbits
 1083 0000 789C B555 		.string	"x\234\265U]lTE\024\236s\347\356o\251\250\017\r&\r\254\r\020B\370\251@\220\030C\360\301\37
 1083      5D6C 5445 
 1083      149E 73E7 
 1083      EE6F A9A8 
 1083      0F0D 260D 
 1084 0100 0FD2 F2F1 		.string	"\017\322\362\361\370Q\243\266\354\005\\O\334;]\001\237CC8\022fuyq*\301\t\310\207\343\220\
 1084      F851 A3B6 
 1084      EC05 5C4F 
 1084      DC3B 5D01 
 1084      9F43 4338 
 1085 012e 48E0 010F 		.ascii	"H\340\001\01752\343\237\221F\277"
 1085      3532 E39F 
 1085      9146 BF
 1086 0139 DED7 65D1 		.string	"\336\327e\321\250/s\\Y\307\346\341\334g\250O\246\251Oi\324\325\247\366\355\2215n\033|\257
 1086      A82F 735C 
 1086      59C7 E6E1 
 1086      DC67 A84F 
 1086      A6A9 4F69 
 1087 023a 9205 108A 		.ascii	"\222\005\020\212\276vr\327\001\003=\242\005\2548\330\265M\326"
 1087      BE76 72D7 
 1087      0103 3DA2 
 1087      05AC 38D8 
 1087      B54D D6
 1088 024d 2B91 6C7E 		.ascii	"+\221l~\361d\272\022\277d\005<\247\005\374S\316F\365B&\202d!"
 1088      F164 BA12 
 1088      BF64 053C 
 1088      A705 FC53 
 1088      CE46 F542 
 1089 0265 3267 08CE 		.ascii	"2g\b\316\303l\350\344\265\300\022\300\005,\003\021\377\\\002"
 1089      C36C E8E4 
 1089      B5C0 12C0 
 1089      052C 0311 
 1089      FF5C 02
 1090 0278 F7B7 4B69 		.ascii	"\367\267Ki\373A^\332\034\2334K\353\212\270\305)\220\360\323\211"
 1090      FB41 5EDA 
 1090      1C9B 344B 
 1090      EB8A B8C5 
 1090      2990 F0D3 
 1091 028d C141 496F 		.ascii	"\301AIo\304\013\223\215\250\253\321\032qQkD\375\365\0354\r\376"
 1091      C40B 938D 
 1091      A8AB D11A 
 1091      7151 6B44 
 1091      FDF5 1D34 
 1092 02a3 4080 3B05 		.ascii	"@\200;\005x\374z\367\r!&\034\326\021\031\272t\021\016\357\320"
 1092      78FC 7AF7 
 1092      0D21 261C 
 1092      D611 19BA 
 1092      7411 0EEF 
 1093 02b8 3218 8288 		.ascii	"2\030\202\210M\030\350\272\253\261\375\251%\002\245as\234\232"
 1093      4D18 E8BA 
 1093      ABB1 FDA9 
 1093      2502 A561 
 1093      739C 9A
 1094 02cb B6A2 6679 		.ascii	"\266\242fy\357\340\022DP\274\210\213S3g\357\215=\371\022x\177"
 1094      EFE0 1244 
 1094      50BC 888B 
 1094      5333 67EF 
 1094      8D3D F912 
 1095 02e1 45A3 D332 		.ascii	"E\243\3232\026W\375{u^[\261\372\276\231\372$\225\216\266\316"
 1095      1657 FD7B 
 1095      755E 5BB1 
 1095      FABE 99FA 
 1095      2495 8EB6 
 1096 02f6 C87E 0F2C 		.ascii	"\310~\017,\220\035\327\262\213jU|\274\377\233\032+N\027\360\314"
 1096      901D D7B2 
 1096      8B6A 557C 
 1096      BCFF 9B1A 
 1096      2B4E 17F0 
 1097 030b 7FC5 1C70 		.ascii	"\177\305\034p\240\371d]\321&\353QUY\245\270\226\025\312{w\263"
 1097      A0F9 645D 
 1097      D126 EB51 
 1097      5559 A5B8 
 1097      9615 CA7B 
 1098 0321 1CE8 D62F 		.ascii	"\034\350\326/\226\332k\310\036\257TK\371\005\240-\232\004\232"
 1098      96DA 6BC8 
 1098      1EAF 544B 
 1098      F905 A02D 
 1098      9A04 9A
 1099 0334 BAEA BF35 		.ascii	"\272\352\2775\342\bU\240z.\035]>TQ\311\2301Ns\3407\336P\n\213"
 1099      E208 55A0 
 1099      7A2E 1D5D 
 1099      3E54 51C9 
 1099      9831 4E73 
 1100 034e F3A1 10DB 		.ascii	"\363\241\020\333\331\303'(\247\n\006\204\344\252\373\256Lp\311"
 1100      D9C3 2728 
 1100      A70A 0684 
 1100      E4AA FBAE 
 1100      4C70 C9
 1101 0361 7110 9F20 		.ascii	"q\020\237 ]\250:\210d\200\304\374\\\025\225\037\330\316\216\213"
 1101      5DA8 3A88 
 1101      6480 C4FC 
 1101      5C15 951F 
 1101      D8CE 8E8B 
 1102 0375 5BE6 800C 		.ascii	"[\346\200\f\327\264\364\0320\275\354y\271\232\236\027\274:\276"
 1102      D7B4 F41A 
 1102      30BD EC79 
 1102      B99A 9E17 
 1102      BC3A BE
 1103 0388 88DA BC1C 		.ascii	"\210\332\274\034\250\271_\r\031/2?\200>\241\242\276I\025\035"
 1103      A8B9 5F0D 
 1103      192F 323F 
 1103      803E A1A2 
 1103      BE49 151D 
 1104 039c A1C2 BE05 		.ascii	"\241\302\276\005\221\002n`\"d\277\204\230-=\2512\361\236L\201"
 1104      9102 6E60 
 1104      2264 BF84 
 1104      982D 3DA9 
 1104      32F1 9E4C 
 1105 03b1 5E9E 7EE3 		.ascii	"^\236~\343W\367O\344\024\224\322:\266\323\026\247\271|\253\347"
 1105      57F7 4FE4 
 1105      1494 D23A 
 1105      B6D3 16A7 
 1105      B97C ABE7 
 1106 03c5 517B 9B49 		.ascii	"Q{\233I\226\220\355:\024\210\202_\215w\216\232q\007\0060\335"
 1106      9690 ED3A 
 1106      1488 825F 
 1106      8D77 8E9A 
 1106      7107 0630 
 1107 03da 7E51 EB41 		.ascii	"~Q\353A\361\0345\3666O\0308\333s0\215\013\252iO\312X\020\315"
 1107      F11C 35F6 
 1107      364F 1838 
 1107      DB73 308D 
 1107      0BAA 694F 
 1108 03f2 244B 5EDE 		.ascii	"$K^\336\274I\026d)\235lg*5\230\303\311n\"\331\rAvK\220\305\206"
 1108      BC49 1664 
 1108      299D 6C67 
 1108      2A35 98C3 
 1108      C96E 22D9 
 1109 040d 0E9F 356B 		.ascii	"\016\2375kdS\376\213\354w\235\354^M\317-Av\033\311\206\004\331"
 1109      6453 FE8B 
 1109      EC77 9DEC 
 1109      5E4D CF2D 
 1109      4176 1BC9 
 1110 0424 1D41 F638 		.ascii	"\035A\3668YYe,\330\250\243\247r\337\335\261\3123f\201\276\313"
 1110      5959 652C 
 1110      D8A8 A3A7 
 1110      72DF DDB1 
 1110      CA33 6681 
 1111 043a D130 0C32 		.ascii	"\3210\f2v\244\214\3220\326Z\326\277R\375\261\352}\240\253\004"
 1111      76A4 8CD2 
 1111      30D6 5AD6 
 1111      BF52 FDB1 
 1111      EA7D A0AB 
 1112 044f 4761 EF4B 		.ascii	"Ga\357K\302\346\0375Ys\203(\276]\370\225#/\007\275%\212S\365"
 1112      C2E6 1F35 
 1112      5973 8328 
 1112      BE5D F895 
 1112      232F 07BD 
 1113 0467 BB17 3A55 		.ascii	"\273\027:U\257W\365-t\254\365/,R\325\240Gu\270\334\376\005N\""
 1113      AF57 F52D 
 1113      74AC F52F 
 1113      2C52 D5A0 
 1113      4775 B8DC 
 1114 047f 2B8A 37B0 		.ascii	"+\2127\260\306\371\232=\024p\373\003v\237\352s\257\261\273Tg"
 1114      C6F9 9A3D 
 1114      1470 FB03 
 1114      769F EA73 
 1114      AFB1 BB54 
 1115 0494 C8EB F605 		.ascii	"\310\353\366\005\003\366\022\367\372\"\325\341w\331\275\201\365"
 1115      03F6 12F7 
 1115      FA22 D5E1 
 1115      77D9 BD81 
 1115      F5
 1116 04a5 81A5 4BEC 		.ascii	"\201\245K\354\253U\257[wz\037\251C\301bO\300\216\244\313\346"
 1116      AB55 AF5B 
 1116      777A 1FA9 
 1116      43C1 624F 
 1116      C08E A4CB 
 1117 04ba AFF2 85E6 		.ascii	"\257\362\205\346\007U\325\343\\\355(\366\361-{\261\317\351\t"
 1117      0755 D5E3 
 1117      5CED 28F6 
 1117      F12D 7BB1 
 1117      CFE9 09
 1118 04cd B9DC 76EE 		.ascii	"\271\334v\356dw\271=\216\365\013V\223\274\314\350\013\034K\027"
 1118      6477 B93D 
 1118      8EF5 0B56 
 1118      93BC CCE8 
 1118      0B1C 4B17 
 1119 04e1 BDBA 6451 		.ascii	"\275\272dQ\221\213X\025%X\354,\t(.\247\001M\357{\206\265\016"
 1119      918B 5815 
 1119      2558 EC2C 
 1119      0928 2EA7 
 1119      014D EF7B 
 1120 04f8 4FC8 BDEA 		.ascii	"O\310\275\352\177M\214\333\353\\A\314\352\235b\237M\204U\374"
 1120      7F4D 8CDB 
 1120      EB5C 41CC 
 1120      EA9D 629F 
 1120      4D84 55FC 
 1121 050c EE55 8A32 		.ascii	"\356U\2122OQ\336^\371\346[\212b\2658=\305V\313:\227\337j\t\004"
 1121      4F51 DE5E 
 1121      F9E6 5B8A 
 1121      62B5 383D 
 1121      C556 CB3A 
 1122 0525 03B6 5985 		.ascii	"\003\266Y\205\363l\263^\261Z\324P\3206\3513/\003\230\341\265"
 1122      F36C B35E 
 1122      B15A D450 
 1122      D036 E933 
 1122      2F03 98E1 
 1123 053a C86A B310 		.ascii	"\310j\263\020\311G$?\241\376B\362\027M\213\344\334"
 1123      C947 243F 
 1123      A1FE 42F2 
 1123      174D 8BE4 
 1123      DC
 1124               		.text
 1125               		.section	.gnu.lto_bootloader_jump_after_watchdog_reset.54afda9b,"",@progbits
 1126 0000 789C 8D54 		.string	"x\234\215T]L\034U\024\276g\356\314\376\001\2224\321\264\t\017\353*D)\005\212M5&&$\205\370
 1126      5D4C 1C55 
 1126      14BE 67EE 
 1126      CCFE 0192 
 1126      34D1 B409 
 1127 00a3 B754 0390 		.string	"\267T\003\220\303\002\025%8\f\025\264\232\302\322\362\247w\022R[pS\215\324\215n+SK\267\20
 1127      C302 1525 
 1127      380C 15B4 
 1127      9AC2 D2F2 
 1127      A777 1252 
 1128 0130 12A6 82C0 		.string	"\022\246\202\300\026\212\013\025\231%\261%\236\007\020RJI\020\023\024A\215\2202*\004\270]
 1128      168A 0B15 
 1128      9925 B125 
 1128      9E07 1052 
 1128      4A49 1013 
 1129 0187 4910 8124 		.string	"I\020\201$\024\331\207~\344+\251\325\223:\n\032[c\357\221Z\312\302\0050@?\302f 4\327?"
 1129      14D9 877E 
 1129      E42B A9D5 
 1129      933A 0A1A 
 1129      5B63 EF91 
 1130 01a9 DA79 AC8A 		.string	"\332y\254\212\307\002\2233\361\032\202\300"
 1130      C702 9333 
 1130      F11A 82C0 
 1130      00
 1131 01b6 23C2 5F19 		.string	"#\302_\031e]V\005\246v\016\202\365\227\336\326\002\350F\201:.\360d\313\360#c\b\202\001\25
 1131      655D 5605 
 1131      A676 0E82 
 1131      F597 DED6 
 1131      02E8 4681 
 1132 02aa E42C AB4D 		.ascii	"\344,\253M\377\314\351\362D\313\027B\243Z\217\332\f\2547\r\253"
 1132      FFCC E9F2 
 1132      44CB 1742 
 1132      A35A 8FDA 
 1132      0CAC 370D 
 1133 02bf 23AD 464B 		.ascii	"#\255FK3\272\f\274W\352\325\262\022\275(\020\030\003\013\\\005"
 1133      33BA 0CBC 
 1133      57EA D5B2 
 1133      12BD 2810 
 1133      1803 0B5C 
 1134 02d4 0B77 0EDC 		.ascii	"\013w\016\334\373\353\266\2119\177\003\261\216\306\343Q\277\003"
 1134      FBEB B689 
 1134      397F 03B1 
 1134      8EC6 E351 
 1134      BF03 
 1135 02e6 AB45 D5CD 		.ascii	"\253E\325\315\3312~\241\2150\305p-\337<\350\215\263\264E\371"
 1135      D932 7EA1 
 1135      8D30 C570 
 1135      2DDF 3CE8 
 1135      8DB3 B445 
 1136 02fb 4DCC D571 		.ascii	"M\314\325q\372|\325\023\226\366\030\177\371\360\354\0300\252"
 1136      FA7C D513 
 1136      96F6 187F 
 1136      F9F0 EC18 
 1136      30AA 
 1137 030d EBC8 FF47 		.ascii	"\353\310\377G\224\377~x\256.\2019\377\004\021\256\361b\215\363"
 1137      94FF 7E78 
 1137      AE2E 8139 
 1137      FF04 11AE 
 1137      F162 8DF3 
 1138 0321 035A A6DA 		.ascii	"\003Z\246\332V%m\036\266?\236\277k\245w\230Z\272b\374\017\252"
 1138      5625 6D1E 
 1138      B63F 9EBF 
 1138      6BA5 7798 
 1138      5ABA 62FC 
 1139 0337 4B17 B8FE 		.ascii	"K\027\270\376\t\344\277\031\345\037\257h_Id\316I\344\277\301"
 1139      09E4 BF19 
 1139      E51F AF68 
 1139      5F49 64CE 
 1139      49E4 BFC1 
 1140 034b F9A7 38FF 		.ascii	"\371\2478\377\312\305\352\343:KdSA*\253\207\f\210%p\213E\303"
 1140      CAC5 EAE3 
 1140      3A4B 6453 
 1140      412A AB87 
 1140      0C88 2570 
 1141 0362 3488 58D4 		.ascii	"4\210X\324\240\231\025\222\025\234\345\217\357S\225\335\255:"
 1141      A099 1592 
 1141      159C E58F 
 1141      EF53 95DD 
 1141      AD3A 
 1142 0374 D629 EDEB 		.ascii	"\326)\355\353\302\312\276\252]\262\273Pb\346\006\2225\205F\276"
 1142      C2CA BEAA 
 1142      5DB2 BB50 
 1142      62E6 0692 
 1142      3585 46BE 
 1143 0388 E7F3 1C07 		.ascii	"\347\363\034\007\352=\0023xt\230\325\017\207I\212}\201\026 \330"
 1143      EA3D 0233 
 1143      7874 98D5 
 1143      0F87 498A 
 1143      7D81 1620 
 1144 039d D8F5 15BF 		.ascii	"\330\365\025\277@|\320J\361\022\363=\024\361\264\317u@\266)\036"
 1144      407C D04A 
 1144      F112 F33D 
 1144      14F1 B4CF 
 1144      7540 B629 
 1145 03b2 4786 4D71 		.ascii	"G\206Mq\271\024wF\376\007\236\214\002E\3619\225|\273\303\223"
 1145      B914 7746 
 1145      FE07 9E8C 
 1145      0245 F139 
 1145      957C BBC3 
 1146 03c7 6E23 069F 		.ascii	"n#\006\237\303\365\236\354q\024\026\332^\266\372\275\016\217"
 1146      C3F5 9EEC 
 1146      7114 16DA 
 1146      5EB6 FABD 
 1146      0E8F 
 1147 03d9 D7EA 56DC 		.ascii	"\327\352V\334\216w\255v\305\346w9\334>\257\365\200\343P\201\222"
 1147      8E77 AD76 
 1147      C5E6 7739 
 1147      DC3E AFF5 
 1147      80E3 5081 
 1148 03ee EFB1 5B5D 		.ascii	"\357\261[]\336C\336\275{\254E\212\313\021\005\275\217\364~_\261"
 1148      DE43 DEBD 
 1148      7BAC 458A 
 1148      CB11 05BD 
 1148      8FF4 7E5F 
 1149 0403 D36B 45E2 		.ascii	"\323kE\342\227v\025\272\375\273|\212\342\264\025\345\027\273"
 1149      9776 15BA 
 1149      FDBB 7C8A 
 1149      E2B4 15E5 
 1149      17BB 
 1150 0415 99CB 5AEC 		.ascii	"\231\313Z\354\2669\375v\007\267\017\332}\351E\344\251\215\307"
 1150      B639 FD76 
 1150      07B7 0FDA 
 1150      7DE9 45E4 
 1150      A98D C7
 1151 0428 A7E7 EFCD 		.ascii	"\247\347\357\315zqOV\201\235\370\212\335fY\366iZd9M\226\337z"
 1151      7A71 4F56 
 1151      819D F88A 
 1151      DD66 59F6 
 1151      695A 6439 
 1152 0440 33F7 5559 		.ascii	"3\367UY6\031m\316b\223\361\240\335c2:\355^srfZ\362n\223Q\361"
 1152      3619 6DCE 
 1152      6293 F1A0 
 1152      DD63 323A 
 1152      ED5E 7372 
 1153 045b 1473 33CB 		.ascii	"\024s3\313d\364\372\320\273;-93f\312\362\207\016\217\242\021"
 1153      64F4 FAD0 
 1153      BB3B 2D39 
 1153      3366 CAF2 
 1153      870E 8FA2 
 1154 0470 21D4 EF33 		.ascii	"!\324\3573\257\261\245m8\302d$\364\025;\321\357\317}\355\r\334"
 1154      AFB1 A56D 
 1154      38C2 6424 
 1154      F415 3BD1 
 1154      EFCF 7DED 
 1155 0486 14DC 4497 		.ascii	"\024\334D\227\227\263\037-C^\316\276\\9/'\227z2\311\277\020\007"
 1155      97B3 1F2D 
 1155      435E CEBE 
 1155      5C39 2F27 
 1155      977A 32C9 
 1156 049d 349F      		.ascii	"4\237"
 1157               		.text
 1158               		.section	.gnu.lto_.symbol_nodes.54afda9b,"",@progbits
 1159 0000 789C 6367 		.string	"x\234cg`dhc"
 1159      6064 6863 
 1159      00
 1160 0009 02A6 E70C 		.string	"\002\246\347\f\365\f\357\216\2611N8\307"
 1160      F50C EF8E 
 1160      B131 4E38 
 1160      C700 
 1161 0017 6431 EC6A 		.string	"d1\354jP\004J10\260>c`hTb\320\313\313\317\314\313,\321QJ,W\322q\310\313O\312,)\266\006\35
 1161      5004 4A31 
 1161      30B0 3E63 
 1161      6068 5462 
 1161      D0CB CBCF 
 1162 0079 E73E 2A5A 		.ascii	"\347>*Z"
 1163               		.text
 1164               		.section	.gnu.lto_.refs.54afda9b,"",@progbits
 1165 0000 789C 6367 		.string	"x\234cg`d\340c`"
 1165      6064 E063 
 1165      6000 
 1166 000a 928C 8CE2 		.string	"\222\214\214\342LL\f\214\254\214\214\034\f"
 1166      4C4C 0C8C 
 1166      AC8C 8C1C 
 1166      0C00 
 1167 0018 0323 00   		.string	"\003#"
 1168 001b 45        		.ascii	"E"
 1169               		.text
 1170               		.section	.gnu.lto_.decls.54afda9b,"",@progbits
 1171 0000 789C B555 		.string	"x\234\265U]p\024U\026\276\247{&3\323d\210\225R*n\345!\033,\331\207\030(\240\024\264j\213*
 1171      5D70 1455 
 1171      16BE A77B 
 1171      2633 D364 
 1171      8895 522A 
 1172 003b 0901 9635 		.ascii	"\t\001\2265Q\004L\202\206Ha\300\001f\013\024A\002C\f\020\"H\242"
 1172      5104 4C82 
 1172      8648 61C0 
 1172      0166 0B14 
 1172      4102 430C 
 1173 0053 4642 F8C9 		.ascii	"FB\370\311@\220`\370I\300\004\311\017\304s\357\355N\006\227)"
 1173      4090 60F8 
 1173      49C0 04C9 
 1173      0FC4 73EF 
 1173      ED4E 0697 
 1174 0068 D707 BB72 		.ascii	"\327\007\273r\322}\316\375\356\371\375\356\035\007\001\262@!"
 1174      D27D CEFD 
 1174      EEF9 FDEE 
 1174      1D07 01B2 
 1174      4021 
 1175 007a E471 8990 		.ascii	"\344q\211\220t d\034\037\231\020\322\216\202*i\"\342a\266\243"
 1175      7420 641C 
 1175      1F99 10D2 
 1175      8E82 2A69 
 1175      22E2 61B6 
 1176 008f 2809 94CB 		.ascii	"(\t\224\313\346\332M\362\340\263\026\215\217\340\273\020\345"
 1176      E6DA 4DF2 
 1176      E0B3 168D 
 1176      8FE0 BB10 
 1176      E5
 1177 00a0 6794 DB28 		.ascii	"g\224\333(\231(\217\242\274l\372\032D\351A\031B\231\201r\007"
 1177      9928 8FA2 
 1177      BC6C FA1A 
 1177      44E9 4119 
 1177      4299 8172 
 1178 00b5 E535 94BB 		.ascii	"\3455\224\273(\331(c\246/\233\031O"
 1178      28D9 2863 
 1178      A62F 9B19 
 1178      4F
 1179 00c2 0211 CF09 		.string	"\002\021\317\t\017\217y\030\215n3\246\013\204\217\031I\361\207\314\270cIq\024\304\0351\36
 1179      0F8F 7918 
 1179      8D6E 33A6 
 1179      0B84 8F19 
 1179      49F1 87CC 
 1180 01c3 0AA7 C19C 		.string	"\n\247\301\234l\230\205d\201#\220\205\377\227\330\304\256/\312kj\323\246o\246u\027i\274\2
 1180      6C98 8564 
 1180      8123 9085 
 1180      FF97 D8C4 
 1180      AE2F CA6B 
 1181 0247 D4AD BA7C 		.string	"\324\255\272|\037\004\177\322P=\336Y\2635C\250\022\252\337v\366\336q\n:=\302\322\331\275\
 1181      1F04 7FD2 
 1181      503D DE59 
 1181      B335 43A8 
 1181      12AA DF76 
 1182 027b 6666 C337 		.ascii	"ff\3037\250\"\272|o\274\305!|9P\335\275n\331\252\251\302\327"
 1182      A822 BA7C 
 1182      6FBC C521 
 1182      7C39 50DD 
 1182      BD6E D9AA 
 1183 0292 3C54 3BEE 		.ascii	"<T;\3566\216\244\313\373xf\362\241x{\231\033\224l@g\300\351\032"
 1183      368E A4CB 
 1183      FB78 66F2 
 1183      A178 7B99 
 1183      1B94 6C40 
 1184 02aa AFA3 6948 		.ascii	"\257\243iHW\321b\370\036\273\326\301\335\237F\304\017\350\277"
 1184      57D1 62F8 
 1184      1EBB D6C1 
 1184      DD9F 46C4 
 1184      0FE8 BF
 1185 02bd 9A22 6CE0 		.ascii	"\232\"l\340mn\255\246N\376F\257\007v\355N(\231\225,C\366\017"
 1185      6D6E ADA6 
 1185      4EFE 46AF 
 1185      0776 ED4E 
 1185      2899 952C 
 1186 02d4 078B 0BF0 		.ascii	"\007\213\013\360\035n\372\226\347\330\t\231V\246\f~bx\323\027"
 1186      1D6E FA96 
 1186      E7D8 0999 
 1186      56A6 0C7E 
 1186      6278 D317 
 1187 02e8 B6DC 8350 		.ascii	"\266\334\203PG7\346\3605\264\355o\356\334 c\233\b\234\201\\\216"
 1187      4737 E6F0 
 1187      35B4 ED6F 
 1187      EEDC 2063 
 1187      9B08 9C81 
 1188 02fe FA31 7274 		.ascii	"\3721rt\203[>*\232\330\376S\313]\033\353\342Y\314\251\013lpR"
 1188      835B 3E2A 
 1188      9AD8 FE53 
 1188      CB5D 1BEB 
 1188      E259 CCA9 
 1189 0316 3472 BC76 		.ascii	"4r\274v\333\200\"\177#@+.\274[\231\301@\347\255Q\275\267\367"
 1189      DB80 227F 
 1189      2340 2B2E 
 1189      BC5B 99C1 
 1189      40E7 AD51 
 1190 032d C626 F961 		.ascii	"\306&\371a\374\201\013\270\037\031\220L\241\252k\361\323vF\241"
 1190      FC81 0BB8 
 1190      1F19 904C 
 1190      A1AA 6BF1 
 1190      D376 46A1 
 1191 0341 048D B7BE 		.ascii	"\004\215\267\276TF\017Gp\223\304@p\314\342\017\234c\373\216%"
 1191      5446 0F47 
 1191      7093 C440 
 1191      70CC E20F 
 1191      9C63 FB8E 
 1192 0356 51A8 15F5 		.ascii	"Q\250\025\365\004\247\020\035\276^\243\310\337\213\\vFGc\n\257"
 1192      04A7 101D 
 1192      BE5E A3C8 
 1192      DF8B 5C76 
 1192      4647 630A 
 1193 036b 078F FB12 		.ascii	"\007\217\373\022\236\353\372\216\266\355J\n2\367\360L.\201\231"
 1193      9EEB FA8E 
 1193      B6ED 4A0A 
 1193      32F7 F04C 
 1193      2E81 99
 1194 037e CA27 2B1B 		.ascii	"\312'+\033\".L%\201\320\361\306g[\016\254\243\025\3454\207\272"
 1194      222E 4C25 
 1194      81D0 F1C6 
 1194      675B 0EAC 
 1194      A315 E534 
 1195 0394 1810 2E26 		.ascii	"\030\020.&\261\371\242yG\021\270\314\223\210\366v\275\"w\211"
 1195      B1F9 A279 
 1195      4711 B8CC 
 1195      9388 F676 
 1195      BD22 7789 
 1196 03a8 1B8D 5E68 		.ascii	"\033\215^h\336\353\022Tx\f\325\353\203\373\327;S\362\250\327"
 1196      DEEB 1254 
 1196      780C D5EB 
 1196      83FB D73B 
 1196      53F2 A8D7 
 1197 03bc E2D1 15C1 		.ascii	"\342\321\025\301\243\355\307\032FM\036MC\265{\323\311}\212\340"
 1197      A3ED C71A 
 1197      464D 1E4D 
 1197      43B5 7BD3 
 1197      C97D 8AE0 
 1198 03d0 510C 58AF 		.ascii	"Q\fX\257G:*\355\3773\362\237\320\335U\356\256\217\217\274\327"
 1198      473A 2AED 
 1198      FF33 F29F 
 1198      D0DD 55EE 
 1198      AE8F 8FBC 
 1199 03e5 1A79 A4FE 		.ascii	"\032y\244\376\304!W\356e\211\217\274O\214|W\305X\255\235\267"
 1199      C421 57EE 
 1199      6589 8FBC 
 1199      4F8C 7C57 
 1199      C558 AD9D 
 1200 03fa E89A 39F2 		.ascii	"\350\2329\362\316{es\255!_g\275@\333\360\355H4\343\311-\264\256"
 1200      CE7B 6573 
 1200      AD21 5F67 
 1200      BD40 DBF0 
 1200      ED48 34E3 
 1201 0412 891D ECBF 		.ascii	"\211\035\354\277}\260\247\226\3224ve\302\217\242\r\326\345\n"
 1201      7DB0 A796 
 1201      D234 7665 
 1201      C28F A20D 
 1201      D6E5 0A
 1202 0425 37D8 68D0 		.ascii	"7\330h\320H\362\032\361\343&<\311N\303\227\233\317\3330\355l"
 1202      48F2 1AF1 
 1202      E326 3CC9 
 1202      4EC3 979B 
 1202      CFDB 30ED 
 1203 043a FC09 80A4 		.ascii	"\374\t\200\244\373?[\334\377\333>jhv\313\243\242]k\307\017\254"
 1203      FB3F 5BDC 
 1203      FFDB 3E6A 
 1203      6876 CBA3 
 1203      A25D 6BC7 
 1204 0450 76B0 FE2C 		.ascii	"v\260\376,\377\3159\270\005|\003\277\264\0070P\277\350PUt\354"
 1204      FFCD 39B8 
 1204      057C 03BF 
 1204      B407 3050 
 1204      BFE8 5055 
 1205 0466 AC2B 7D35 		.ascii	"\254+}5;7\242\237\267!\271\241?C:\237\013\276\021\334\264\345"
 1205      3B37 A29F 
 1205      B721 B9A1 
 1205      3F43 3A9F 
 1205      0BBE 11DC 
 1206 047c BFEF 4332 		.ascii	"\277\357C2\230\rr\022<h\202\0079\270\372F\373gi\311\340\246\007"
 1206      980D 7212 
 1206      3C68 8207 
 1206      39B8 FA46 
 1206      FB67 69C9 
 1207 0493 3C0F 99E0 		.ascii	"<\017\231\340!\016\276?\274\275UV\314\343[\361;i\303\035\376"
 1207      210E BE3F 
 1207      BCBD 5556 
 1207      CCE3 5BF1 
 1207      3B69 C31D 
 1208 04a8 5B53 DB4A 		.ascii	"[S\333Jo@J*\374bQa\026\257\263\361\235\326]N1\352\266\311QO\302"
 1208      6F40 4A2A 
 1208      FC62 5161 
 1208      16AF B3F1 
 1208      9DD6 5D4E 
 1209 04c3 EFF2 51F3 		.ascii	"\357\362Q\363M\\\301-[\257U\226K)\375\017[\376O\211Fn\372a\264"
 1209      4D5C C12D 
 1209      5BAF 5596 
 1209      4B29 FD0F 
 1209      5BFE 4F89 
 1210 04dc DC2D A826 		.ascii	"\334-\250&\243\332\220\330q\317.\250\226\205\352\245\315\037"
 1210      A3DA 90D8 
 1210      71CF 2EA8 
 1210      9685 EAA5 
 1210      CD1F 
 1211 04ee 1F76 89F0 		.ascii	"\037v\211\360\211\311\360\243\350m\204{\033\343\341\207E\370"
 1211      89C9 F0A3 
 1211      E86D 847B 
 1211      1BE3 E187 
 1211      45F8 
 1212 0500 311E 7E7F 		.ascii	"1\036~\177\317\325u\031\362r\231\217u\373\216\017cS\345\265B"
 1212      CFD5 7519 
 1212      F272 998F 
 1212      75FB 8E0F 
 1212      6353 E5B5 
 1213 0515 59D3 F455 		.ascii	"Y\323\364Um\032\243\330}\353\212\230<\250/O\371?\016jDb\007\225"
 1213      6D1A A3D8 
 1213      7DEB 8A98 
 1213      3CA8 2F4F 
 1213      F93F 0E6A 
 1214 052d 4AE6 41BD 		.ascii	"J\346A\275\271\245\"&\343A\215'\370A\215\326\363\237\235\272"
 1214      B9A5 2226 
 1214      E341 8D27 
 1214      F841 8DD6 
 1214      F39F 9DBA 
 1215 0541 1781 01E1 		.ascii	"\027\201\001\341\336\304\2651\216W\3262i:\263L\334\034\335\310"
 1215      DEC4 B531 
 1215      8E57 D632 
 1215      693A B34C 
 1215      DC1C DDC8 
 1216 0555 52B4 A197 		.ascii	"R\264\241\227\367kO}\346\220kR\245x\246\367b\245Sy\310\005\235"
 1216      F76B 4F7D 
 1216      E690 6B52 
 1216      A578 A6F7 
 1216      62A5 5379 
 1217 056c 8298 FD57 		.ascii	"\202\230\375WFZ\\\274\2442\311\272|\316\3645ot\247\250i%\257"
 1217      465A 5CBC 
 1217      A432 C9BA 
 1217      7CCE F435 
 1217      6F74 A7A8 
 1218 0583 A9DC AAA9 		.ascii	"\251\334\252\251\377\363\235\237\270\315\232~\271\376\367\276"
 1218      FFF3 9D9F 
 1218      B8CD 9A7E 
 1218      B9FE F7BE 
 1219 0593 E844 4D08 		.ascii	"\350DM\b\204\345\222U\323\n\311\006\025X\023Z&j\352\262\023f"
 1219      84E5 9255 
 1219      D30A C906 
 1219      1558 135A 
 1219      266A EAB2 
 1220 05a9 FBA3 49C3 		.ascii	"\373\243I\303*\211\321r\315\206\2234#\231\367G\0368$\253%\301"
 1220      2A89 D172 
 1220      CD86 9334 
 1220      2399 F747 
 1220      1E38 24AB 
 1221 05bf 7B7C 2378 		.ascii	"{|#x\343\370\255\013\222\374\037[\212\246\rTm\334k7\253\030\321"
 1221      E3F8 AD0B 
 1221      92FC 1F5B 
 1221      8AA6 0D54 
 1221      6DDC 6B37 
 1222 05d6 CB68 3C42 		.ascii	"\313h<B\351f\205{\\3Q\302\277\261\204\265X\302\232\244\022\266"
 1222      E966 857B 
 1222      5C33 51C2 
 1222      BFB1 84B5 
 1222      58C2 9AA4 
 1223 05ec 6109 6823 		.ascii	"a\th#9F\321b\257_/Vg\372\365\242\"]\233\351[R<\263@\327\215\220"
 1223      3946 D162 
 1223      AF5F 2F56 
 1223      67FA F5A2 
 1223      225D 9BE9 
 1224 0608 EE0B A8C5 		.ascii	"\356\013\250\305\371~\347\013\377z5\347\371\371\363\311\264d"
 1224      F97E E70B 
 1224      FF7A 35E7 
 1224      F9F9 F3C9 
 1224      B464 
 1225 061a 6BBE EFE9 		.ascii	"k\276\357\351\331\317\314\235]\020 \316\222\240f\314\231\355"
 1225      D9CF CC9D 
 1225      5D10 20CE 
 1225      92A0 66CC 
 1225      99ED 
 1226 062c 3532 26D7 		.ascii	"52&\327\275\213J\212\336\370\353\357y&O\374f\207\327\367\272"
 1226      BD8B 4A8A 
 1226      DEF8 EBEF 
 1226      7926 4FFC 
 1226      6687 D7F7 
 1227 0641 819F 4B7D 		.ascii	"\201\237K}\206\2770\240/\364\026\253a\325ph\272?\244k\252S\323"
 1227      86BF 30A0 
 1227      2FF4 16AB 
 1227      61D5 7068 
 1227      BA3F A46B 
 1228 0658 835A 28A8 		.ascii	"\203Z(\250\251\266\222\260\032\260\371\013}\305\216\374\240\026"
 1228      A9B6 92B0 
 1228      1AB0 F90B 
 1228      7DC5 8EFC 
 1228      A016 
 1229 066a 34E6 1047 		.ascii	"4\346\020GX\365\033A]\263k\276\305j\340/^oAI0d\0045/F\364\006"
 1229      58F5 1B41 
 1229      5DB3 6BBE 
 1229      C56A E02F 
 1229      5E6F 4149 
 1230 0686 D490 AFD4 		.ascii	"\324\220\257\324\353/\365\207\324\360\"\377\263\036\334]\034"
 1230      EB2F F587 
 1230      D4F0 22FF 
 1230      B31E DC5D 
 1230      1C
 1231 0697 F668 E871 		.ascii	"\366h\350q\221'\240\373K\212T\315\b{\026\253\245\005\272\257"
 1231      9127 A0FB 
 1231      4B8A 54CD 
 1231      087B 16AB 
 1231      A505 BAAF 
 1232 06ab 38E0 290A 		.ascii	"8\340)\n\227\206\237\236\353)\324\213T\023\364&\226Qb\004Ca\017"
 1232      9786 9F9E 
 1232      EB29 D48B 
 1232      5413 F426 
 1232      9651 6204 
 1233 06c2 BA9B F7D4 		.ascii	"\272\233\367\324B\255\344)C\327C\230@Pc&OP\363\207J\002\252\207"
 1233      42AD E429 
 1233      43D7 4398 
 1233      4050 6326 
 1233      4F50 F387 
 1234 06da 813C 3C5C 		.ascii	"\201<<\\~!q\361\344\275\350wZ>\313<h\344\345\372\226\346\346"
 1234      7E21 71F1 
 1234      E4BD E877 
 1234      5A3E CB3C 
 1234      68E4 E5FA 
 1235 06f1 2DD0 F482 		.ascii	"-\320\364\202\240\021~\2168X\337\346y\r\227\231aQ\330\355\013"
 1235      A011 7E8E 
 1235      3858 DFE6 
 1235      790D 9799 
 1235      6151 D8ED 
 1236 0706 2DF5 9586 		.ascii	"-\365\225\206\275\242Lei\300\360\252\232\257 \244.\374S\323f"
 1236      BDA2 4C65 
 1236      69C0 F0AA 
 1236      9AAF 20A4 
 1236      2EFC 53D3 
 1237 071b DF18 0B73 		.ascii	"\337\030\013s\236\302B\006\202a\026\363WA\214\260l"
 1237      9EC2 4206 
 1237      8261 16F3 
 1237      5741 8CB0 
 1237      6C
 1238               		.text
 1239               		.section	.gnu.lto_.symtab.54afda9b,"",@progbits
 1240 0000 626F 6F74 		.string	"bootloader_jump"
 1240      6C6F 6164 
 1240      6572 5F6A 
 1240      756D 7000 
 1241 0010 00        		.string	""
 1242 0011 00        		.string	""
 1243 0012 00        		.string	""
 1244 0013 00        		.string	""
 1245 0014 00        		.string	""
 1246 0015 00        		.string	""
 1247 0016 00        		.string	""
 1248 0017 00        		.string	""
 1249 0018 00        		.string	""
 1250 0019 00        		.string	""
 1251 001a 00        		.string	""
 1252 001b C600      		.string	"\306"
 1253 001d 00        		.string	""
 1254 001e 00        		.string	""
 1255 001f 7265 7365 		.string	"reset_key"
 1255      745F 6B65 
 1255      7900 
 1256 0029 00        		.string	""
 1257 002a 00        		.string	""
 1258 002b 00        		.string	""
 1259 002c 00        		.string	""
 1260 002d 00        		.string	""
 1261 002e 00        		.string	""
 1262 002f 00        		.string	""
 1263 0030 00        		.string	""
 1264 0031 00        		.string	""
 1265 0032 00        		.string	""
 1266 0033 00        		.string	""
 1267 0034 EE00      		.string	"\356"
 1268 0036 00        		.string	""
 1269 0037 00        		.string	""
 1270 0038 626F 6F74 		.string	"bootloader_jump_after_watchdog_reset"
 1270      6C6F 6164 
 1270      6572 5F6A 
 1270      756D 705F 
 1270      6166 7465 
 1271 005d 00        		.string	""
 1272 005e 00        		.string	""
 1273 005f 00        		.string	""
 1274 0060 00        		.string	""
 1275 0061 00        		.string	""
 1276 0062 00        		.string	""
 1277 0063 00        		.string	""
 1278 0064 00        		.string	""
 1279 0065 00        		.string	""
 1280 0066 00        		.string	""
 1281 0067 00        		.string	""
 1282 0068 E000      		.string	"\340"
 1283 006a 00        		.string	""
 1284 006b 00        		.string	""
 1285               		.text
 1286               		.section	.gnu.lto_.opts,"",@progbits
 1287 0000 272D 666E 		.string	"'-fno-openmp' '-fno-openacc' '-fno-pie' '-mn-flash=1' '-mno-skip-bug' '-mmcu=avr5' '-Os' 
 1287      6F2D 6F70 
 1287      656E 6D70 
 1287      2720 272D 
 1287      666E 6F2D 
 1288               		.text
 1289               		.comm	__gnu_lto_v1,1,1
 1290               		.comm	__gnu_lto_slim,1,1
 1291               		.ident	"GCC: (GNU) 8.3.0"
DEFINED SYMBOLS
                            *ABS*:00000000 bootloader.c
C:\Users\nonej\Documents\Keyboard\msys64\tmp\ccAOQrdi.s:2      *ABS*:0000003e __SP_H__
C:\Users\nonej\Documents\Keyboard\msys64\tmp\ccAOQrdi.s:3      *ABS*:0000003d __SP_L__
C:\Users\nonej\Documents\Keyboard\msys64\tmp\ccAOQrdi.s:4      *ABS*:0000003f __SREG__
C:\Users\nonej\Documents\Keyboard\msys64\tmp\ccAOQrdi.s:5      *ABS*:00000000 __tmp_reg__
C:\Users\nonej\Documents\Keyboard\msys64\tmp\ccAOQrdi.s:6      *ABS*:00000001 __zero_reg__
C:\Users\nonej\Documents\Keyboard\msys64\tmp\ccAOQrdi.s:20     .gnu.debuglto_.debug_info:00000000 bootloader.c.a62742bd
                            *COM*:00000001 __gnu_lto_v1
                            *COM*:00000001 __gnu_lto_slim

NO UNDEFINED SYMBOLS
