   1               		.file	"timer.c"
   2               	__SP_H__ = 0x3e
   3               	__SP_L__ = 0x3d
   4               	__SREG__ = 0x3f
   5               	__tmp_reg__ = 0
   6               	__zero_reg__ = 1
   7               		.file 1 "c:\\users\\nonej\\documents\\keyboard\\msys64\\home\\nonej\\qmk_utils\\avr8-gnu-toolchain
   8               		.file 2 "tmk_core/common/avr/timer.c"
   9               		.file 3 "tmk_core/common/timer.h"
  10               		.file 4 "c:\\users\\nonej\\documents\\keyboard\\msys64\\home\\nonej\\qmk_utils\\avr8-gnu-toolchain
  11               		.section	.gnu.debuglto_.debug_info,"",@progbits
  12               	.Ldebug_info0:
  13               		.hidden	timer.c.4de63d24
  14               		.weak	timer.c.4de63d24
  15               	timer.c.4de63d24:
  16 0000 0502 0000 		.long	0x205
  17 0004 0200      		.word	0x2
  18 0006 0000 0000 		.long	.Ldebug_abbrev0
  19 000a 04        		.byte	0x4
  20 000b 01        		.uleb128 0x1
  21 000c 0000 0000 		.long	.LASF20
  22 0010 0C        		.byte	0xc
  23 0011 0000 0000 		.long	.LASF21
  24 0015 0000 0000 		.long	.LASF22
  25 0019 0000 0000 		.long	.Ldebug_line0
  26 001d 02        		.uleb128 0x2
  27 001e 01        		.byte	0x1
  28 001f 06        		.byte	0x6
  29 0020 0000 0000 		.long	.LASF0
  30 0024 03        		.uleb128 0x3
  31 0025 0000 0000 		.long	.LASF2
  32 0029 01        		.byte	0x1
  33 002a 7E        		.byte	0x7e
  34 002b 16        		.byte	0x16
  35 002c 3500 0000 		.long	0x35
  36 0030 04        		.uleb128 0x4
  37 0031 2400 0000 		.long	0x24
  38 0035 02        		.uleb128 0x2
  39 0036 01        		.byte	0x1
  40 0037 08        		.byte	0x8
  41 0038 0000 0000 		.long	.LASF1
  42 003c 05        		.uleb128 0x5
  43 003d 02        		.byte	0x2
  44 003e 05        		.byte	0x5
  45 003f 696E 7400 		.string	"int"
  46 0043 03        		.uleb128 0x3
  47 0044 0000 0000 		.long	.LASF3
  48 0048 01        		.byte	0x1
  49 0049 80        		.byte	0x80
  50 004a 16        		.byte	0x16
  51 004b 4F00 0000 		.long	0x4f
  52 004f 02        		.uleb128 0x2
  53 0050 02        		.byte	0x2
  54 0051 07        		.byte	0x7
  55 0052 0000 0000 		.long	.LASF4
  56 0056 02        		.uleb128 0x2
  57 0057 04        		.byte	0x4
  58 0058 05        		.byte	0x5
  59 0059 0000 0000 		.long	.LASF5
  60 005d 03        		.uleb128 0x3
  61 005e 0000 0000 		.long	.LASF6
  62 0062 01        		.byte	0x1
  63 0063 82        		.byte	0x82
  64 0064 16        		.byte	0x16
  65 0065 6E00 0000 		.long	0x6e
  66 0069 06        		.uleb128 0x6
  67 006a 5D00 0000 		.long	0x5d
  68 006e 02        		.uleb128 0x2
  69 006f 04        		.byte	0x4
  70 0070 07        		.byte	0x7
  71 0071 0000 0000 		.long	.LASF7
  72 0075 02        		.uleb128 0x2
  73 0076 08        		.byte	0x8
  74 0077 05        		.byte	0x5
  75 0078 0000 0000 		.long	.LASF8
  76 007c 02        		.uleb128 0x2
  77 007d 08        		.byte	0x8
  78 007e 07        		.byte	0x7
  79 007f 0000 0000 		.long	.LASF9
  80 0083 07        		.uleb128 0x7
  81 0084 0000 0000 		.long	.LASF23
  82 0088 03        		.byte	0x3
  83 0089 26        		.byte	0x26
  84 008a 1A        		.byte	0x1a
  85 008b 6900 0000 		.long	0x69
  86 008f 01        		.byte	0x1
  87 0090 01        		.byte	0x1
  88 0091 08        		.uleb128 0x8
  89 0092 8300 0000 		.long	0x83
  90 0096 02        		.byte	0x2
  91 0097 1B        		.byte	0x1b
  92 0098 13        		.byte	0x13
  93 0099 09        		.uleb128 0x9
  94 009a 01        		.byte	0x1
  95 009b 0000 0000 		.long	.LASF24
  96 009f 02        		.byte	0x2
  97 00a0 7E        		.byte	0x7e
  98 00a1 01        		.byte	0x1
  99 00a2 01        		.byte	0x1
 100 00a3 0A        		.uleb128 0xa
 101 00a4 01        		.byte	0x1
 102 00a5 0000 0000 		.long	.LASF12
 103 00a9 02        		.byte	0x2
 104 00aa 70        		.byte	0x70
 105 00ab 11        		.byte	0x11
 106 00ac 01        		.byte	0x1
 107 00ad 5D00 0000 		.long	0x5d
 108 00b1 E600 0000 		.long	0xe6
 109 00b5 0B        		.uleb128 0xb
 110 00b6 0000 0000 		.long	.LASF14
 111 00ba 02        		.byte	0x2
 112 00bb 70        		.byte	0x70
 113 00bc 2A        		.byte	0x2a
 114 00bd 5D00 0000 		.long	0x5d
 115 00c1 0C        		.uleb128 0xc
 116 00c2 7400      		.string	"t"
 117 00c4 02        		.byte	0x2
 118 00c5 71        		.byte	0x71
 119 00c6 0E        		.byte	0xe
 120 00c7 5D00 0000 		.long	0x5d
 121 00cb 0D        		.uleb128 0xd
 122 00cc 0E        		.uleb128 0xe
 123 00cd 0000 0000 		.long	.LASF10
 124 00d1 02        		.byte	0x2
 125 00d2 73        		.byte	0x73
 126 00d3 05        		.byte	0x5
 127 00d4 2400 0000 		.long	0x24
 128 00d8 0E        		.uleb128 0xe
 129 00d9 0000 0000 		.long	.LASF11
 130 00dd 02        		.byte	0x2
 131 00de 73        		.byte	0x73
 132 00df 05        		.byte	0x5
 133 00e0 2400 0000 		.long	0x24
 134 00e4 00        		.byte	0
 135 00e5 00        		.byte	0
 136 00e6 0A        		.uleb128 0xa
 137 00e7 01        		.byte	0x1
 138 00e8 0000 0000 		.long	.LASF13
 139 00ec 02        		.byte	0x2
 140 00ed 64        		.byte	0x64
 141 00ee 11        		.byte	0x11
 142 00ef 01        		.byte	0x1
 143 00f0 4300 0000 		.long	0x43
 144 00f4 2901 0000 		.long	0x129
 145 00f8 0B        		.uleb128 0xb
 146 00f9 0000 0000 		.long	.LASF14
 147 00fd 02        		.byte	0x2
 148 00fe 64        		.byte	0x64
 149 00ff 28        		.byte	0x28
 150 0100 4300 0000 		.long	0x43
 151 0104 0C        		.uleb128 0xc
 152 0105 7400      		.string	"t"
 153 0107 02        		.byte	0x2
 154 0108 65        		.byte	0x65
 155 0109 0E        		.byte	0xe
 156 010a 5D00 0000 		.long	0x5d
 157 010e 0D        		.uleb128 0xd
 158 010f 0E        		.uleb128 0xe
 159 0110 0000 0000 		.long	.LASF10
 160 0114 02        		.byte	0x2
 161 0115 67        		.byte	0x67
 162 0116 05        		.byte	0x5
 163 0117 2400 0000 		.long	0x24
 164 011b 0E        		.uleb128 0xe
 165 011c 0000 0000 		.long	.LASF11
 166 0120 02        		.byte	0x2
 167 0121 67        		.byte	0x67
 168 0122 05        		.byte	0x5
 169 0123 2400 0000 		.long	0x24
 170 0127 00        		.byte	0
 171 0128 00        		.byte	0
 172 0129 0A        		.uleb128 0xa
 173 012a 01        		.byte	0x1
 174 012b 0000 0000 		.long	.LASF15
 175 012f 02        		.byte	0x2
 176 0130 58        		.byte	0x58
 177 0131 11        		.byte	0x11
 178 0132 01        		.byte	0x1
 179 0133 5D00 0000 		.long	0x5d
 180 0137 6001 0000 		.long	0x160
 181 013b 0C        		.uleb128 0xc
 182 013c 7400      		.string	"t"
 183 013e 02        		.byte	0x2
 184 013f 59        		.byte	0x59
 185 0140 0E        		.byte	0xe
 186 0141 5D00 0000 		.long	0x5d
 187 0145 0D        		.uleb128 0xd
 188 0146 0E        		.uleb128 0xe
 189 0147 0000 0000 		.long	.LASF10
 190 014b 02        		.byte	0x2
 191 014c 5B        		.byte	0x5b
 192 014d 05        		.byte	0x5
 193 014e 2400 0000 		.long	0x24
 194 0152 0E        		.uleb128 0xe
 195 0153 0000 0000 		.long	.LASF11
 196 0157 02        		.byte	0x2
 197 0158 5B        		.byte	0x5b
 198 0159 05        		.byte	0x5
 199 015a 2400 0000 		.long	0x24
 200 015e 00        		.byte	0
 201 015f 00        		.byte	0
 202 0160 0A        		.uleb128 0xa
 203 0161 01        		.byte	0x1
 204 0162 0000 0000 		.long	.LASF16
 205 0166 02        		.byte	0x2
 206 0167 4C        		.byte	0x4c
 207 0168 11        		.byte	0x11
 208 0169 01        		.byte	0x1
 209 016a 4300 0000 		.long	0x43
 210 016e 9701 0000 		.long	0x197
 211 0172 0C        		.uleb128 0xc
 212 0173 7400      		.string	"t"
 213 0175 02        		.byte	0x2
 214 0176 4D        		.byte	0x4d
 215 0177 0E        		.byte	0xe
 216 0178 5D00 0000 		.long	0x5d
 217 017c 0D        		.uleb128 0xd
 218 017d 0E        		.uleb128 0xe
 219 017e 0000 0000 		.long	.LASF10
 220 0182 02        		.byte	0x2
 221 0183 4F        		.byte	0x4f
 222 0184 05        		.byte	0x5
 223 0185 2400 0000 		.long	0x24
 224 0189 0E        		.uleb128 0xe
 225 018a 0000 0000 		.long	.LASF11
 226 018e 02        		.byte	0x2
 227 018f 4F        		.byte	0x4f
 228 0190 05        		.byte	0x5
 229 0191 2400 0000 		.long	0x24
 230 0195 00        		.byte	0
 231 0196 00        		.byte	0
 232 0197 0F        		.uleb128 0xf
 233 0198 01        		.byte	0x1
 234 0199 0000 0000 		.long	.LASF17
 235 019d 02        		.byte	0x2
 236 019e 44        		.byte	0x44
 237 019f 0D        		.byte	0xd
 238 01a0 01        		.byte	0x1
 239 01a1 C001 0000 		.long	0x1c0
 240 01a5 0D        		.uleb128 0xd
 241 01a6 0E        		.uleb128 0xe
 242 01a7 0000 0000 		.long	.LASF10
 243 01ab 02        		.byte	0x2
 244 01ac 45        		.byte	0x45
 245 01ad 05        		.byte	0x5
 246 01ae 2400 0000 		.long	0x24
 247 01b2 0E        		.uleb128 0xe
 248 01b3 0000 0000 		.long	.LASF11
 249 01b7 02        		.byte	0x2
 250 01b8 45        		.byte	0x45
 251 01b9 05        		.byte	0x5
 252 01ba 2400 0000 		.long	0x24
 253 01be 00        		.byte	0
 254 01bf 00        		.byte	0
 255 01c0 0F        		.uleb128 0xf
 256 01c1 01        		.byte	0x1
 257 01c2 0000 0000 		.long	.LASF18
 258 01c6 02        		.byte	0x2
 259 01c7 21        		.byte	0x21
 260 01c8 06        		.byte	0x6
 261 01c9 01        		.byte	0x1
 262 01ca DB01 0000 		.long	0x1db
 263 01ce 0E        		.uleb128 0xe
 264 01cf 0000 0000 		.long	.LASF19
 265 01d3 02        		.byte	0x2
 266 01d4 27        		.byte	0x27
 267 01d5 0D        		.byte	0xd
 268 01d6 2400 0000 		.long	0x24
 269 01da 00        		.byte	0
 270 01db 10        		.uleb128 0x10
 271 01dc 0000 0000 		.long	.LASF25
 272 01e0 04        		.byte	0x4
 273 01e1 44        		.byte	0x44
 274 01e2 18        		.byte	0x18
 275 01e3 01        		.byte	0x1
 276 01e4 F501 0000 		.long	0x1f5
 277 01e8 11        		.uleb128 0x11
 278 01e9 5F5F 7300 		.string	"__s"
 279 01ed 04        		.byte	0x4
 280 01ee 44        		.byte	0x44
 281 01ef 33        		.byte	0x33
 282 01f0 F501 0000 		.long	0x1f5
 283 01f4 00        		.byte	0
 284 01f5 12        		.uleb128 0x12
 285 01f6 02        		.byte	0x2
 286 01f7 3000 0000 		.long	0x30
 287 01fb 13        		.uleb128 0x13
 288 01fc 0000 0000 		.long	.LASF26
 289 0200 04        		.byte	0x4
 290 0201 30        		.byte	0x30
 291 0202 1B        		.byte	0x1b
 292 0203 01        		.byte	0x1
 293 0204 2400 0000 		.long	0x24
 294 0208 00        		.byte	0
 295               		.section	.gnu.debuglto_.debug_abbrev,"",@progbits
 296               	.Ldebug_abbrev0:
 297 0000 01        		.uleb128 0x1
 298 0001 11        		.uleb128 0x11
 299 0002 01        		.byte	0x1
 300 0003 25        		.uleb128 0x25
 301 0004 0E        		.uleb128 0xe
 302 0005 13        		.uleb128 0x13
 303 0006 0B        		.uleb128 0xb
 304 0007 03        		.uleb128 0x3
 305 0008 0E        		.uleb128 0xe
 306 0009 1B        		.uleb128 0x1b
 307 000a 0E        		.uleb128 0xe
 308 000b 10        		.uleb128 0x10
 309 000c 06        		.uleb128 0x6
 310 000d 00        		.byte	0
 311 000e 00        		.byte	0
 312 000f 02        		.uleb128 0x2
 313 0010 24        		.uleb128 0x24
 314 0011 00        		.byte	0
 315 0012 0B        		.uleb128 0xb
 316 0013 0B        		.uleb128 0xb
 317 0014 3E        		.uleb128 0x3e
 318 0015 0B        		.uleb128 0xb
 319 0016 03        		.uleb128 0x3
 320 0017 0E        		.uleb128 0xe
 321 0018 00        		.byte	0
 322 0019 00        		.byte	0
 323 001a 03        		.uleb128 0x3
 324 001b 16        		.uleb128 0x16
 325 001c 00        		.byte	0
 326 001d 03        		.uleb128 0x3
 327 001e 0E        		.uleb128 0xe
 328 001f 3A        		.uleb128 0x3a
 329 0020 0B        		.uleb128 0xb
 330 0021 3B        		.uleb128 0x3b
 331 0022 0B        		.uleb128 0xb
 332 0023 39        		.uleb128 0x39
 333 0024 0B        		.uleb128 0xb
 334 0025 49        		.uleb128 0x49
 335 0026 13        		.uleb128 0x13
 336 0027 00        		.byte	0
 337 0028 00        		.byte	0
 338 0029 04        		.uleb128 0x4
 339 002a 26        		.uleb128 0x26
 340 002b 00        		.byte	0
 341 002c 49        		.uleb128 0x49
 342 002d 13        		.uleb128 0x13
 343 002e 00        		.byte	0
 344 002f 00        		.byte	0
 345 0030 05        		.uleb128 0x5
 346 0031 24        		.uleb128 0x24
 347 0032 00        		.byte	0
 348 0033 0B        		.uleb128 0xb
 349 0034 0B        		.uleb128 0xb
 350 0035 3E        		.uleb128 0x3e
 351 0036 0B        		.uleb128 0xb
 352 0037 03        		.uleb128 0x3
 353 0038 08        		.uleb128 0x8
 354 0039 00        		.byte	0
 355 003a 00        		.byte	0
 356 003b 06        		.uleb128 0x6
 357 003c 35        		.uleb128 0x35
 358 003d 00        		.byte	0
 359 003e 49        		.uleb128 0x49
 360 003f 13        		.uleb128 0x13
 361 0040 00        		.byte	0
 362 0041 00        		.byte	0
 363 0042 07        		.uleb128 0x7
 364 0043 34        		.uleb128 0x34
 365 0044 00        		.byte	0
 366 0045 03        		.uleb128 0x3
 367 0046 0E        		.uleb128 0xe
 368 0047 3A        		.uleb128 0x3a
 369 0048 0B        		.uleb128 0xb
 370 0049 3B        		.uleb128 0x3b
 371 004a 0B        		.uleb128 0xb
 372 004b 39        		.uleb128 0x39
 373 004c 0B        		.uleb128 0xb
 374 004d 49        		.uleb128 0x49
 375 004e 13        		.uleb128 0x13
 376 004f 3F        		.uleb128 0x3f
 377 0050 0C        		.uleb128 0xc
 378 0051 3C        		.uleb128 0x3c
 379 0052 0C        		.uleb128 0xc
 380 0053 00        		.byte	0
 381 0054 00        		.byte	0
 382 0055 08        		.uleb128 0x8
 383 0056 34        		.uleb128 0x34
 384 0057 00        		.byte	0
 385 0058 47        		.uleb128 0x47
 386 0059 13        		.uleb128 0x13
 387 005a 3A        		.uleb128 0x3a
 388 005b 0B        		.uleb128 0xb
 389 005c 3B        		.uleb128 0x3b
 390 005d 0B        		.uleb128 0xb
 391 005e 39        		.uleb128 0x39
 392 005f 0B        		.uleb128 0xb
 393 0060 00        		.byte	0
 394 0061 00        		.byte	0
 395 0062 09        		.uleb128 0x9
 396 0063 2E        		.uleb128 0x2e
 397 0064 00        		.byte	0
 398 0065 3F        		.uleb128 0x3f
 399 0066 0C        		.uleb128 0xc
 400 0067 03        		.uleb128 0x3
 401 0068 0E        		.uleb128 0xe
 402 0069 3A        		.uleb128 0x3a
 403 006a 0B        		.uleb128 0xb
 404 006b 3B        		.uleb128 0x3b
 405 006c 0B        		.uleb128 0xb
 406 006d 39        		.uleb128 0x39
 407 006e 0B        		.uleb128 0xb
 408 006f 27        		.uleb128 0x27
 409 0070 0C        		.uleb128 0xc
 410 0071 00        		.byte	0
 411 0072 00        		.byte	0
 412 0073 0A        		.uleb128 0xa
 413 0074 2E        		.uleb128 0x2e
 414 0075 01        		.byte	0x1
 415 0076 3F        		.uleb128 0x3f
 416 0077 0C        		.uleb128 0xc
 417 0078 03        		.uleb128 0x3
 418 0079 0E        		.uleb128 0xe
 419 007a 3A        		.uleb128 0x3a
 420 007b 0B        		.uleb128 0xb
 421 007c 3B        		.uleb128 0x3b
 422 007d 0B        		.uleb128 0xb
 423 007e 39        		.uleb128 0x39
 424 007f 0B        		.uleb128 0xb
 425 0080 27        		.uleb128 0x27
 426 0081 0C        		.uleb128 0xc
 427 0082 49        		.uleb128 0x49
 428 0083 13        		.uleb128 0x13
 429 0084 01        		.uleb128 0x1
 430 0085 13        		.uleb128 0x13
 431 0086 00        		.byte	0
 432 0087 00        		.byte	0
 433 0088 0B        		.uleb128 0xb
 434 0089 05        		.uleb128 0x5
 435 008a 00        		.byte	0
 436 008b 03        		.uleb128 0x3
 437 008c 0E        		.uleb128 0xe
 438 008d 3A        		.uleb128 0x3a
 439 008e 0B        		.uleb128 0xb
 440 008f 3B        		.uleb128 0x3b
 441 0090 0B        		.uleb128 0xb
 442 0091 39        		.uleb128 0x39
 443 0092 0B        		.uleb128 0xb
 444 0093 49        		.uleb128 0x49
 445 0094 13        		.uleb128 0x13
 446 0095 00        		.byte	0
 447 0096 00        		.byte	0
 448 0097 0C        		.uleb128 0xc
 449 0098 34        		.uleb128 0x34
 450 0099 00        		.byte	0
 451 009a 03        		.uleb128 0x3
 452 009b 08        		.uleb128 0x8
 453 009c 3A        		.uleb128 0x3a
 454 009d 0B        		.uleb128 0xb
 455 009e 3B        		.uleb128 0x3b
 456 009f 0B        		.uleb128 0xb
 457 00a0 39        		.uleb128 0x39
 458 00a1 0B        		.uleb128 0xb
 459 00a2 49        		.uleb128 0x49
 460 00a3 13        		.uleb128 0x13
 461 00a4 00        		.byte	0
 462 00a5 00        		.byte	0
 463 00a6 0D        		.uleb128 0xd
 464 00a7 0B        		.uleb128 0xb
 465 00a8 01        		.byte	0x1
 466 00a9 00        		.byte	0
 467 00aa 00        		.byte	0
 468 00ab 0E        		.uleb128 0xe
 469 00ac 34        		.uleb128 0x34
 470 00ad 00        		.byte	0
 471 00ae 03        		.uleb128 0x3
 472 00af 0E        		.uleb128 0xe
 473 00b0 3A        		.uleb128 0x3a
 474 00b1 0B        		.uleb128 0xb
 475 00b2 3B        		.uleb128 0x3b
 476 00b3 0B        		.uleb128 0xb
 477 00b4 39        		.uleb128 0x39
 478 00b5 0B        		.uleb128 0xb
 479 00b6 49        		.uleb128 0x49
 480 00b7 13        		.uleb128 0x13
 481 00b8 00        		.byte	0
 482 00b9 00        		.byte	0
 483 00ba 0F        		.uleb128 0xf
 484 00bb 2E        		.uleb128 0x2e
 485 00bc 01        		.byte	0x1
 486 00bd 3F        		.uleb128 0x3f
 487 00be 0C        		.uleb128 0xc
 488 00bf 03        		.uleb128 0x3
 489 00c0 0E        		.uleb128 0xe
 490 00c1 3A        		.uleb128 0x3a
 491 00c2 0B        		.uleb128 0xb
 492 00c3 3B        		.uleb128 0x3b
 493 00c4 0B        		.uleb128 0xb
 494 00c5 39        		.uleb128 0x39
 495 00c6 0B        		.uleb128 0xb
 496 00c7 27        		.uleb128 0x27
 497 00c8 0C        		.uleb128 0xc
 498 00c9 01        		.uleb128 0x1
 499 00ca 13        		.uleb128 0x13
 500 00cb 00        		.byte	0
 501 00cc 00        		.byte	0
 502 00cd 10        		.uleb128 0x10
 503 00ce 2E        		.uleb128 0x2e
 504 00cf 01        		.byte	0x1
 505 00d0 03        		.uleb128 0x3
 506 00d1 0E        		.uleb128 0xe
 507 00d2 3A        		.uleb128 0x3a
 508 00d3 0B        		.uleb128 0xb
 509 00d4 3B        		.uleb128 0x3b
 510 00d5 0B        		.uleb128 0xb
 511 00d6 39        		.uleb128 0x39
 512 00d7 0B        		.uleb128 0xb
 513 00d8 27        		.uleb128 0x27
 514 00d9 0C        		.uleb128 0xc
 515 00da 01        		.uleb128 0x1
 516 00db 13        		.uleb128 0x13
 517 00dc 00        		.byte	0
 518 00dd 00        		.byte	0
 519 00de 11        		.uleb128 0x11
 520 00df 05        		.uleb128 0x5
 521 00e0 00        		.byte	0
 522 00e1 03        		.uleb128 0x3
 523 00e2 08        		.uleb128 0x8
 524 00e3 3A        		.uleb128 0x3a
 525 00e4 0B        		.uleb128 0xb
 526 00e5 3B        		.uleb128 0x3b
 527 00e6 0B        		.uleb128 0xb
 528 00e7 39        		.uleb128 0x39
 529 00e8 0B        		.uleb128 0xb
 530 00e9 49        		.uleb128 0x49
 531 00ea 13        		.uleb128 0x13
 532 00eb 00        		.byte	0
 533 00ec 00        		.byte	0
 534 00ed 12        		.uleb128 0x12
 535 00ee 0F        		.uleb128 0xf
 536 00ef 00        		.byte	0
 537 00f0 0B        		.uleb128 0xb
 538 00f1 0B        		.uleb128 0xb
 539 00f2 49        		.uleb128 0x49
 540 00f3 13        		.uleb128 0x13
 541 00f4 00        		.byte	0
 542 00f5 00        		.byte	0
 543 00f6 13        		.uleb128 0x13
 544 00f7 2E        		.uleb128 0x2e
 545 00f8 00        		.byte	0
 546 00f9 03        		.uleb128 0x3
 547 00fa 0E        		.uleb128 0xe
 548 00fb 3A        		.uleb128 0x3a
 549 00fc 0B        		.uleb128 0xb
 550 00fd 3B        		.uleb128 0x3b
 551 00fe 0B        		.uleb128 0xb
 552 00ff 39        		.uleb128 0x39
 553 0100 0B        		.uleb128 0xb
 554 0101 27        		.uleb128 0x27
 555 0102 0C        		.uleb128 0xc
 556 0103 49        		.uleb128 0x49
 557 0104 13        		.uleb128 0x13
 558 0105 00        		.byte	0
 559 0106 00        		.byte	0
 560 0107 00        		.byte	0
 561               		.section	.gnu.debuglto_.debug_line,"",@progbits
 562               	.Ldebug_line0:
 563 0000 3301 0000 		.long	.LELT0-.LSLT0
 564               	.LSLT0:
 565 0004 0200      		.word	0x2
 566 0006 2D01 0000 		.long	.LELTP0-.LASLTP0
 567               	.LASLTP0:
 568 000a 01        		.byte	0x1
 569 000b 01        		.byte	0x1
 570 000c F6        		.byte	0xf6
 571 000d F2        		.byte	0xf2
 572 000e 0D        		.byte	0xd
 573 000f 00        		.byte	0
 574 0010 01        		.byte	0x1
 575 0011 01        		.byte	0x1
 576 0012 01        		.byte	0x1
 577 0013 01        		.byte	0x1
 578 0014 00        		.byte	0
 579 0015 00        		.byte	0
 580 0016 00        		.byte	0
 581 0017 01        		.byte	0x1
 582 0018 00        		.byte	0
 583 0019 00        		.byte	0
 584 001a 01        		.byte	0x1
 585 001b 633A 5C75 		.ascii	"c:\\users\\nonej\\documents\\keyboard\\msys64\\home\\nonej\\"
 585      7365 7273 
 585      5C6E 6F6E 
 585      656A 5C64 
 585      6F63 756D 
 586 004f 716D 6B5F 		.ascii	"qmk_utils\\avr8-gnu-toolchain\\avr\\include"
 586      7574 696C 
 586      735C 6176 
 586      7238 2D67 
 586      6E75 2D74 
 587 0077 00        		.byte	0
 588 0078 633A 5C75 		.ascii	"c:\\users\\nonej\\documents\\keyboard\\msys64\\home\\nonej\\"
 588      7365 7273 
 588      5C6E 6F6E 
 588      656A 5C64 
 588      6F63 756D 
 589 00ac 716D 6B5F 		.ascii	"qmk_utils\\avr8-gnu-toolchain\\avr\\include\\util"
 589      7574 696C 
 589      735C 6176 
 589      7238 2D67 
 589      6E75 2D74 
 590 00d9 00        		.byte	0
 591 00da 746D 6B5F 		.ascii	"tmk_core/common"
 591      636F 7265 
 591      2F63 6F6D 
 591      6D6F 6E
 592 00e9 00        		.byte	0
 593 00ea 746D 6B5F 		.ascii	"tmk_core/common/avr"
 593      636F 7265 
 593      2F63 6F6D 
 593      6D6F 6E2F 
 593      6176 72
 594 00fd 00        		.byte	0
 595 00fe 00        		.byte	0
 596 00ff 7374 6469 		.string	"stdint.h"
 596      6E74 2E68 
 596      00
 597 0108 01        		.uleb128 0x1
 598 0109 00        		.uleb128 0
 599 010a 00        		.uleb128 0
 600 010b 6176 722F 		.string	"avr/timer.c"
 600      7469 6D65 
 600      722E 6300 
 601 0117 03        		.uleb128 0x3
 602 0118 00        		.uleb128 0
 603 0119 00        		.uleb128 0
 604 011a 7469 6D65 		.string	"timer.h"
 604      722E 6800 
 605 0122 03        		.uleb128 0x3
 606 0123 00        		.uleb128 0
 607 0124 00        		.uleb128 0
 608 0125 7574 696C 		.string	"util\\atomic.h"
 608      5C61 746F 
 608      6D69 632E 
 608      6800 
 609 0133 01        		.uleb128 0x1
 610 0134 00        		.uleb128 0
 611 0135 00        		.uleb128 0
 612 0136 00        		.byte	0
 613               	.LELTP0:
 614               	.LELT0:
 615               		.section	.gnu.debuglto_.debug_str,"MS",@progbits,1
 616               	.LASF21:
 617 0000 746D 6B5F 		.string	"tmk_core/common/avr/timer.c"
 617      636F 7265 
 617      2F63 6F6D 
 617      6D6F 6E2F 
 617      6176 722F 
 618               	.LASF19:
 619 001c 7072 6573 		.string	"prescaler"
 619      6361 6C65 
 619      7200 
 620               	.LASF18:
 621 0026 7469 6D65 		.string	"timer_init"
 621      725F 696E 
 621      6974 00
 622               	.LASF1:
 623 0031 756E 7369 		.string	"unsigned char"
 623      676E 6564 
 623      2063 6861 
 623      7200 
 624               	.LASF17:
 625 003f 7469 6D65 		.string	"timer_clear"
 625      725F 636C 
 625      6561 7200 
 626               	.LASF7:
 627 004b 6C6F 6E67 		.string	"long unsigned int"
 627      2075 6E73 
 627      6967 6E65 
 627      6420 696E 
 627      7400 
 628               	.LASF11:
 629 005d 5F5F 546F 		.string	"__ToDo"
 629      446F 00
 630               	.LASF22:
 631 0064 433A 5C55 		.string	"C:\\Users\\nonej\\Documents\\Keyboard\\msys64\\home\\nonej\\qmk_firmware"
 631      7365 7273 
 631      5C6E 6F6E 
 631      656A 5C44 
 631      6F63 756D 
 632               	.LASF23:
 633 00a5 7469 6D65 		.string	"timer_count"
 633      725F 636F 
 633      756E 7400 
 634               	.LASF26:
 635 00b1 5F5F 6943 		.string	"__iCliRetVal"
 635      6C69 5265 
 635      7456 616C 
 635      00
 636               	.LASF10:
 637 00be 7372 6567 		.string	"sreg_save"
 637      5F73 6176 
 637      6500 
 638               	.LASF4:
 639 00c8 756E 7369 		.string	"unsigned int"
 639      676E 6564 
 639      2069 6E74 
 639      00
 640               	.LASF25:
 641 00d5 5F5F 6952 		.string	"__iRestore"
 641      6573 746F 
 641      7265 00
 642               	.LASF9:
 643 00e0 6C6F 6E67 		.string	"long long unsigned int"
 643      206C 6F6E 
 643      6720 756E 
 643      7369 676E 
 643      6564 2069 
 644               	.LASF2:
 645 00f7 7569 6E74 		.string	"uint8_t"
 645      385F 7400 
 646               	.LASF8:
 647 00ff 6C6F 6E67 		.string	"long long int"
 647      206C 6F6E 
 647      6720 696E 
 647      7400 
 648               	.LASF16:
 649 010d 7469 6D65 		.string	"timer_read"
 649      725F 7265 
 649      6164 00
 650               	.LASF24:
 651 0118 5F5F 7665 		.string	"__vector_21"
 651      6374 6F72 
 651      5F32 3100 
 652               	.LASF12:
 653 0124 7469 6D65 		.string	"timer_elapsed32"
 653      725F 656C 
 653      6170 7365 
 653      6433 3200 
 654               	.LASF13:
 655 0134 7469 6D65 		.string	"timer_elapsed"
 655      725F 656C 
 655      6170 7365 
 655      6400 
 656               	.LASF3:
 657 0142 7569 6E74 		.string	"uint16_t"
 657      3136 5F74 
 657      00
 658               	.LASF6:
 659 014b 7569 6E74 		.string	"uint32_t"
 659      3332 5F74 
 659      00
 660               	.LASF5:
 661 0154 6C6F 6E67 		.string	"long int"
 661      2069 6E74 
 661      00
 662               	.LASF20:
 663 015d 474E 5520 		.string	"GNU C99 8.3.0 -mn-flash=1 -mno-skip-bug -mmcu=avr5 -gdwarf-2 -Os -std=gnu99 -funsigned-ch
 663      4339 3920 
 663      382E 332E 
 663      3020 2D6D 
 663      6E2D 666C 
 664               	.LASF0:
 665 0245 7369 676E 		.string	"signed char"
 665      6564 2063 
 665      6861 7200 
 666               	.LASF15:
 667 0251 7469 6D65 		.string	"timer_read32"
 667      725F 7265 
 667      6164 3332 
 667      00
 668               	.LASF14:
 669 025e 6C61 7374 		.string	"last"
 669      00
 670               		.text
 671               		.section	.gnu.lto_.profile.54afbc6b,"",@progbits
 672 0000 789C 6367 		.string	"x\234cg`\004B "
 672      6004 4220 
 672      00
 673 0009 00        		.string	""
 674 000a 00        		.string	""
 675 000b 5400      		.string	"T"
 676 000d 0A        		.ascii	"\n"
 677               		.text
 678               		.section	.gnu.lto_.icf.54afbc6b,"",@progbits
 679 0000 789C 6367 		.string	"x\234cg`d\320f@"
 679      6064 D066 
 679      4000 
 680 000a 7686 15D3 		.string	"v\206\025\323f~\341g|\275`\233\b\363\276\311\263v\360\260,Zx\350\031\033\353\277yg\232\37
 680      667E E167 
 680      7CBD 609B 
 680      08F3 BEC9 
 680      B376 F0B0 
 681 0039 B683 13B7 		.ascii	"\266\203\023\267"
 682               		.text
 683               		.section	.gnu.lto_.jmpfuncs.54afbc6b,"",@progbits
 684 0000 789C 6367 		.string	"x\234cg`dPd@"
 684      6064 5064 
 684      4000 
 685 000a 7620 6664 		.string	"v fd``f``a``edd\254\237\311\314\300\306\310\004\242\031A\222"
 685      6060 6660 
 685      6061 6060 
 685      6564 64AC 
 685      9FC9 CCC0 
 686 0026 23A7 0289 		.ascii	"#\247\002\211"
 687               		.text
 688               		.section	.gnu.lto_.inline.54afbc6b,"",@progbits
 689 0000 789C 85CF 		.ascii	"x\234\205\3171\n\2000\f\005\320\237\3306*\242N\342\375l\357\341"
 689      310A 8030 
 689      0C05 D09F 
 689      D836 2AA2 
 689      4EE2 FD6C 
 690 0016 D13C 9883 		.ascii	"\321<\230\203I\034\204:4t\370\037\036\r\021\020n|#\372N\235\224"
 690      491C 843A 
 690      3474 F81F 
 690      1E0D 1110 
 690      6E7C 23FA 
 691 002d 09DC 5B0A 		.ascii	"\t\334[\n\031H\036\016\006\233!\f\336\213\222\351\3055\351\332"
 691      1948 1E0E 
 691      069B 210C 
 691      DE8B 92E9 
 691      C535 E9DA 
 692 0041 24B4 49C4 		.ascii	"$\264I\304b]\n\021V\002xwWj\2270k\275\222}\265Y\212?\"\360cD"
 692      625D 0A11 
 692      5602 7877 
 692      576A 9730 
 692      6BBD 927D 
 693 005d 77F0 6829 		.ascii	"w\360h)\376\266\341\001T\0255Y"
 693      FEB6 E101 
 693      5415 3559 
 694               		.text
 695               		.section	.gnu.lto_.pureconst.54afbc6b,"",@progbits
 696 0000 789C 05C1 		.string	"x\234\005\301\201\021"
 696      8111 00
 697 0007 200C 0231 		.ascii	" \f\0021z\362\262\201\303w\024\2463\211FOR\264\236r\212\013\345"
 697      7AF2 B281 
 697      C377 14A6 
 697      3389 464F 
 697      52B4 9E72 
 698 001e 96AC 3F3B 		.ascii	"\226\254?;3\0057"
 698      3305 37
 699               		.text
 700               		.section	.gnu.lto_timer_init.54afbc6b,"",@progbits
 701 0000 789C 6D92 		.ascii	"x\234m\222\337KTA\024\307\317w\316\266\256\350\026\275\b\301"
 701      DF4B 5441 
 701      14C7 CF77 
 701      CEB6 AEE8 
 701      16BD 08C1 
 702 0014 8D7A 12DA 		.ascii	"\215z\022\332\300\215\224\036z\352\317\350-d\275\017Q\333\306"
 702      C08D 941E 
 702      7AEA CFE8 
 702      2D64 BD0F 
 702      51DB C6
 703 0027 4D7C 75EE 		.ascii	"M|u\356\346fI\344\232\250\273\324\203h\242\024\"\005\005\225"
 703      E666 49E4 
 703      9AA8 BBD4 
 703      8368 A214 
 703      2205 0595 
 704 003b E964 BBB9 		.ascii	"\351d\273\271\366\240\020\375 z0D\305 \"dKP\\\233\271w]Xj`\340"
 704      F6A0 10FD 
 704      207A 3044 
 704      C520 2264 
 704      4B50 5C9B 
 705 0056 3B73 BFE7 		.ascii	";s\277\347s\2763sk\bt^\020\235%\242\243z\202\tBJy\256\306\r\t"
 705      73BE 3373 
 705      6B08 745E 
 705      109D 25A2 
 705      A37A 8209 
 706 0071 C0A8 800C 		.ascii	"\300\250\200\f\201:\005:q\213\373\030\305\255{k\341\310\204\376"
 706      813A 053A 
 706      718B FB18 
 706      C5AD 7B6B 
 706      E1C8 84FE 
 707 0085 22D5 D0DD 		.ascii	"\"\325\320\335#rB!\313D\375z\372\003/\021!\322\316O\271\321\207"
 707      2372 4221 
 707      CB44 FD7A 
 707      FA03 2F11 
 707      21D2 CE4F 
 708 009c 828F C1E8 		.ascii	"\202\217\301\350g\337{\322h| eR\252\322\007\356\222\312=\236"
 708      67DF 7BD2 
 708      687C 2065 
 708      52AA D207 
 708      EE92 CA3D 
 709 00b1 6560 1AAC 		.ascii	"e`\032\254+\321l\341\224e\212O,\262\261\257<.\r\204\203\001\274"
 709      2BD1 6CE1 
 709      9465 8A4F 
 709      2CB2 B1AF 
 709      3C2E 0D84 
 710 00c8 4263 998C 		.ascii	"Bc\231\214\031\004uV\242\251\367\007\224,\355uK\265X\304\310"
 710      1904 7556 
 710      A2A9 F707 
 710      942C ED75 
 710      4BB5 58C4 
 711 00dd 4E5D 9028 		.ascii	"N]\220(\305\224\324q\002\220\212n\260p=}]\321*\344\310l\304\253"
 711      C594 D471 
 711      0290 8A6E 
 711      B070 3D7D 
 711      5DD1 2AE4 
 712 00f5 5C45 72B8 		.ascii	"\\Er\270\303(\203\324\rR\233_\306\017\336d\023\2011\013\313\363"
 712      C328 83D4 
 712      0D52 9B5F 
 712      C60F DE64 
 712      1381 310B 
 713 010b 3E3A E979 		.ascii	">:\351y70W,XFj\243\333\233\236<d\214\302;\307\355\275\345o\360"
 713      3730 572C 
 713      5846 6AA3 
 713      DB9B 9E3C 
 713      648C C23B 
 714 0125 9739 B3BE 		.ascii	"\2279\263\2763>4\030\036\303\250\333\345\312\341\206,3^\303\202"
 714      333E 3418 
 714      1EC3 A8DB 
 714      E5CA E186 
 714      2C33 5EC3 
 715 013a D240 C21C 		.ascii	"\322@\302\034\306\240-\037\177\345\273\353M\tC\340M\271\325$"
 715      C6A0 2D1F 
 715      7FE5 BBEB 
 715      4D09 43E0 
 715      4DB9 D524 
 716 014e EFB7 CA2C 		.ascii	"\357\267\312,\354\267Z\333\356\355\027>;o\330\277\373\246\376"
 716      ECB7 5ADB 
 716      EEED 173E 
 716      3B6F D8BF 
 716      FBA6 FE
 717 0161 84AA D8B9 		.ascii	"\204\252\330\271\n;\257\331\225\334O\371\337\334\367\277.\257"
 717      0A3B AFD9 
 717      95DC 4FF9 
 717      DFDC F7BF 
 717      2EAF 
 718 0173 047D D8BC 		.ascii	"\004}\330\274\201\315,\355\276\250\016\372\266\002\233\367\203"
 718      81CD 2CED 
 718      BEA8 0EFA 
 718      B602 9BF7 
 718      83
 719 0184 3E19 5C2A 		.ascii	">\031\\*\004\374\240\333@\241\f\177\376\037x&\275\231\251\365"
 719      04FC A0DB 
 719      40A1 0C7F 
 719      FE1F 7826 
 719      BD99 A9F5 
 720 0198 E13F 0D3C 		.ascii	"\341?\r<\365yz\275\276\n\276P\201\2773I\315\261\177\350'\330"
 720      F579 7ABD 
 720      BE0A BE50 
 720      81BF 3349 
 720      CDB1 7FE8 
 721 01ae A9F3 6066 		.ascii	"\251\363`f\244\364\335z\017\245\377>\253=~\351B,\341\330\321"
 721      A4F4 DD7A 
 721      0FA5 FF3E 
 721      AB3D 7EE9 
 721      422C E1D8 
 722 01c3 5822 1E4F 		.ascii	"X\"\036O\\\211\266v8\321\366\213q\333i\212Q\355U\307\276\026"
 722      5C89 B676 
 722      38D1 F68B 
 722      71DB 698A 
 722      51ED 55C7 
 723 01d9 6BBD 6C3B 		.ascii	"k\275l;\207\313[M-m\366\231\346\266\323-\364\027\f\247\332Q"
 723      87CB 5B4D 
 723      2D6D F699 
 723      E6B6 D32D 
 723      F417 0CA7 
 724               		.text
 725               		.section	.gnu.lto_timer_clear.54afbc6b,"",@progbits
 726 0000 789C 8553 		.ascii	"x\234\205S_lSU\030?\337=\267\177\266\261)/\206\207F\227\2314"
 726      5F6C 5355 
 726      183F DF3D 
 726      B77F B6B1 
 726      292F 8687 
 727 0018 04C2 6660 		.ascii	"\004\302f`!dO$\372\346\233\177\336n\322\224\366\206\325\365\366"
 727      2164 4F24 
 727      FAE6 9B7F 
 727      DE6E D294 
 727      F686 D5F5 
 728 002d 6AFF 90EC 		.ascii	"j\377\220\354i\247\245\303\225\201J\004\333n.4s\235`B\210\206"
 728      69A7 A5C3 
 728      9581 4A04 
 728      DB6E 2E34 
 728      739D 6042 
 729 0043 2882 B26E 		.ascii	"(\202\262nn\300`\310\354dL\2520\t \004\204d\031h\242\351\374"
 729      6EC0 60C8 
 729      EC64 4CAA 
 729      3009 2004 
 729      8464 1968 
 730 005a BED3 BBA5 		.ascii	"\276\323\273\245}\362$\367\346|\347|\177~\277\337\367\035\007"
 730      7DF2 24F7 
 730      E67C E77C 
 730      7F7E BFDF 
 730      F71D 07
 731 006d 03D6 6A63 		.ascii	"\003\326jcl\216"
 731      6C8E 
 732 0073 31F6 227E 		.string	"1\366\"~\300\031(B\210\235\216\270S\001\240\235*\234\300z\024\350QzR\374\020\207\345\277\
 732      C019 2842 
 732      889D 8EB8 
 732      5301 A09D 
 732      2A9C C07A 
 733 0174 2E38 0F2E 		.string	".8\017.\006\323\260\021\217\335\367e\376\344\251\303_s\013\351\344\233\342\200P\326BXM\b\
 733      06D3 B011 
 733      8FDD F765 
 733      FEE4 A9C3 
 733      5F73 0BE9 
 734 023a F116 CB64 		.string	"\361\026\313dS\344\267xr\266\324\320r\tr\"\203\030\234\204k\344\341\271\274M\316W\021Z\36
 734      53E4 B778 
 734      72B6 D4D0 
 734      7209 7222 
 734      8318 9C84 
 735 02fc 52A4 D598 		.ascii	"R\244\325\230\241\312\320\241\f7\367\037\347\264\257\231\002"
 735      A1CA D0A1 
 735      0C37 F71F 
 735      E7B4 AF99 
 735      02
 736 030d A89D 815F 		.ascii	"\250\235\201_\221\242\325\366\3411\034\265\231\325\366U\006\227"
 736      91A2 D5F6 
 736      E131 1CB5 
 736      99D5 F655 
 736      0697 
 737 031f 15FF B77D 		.ascii	"\025\377\267}\277\311\366\335\224\355S,\236\037\344\007\036q"
 737      BFC9 F6DD 
 737      94ED 532C 
 737      9E1F E407 
 737      1E71 
 738 0331 8B67 FA5F 		.ascii	"\213g\372_\307\270\240\262PE\364\226$\332\177\250|\303\326qZ"
 738      C7B8 A0B2 
 738      5045 F496 
 738      24DA 7FA8 
 738      7CC3 D671 
 739 0346 F4C9 5B58 		.ascii	"\364\311[X\204\216\325\034\222/:\261G(\365\267\353\344\013\240"
 739      848E D51C 
 739      922F 3AB1 
 739      4728 F5B7 
 739      EBE4 0BA0 
 740 035a D58B 62CB 		.ascii	"\325\213b\313\327\201\225]Q\243\313\3433\303z\233\3174\f3\324"
 740      D781 955D 
 740      51A3 CBE3 
 740      33C3 7A9B 
 740      CF34 0C33 
 741 036f E6DD 136E 		.ascii	"\346\335\023n\213\006\f=\334\352cv\217\347-\3635s\275e\267\266"
 741      8B06 0C3D 
 741      DCEA 6376 
 741      8FE7 2DF3 
 741      3573 BD65 
 742 0385 FBF5 EDDB 		.ascii	"\373\365\355\333\374[\333Y\275\307\023xC\217D1\316\341\013\352"
 742      FC5B DB59 
 742      BDC7 1378 
 742      438F 4431 
 742      CEE1 0BEA 
 743 0399 DE50 ECDD 		.ascii	"\336P\354\335\272HX\337\355\211x\367\350\334\343\211t\371:\264"
 743      BA48 58DF 
 743      ED89 78F7 
 743      E8DC E389 
 743      74F9 3AB4 
 744 03ad 5844 0F47 		.ascii	"XD\017G\264\220\031\322\337\321\374\246/f\350\241hD\353\322\273"
 744      B490 19D2 
 744      DFD1 FCA6 
 744      2F66 E8A1 
 744      6844 EBD2 
 745 03c2 7799 DEB0 		.ascii	"w\231\336\260_3\"\335\221\355\355Z\247i\350\226\323{\b%\026\r"
 745      5F33 22DD 
 745      91ED ED5A 
 745      A769 E896 
 745      D37B 0825 
 746 03d8 0423 1A82 		.ascii	"\004#\032\202\330\261ew(\266%j\232A_\2477\020\242#-\020\362\005"
 746      D8B1 6577 
 746      28B6 256A 
 746      9A41 5FA7 
 746      3710 A223 
 747 03f0 637E 5D23 		.ascii	"c~]#'\315\0335\215\200\257\265\223\251\276`\2009\f\3350\303\335"
 747      27CD 1B35 
 747      8D80 AFB5 
 747      93A9 BE60 
 747      8039 0CDD 
 748 0407 28F6 7F5E 		.ascii	"(\366\177^\336\345V"
 748      DEE5 56
 749               		.text
 750               		.section	.gnu.lto_timer_read.54afbc6b,"",@progbits
 751 0000 789C 8553 		.string	"x\234\205S]LTW\020>s\317\335\037\376l}i\322\204\264@\023b4B#\3044<\371\320>\366\245m\322\
 751      5D4C 5457 
 751      103E 73CF 
 751      DD1F FE6C 
 751      7D69 D284 
 752 0082 9D54 6107 		.string	"\235Ta\007\326\244@\223\322\024\343\0078\214L\0379\366R\013OP$\232\343\323\177>\265\223\t
 752      D6A4 4093 
 752      D214 E307 
 752      388C 4C1F 
 752      39F6 520B 
 753 00bd C570 0E8A 		.ascii	"\305p\016\212\031\375\340<ld\f\023\036u6?\343\006\234\212\346"
 753      19FD E03C 
 753      6C64 0C13 
 753      1E75 363F 
 753      E306 9C8A 
 754 00d2 CCD1 CC44 		.ascii	"\314\321\314D\221\001W\202\346\3633\303\302\316_\007\212<\237"
 754      9101 5782 
 754      E6F3 33C3 
 754      C2CE 5F07 
 754      8A3C 9F
 755 00e5 3AB3 3FAF 		.ascii	":\263?\257\274GB?H\024?\022\242]\250\t\316!\005\234\340/ |\277"
 755      BC47 423F 
 755      4814 3F12 
 755      A25D A809 
 755      CE21 059C 
 756 00fe 015F BAAC 		.ascii	"\001_\272\254P\306\302w\351CEV\025\006\240\234\bP\331A\260\002"
 756      50C6 C277 
 756      E943 4556 
 756      1506 A09C 
 756      0850 D941 
 757 0114 7AD2 E3B1 		.ascii	"z\322\343\261\335E\274J\342.\1773v\026L\334t\"?*R\341\222\004"
 757      DD45 BC4A 
 757      E22E 7F33 
 757      7616 4CDC 
 757      7422 3F2A 
 758 012c 57E1 4703 		.ascii	"W\341G\003\266\252\030\3364@c\234\302;\343\017\036\253\274F\246"
 758      B6AA 18DE 
 758      3440 639C 
 758      C23B E30F 
 758      1EAB BC46 
 759 0141 5E59 6EC9 		.ascii	"^Yn\311\254S\025\304\035F\345\350\246yhv\240\200\277#\275\007"
 759      AC53 15C4 
 759      1D46 E5E8 
 759      A679 6876 
 759      A080 BF23 
 760 0157 33CB FF58 		.ascii	"3\313\377X\320\013\227\200\303EPe\300`\274\353\252\215\277+\003"
 760      D00B 9780 
 760      C345 5065 
 760      C060 BCEB 
 760      AA8D BF2B 
 761 016c 6E3D BC7E 		.ascii	"n=\274~v\235Y\271D6\243\302HVU\370\211\222X\351\213\234n.C9\f"
 761      769D 59B9 
 761      4436 A3C2 
 761      4856 55F8 
 761      8992 58E9 
 762 0187 6147 D40B 		.ascii	"aG\324\013+]\221\276\273\303\317[\025\376\241D}\33471b\333pL"
 762      2B5D 91BE 
 762      BBC3 CF5B 
 762      15FE A144 
 762      7DDC 3731 
 763 019f A2CE 1DD9 		.ascii	"\242\316\035\331\322>uH\bk\202[`\224\240am\fp\0256\340u\351\222"
 763      D23E 7548 
 763      086B 825B 
 763      6094 A061 
 763      6D0C 7015 
 764 01b8 6C2B 7AFA 		.ascii	"l+z\372"
 765 01bc E0F7 DCE4 		.string	"\340\367\334\3442\364\276h\023\312Z\n\313I!)\326\330DqCp\320\375V\013\374L\224\256\200\02
 765      32F4 BE68 
 765      13CA 5A0A 
 765      CB49 2129 
 765      D6D8 4471 
 766 02bd 4C23 FFDB 		.ascii	"L#\377\333\200\013\210\256\377\214\001\352\200K\224EeU\253\366"
 766      800B 88AE 
 766      FF8C 01EA 
 766      804B 9445 
 766      6555 ABF6 
 767 02d1 918F 0CAD 		.ascii	"\221\217\f\255\324l\255\362\245V\035'F3yQ\210\204\355x\323\301"
 767      D46C ADF2 
 767      A556 1D27 
 767      4633 7951 
 767      8884 ED78 
 768 02e7 CDF9 4FCD 		.ascii	"\315\371O\315\306\200\004\023\220\340\0050\003Q\200\337\244^"
 768      C680 0413 
 768      90E0 0530 
 768      0351 80DF 
 768      A45E 
 769 02f9 B339 7AC9 		.ascii	"\2639z\311j\3049\322\365J\026\315\265\022*0\270\221\315\363F"
 769      6AC4 39D2 
 769      F54A 16CD 
 769      B512 2A30 
 769      B891 CDF3 
 770 030e 0E4F 750D 		.ascii	"\016Ou\r\211^\355\341d\252pS\257\334\271\247\235Js\027\022\262"
 770      895E EDE1 
 770      64AA 7053 
 770      AFDC B9A7 
 770      9D4A 7317 
 771 0324 B0AF 68E1 		.ascii	"\260\257h\341\344\343\376\0356Q\324\303\343\261uD\027\303\272"
 771      E4E3 FE1D 
 771      3651 D4C3 
 771      E3B1 7544 
 771      17C3 BA
 772 0337 326D 9604 		.ascii	"2m\226\004/\224o\206:\205\233\310S\016\217\326\322\250\203\213"
 772      2F94 6F86 
 772      3A85 9BC8 
 772      530E 8FD6 
 772      D2A8 838B 
 773 034b 4B99 E6C0 		.ascii	"K\231\346\300:\214eEIn\356\355\345t\316\331\016\310\335\2159"
 773      3A8C 6545 
 773      496E EEED 
 773      E574 CED9 
 773      0EC8 DD8D 
 774 0360 ECD5 5C87 		.ascii	"\354\325\\\207\356\013\270\215c\253c5\026\236]\373\337\261\316"
 774      EE0B B88D 
 774      63AB 6335 
 774      169E 5DFB 
 774      DFB1 CE
 775 0373 CBB1 DE92 		.ascii	"\313\261\336\222cU\314>?K\036\276\307\315>\343+\266\001Ae\325"
 775      6355 CC3E 
 775      3F4B 1EBE 
 775      C7CD 3EE3 
 775      2BB6 0141 
 776 0389 AC46 1764 		.ascii	"\254F\027d\243\255\007\3223\226\232>\321\"\275\360\007\324\254"
 776      A3AD 07D2 
 776      3396 9A3E 
 776      D122 BDF0 
 776      07D4 AC
 777 039c 62C8 7E17 		.ascii	"b\310~\027\214\236\272\217\3573^\311\022DV\366<\343t\216s\013"
 777      8C9E BA8F 
 777      EF33 5EC9 
 777      1244 56F6 
 777      3CE3 748E 
 778 03b2 497B 8FA4 		.ascii	"I{\217\2445L\202m\306\261\310\347\205\274\212\203\336z\247[\367"
 778      354C 826D 
 778      C6B1 C8E7 
 778      85BC 8A83 
 778      DE7A A75B 
 779 03c7 6B95 6EDD 		.ascii	"k\225n\335\353\325}\225\256\235\376\312\240\307\253\371+\334"
 779      EBD5 7D95 
 779      AE9D FECA 
 779      A0C7 ABF9 
 779      2BDC 
 780 03d9 0C82 EBCD 		.ascii	"\f\202\353\315cEu\255\266\265\252vK5\263:\235\037\350o\353\371"
 780      6345 75AD 
 780      B6B5 AA76 
 780      4B35 B33A 
 780      9D1F E86F 
 781 03ef 4EA7 E73D 		.ascii	"N\247\347=-\020\304L\233\273As\371B\237\344\005\374\332\016g"
 781      2D10 C44C 
 781      9BBB 4173 
 781      F942 9FE4 
 781      05FC DA0E 
 782 0404 C0B5 53E3 		.ascii	"\300\265S\343Ng\240\336]\343\b\0054\177\300\341\323}\332\307"
 782      4E67 A0DE 
 782      5DE3 0805 
 782      347F C0E1 
 782      D37D DAC7 
 783 0418 8E5A DD1D 		.ascii	"\216Z\335\035\362j\276`\300Q\2575n\327]\376Z\2077\320\030\330"
 783      F26A BE60 
 783      C051 AF35 
 783      6ED7 5DFE 
 783      5A87 37D0 
 784 042e 5AED A8D3 		.ascii	"Z\355\250\323\275\232\031\364)\222\t\005=\r\001\007\322xk\363"
 784      BD9A 19F4 
 784      2992 0905 
 784      3D0D 0107 
 784      D278 6BF3 
 785 0442 0E5F 6873 		.ascii	"\016_hsP\327\033\334u.\217\217\256\034\036\237\273!T\2539(\310"
 785      50D7 1BDC 
 785      752E 8F8F 
 785      AE1C 1E9F 
 785      BB21 54AB 
 786 0459 E10A EA5E 		.ascii	"\341\n\352^\217\273\242\216\251\356\006\017\263y5\257\356o\304"
 786      8FBB A28E 
 786      A9EE 060F 
 786      B379 35AF 
 786      EE6F C4
 787 046c 61FC 0B17 		.ascii	"a\374\013\027\232\036x"
 787      9A1E 78
 788               		.text
 789               		.section	.gnu.lto_timer_read32.54afbc6b,"",@progbits
 790 0000 789C 8553 		.string	"x\234\205SML\\U\024\276\347\3357?\200\240\335\270q\242\200\ti\332\024L!\215a\325\205.\335
 790      4D4C 5C55 
 790      14BE E7DD 
 790      373F 80A0 
 790      DDB8 71A2 
 791 0081 90A5 0A3B 		.string	"\220\245\n;\260:\005\352\224\2728?\306\341qG\303S\336\310\023\030\251\242;\363\345\306x>\
 791      B03A 05EA 
 791      94BA 383F 
 791      C6E1 7147 
 791      C353 DEC8 
 792 00a1 85E8 AE4E 		.ascii	"\205\350\256N?\215\345\3548-D\275H\265\374a\35592&\360Na\237"
 792      3F8D E5EC 
 792      382D 44BD 
 792      48B5 FC61 
 792      ED39 3226 
 793 00b9 61F8 F7E0 		.ascii	"a\370\367\340\200^p0\372\301%\330\301\030&<\2730$\354\374\025"
 793      805E 7030 
 793      FAC1 25D8 
 793      C118 263C 
 793      BB30 24EC 
 794 00cf 20FB 52EA 		.ascii	" \373R\352\302\321\234\222n\231|\263\315\361X"
 794      C2D1 9C92 
 794      6E99 7CB3 
 794      CDF1 58
 795 00de 8856 A162 		.string	"\210V\241b6\\\006\376\237\002E\275\ne,~\273~\"\337\252B\037\224P\013*\234\002+\340\315z:~
 795      365C 06FE 
 795      9F02 45BD 
 795      0A65 2C7E 
 795      BB7E 22DF 
 796 01df 95C1 8FB8 		.string	"\225\301\217\270\2201\034\204\321\027\357\200\266u6mI\211\365\215\217Ej\370\245\321s\363\
 796      9031 1C84 
 796      D117 EF80 
 796      B675 366D 
 796      4989 F58D 
 797 0226 EC3E 0C7C 		.string	"\354>\f|\336\004d\266p\222B\364\323\243g$uV\311Or\366\311\301<\303\235'\377A\357zw~\022\2
 797      DE04 64B6 
 797      7092 42F4 
 797      D3A3 6724 
 797      7556 C94F 
 798 02f2 7E96 7CCD 		.ascii	"~\226|\315f\361%\273\021\346\372\316\0273`n\265@.\341v&\316\333"
 798      66F1 25BB 
 798      11E6 FACE 
 798      1733 606E 
 798      B540 2EE1 
 799 030a 5938 D5AD 		.ascii	"Y8\325\255J\364\234O&S\317\355\354\221r[\353P\032:\021\220\312"
 799      4AF4 9C4F 
 799      2653 CFED 
 799      EC91 725B 
 799      EB50 1A3A 
 800 0321 BE20 ADC9 		.ascii	"\276 \255\311W\377\013\354\244\250\345\257\343\005\004\027\303"
 800      57FF 0BEC 
 800      A4A8 E5AF 
 800      E305 0417 
 800      C3
 801 0332 3A97 9B2D 		.ascii	":\227\233-\t\236'\037\023M\ns\210S.\217\024i\364A\315R\246\271"
 801      099E 271F 
 801      134D 0A73 
 801      8853 2E8F 
 801      1469 F441 
 802 034a B076 43A7 		.ascii	"\260vC\247H\311\334'=\234\354,u@\2666\346qVS\016]}\207-2U\256"
 802      48C9 DC27 
 802      3D9C EC2C 
 802      7540 B636 
 802      E671 5653 
 803 0366 D5D0 3A9B 		.ascii	"\325\320:\233\370\337\265.\310\265\336\221kU\3149\217$O>\342"
 803      F8DF B52E 
 803      C8B5 DE91 
 803      6B55 CC39 
 803      8F24 4F3E 
 804 037b E69C 2D7F 		.ascii	"\346\234-\177\333\372\005\265\345\031\203.\312A\233\216\255\317"
 804      DBFA 05B5 
 804      E519 832E 
 804      CA41 9B8E 
 804      ADCF 
 805 038d 582A CF8B 		.ascii	"X*\317\213Fy\013\277B\345f\r9\357\2421S\327\237\346+y\204+\b"
 805      4679 0BBF 
 805      42E5 660D 
 805      39EF A231 
 805      53D7 9FE6 
 806 03a6 9245 AC32 		.ascii	"\222E\2542zY`\274&\204\341\b\373\253]\036=\250\225yt\277_\017"
 806      7A59 60BC 
 806      2684 E108 
 806      FBAB 5D1E 
 806      3DA8 9579 
 807 03be 94B9 0F04 		.ascii	"\224\271\017\004\313\302>\277\026,\3650\bo3\315\322\n\257\266"
 807      CBC2 3EBF 
 807      162C F530 
 807      086F 33CD 
 807      D20A AFB6 
 808 03d2 A7DC BBBB 		.ascii	"\247\334\273\273\202Y]\256w\3657\364\\\227\313\367\266\026\n"
 808      8259 5DAE 
 808      77F5 37F4 
 808      5C97 CBF7 
 808      B616 0A
 809 03e5 63A6 CD53 		.ascii	"c\246\315S\243\271\003\221\017sBAm\277+\344>\240q\227+T\355\251"
 809      A3B9 0391 
 809      0F73 4241 
 809      6DBF 2BE4 
 809      3EA0 7197 
 810 03fd 7446 425A 		.ascii	"tFBZ0\344\f\350\001\355\003\247W\367D\374Z \034rVk\265\373tw"
 810      30E4 0CE8 
 810      01ED 03A7 
 810      57F7 44FC 
 810      5A20 1C72 
 811 0417 D0EB F487 		.ascii	"\320\353\364\207jC{*\234U\272_3\203>B0\221\260\257&\344D\030"
 811      6A43 7B2A 
 811      9C55 BA5F 
 811      3383 3E42 
 811      3091 B0AF 
 812 042f AFEF DA1F 		.ascii	"\257\357\332\037\210\354\n\353z\215\247\312\355\013\320\221\323"
 812      88EC 0AEB 
 812      7A8D A7CA 
 812      ED0B D091 
 812      D3
 813 0440 17F0 D444 		.ascii	"\027\360\324D\274\232\223\202\234\356\260\356\367yJ\253\230\352"
 813      BC9A 9382 
 813      9CEE B0EE 
 813      F779 4AAB 
 813      98EA 
 814 0452 A9F1 319B 		.ascii	"\251\3611\233_\363\353\301Z\344\376\037\353\275\030\344"
 814      5FF3 EBC1 
 814      5AE4 FE1F 
 814      EBBD 18E4 
 815               		.text
 816               		.section	.gnu.lto_timer_elapsed.54afbc6b,"",@progbits
 817 0000 789C 8555 		.string	"x\234\205UoLSW\024\277\347\335\367\372JK\331\370\262O$#\214\020\243\361O\224\020\303\227\
 817      6F4C 5357 
 817      14BF E7DD 
 817      F7FA 4A4B 
 817      D9F8 B24F 
 818 0094 E44E 3881 		.string	"\344N8\201mP\270\252\301\006eC#\337\316\241od\317\201\3276\361V\216!Q\034\034\271\373\334
 818      6D50 B8AA 
 818      C106 6543 
 818      23DF CEA1 
 818      6F64 CF81 
 819 00f7 CFF1 445D 		.string	"\317\361D]\351\013`p\026\3461\362y\334Q\377\027\267\300\250(\216\266\247\207<\026\230b\02
 819      E90B 6070 
 819      16E6 31F2 
 819      79DC 51FF 
 819      17B7 C0A8 
 820 014e 9ECC 0E36 		.ascii	"\236\314\01666x\370r\031\367\311\327\003'\300\216;\333\346J\210"
 820      3678 F872 
 820      19F7 C9D7 
 820      0327 C08E 
 820      3BDB E64A 
 821 0163 54BC B895 		.ascii	"T\274\270\225\253\320k\205]V\004K\254\240{d\320\216\344\303\247"
 821      ABD0 6B85 
 821      5D56 044B 
 821      ACA0 7B64 
 821      D08E E4C3 
 822 0178 2A7F 5BBA 		.ascii	"*\177[\272^z\262)]\240*\030\367\"pYN}\317\33097\177_\236\356"
 822      5E7A B229 
 822      5DA0 2A18 
 822      F722 7059 
 822      4E7D CFD8 
 823 0192 483F 79A1 		.ascii	"H?y\241\341)\364\001\207\037A\225\006\335\311\316\313:_)\rn?"
 823      E129 F401 
 823      871F 4195 
 823      06DD C9CE 
 823      CB3A 5F29 
 824 01a9 BA7E A2C0 		.ascii	"\272~\242\300\316\\,\213Q\341RVV\370\211\234X\351\326\234j\372"
 824      CE5C 2C8B 
 824      51E1 5256 
 824      56F8 899C 
 824      58E9 D69C 
 825 01bf A10C 2E60 		.ascii	"\241\f.`ET\013+m\226g\367z_6)\334+\243>=6\324\247\333S\270\330"
 825      4554 0B2B 
 825      6D96 67F7 
 825      7A5F 3629 
 825      DC2B A33E 
 826 01db B6B4 6578 		.ascii	"\266\264ex\247\020\216V\256\301\317\024\0322\243\200+0\017\325"
 826      A710 8E56 
 826      AEC1 CF14 
 826      1A32 A380 
 826      2B30 0FD5 
 827 01ef A5D3 9CBC 		.ascii	"\245\323\234\274\022Gw|\317m,=\037\210-B\311\270\260\034\027"
 827      1247 777C 
 827      CF6D 2C3D 
 827      1F88 2D42 
 827      C9B8 B01C 
 828 0204 6A45 064D 		.ascii	"jE\006M\002"
 828      02
 829 0209 2986 3469 		.string	")\2064i\3275\030 H\227\301\201)\262\fT\006W\261\345\203\b\225\321\212g@\36382\250\245\304
 829      D735 1820 
 829      4897 C181 
 829      29B2 0C54 
 829      0657 B1E5 
 830 030a 8C22 FE49 		.ascii	"\214\"\376I@\246\342\321?\302y\252 OF\231R\346z\325\322\367\261"
 830      40A6 E2D1 
 830      3FC2 79AA 
 830      204F 4699 
 830      52E6 7AD5 
 831 0321 D52B 5776 		.ascii	"\325+Wv\257\362e\257\366\036\354O\347%\2406\356D\315^n\023ex"
 831      AFF2 65AF 
 831      F61E EC4F 
 831      E725 A036 
 831      EE44 CD5E 
 832 0339 AC11 A861 		.ascii	"\254\021\250a\002Z\271\007~\205\004\300\230\354\327o9\375\222"
 832      025A B907 
 832      7E85 04C0 
 832      98EC D76F 
 832      39FD 92
 833 034c D95C 2477 		.ascii	"\331\\$w\276\221\0053\223B\305Gc<\033\347x\016NW&\022]\357\335"
 833      BE91 0533 
 833      9342 C547 
 833      633C 1BE7 
 833      780E 4E57 
 834 0365 5DA9 FC05 		.ascii	"]\251\374\005\207$9\237w(\365\235\bHcm\304L\371\n\334\204\005"
 834      8724 399F 
 834      7728 F59D 
 834      0848 636D 
 834      C44C F90A 
 835 037c 64F5 E8AB 		.ascii	"d\365\350\253\306\002\202\213f\235g\233\265V^ /\027U\n\267\020"
 835      C602 828B 
 835      669D 679B 
 835      B556 5E20 
 835      2F17 550A 
 836 0392 A71C 1EF1 		.ascii	"\247\034\036\361\327\312\203\f'O{`{-VcK\3067\037\342\264\317"
 836      D7CA 830C 
 836      274F 7B60 
 836      7B2D 5663 
 836      4BC6 371F 
 837 03a9 6107 E472 		.ascii	"a\007\344r\3436\326j\323a\337\331-\232t\225c\265n\006\273\361"
 837      E336 D66A 
 837      D361 DFD9 
 837      2D9A 7495 
 837      63B5 6E06 
 838 03bf BF63 BD23 		.ascii	"\277c\275#\307:!\307\252\330u6w\355\276\317\355:\223\257\364"
 838      C73A 21C7 
 838      AAD8 7536 
 838      77ED BECF 
 838      ED3A 93AF 
 839 03d4 7382 D2AA 		.ascii	"s\202\322\252Y\205N\312B\233\266\317\216j\225\307\304&y\n\277"
 839      5985 4ECA 
 839      429B B6CF 
 839      8E6A 95C7 
 839      C426 790A 
 840 03e9 43E5 5C0C 		.ascii	"C\345\\\fY\357\244U\323\276\273\366-\231\206\272]\033\3738\355"
 840      59EF A455 
 840      D3BE BBF6 
 840      2D99 86BA 
 840      5D1B FB38 
 841 03fe 935C B126 		.ascii	"\223\\\261&\375|\346\317\235\362#\301!\235\3460\205EMC\355\253"
 841      FD7C E6CF 
 841      9DF2 23C1 
 841      219D E630 
 841      8545 4D43 
 842 0414 8D60 59F1 		.ascii	"\215`Y\361$\302\235\200\304\370;\031/\371\336\342M\244o\225P"
 842      24C2 9D80 
 842      C4F8 3B19 
 842      2FF9 DEE2 
 842      4DA4 6F95 
 843 0429 E826 663B 		.ascii	"\350&f;\25041L\364m\203\255\310\227:\267tQ\377\323E\373\267\213"
 843      A834 314C 
 843      F46D 83AD 
 843      C897 3AB7 
 843      7451 FFD3 
 844 0441 A573 93AE 		.ascii	"\245s\223\256}N\347Au6\\E\302\275+?\013\r\\\313\274\n\367\211"
 844      7D4E E741 
 844      7536 5C45 
 844      C2BD 2B3F 
 844      0B0D 5CCB 
 845 0459 2CD2 033F 		.ascii	",\322\003?\262\354)\350\210\200P{\260\327\365\310:i\207m/\212"
 845      B2EC 29E8 
 845      8880 507B 
 845      B0D7 F5C8 
 845      3A69 876D 
 846 046f 85D6 FA02 		.ascii	"\205\326\372\002f\304X\0340C!3\274\330\277.\2628\026\f\031\221"
 846      66C4 581C 
 846      3043 2133 
 846      BCD8 BF2E 
 846      B238 160C 
 847 0485 4501 A656 		.ascii	"E\001\246V\373\243\261B[ZT^eT,\253ZZ\316 \346\360\371>4\3375"
 847      FBA3 B142 
 847      5B5A 545E 
 847      6554 2CAB 
 847      5A5A CE20 
 848 04a0 5D3E 5F70 		.ascii	"]>_p\245\021\215\241\273\036\2506\374\341\232O\363\242\021c\265"
 848      A511 8DA1 
 848      BB1E A836 
 848      FCE1 9A4F 
 848      F3A2 1163 
 849 04b5 2FEA 5F67 		.ascii	"/\352_gp\237/\2726P\351\255\211\032\221\2507l\206\215O\274Uf"
 849      709F 2FBA 
 849      3650 E9AD 
 849      891A 91A8 
 849      376C 868D 
 850 04cd A026 6484 		.ascii	"\240&d\204cQ\357Zc\375*\323\037\251\362\206\242\353\243\025\345"
 850      6351 EF5A 
 850      63FD 2AD3 
 850      1FA9 F286 
 850      A2EB A315 
 851 04e2 DE35 66C8 		.ascii	"\3365f\310\260\215>CD5\261`u\324\213X\226/\\\035\256Y\0303\315"
 851      B08D 3E43 
 851      4435 B160 
 851      75D4 8B58 
 851      962F 5C1D 
 852 04fb EAC0 1A7F 		.ascii	"\352\300\032\1770L*o0\034\250\256\2512\274d\344\365\307\314P"
 852      304C 2A6F 
 852      301C A8AE 
 852      A932 BC64 
 852      E4F5 C7CC 
 853 0510 30B0 680D 		.ascii	"0\260h\rS\003\325A\246\207\214\220\031Y\217\204\373\033a\343"
 853      5303 D541 
 853      A687 8C90 
 853      1959 8F84 
 853      FB1B 61E3 
 854 0524 80CF      		.ascii	"\200\317"
 855               		.text
 856               		.section	.gnu.lto_timer_elapsed32.54afbc6b,"",@progbits
 857 0000 789C 8555 		.ascii	"x\234\205U[LTW\024=\373\236{\347\316\360\262\376\364\213\264"
 857      5B4C 5457 
 857      143D FB9E 
 857      7BE7 CEF0 
 857      B2FE F48B 
 858 0015 8412 4234 		.ascii	"\204\022B4b\243\204\030\177\352G\223&\375\264\375\353$\223q\270"
 858      62A3 8418 
 858      7FEA 4793 
 858      26FD B4FD 
 858      EB24 9371 
 859 002a 9129 3373 		.ascii	"\221)3s"
 860 002e DB79 98F0 		.string	"\333y\230\360\305\031\030\250T\003\232j\007\254<j\035|$\2066\332\326\267\203\n\226\202\02
 860      C519 18A8 
 860      5403 9A6A 
 860      07AC 3C6A 
 860      1D7C 2486 
 861 012f 12AC F360 		.string	"\022\254\363`\003\274Y\030mn\312\347\353\244\327\334\341\221\223`\345\235\356\314\211\211
 861      03BC 5918 
 861      6D6E CAE7 
 861      EBA4 D7DC 
 861      E191 9360 
 862 0182 54E9 703E 		.string	"T\351p>\336}Y\347\033\245\303\235'7N\026X\225\213d3\034\0063\252\302\017\024\304J\206\263
 862      DE7D 59E7 
 862      1BA5 C39D 
 862      2737 4E16 
 862      5895 8B64 
 863 020f 0F81 0D4B 		.string	"\017\201\rKd8\250\f\256\342@F\261\021F+\336\001M\253wTK\212\205\305ODr\340\265\331c\177,\
 863      6438 A80C 
 863      AEE2 4046 
 863      B111 462B 
 863      DE01 4DAB 
 864 029e CC5B 5F44 		.string	"\314[_D\311h`\230\220\352\274\221M\315\006\213\022\022\320x\n\311\335/[\256C&?x\0167$?\26
 864      C968 6098 
 864      90EA BC91 
 864      4DCD 068B 
 864      1212 D078 
 865 0337 5392 AF5F 		.ascii	"S\222\257_\262\370\222\325$\320\356W3`\246K \2270\235\211s:\013"
 865      B2F8 92D5 
 865      24D0 EE57 
 865      3360 A64B 
 865      2097 309D 
 866 034f A72D 9D89 		.ascii	"\247-\235\211\036\372\236D2o\345!)\304\347]Jc7\002R\331^R\241"
 866      1EFA 9E44 
 866      326F E521 
 866      29C4 E75D 
 866      4A63 3702 
 867 0368 FC3D B805 		.ascii	"\374=\270\005+\311\353\311\201\346\002\202\213n\335\275\255Z"
 867      2BC9 EBC9 
 867      81E6 0282 
 867      8B6E DDBD 
 867      AD5A 
 868 037a 3BCF 93CF 		.ascii	";\317\223\317\214:\205\333\210S\016\217\264\232\252\203j\246"
 868      8C3A 85DB 
 868      8853 0E8F 
 868      B49A AA83 
 868      6AA6 
 869 038c 486B 601D 		.ascii	"Hk`\035)\005#%\323\237\036\342dg\251\003\262\265q\007{\265\344"
 869      2905 2325 
 869      D39F 1EE2 
 869      6467 A903 
 869      B2B5 7107 
 870 03a3 B0EF DC76 		.ascii	"\260\357\334vM\206\312\261\246^\001\273\371\277c\275+\307zO\216"
 870      4D86 CAB1 
 870      A65E 01BB 
 870      F9BF 63BD 
 870      2BC7 7A4F 
 871 03b8 55B1 FA6C 		.ascii	"U\261\372lI\354y\304\255>\343\177\351}\202\312\362\214Fgd\243"
 871      49EC 79C4 
 871      AD3E E37F 
 871      E97D 82CA 
 871      F28C 4667 
 872 03ce DB76 2E4C 		.ascii	"\333v.Lj\353\217\213\255\362\026~\205\365K9d\2773\251\236\366"
 872      6AEB 8F8B 
 872      ADF2 167E 
 872      85F5 4B39 
 872      64BF 33A9 
 873 03e4 7D6F BD92 		.ascii	"}o\275\222{\020\233\2760\003d#\257q\256\313\\M\234\376\303\b"
 873      7B10 9BBE 
 873      3003 6423 
 873      AF71 AECB 
 873      5C4D 9CFE 
 874 03fa 85DE D42C 		.ascii	"\205\336\324,4|\335d9\330\323>M\\\375O\017\305\362\300\263\316"
 874      347C DD64 
 874      39D8 D33E 
 874      4D5C FD4F 
 874      0FC5 F2C0 
 875 0410 A533 071E 		.ascii	"\2453\007\036#\262'\375\217\217\3524]\033,\342g\031\334\227?"
 875      23B2 27FD 
 875      8F8F EA34 
 875      5D1B 2CE2 
 875      6719 DC97 
 876 0425 E54D 5C4B 		.ascii	"\345M\\K\277\337G4V\031C\202\232\007\216%)\245\003YiD}H?$\250"
 876      BFDF 4734 
 876      5619 4382 
 876      9A07 8E25 
 876      29A5 0359 
 877 0440 30EC AF71 		.ascii	"0\354\257qy\314\240\261\332c\372\375f`\265{Kpu\330\3537\202\345"
 877      79CC A0B1 
 877      DA63 FAFD 
 877      6660 B57B 
 877      4B70 75D8 
 878 0458 1EA6 FADC 		.ascii	"\036\246\372\334\241\360rkW^QeT\256\255ZS\301 ls\271\3367\337"
 878      A1F0 726B 
 878      575E 5165 
 878      54AE AD5A 
 878      53C1 206C 
 879 0471 3673 5C2E 		.ascii	"6s\\.\357F#\024\306p\335\3433\334\201\310G\216P\320\330\354\n"
 879      EF46 2314 
 879      C670 DDE3 
 879      33DC 81C8 
 879      478E 50D0 
 880 0488 B9B7 18DC 		.ascii	"\271\267\030\334\345\n\325x\326;#!#\030r\006\314\200\361\241"
 880      E50A D578 
 880      D63B 2321 
 880      2318 7206 
 880      CC80 F1A1 
 881 049c B3CA F444 		.ascii	"\263\312\364D\374F \034r\326\030\265\233Lw\260\312\351\017\325"
 881      FC46 201C 
 881      72D6 18B5 
 881      9B4C 77B0 
 881      CAE9 0FD5 
 882 04b0 862A 2B9C 		.ascii	"\206*+\234\325\246\337\260\234>FD\221\260\327\027r\"\226u\253"
 882      D5A6 DFB0 
 882      9C3E 4644 
 882      91B0 D717 
 882      7222 9675 
 883 04c5 3607 22AB 		.ascii	"6\007\"\253\302\246\351\363T\273\275\001:rz\003\036_\244\312"
 883      C2A6 E9F3 
 883      54BB BD01 
 883      3A72 7A03 
 883      1E5F A4CA 
 884 04d9 7092 93D3 		.ascii	"p\222\223\323\0356\375^Oy5S=>/\323\375\206\337\f\326\2424\376"
 884      1D36 FD5E 
 884      4F79 3553 
 884      3D3E 2FD3 
 884      FD86 DF0C 
 885 04f1 0658 DF65 		.ascii	"\006X\337e\214"
 885      8C
 886               		.text
 887               		.section	.gnu.lto___vector_21.54afbc6b,"",@progbits
 888 0000 789C 8D8F 		.string	"x\234\215\217=K\003A\020\206\347\335\271\344b\021l-\242\235M\n\363\027\374\025\266\242G\n
 888      3D4B 0341 
 888      1086 E7DD 
 888      B9E4 6211 
 888      6C2D A29D 
 889 00dd FBBE 46C8 		.ascii	"\373\276F\310\2143\324\200S\344d\245s)\013\262\272\323@\202T"
 889      8C33 D480 
 889      53E4 64A5 
 889      7329 0BB2 
 889      BAD3 4082 
 890 00f2 09F5 EDF2 		.ascii	"\t\365\355\362s\326@\031@$\223b}X\211G\376\351\270\370s\364\244"
 890      73D6 4019 
 890      4024 9362 
 890      7D58 8947 
 890      FEE9 B8F8 
 891 0109 2C60 7A45 		.ascii	",`zE\260\233\216o0\257.\253\307\347)\242\\\331\235\237v\274R"
 891      B09B 8E6F 
 891      30AF 2EAB 
 891      C7E7 29A2 
 891      5CD9 9D9F 
 892 0120 B1E0 78AE 		.ascii	"\261\340x\256\353-\024f\026K\205\362\234[,M8\364\003\347_u\345"
 892      EB2D 1466 
 892      164B 85F2 
 892      9C5B 2C4D 
 892      38F4 03E7 
 893               		.text
 894               		.section	.gnu.lto_.symbol_nodes.54afbc6b,"",@progbits
 895 0000 789C 6367 		.string	"x\234cg`d\330\311"
 895      6064 D8C9 
 895      00
 896 0009 044C 1CF5 		.string	"\004L\034\365\fM\r\r\r,\214\023\31610\32430\354jp\004\312\001%8\353\031\261J\260\2623\264
 896      0C4D 0D0D 
 896      0D2C 8C13 
 896      CE31 30D4 
 896      3330 EC6A 
 897 004d 0486 2AFF 		.ascii	"\004\206*\377"
 898               		.text
 899               		.section	.gnu.lto_.refs.54afbc6b,"",@progbits
 900 0000 789C 15C4 		.string	"x\234\025\304\271\021"
 900      B911 00
 901 0007 2010 C430 		.string	" \020\3040{y.a(\202\376\213\004\024\250\220\003\250Y6\262\355\277\361\233\257\024\211\351
 901      7B79 2E61 
 901      2882 FE8B 
 901      0414 A890 
 901      03A8 5936 
 902 0028 A6        		.ascii	"\246"
 903               		.text
 904               		.section	.gnu.lto_.decls.54afbc6b,"",@progbits
 905 0000 789C 9556 		.string	"x\234\225VkL\024W\024\2363\263\354\262\013HKLc\352\2461\321\310/E\301\030\355\217\376\250
 905      6B4C 1457 
 905      149E 33B3 
 905      ECB2 0B48 
 905      4B4C 63EA 
 906 00cc 5B03 D154 		.ascii	"[\003\321T\363\026\307I\234\013Q`\373\3269\362\036<\355\213\340"
 906      F316 C749 
 906      9C0B 5160 
 906      FBD6 39F2 
 906      1E3C ED8B 
 907 00e1 2996 D7E2 		.ascii	")\226\327\342\343y_\216\256Ep\224\343\\\350\002k\tG\333\272\b"
 907      E379 5F8E 
 907      AE45 7094 
 907      E35C E802 
 907      6B09 47DB 
 908 00f7 BEEE 45F0 		.ascii	"\276\356E\360]|\253v\357\342Z\210\247o\021<\255\212\275\023\256"
 908      5D7C AB76 
 908      EFE2 5A88 
 908      A76F 113C 
 908      AD8A BD13 
 909 010c C091 53E7 		.ascii	"\300\221S\347\335sY\002t\0349=\251J\027`\253\016\274^\001\035"
 909      DD73 5902 
 909      741C 393D 
 909      A94A 1760 
 909      AB0E BC5E 
 910 0122 9989 EE7B 		.ascii	"\231\211\356{\301\314A\346K:\233N\250\004\236\276\327\336\232"
 910      C1CC 41E6 
 910      4B3A 9B4E 
 910      A804 9EBE 
 910      D7DE 9A
 911 0135 B9A5 5D   		.ascii	"\271\245]"
 912 0138 572A B12B 		.string	"W*\261+\3603\016\252A\240@\341Ad\276&\253\327\243\0236\323\330\246\356#E\241\b\023\246\00
 912      F033 0EAA 
 912      41A0 40E1 
 912      4164 BE26 
 912      ABD7 A313 
 913 0239 B11F 4194 		.ascii	"\261\037A\224\036\326\341\006\207k\260\f\357\t*\226u\260\254"
 913      1ED6 E106 
 913      876B B00C 
 913      EF09 2A96 
 913      75B0 AC
 914 024c B14D B7F2 		.ascii	"\261M\267\362\270T0(\271^\346\255\032\312\220\244d\314R\2210"
 914      B854 3028 
 914      B95E E6AD 
 914      1ACA 90A4 
 914      64CC 5291 
 915 0261 68C6 AA93 		.ascii	"h\306\252\223\222\023\232f\272\255\240\t\334\020\356\0228h\201"
 915      9213 9A66 
 915      BAAD A009 
 915      DC10 EE12 
 915      3868 81
 916 0274 9598 9EBE 		.ascii	"\225\230\236\276\377\367\307!\202\203\222\216\326]\311U\313P"
 916      FFF7 C721 
 916      8283 928E 
 916      D65D C955 
 916      CB50 
 917 0286 9E        		.ascii	"\236"
 918 0287 9C8F DB25 		.string	"\234\217\333%)\007\221VQ\244V\005R\253\002\3510\"]\247H\205\356\003\251Za7\333\324G\222\2
 918      2907 9156 
 918      51A4 5605 
 918      52AB 02E9 
 918      3022 5DA7 
 919 0388 9405 0334 		.string	"\224\005\0034\221\264\277\272\334\346 \241\221M\273\307F\276#\263\2038\213\220T\365\276\3
 919      91B4 BFBA 
 919      DCE6 20A1 
 919      914D BBC7 
 919      46BE 23B3 
 920 03af 89B8 4B22 		.string	"\211\270K\"\356\260\210~On\227V\030d\021\025\3732\257iI\304\020\211\270\307\"N\035,\232\\
 920      EEB0 887E 
 920      4F6E 9756 
 920      1864 1115 
 920      FB32 AF69 
 921 041d 473C 5C78 		.string	"G<\\x\026\022?\204\325\230\231Zy\274\237\234\036z\354\310\240h\307z\271\035\347\237j\b\02
 921      1612 3F84 
 921      D598 995A 
 921      79BC 9F9C 
 921      1E7A ECC8 
 922 0450 4DA0 AA1E 		.ascii	"M\240\252\036#\323#\"u\204\366\333\237\275U\031\032\266\226\205"
 922      23D3 2322 
 922      7584 F6DB 
 922      9FBD 5519 
 922      1AB6 9685 
 923 0464 73C8 072C 		.ascii	"s\310\007,\231\351\325\006g\370\317\025\030\305U\370\216\026"
 923      99E9 D506 
 923      67F8 CF15 
 923      18C5 55F8 
 923      8E16 
 924 0476 0E9E 4230 		.ascii	"\016\236B0\335\027\370\304\340\331\311\323\315\202OP\372\302"
 924      DD17 F8C4 
 924      E0D9 C9D3 
 924      CD82 4F50 
 924      FAC2 
 925 0488 E0CF 5BCF 		.ascii	"\340\317[\317_\bU\202\217\315\001\037\227\301\307)x\301\336\241"
 925      5F08 5582 
 925      8FCD 011F 
 925      97C1 C729 
 925      78C1 DEA1 
 926 049c 5960 A78F 		.ascii	"Y`\247\217\232\034\034\025i5\364\300\223\344\3340e\352s\320\341"
 926      9A1C 1C15 
 926      6935 F4C0 
 926      93E4 DC30 
 926      65EA 73D0 
 927 04b1 3D42 0FCF 		.ascii	"=B\017\317\030S\352yW\243\206%k\310\2469\224\264w\t;\2726\341"
 927      1853 EA79 
 927      57A3 8625 
 927      6BC8 A639 
 927      94B4 7709 
 928 04c9 F0E6 ABEA 		.ascii	"\360\346\253\352\251`a\226VU\270\354jO\t\001\235\036\020\f\336"
 928      A960 6196 
 928      5655 B8EC 
 928      6A4F 0901 
 928      9D1E 100C 
 929 04de 51DC 095C 		.ascii	"Q\334\t\\\313K\n?\211\021\257\020?O\302\260\261\335\324\233'"
 929      CB4B 0A3F 
 929      8911 AF10 
 929      3F4F C2B0 
 929      B1DD D49B 
 930 04f3 05D2 27A2 		.ascii	"\005\322'\242V\375Q1\250\013\313$\n\311\r\033?N\300\277\230\364"
 930      56FD 5131 
 930      A80B CB24 
 930      0AC9 0D1B 
 930      3F4E C0BF 
 931 0509 826A 9C82 		.ascii	"\202j\234\2020\237R:\300\224\372\273\323m!\312\202<\230S\220"
 931      309F 523A 
 931      C094 FABB 
 931      D36D 21CA 
 931      823C 9853 
 932 051e 69B9 20D3 		.ascii	"i\271 \323\264 \345w\316\215\252\224\301#s\202g\344\340\031\032"
 932      B420 E577 
 932      CE8D AA94 
 932      C123 7382 
 932      67E4 E019 
 933 0533 9C7F 78F4 		.ascii	"\234\177x\364\205JHf?;\322r\334\327u\264Y`i\345f\341q\327w\252"
 933      854A 4866 
 933      3F3B D272 
 933      DCD7 75B4 
 933      5960 69E5 
 934 054d E739 74BC 		.ascii	"\3479t\274\264W\314\372z\305\314O\315-\244W\270\310\251\323\024"
 934      B457 CCFA 
 934      7AC5 CC4F 
 934      CD2D A457 
 934      B8C8 A9D3 
 935 0562 9933 7648 		.ascii	"\2313vH\222R%i\017\250H$\274\366\367\013\220\370\225d\350\377"
 935      9252 2569 
 935      0FA8 4824 
 935      BCF6 F70B 
 935      90F8 9564 
 936 0578 07EB 15A8 		.ascii	"\007\353\025\250\0171\316V\266\342I2\305\364xK.\035\013Pr\217"
 936      0F31 CE56 
 936      B6E2 4932 
 936      C5F4 784B 
 936      2E1D 0B50 
 937 058e 281A 5512 		.ascii	"(\032U\022\257\354\335gN\0257\253d\356\253\3474\254Q\035\347"
 937      AFEC DD67 
 937      4E15 37AB 
 937      64EE ABE7 
 937      34AC 511D 
 938 05a3 4914 24F2 		.ascii	"I\024$\362~\342d$\306\241\237xZ\240>n\2713n\207\321d\263\213"
 938      7EE2 6424 
 938      C6A1 9F78 
 938      5AA0 3E6E 
 938      B933 6E87 
 939 05bb 1126 5B5C 		.ascii	"\021&[\\\234\315\032\021"
 939      9CCD 1A11 
 940 05c3 9D60 8F70 		.string	"\235`\217p\232\343D\373ZS\340\027_}\263b\313\346\315\334\207\262c\355\206\030qcTL\344\006
 940      9AE3 44FB 
 940      5A53 E017 
 940      5F7D B362 
 940      CBE6 CDDC 
 941 06c4 9F2B 8F6C 		.ascii	"\237+\217l"
 942               		.text
 943               		.section	.gnu.lto_.symtab.54afbc6b,"",@progbits
 944 0000 7469 6D65 		.string	"timer_init"
 944      725F 696E 
 944      6974 00
 945 000b 00        		.string	""
 946 000c 00        		.string	""
 947 000d 00        		.string	""
 948 000e 00        		.string	""
 949 000f 00        		.string	""
 950 0010 00        		.string	""
 951 0011 00        		.string	""
 952 0012 00        		.string	""
 953 0013 00        		.string	""
 954 0014 00        		.string	""
 955 0015 00        		.string	""
 956 0016 CC00      		.string	"\314"
 957 0018 00        		.string	""
 958 0019 00        		.string	""
 959 001a 7469 6D65 		.string	"timer_clear"
 959      725F 636C 
 959      6561 7200 
 960 0026 00        		.string	""
 961 0027 00        		.string	""
 962 0028 00        		.string	""
 963 0029 00        		.string	""
 964 002a 00        		.string	""
 965 002b 00        		.string	""
 966 002c 00        		.string	""
 967 002d 00        		.string	""
 968 002e 00        		.string	""
 969 002f 00        		.string	""
 970 0030 00        		.string	""
 971 0031 CE00      		.string	"\316"
 972 0033 00        		.string	""
 973 0034 00        		.string	""
 974 0035 7469 6D65 		.string	"timer_count"
 974      725F 636F 
 974      756E 7400 
 975 0041 00        		.string	""
 976 0042 04        		.ascii	"\004"
 977 0043 00        		.string	""
 978 0044 0400      		.string	"\004"
 979 0046 00        		.string	""
 980 0047 00        		.string	""
 981 0048 00        		.string	""
 982 0049 00        		.string	""
 983 004a 00        		.string	""
 984 004b 00        		.string	""
 985 004c E900      		.string	"\351"
 986 004e 00        		.string	""
 987 004f 00        		.string	""
 988 0050 7469 6D65 		.string	"timer_read"
 988      725F 7265 
 988      6164 00
 989 005b 00        		.string	""
 990 005c 00        		.string	""
 991 005d 00        		.string	""
 992 005e 00        		.string	""
 993 005f 00        		.string	""
 994 0060 00        		.string	""
 995 0061 00        		.string	""
 996 0062 00        		.string	""
 997 0063 00        		.string	""
 998 0064 00        		.string	""
 999 0065 00        		.string	""
 1000 0066 D100      		.string	"\321"
 1001 0068 00        		.string	""
 1002 0069 00        		.string	""
 1003 006a 7469 6D65 		.string	"timer_read32"
 1003      725F 7265 
 1003      6164 3332 
 1003      00
 1004 0077 00        		.string	""
 1005 0078 00        		.string	""
 1006 0079 00        		.string	""
 1007 007a 00        		.string	""
 1008 007b 00        		.string	""
 1009 007c 00        		.string	""
 1010 007d 00        		.string	""
 1011 007e 00        		.string	""
 1012 007f 00        		.string	""
 1013 0080 00        		.string	""
 1014 0081 00        		.string	""
 1015 0082 D400      		.string	"\324"
 1016 0084 00        		.string	""
 1017 0085 00        		.string	""
 1018 0086 7469 6D65 		.string	"timer_elapsed"
 1018      725F 656C 
 1018      6170 7365 
 1018      6400 
 1019 0094 00        		.string	""
 1020 0095 00        		.string	""
 1021 0096 00        		.string	""
 1022 0097 00        		.string	""
 1023 0098 00        		.string	""
 1024 0099 00        		.string	""
 1025 009a 00        		.string	""
 1026 009b 00        		.string	""
 1027 009c 00        		.string	""
 1028 009d 00        		.string	""
 1029 009e 00        		.string	""
 1030 009f D800      		.string	"\330"
 1031 00a1 00        		.string	""
 1032 00a2 00        		.string	""
 1033 00a3 7469 6D65 		.string	"timer_elapsed32"
 1033      725F 656C 
 1033      6170 7365 
 1033      6433 3200 
 1034 00b3 00        		.string	""
 1035 00b4 00        		.string	""
 1036 00b5 00        		.string	""
 1037 00b6 00        		.string	""
 1038 00b7 00        		.string	""
 1039 00b8 00        		.string	""
 1040 00b9 00        		.string	""
 1041 00ba 00        		.string	""
 1042 00bb 00        		.string	""
 1043 00bc 00        		.string	""
 1044 00bd 00        		.string	""
 1045 00be DC00      		.string	"\334"
 1046 00c0 00        		.string	""
 1047 00c1 00        		.string	""
 1048 00c2 5F5F 7665 		.string	"__vector_21"
 1048      6374 6F72 
 1048      5F32 3100 
 1049 00ce 00        		.string	""
 1050 00cf 00        		.string	""
 1051 00d0 00        		.string	""
 1052 00d1 00        		.string	""
 1053 00d2 00        		.string	""
 1054 00d3 00        		.string	""
 1055 00d4 00        		.string	""
 1056 00d5 00        		.string	""
 1057 00d6 00        		.string	""
 1058 00d7 00        		.string	""
 1059 00d8 00        		.string	""
 1060 00d9 E600      		.string	"\346"
 1061 00db 00        		.string	""
 1062 00dc 00        		.string	""
 1063               		.text
 1064               		.section	.gnu.lto_.opts,"",@progbits
 1065 0000 272D 666E 		.string	"'-fno-openmp' '-fno-openacc' '-fno-pie' '-mn-flash=1' '-mno-skip-bug' '-mmcu=avr5' '-Os' 
 1065      6F2D 6F70 
 1065      656E 6D70 
 1065      2720 272D 
 1065      666E 6F2D 
 1066               		.text
 1067               		.comm	__gnu_lto_v1,1,1
 1068               		.comm	__gnu_lto_slim,1,1
 1069               		.ident	"GCC: (GNU) 8.3.0"
DEFINED SYMBOLS
                            *ABS*:00000000 timer.c
C:\Users\nonej\Documents\Keyboard\msys64\tmp\ccIu8iVT.s:2      *ABS*:0000003e __SP_H__
C:\Users\nonej\Documents\Keyboard\msys64\tmp\ccIu8iVT.s:3      *ABS*:0000003d __SP_L__
C:\Users\nonej\Documents\Keyboard\msys64\tmp\ccIu8iVT.s:4      *ABS*:0000003f __SREG__
C:\Users\nonej\Documents\Keyboard\msys64\tmp\ccIu8iVT.s:5      *ABS*:00000000 __tmp_reg__
C:\Users\nonej\Documents\Keyboard\msys64\tmp\ccIu8iVT.s:6      *ABS*:00000001 __zero_reg__
C:\Users\nonej\Documents\Keyboard\msys64\tmp\ccIu8iVT.s:15     .gnu.debuglto_.debug_info:00000000 timer.c.4de63d24
                            *COM*:00000001 __gnu_lto_v1
                            *COM*:00000001 __gnu_lto_slim

NO UNDEFINED SYMBOLS
