   1               		.file	"action_util.c"
   2               	__SP_H__ = 0x3e
   3               	__SP_L__ = 0x3d
   4               	__SREG__ = 0x3f
   5               	__tmp_reg__ = 0
   6               	__zero_reg__ = 1
   7               		.text
   8               	.Ltext0:
   9               		.cfi_sections	.debug_frame
  10               		.section	.text.add_key,"ax",@progbits
  11               	.global	add_key
  13               	add_key:
  14               	.LVL0:
  15               	.LFB97:
  16               		.file 1 "tmk_core/common/action_util.h"
   1:tmk_core/common/action_util.h **** /*
   2:tmk_core/common/action_util.h **** Copyright 2013 Jun Wako <wakojun@gmail.com>
   3:tmk_core/common/action_util.h **** 
   4:tmk_core/common/action_util.h **** This program is free software: you can redistribute it and/or modify
   5:tmk_core/common/action_util.h **** it under the terms of the GNU General Public License as published by
   6:tmk_core/common/action_util.h **** the Free Software Foundation, either version 2 of the License, or
   7:tmk_core/common/action_util.h **** (at your option) any later version.
   8:tmk_core/common/action_util.h **** 
   9:tmk_core/common/action_util.h **** This program is distributed in the hope that it will be useful,
  10:tmk_core/common/action_util.h **** but WITHOUT ANY WARRANTY; without even the implied warranty of
  11:tmk_core/common/action_util.h **** MERCHANTABILITY or FITNESS FOR A PARTICULAR PURPOSE.  See the
  12:tmk_core/common/action_util.h **** GNU General Public License for more details.
  13:tmk_core/common/action_util.h **** 
  14:tmk_core/common/action_util.h **** You should have received a copy of the GNU General Public License
  15:tmk_core/common/action_util.h **** along with this program.  If not, see <http://www.gnu.org/licenses/>.
  16:tmk_core/common/action_util.h **** */
  17:tmk_core/common/action_util.h **** #ifndef ACTION_UTIL_H
  18:tmk_core/common/action_util.h **** #define ACTION_UTIL_H
  19:tmk_core/common/action_util.h **** 
  20:tmk_core/common/action_util.h **** #include <stdint.h>
  21:tmk_core/common/action_util.h **** #include "report.h"
  22:tmk_core/common/action_util.h **** 
  23:tmk_core/common/action_util.h **** #ifdef __cplusplus
  24:tmk_core/common/action_util.h **** extern "C" {
  25:tmk_core/common/action_util.h **** #endif
  26:tmk_core/common/action_util.h **** 
  27:tmk_core/common/action_util.h **** extern report_keyboard_t *keyboard_report;
  28:tmk_core/common/action_util.h **** 
  29:tmk_core/common/action_util.h **** void send_keyboard_report(void);
  30:tmk_core/common/action_util.h **** 
  31:tmk_core/common/action_util.h **** /* key */
  32:tmk_core/common/action_util.h **** inline void add_key(uint8_t key) { add_key_to_report(keyboard_report, key); }
  17               		.loc 1 32 34 view -0
  18               		.cfi_startproc
  19               	/* prologue: function */
  20               	/* frame size = 0 */
  21               	/* stack size = 0 */
  22               	.L__stack_usage = 0
  23               		.loc 1 32 36 view .LVU1
  24 0000 682F      		mov r22,r24
  25 0002 8091 0000 		lds r24,keyboard_report
  26 0006 9091 0000 		lds r25,keyboard_report+1
  27               	.LVL1:
  28               		.loc 1 32 36 is_stmt 0 view .LVU2
  29 000a 0C94 0000 		jmp add_key_to_report
  30               	.LVL2:
  31               		.loc 1 32 36 view .LVU3
  32               		.cfi_endproc
  33               	.LFE97:
  35               		.section	.text.del_key,"ax",@progbits
  36               	.global	del_key
  38               	del_key:
  39               	.LVL3:
  40               	.LFB98:
  33:tmk_core/common/action_util.h **** 
  34:tmk_core/common/action_util.h **** inline void del_key(uint8_t key) { del_key_from_report(keyboard_report, key); }
  41               		.loc 1 34 34 is_stmt 1 view -0
  42               		.cfi_startproc
  43               	/* prologue: function */
  44               	/* frame size = 0 */
  45               	/* stack size = 0 */
  46               	.L__stack_usage = 0
  47               		.loc 1 34 36 view .LVU5
  48 0000 682F      		mov r22,r24
  49 0002 8091 0000 		lds r24,keyboard_report
  50 0006 9091 0000 		lds r25,keyboard_report+1
  51               	.LVL4:
  52               		.loc 1 34 36 is_stmt 0 view .LVU6
  53 000a 0C94 0000 		jmp del_key_from_report
  54               	.LVL5:
  55               		.loc 1 34 36 view .LVU7
  56               		.cfi_endproc
  57               	.LFE98:
  59               		.section	.text.clear_keys,"ax",@progbits
  60               	.global	clear_keys
  62               	clear_keys:
  63               	.LFB99:
  35:tmk_core/common/action_util.h **** 
  36:tmk_core/common/action_util.h **** inline void clear_keys(void) { clear_keys_from_report(keyboard_report); }
  64               		.loc 1 36 30 is_stmt 1 view -0
  65               		.cfi_startproc
  66               	/* prologue: function */
  67               	/* frame size = 0 */
  68               	/* stack size = 0 */
  69               	.L__stack_usage = 0
  70               		.loc 1 36 32 view .LVU9
  71 0000 8091 0000 		lds r24,keyboard_report
  72 0004 9091 0000 		lds r25,keyboard_report+1
  73 0008 0C94 0000 		jmp clear_keys_from_report
  74               	.LVL6:
  75               		.cfi_endproc
  76               	.LFE99:
  78               		.section	.text.get_oneshot_locked_mods,"ax",@progbits
  79               	.global	get_oneshot_locked_mods
  81               	get_oneshot_locked_mods:
  82               	.LFB105:
  83               		.file 2 "tmk_core/common/action_util.c"
   1:tmk_core/common/action_util.c **** /*
   2:tmk_core/common/action_util.c **** Copyright 2013 Jun Wako <wakojun@gmail.com>
   3:tmk_core/common/action_util.c **** 
   4:tmk_core/common/action_util.c **** This program is free software: you can redistribute it and/or modify
   5:tmk_core/common/action_util.c **** it under the terms of the GNU General Public License as published by
   6:tmk_core/common/action_util.c **** the Free Software Foundation, either version 2 of the License, or
   7:tmk_core/common/action_util.c **** (at your option) any later version.
   8:tmk_core/common/action_util.c **** 
   9:tmk_core/common/action_util.c **** This program is distributed in the hope that it will be useful,
  10:tmk_core/common/action_util.c **** but WITHOUT ANY WARRANTY; without even the implied warranty of
  11:tmk_core/common/action_util.c **** MERCHANTABILITY or FITNESS FOR A PARTICULAR PURPOSE.  See the
  12:tmk_core/common/action_util.c **** GNU General Public License for more details.
  13:tmk_core/common/action_util.c **** 
  14:tmk_core/common/action_util.c **** You should have received a copy of the GNU General Public License
  15:tmk_core/common/action_util.c **** along with this program.  If not, see <http://www.gnu.org/licenses/>.
  16:tmk_core/common/action_util.c **** */
  17:tmk_core/common/action_util.c **** #include "host.h"
  18:tmk_core/common/action_util.c **** #include "report.h"
  19:tmk_core/common/action_util.c **** #include "debug.h"
  20:tmk_core/common/action_util.c **** #include "action_util.h"
  21:tmk_core/common/action_util.c **** #include "action_layer.h"
  22:tmk_core/common/action_util.c **** #include "timer.h"
  23:tmk_core/common/action_util.c **** #include "keycode_config.h"
  24:tmk_core/common/action_util.c **** 
  25:tmk_core/common/action_util.c **** extern keymap_config_t keymap_config;
  26:tmk_core/common/action_util.c **** 
  27:tmk_core/common/action_util.c **** static uint8_t real_mods  = 0;
  28:tmk_core/common/action_util.c **** static uint8_t weak_mods  = 0;
  29:tmk_core/common/action_util.c **** static uint8_t macro_mods = 0;
  30:tmk_core/common/action_util.c **** 
  31:tmk_core/common/action_util.c **** #ifdef USB_6KRO_ENABLE
  32:tmk_core/common/action_util.c **** #    define RO_ADD(a, b) ((a + b) % KEYBOARD_REPORT_KEYS)
  33:tmk_core/common/action_util.c **** #    define RO_SUB(a, b) ((a - b + KEYBOARD_REPORT_KEYS) % KEYBOARD_REPORT_KEYS)
  34:tmk_core/common/action_util.c **** #    define RO_INC(a) RO_ADD(a, 1)
  35:tmk_core/common/action_util.c **** #    define RO_DEC(a) RO_SUB(a, 1)
  36:tmk_core/common/action_util.c **** static int8_t cb_head  = 0;
  37:tmk_core/common/action_util.c **** static int8_t cb_tail  = 0;
  38:tmk_core/common/action_util.c **** static int8_t cb_count = 0;
  39:tmk_core/common/action_util.c **** #endif
  40:tmk_core/common/action_util.c **** 
  41:tmk_core/common/action_util.c **** // TODO: pointer variable is not needed
  42:tmk_core/common/action_util.c **** // report_keyboard_t keyboard_report = {};
  43:tmk_core/common/action_util.c **** report_keyboard_t *keyboard_report = &(report_keyboard_t){};
  44:tmk_core/common/action_util.c **** 
  45:tmk_core/common/action_util.c **** extern inline void add_key(uint8_t key);
  46:tmk_core/common/action_util.c **** extern inline void del_key(uint8_t key);
  47:tmk_core/common/action_util.c **** extern inline void clear_keys(void);
  48:tmk_core/common/action_util.c **** 
  49:tmk_core/common/action_util.c **** #ifndef NO_ACTION_ONESHOT
  50:tmk_core/common/action_util.c **** static uint8_t oneshot_mods        = 0;
  51:tmk_core/common/action_util.c **** static uint8_t oneshot_locked_mods = 0;
  52:tmk_core/common/action_util.c **** uint8_t        get_oneshot_locked_mods(void) { return oneshot_locked_mods; }
  84               		.loc 2 52 46 view -0
  85               		.cfi_startproc
  86               	/* prologue: function */
  87               	/* frame size = 0 */
  88               	/* stack size = 0 */
  89               	.L__stack_usage = 0
  90               		.loc 2 52 48 view .LVU11
  91               		.loc 2 52 1 is_stmt 0 view .LVU12
  92 0000 8091 0000 		lds r24,oneshot_locked_mods
  93               	/* epilogue start */
  94 0004 0895      		ret
  95               		.cfi_endproc
  96               	.LFE105:
  98               		.section	.text.has_oneshot_mods_timed_out,"ax",@progbits
  99               	.global	has_oneshot_mods_timed_out
 101               	has_oneshot_mods_timed_out:
 102               	.LFB108:
  53:tmk_core/common/action_util.c **** void           set_oneshot_locked_mods(uint8_t mods) {
  54:tmk_core/common/action_util.c ****     if (mods != oneshot_locked_mods) {
  55:tmk_core/common/action_util.c ****         oneshot_locked_mods = mods;
  56:tmk_core/common/action_util.c ****         oneshot_locked_mods_changed_kb(oneshot_locked_mods);
  57:tmk_core/common/action_util.c ****     }
  58:tmk_core/common/action_util.c **** }
  59:tmk_core/common/action_util.c **** void clear_oneshot_locked_mods(void) {
  60:tmk_core/common/action_util.c ****     if (oneshot_locked_mods) {
  61:tmk_core/common/action_util.c ****         oneshot_locked_mods = 0;
  62:tmk_core/common/action_util.c ****         oneshot_locked_mods_changed_kb(oneshot_locked_mods);
  63:tmk_core/common/action_util.c ****     }
  64:tmk_core/common/action_util.c **** }
  65:tmk_core/common/action_util.c **** #    if (defined(ONESHOT_TIMEOUT) && (ONESHOT_TIMEOUT > 0))
  66:tmk_core/common/action_util.c **** static uint16_t oneshot_time = 0;
  67:tmk_core/common/action_util.c **** bool            has_oneshot_mods_timed_out(void) { return TIMER_DIFF_16(timer_read(), oneshot_time)
  68:tmk_core/common/action_util.c **** #    else
  69:tmk_core/common/action_util.c **** bool has_oneshot_mods_timed_out(void) { return false; }
 103               		.loc 2 69 39 is_stmt 1 view -0
 104               		.cfi_startproc
 105               	/* prologue: function */
 106               	/* frame size = 0 */
 107               	/* stack size = 0 */
 108               	.L__stack_usage = 0
 109               		.loc 2 69 41 view .LVU14
 110               		.loc 2 69 1 is_stmt 0 view .LVU15
 111 0000 80E0      		ldi r24,0
 112               	/* epilogue start */
 113 0002 0895      		ret
 114               		.cfi_endproc
 115               	.LFE108:
 117               		.section	.text.get_oneshot_layer,"ax",@progbits
 118               	.global	get_oneshot_layer
 120               	get_oneshot_layer:
 121               	.LFB109:
  70:tmk_core/common/action_util.c **** #    endif
  71:tmk_core/common/action_util.c **** #endif
  72:tmk_core/common/action_util.c **** 
  73:tmk_core/common/action_util.c **** /* oneshot layer */
  74:tmk_core/common/action_util.c **** #ifndef NO_ACTION_ONESHOT
  75:tmk_core/common/action_util.c **** /** \brief oneshot_layer_data bits
  76:tmk_core/common/action_util.c ****  * LLLL LSSS
  77:tmk_core/common/action_util.c ****  * where:
  78:tmk_core/common/action_util.c ****  *   L => are layer bits
  79:tmk_core/common/action_util.c ****  *   S => oneshot state bits
  80:tmk_core/common/action_util.c ****  */
  81:tmk_core/common/action_util.c **** static int8_t oneshot_layer_data = 0;
  82:tmk_core/common/action_util.c **** 
  83:tmk_core/common/action_util.c **** inline uint8_t get_oneshot_layer(void) { return oneshot_layer_data >> 3; }
 122               		.loc 2 83 40 is_stmt 1 view -0
 123               		.cfi_startproc
 124               	/* prologue: function */
 125               	/* frame size = 0 */
 126               	/* stack size = 0 */
 127               	.L__stack_usage = 0
 128               		.loc 2 83 42 view .LVU17
 129               		.loc 2 83 68 is_stmt 0 view .LVU18
 130 0000 8091 0000 		lds r24,oneshot_layer_data
 131               		.loc 2 83 1 view .LVU19
 132 0004 8595      		asr r24
 133 0006 8595      		asr r24
 134 0008 8595      		asr r24
 135               	/* epilogue start */
 136 000a 0895      		ret
 137               		.cfi_endproc
 138               	.LFE109:
 140               		.section	.text.get_oneshot_layer_state,"ax",@progbits
 141               	.global	get_oneshot_layer_state
 143               	get_oneshot_layer_state:
 144               	.LFB110:
  84:tmk_core/common/action_util.c **** inline uint8_t get_oneshot_layer_state(void) { return oneshot_layer_data & 0b111; }
 145               		.loc 2 84 46 is_stmt 1 view -0
 146               		.cfi_startproc
 147               	/* prologue: function */
 148               	/* frame size = 0 */
 149               	/* stack size = 0 */
 150               	.L__stack_usage = 0
 151               		.loc 2 84 48 view .LVU21
 152               		.loc 2 84 74 is_stmt 0 view .LVU22
 153 0000 8091 0000 		lds r24,oneshot_layer_data
 154               		.loc 2 84 1 view .LVU23
 155 0004 8770      		andi r24,lo8(7)
 156               	/* epilogue start */
 157 0006 0895      		ret
 158               		.cfi_endproc
 159               	.LFE110:
 161               		.section	.text.is_oneshot_layer_active,"ax",@progbits
 162               	.global	is_oneshot_layer_active
 164               	is_oneshot_layer_active:
 165               	.LFB114:
  85:tmk_core/common/action_util.c **** 
  86:tmk_core/common/action_util.c **** #    if (defined(ONESHOT_TIMEOUT) && (ONESHOT_TIMEOUT > 0))
  87:tmk_core/common/action_util.c **** static uint16_t oneshot_layer_time = 0;
  88:tmk_core/common/action_util.c **** inline bool     has_oneshot_layer_timed_out() { return TIMER_DIFF_16(timer_read(), oneshot_layer_ti
  89:tmk_core/common/action_util.c **** #    endif
  90:tmk_core/common/action_util.c **** 
  91:tmk_core/common/action_util.c **** /** \brief Set oneshot layer
  92:tmk_core/common/action_util.c ****  *
  93:tmk_core/common/action_util.c ****  * FIXME: needs doc
  94:tmk_core/common/action_util.c ****  */
  95:tmk_core/common/action_util.c **** void set_oneshot_layer(uint8_t layer, uint8_t state) {
  96:tmk_core/common/action_util.c ****     oneshot_layer_data = layer << 3 | state;
  97:tmk_core/common/action_util.c ****     layer_on(layer);
  98:tmk_core/common/action_util.c **** #    if (defined(ONESHOT_TIMEOUT) && (ONESHOT_TIMEOUT > 0))
  99:tmk_core/common/action_util.c ****     oneshot_layer_time = timer_read();
 100:tmk_core/common/action_util.c **** #    endif
 101:tmk_core/common/action_util.c ****     oneshot_layer_changed_kb(get_oneshot_layer());
 102:tmk_core/common/action_util.c **** }
 103:tmk_core/common/action_util.c **** /** \brief Reset oneshot layer
 104:tmk_core/common/action_util.c ****  *
 105:tmk_core/common/action_util.c ****  * FIXME: needs doc
 106:tmk_core/common/action_util.c ****  */
 107:tmk_core/common/action_util.c **** void reset_oneshot_layer(void) {
 108:tmk_core/common/action_util.c ****     oneshot_layer_data = 0;
 109:tmk_core/common/action_util.c **** #    if (defined(ONESHOT_TIMEOUT) && (ONESHOT_TIMEOUT > 0))
 110:tmk_core/common/action_util.c ****     oneshot_layer_time = 0;
 111:tmk_core/common/action_util.c **** #    endif
 112:tmk_core/common/action_util.c ****     oneshot_layer_changed_kb(get_oneshot_layer());
 113:tmk_core/common/action_util.c **** }
 114:tmk_core/common/action_util.c **** /** \brief Clear oneshot layer
 115:tmk_core/common/action_util.c ****  *
 116:tmk_core/common/action_util.c ****  * FIXME: needs doc
 117:tmk_core/common/action_util.c ****  */
 118:tmk_core/common/action_util.c **** void clear_oneshot_layer_state(oneshot_fullfillment_t state) {
 119:tmk_core/common/action_util.c ****     uint8_t start_state = oneshot_layer_data;
 120:tmk_core/common/action_util.c ****     oneshot_layer_data &= ~state;
 121:tmk_core/common/action_util.c ****     if (!get_oneshot_layer_state() && start_state != oneshot_layer_data) {
 122:tmk_core/common/action_util.c ****         layer_off(get_oneshot_layer());
 123:tmk_core/common/action_util.c ****         reset_oneshot_layer();
 124:tmk_core/common/action_util.c ****     }
 125:tmk_core/common/action_util.c **** }
 126:tmk_core/common/action_util.c **** /** \brief Is oneshot layer active
 127:tmk_core/common/action_util.c ****  *
 128:tmk_core/common/action_util.c ****  * FIXME: needs doc
 129:tmk_core/common/action_util.c ****  */
 130:tmk_core/common/action_util.c **** bool is_oneshot_layer_active(void) { return get_oneshot_layer_state(); }
 166               		.loc 2 130 36 is_stmt 1 view -0
 167               		.cfi_startproc
 168               	/* prologue: function */
 169               	/* frame size = 0 */
 170               	/* stack size = 0 */
 171               	.L__stack_usage = 0
 172               		.loc 2 130 38 view .LVU25
 173               	.LBB12:
 174               	.LBI12:
  84:tmk_core/common/action_util.c **** inline uint8_t get_oneshot_layer_state(void) { return oneshot_layer_data & 0b111; }
 175               		.loc 2 84 16 view .LVU26
 176               	.LBB13:
  84:tmk_core/common/action_util.c **** inline uint8_t get_oneshot_layer_state(void) { return oneshot_layer_data & 0b111; }
 177               		.loc 2 84 48 view .LVU27
  84:tmk_core/common/action_util.c **** inline uint8_t get_oneshot_layer_state(void) { return oneshot_layer_data & 0b111; }
 178               		.loc 2 84 74 is_stmt 0 view .LVU28
 179 0000 9091 0000 		lds r25,oneshot_layer_data
 180 0004 9770      		andi r25,lo8(7)
 181               	.LBE13:
 182               	.LBE12:
 183               		.loc 2 130 45 view .LVU29
 184 0006 81E0      		ldi r24,lo8(1)
 185 0008 01F4      		brne .L9
 186 000a 80E0      		ldi r24,0
 187               	.L9:
 188               	/* epilogue start */
 189               		.loc 2 130 1 view .LVU30
 190 000c 0895      		ret
 191               		.cfi_endproc
 192               	.LFE114:
 194               		.section	.text.get_mods,"ax",@progbits
 195               	.global	get_mods
 197               	get_mods:
 198               	.LFB116:
 131:tmk_core/common/action_util.c **** #endif
 132:tmk_core/common/action_util.c **** 
 133:tmk_core/common/action_util.c **** /** \brief Send keyboard report
 134:tmk_core/common/action_util.c ****  *
 135:tmk_core/common/action_util.c ****  * FIXME: needs doc
 136:tmk_core/common/action_util.c ****  */
 137:tmk_core/common/action_util.c **** void send_keyboard_report(void) {
 138:tmk_core/common/action_util.c ****     keyboard_report->mods = real_mods;
 139:tmk_core/common/action_util.c ****     keyboard_report->mods |= weak_mods;
 140:tmk_core/common/action_util.c ****     keyboard_report->mods |= macro_mods;
 141:tmk_core/common/action_util.c **** #ifndef NO_ACTION_ONESHOT
 142:tmk_core/common/action_util.c ****     if (oneshot_mods) {
 143:tmk_core/common/action_util.c **** #    if (defined(ONESHOT_TIMEOUT) && (ONESHOT_TIMEOUT > 0))
 144:tmk_core/common/action_util.c ****         if (has_oneshot_mods_timed_out()) {
 145:tmk_core/common/action_util.c ****             dprintf("Oneshot: timeout\n");
 146:tmk_core/common/action_util.c ****             clear_oneshot_mods();
 147:tmk_core/common/action_util.c ****         }
 148:tmk_core/common/action_util.c **** #    endif
 149:tmk_core/common/action_util.c ****         keyboard_report->mods |= oneshot_mods;
 150:tmk_core/common/action_util.c ****         if (has_anykey(keyboard_report)) {
 151:tmk_core/common/action_util.c ****             clear_oneshot_mods();
 152:tmk_core/common/action_util.c ****         }
 153:tmk_core/common/action_util.c ****     }
 154:tmk_core/common/action_util.c **** 
 155:tmk_core/common/action_util.c **** #endif
 156:tmk_core/common/action_util.c ****     host_keyboard_send(keyboard_report);
 157:tmk_core/common/action_util.c **** }
 158:tmk_core/common/action_util.c **** 
 159:tmk_core/common/action_util.c **** /** \brief Get mods
 160:tmk_core/common/action_util.c ****  *
 161:tmk_core/common/action_util.c ****  * FIXME: needs doc
 162:tmk_core/common/action_util.c ****  */
 163:tmk_core/common/action_util.c **** uint8_t get_mods(void) { return real_mods; }
 199               		.loc 2 163 24 is_stmt 1 view -0
 200               		.cfi_startproc
 201               	/* prologue: function */
 202               	/* frame size = 0 */
 203               	/* stack size = 0 */
 204               	.L__stack_usage = 0
 205               		.loc 2 163 26 view .LVU32
 206               		.loc 2 163 1 is_stmt 0 view .LVU33
 207 0000 8091 0000 		lds r24,real_mods
 208               	/* epilogue start */
 209 0004 0895      		ret
 210               		.cfi_endproc
 211               	.LFE116:
 213               		.section	.text.add_mods,"ax",@progbits
 214               	.global	add_mods
 216               	add_mods:
 217               	.LVL7:
 218               	.LFB117:
 164:tmk_core/common/action_util.c **** /** \brief add mods
 165:tmk_core/common/action_util.c ****  *
 166:tmk_core/common/action_util.c ****  * FIXME: needs doc
 167:tmk_core/common/action_util.c ****  */
 168:tmk_core/common/action_util.c **** void add_mods(uint8_t mods) { real_mods |= mods; }
 219               		.loc 2 168 29 is_stmt 1 view -0
 220               		.cfi_startproc
 221               	/* prologue: function */
 222               	/* frame size = 0 */
 223               	/* stack size = 0 */
 224               	.L__stack_usage = 0
 225               		.loc 2 168 31 view .LVU35
 226               		.loc 2 168 41 is_stmt 0 view .LVU36
 227 0000 9091 0000 		lds r25,real_mods
 228 0004 892B      		or r24,r25
 229               	.LVL8:
 230               		.loc 2 168 41 view .LVU37
 231 0006 8093 0000 		sts real_mods,r24
 232               	/* epilogue start */
 233               		.loc 2 168 1 view .LVU38
 234 000a 0895      		ret
 235               		.cfi_endproc
 236               	.LFE117:
 238               		.section	.text.del_mods,"ax",@progbits
 239               	.global	del_mods
 241               	del_mods:
 242               	.LVL9:
 243               	.LFB118:
 169:tmk_core/common/action_util.c **** /** \brief del mods
 170:tmk_core/common/action_util.c ****  *
 171:tmk_core/common/action_util.c ****  * FIXME: needs doc
 172:tmk_core/common/action_util.c ****  */
 173:tmk_core/common/action_util.c **** void del_mods(uint8_t mods) { real_mods &= ~mods; }
 244               		.loc 2 173 29 is_stmt 1 view -0
 245               		.cfi_startproc
 246               	/* prologue: function */
 247               	/* frame size = 0 */
 248               	/* stack size = 0 */
 249               	.L__stack_usage = 0
 250               		.loc 2 173 31 view .LVU40
 251               		.loc 2 173 41 is_stmt 0 view .LVU41
 252 0000 8095      		com r24
 253               	.LVL10:
 254               		.loc 2 173 41 view .LVU42
 255 0002 9091 0000 		lds r25,real_mods
 256 0006 9823      		and r25,r24
 257 0008 9093 0000 		sts real_mods,r25
 258               	/* epilogue start */
 259               		.loc 2 173 1 view .LVU43
 260 000c 0895      		ret
 261               		.cfi_endproc
 262               	.LFE118:
 264               		.section	.text.set_mods,"ax",@progbits
 265               	.global	set_mods
 267               	set_mods:
 268               	.LVL11:
 269               	.LFB119:
 174:tmk_core/common/action_util.c **** /** \brief set mods
 175:tmk_core/common/action_util.c ****  *
 176:tmk_core/common/action_util.c ****  * FIXME: needs doc
 177:tmk_core/common/action_util.c ****  */
 178:tmk_core/common/action_util.c **** void set_mods(uint8_t mods) { real_mods = mods; }
 270               		.loc 2 178 29 is_stmt 1 view -0
 271               		.cfi_startproc
 272               	/* prologue: function */
 273               	/* frame size = 0 */
 274               	/* stack size = 0 */
 275               	.L__stack_usage = 0
 276               		.loc 2 178 31 view .LVU45
 277               		.loc 2 178 41 is_stmt 0 view .LVU46
 278 0000 8093 0000 		sts real_mods,r24
 279               	/* epilogue start */
 280               		.loc 2 178 1 view .LVU47
 281 0004 0895      		ret
 282               		.cfi_endproc
 283               	.LFE119:
 285               		.section	.text.clear_mods,"ax",@progbits
 286               	.global	clear_mods
 288               	clear_mods:
 289               	.LFB120:
 179:tmk_core/common/action_util.c **** /** \brief clear mods
 180:tmk_core/common/action_util.c ****  *
 181:tmk_core/common/action_util.c ****  * FIXME: needs doc
 182:tmk_core/common/action_util.c ****  */
 183:tmk_core/common/action_util.c **** void clear_mods(void) { real_mods = 0; }
 290               		.loc 2 183 23 is_stmt 1 view -0
 291               		.cfi_startproc
 292               	/* prologue: function */
 293               	/* frame size = 0 */
 294               	/* stack size = 0 */
 295               	.L__stack_usage = 0
 296               		.loc 2 183 25 view .LVU49
 297               		.loc 2 183 35 is_stmt 0 view .LVU50
 298 0000 1092 0000 		sts real_mods,__zero_reg__
 299               	/* epilogue start */
 300               		.loc 2 183 1 view .LVU51
 301 0004 0895      		ret
 302               		.cfi_endproc
 303               	.LFE120:
 305               		.section	.text.get_weak_mods,"ax",@progbits
 306               	.global	get_weak_mods
 308               	get_weak_mods:
 309               	.LFB121:
 184:tmk_core/common/action_util.c **** 
 185:tmk_core/common/action_util.c **** /** \brief get weak mods
 186:tmk_core/common/action_util.c ****  *
 187:tmk_core/common/action_util.c ****  * FIXME: needs doc
 188:tmk_core/common/action_util.c ****  */
 189:tmk_core/common/action_util.c **** uint8_t get_weak_mods(void) { return weak_mods; }
 310               		.loc 2 189 29 is_stmt 1 view -0
 311               		.cfi_startproc
 312               	/* prologue: function */
 313               	/* frame size = 0 */
 314               	/* stack size = 0 */
 315               	.L__stack_usage = 0
 316               		.loc 2 189 31 view .LVU53
 317               		.loc 2 189 1 is_stmt 0 view .LVU54
 318 0000 8091 0000 		lds r24,weak_mods
 319               	/* epilogue start */
 320 0004 0895      		ret
 321               		.cfi_endproc
 322               	.LFE121:
 324               		.section	.text.add_weak_mods,"ax",@progbits
 325               	.global	add_weak_mods
 327               	add_weak_mods:
 328               	.LVL12:
 329               	.LFB122:
 190:tmk_core/common/action_util.c **** /** \brief add weak mods
 191:tmk_core/common/action_util.c ****  *
 192:tmk_core/common/action_util.c ****  * FIXME: needs doc
 193:tmk_core/common/action_util.c ****  */
 194:tmk_core/common/action_util.c **** void add_weak_mods(uint8_t mods) { weak_mods |= mods; }
 330               		.loc 2 194 34 is_stmt 1 view -0
 331               		.cfi_startproc
 332               	/* prologue: function */
 333               	/* frame size = 0 */
 334               	/* stack size = 0 */
 335               	.L__stack_usage = 0
 336               		.loc 2 194 36 view .LVU56
 337               		.loc 2 194 46 is_stmt 0 view .LVU57
 338 0000 9091 0000 		lds r25,weak_mods
 339 0004 892B      		or r24,r25
 340               	.LVL13:
 341               		.loc 2 194 46 view .LVU58
 342 0006 8093 0000 		sts weak_mods,r24
 343               	/* epilogue start */
 344               		.loc 2 194 1 view .LVU59
 345 000a 0895      		ret
 346               		.cfi_endproc
 347               	.LFE122:
 349               		.section	.text.del_weak_mods,"ax",@progbits
 350               	.global	del_weak_mods
 352               	del_weak_mods:
 353               	.LVL14:
 354               	.LFB123:
 195:tmk_core/common/action_util.c **** /** \brief del weak mods
 196:tmk_core/common/action_util.c ****  *
 197:tmk_core/common/action_util.c ****  * FIXME: needs doc
 198:tmk_core/common/action_util.c ****  */
 199:tmk_core/common/action_util.c **** void del_weak_mods(uint8_t mods) { weak_mods &= ~mods; }
 355               		.loc 2 199 34 is_stmt 1 view -0
 356               		.cfi_startproc
 357               	/* prologue: function */
 358               	/* frame size = 0 */
 359               	/* stack size = 0 */
 360               	.L__stack_usage = 0
 361               		.loc 2 199 36 view .LVU61
 362               		.loc 2 199 46 is_stmt 0 view .LVU62
 363 0000 8095      		com r24
 364               	.LVL15:
 365               		.loc 2 199 46 view .LVU63
 366 0002 9091 0000 		lds r25,weak_mods
 367 0006 9823      		and r25,r24
 368 0008 9093 0000 		sts weak_mods,r25
 369               	/* epilogue start */
 370               		.loc 2 199 1 view .LVU64
 371 000c 0895      		ret
 372               		.cfi_endproc
 373               	.LFE123:
 375               		.section	.text.set_weak_mods,"ax",@progbits
 376               	.global	set_weak_mods
 378               	set_weak_mods:
 379               	.LVL16:
 380               	.LFB124:
 200:tmk_core/common/action_util.c **** /** \brief set weak mods
 201:tmk_core/common/action_util.c ****  *
 202:tmk_core/common/action_util.c ****  * FIXME: needs doc
 203:tmk_core/common/action_util.c ****  */
 204:tmk_core/common/action_util.c **** void set_weak_mods(uint8_t mods) { weak_mods = mods; }
 381               		.loc 2 204 34 is_stmt 1 view -0
 382               		.cfi_startproc
 383               	/* prologue: function */
 384               	/* frame size = 0 */
 385               	/* stack size = 0 */
 386               	.L__stack_usage = 0
 387               		.loc 2 204 36 view .LVU66
 388               		.loc 2 204 46 is_stmt 0 view .LVU67
 389 0000 8093 0000 		sts weak_mods,r24
 390               	/* epilogue start */
 391               		.loc 2 204 1 view .LVU68
 392 0004 0895      		ret
 393               		.cfi_endproc
 394               	.LFE124:
 396               		.section	.text.clear_weak_mods,"ax",@progbits
 397               	.global	clear_weak_mods
 399               	clear_weak_mods:
 400               	.LFB125:
 205:tmk_core/common/action_util.c **** /** \brief clear weak mods
 206:tmk_core/common/action_util.c ****  *
 207:tmk_core/common/action_util.c ****  * FIXME: needs doc
 208:tmk_core/common/action_util.c ****  */
 209:tmk_core/common/action_util.c **** void clear_weak_mods(void) { weak_mods = 0; }
 401               		.loc 2 209 28 is_stmt 1 view -0
 402               		.cfi_startproc
 403               	/* prologue: function */
 404               	/* frame size = 0 */
 405               	/* stack size = 0 */
 406               	.L__stack_usage = 0
 407               		.loc 2 209 30 view .LVU70
 408               		.loc 2 209 40 is_stmt 0 view .LVU71
 409 0000 1092 0000 		sts weak_mods,__zero_reg__
 410               	/* epilogue start */
 411               		.loc 2 209 1 view .LVU72
 412 0004 0895      		ret
 413               		.cfi_endproc
 414               	.LFE125:
 416               		.section	.text.get_macro_mods,"ax",@progbits
 417               	.global	get_macro_mods
 419               	get_macro_mods:
 420               	.LFB126:
 210:tmk_core/common/action_util.c **** 
 211:tmk_core/common/action_util.c **** /* macro modifier */
 212:tmk_core/common/action_util.c **** /** \brief get macro mods
 213:tmk_core/common/action_util.c ****  *
 214:tmk_core/common/action_util.c ****  * FIXME: needs doc
 215:tmk_core/common/action_util.c ****  */
 216:tmk_core/common/action_util.c **** uint8_t get_macro_mods(void) { return macro_mods; }
 421               		.loc 2 216 30 is_stmt 1 view -0
 422               		.cfi_startproc
 423               	/* prologue: function */
 424               	/* frame size = 0 */
 425               	/* stack size = 0 */
 426               	.L__stack_usage = 0
 427               		.loc 2 216 32 view .LVU74
 428               		.loc 2 216 1 is_stmt 0 view .LVU75
 429 0000 8091 0000 		lds r24,macro_mods
 430               	/* epilogue start */
 431 0004 0895      		ret
 432               		.cfi_endproc
 433               	.LFE126:
 435               		.section	.text.add_macro_mods,"ax",@progbits
 436               	.global	add_macro_mods
 438               	add_macro_mods:
 439               	.LVL17:
 440               	.LFB127:
 217:tmk_core/common/action_util.c **** /** \brief add macro mods
 218:tmk_core/common/action_util.c ****  *
 219:tmk_core/common/action_util.c ****  * FIXME: needs doc
 220:tmk_core/common/action_util.c ****  */
 221:tmk_core/common/action_util.c **** void add_macro_mods(uint8_t mods) { macro_mods |= mods; }
 441               		.loc 2 221 35 is_stmt 1 view -0
 442               		.cfi_startproc
 443               	/* prologue: function */
 444               	/* frame size = 0 */
 445               	/* stack size = 0 */
 446               	.L__stack_usage = 0
 447               		.loc 2 221 37 view .LVU77
 448               		.loc 2 221 48 is_stmt 0 view .LVU78
 449 0000 9091 0000 		lds r25,macro_mods
 450 0004 892B      		or r24,r25
 451               	.LVL18:
 452               		.loc 2 221 48 view .LVU79
 453 0006 8093 0000 		sts macro_mods,r24
 454               	/* epilogue start */
 455               		.loc 2 221 1 view .LVU80
 456 000a 0895      		ret
 457               		.cfi_endproc
 458               	.LFE127:
 460               		.section	.text.del_macro_mods,"ax",@progbits
 461               	.global	del_macro_mods
 463               	del_macro_mods:
 464               	.LVL19:
 465               	.LFB128:
 222:tmk_core/common/action_util.c **** /** \brief del macro mods
 223:tmk_core/common/action_util.c ****  *
 224:tmk_core/common/action_util.c ****  * FIXME: needs doc
 225:tmk_core/common/action_util.c ****  */
 226:tmk_core/common/action_util.c **** void del_macro_mods(uint8_t mods) { macro_mods &= ~mods; }
 466               		.loc 2 226 35 is_stmt 1 view -0
 467               		.cfi_startproc
 468               	/* prologue: function */
 469               	/* frame size = 0 */
 470               	/* stack size = 0 */
 471               	.L__stack_usage = 0
 472               		.loc 2 226 37 view .LVU82
 473               		.loc 2 226 48 is_stmt 0 view .LVU83
 474 0000 8095      		com r24
 475               	.LVL20:
 476               		.loc 2 226 48 view .LVU84
 477 0002 9091 0000 		lds r25,macro_mods
 478 0006 9823      		and r25,r24
 479 0008 9093 0000 		sts macro_mods,r25
 480               	/* epilogue start */
 481               		.loc 2 226 1 view .LVU85
 482 000c 0895      		ret
 483               		.cfi_endproc
 484               	.LFE128:
 486               		.section	.text.set_macro_mods,"ax",@progbits
 487               	.global	set_macro_mods
 489               	set_macro_mods:
 490               	.LVL21:
 491               	.LFB129:
 227:tmk_core/common/action_util.c **** /** \brief set macro mods
 228:tmk_core/common/action_util.c ****  *
 229:tmk_core/common/action_util.c ****  * FIXME: needs doc
 230:tmk_core/common/action_util.c ****  */
 231:tmk_core/common/action_util.c **** void set_macro_mods(uint8_t mods) { macro_mods = mods; }
 492               		.loc 2 231 35 is_stmt 1 view -0
 493               		.cfi_startproc
 494               	/* prologue: function */
 495               	/* frame size = 0 */
 496               	/* stack size = 0 */
 497               	.L__stack_usage = 0
 498               		.loc 2 231 37 view .LVU87
 499               		.loc 2 231 48 is_stmt 0 view .LVU88
 500 0000 8093 0000 		sts macro_mods,r24
 501               	/* epilogue start */
 502               		.loc 2 231 1 view .LVU89
 503 0004 0895      		ret
 504               		.cfi_endproc
 505               	.LFE129:
 507               		.section	.text.clear_macro_mods,"ax",@progbits
 508               	.global	clear_macro_mods
 510               	clear_macro_mods:
 511               	.LFB130:
 232:tmk_core/common/action_util.c **** /** \brief clear macro mods
 233:tmk_core/common/action_util.c ****  *
 234:tmk_core/common/action_util.c ****  * FIXME: needs doc
 235:tmk_core/common/action_util.c ****  */
 236:tmk_core/common/action_util.c **** void clear_macro_mods(void) { macro_mods = 0; }
 512               		.loc 2 236 29 is_stmt 1 view -0
 513               		.cfi_startproc
 514               	/* prologue: function */
 515               	/* frame size = 0 */
 516               	/* stack size = 0 */
 517               	.L__stack_usage = 0
 518               		.loc 2 236 31 view .LVU91
 519               		.loc 2 236 42 is_stmt 0 view .LVU92
 520 0000 1092 0000 		sts macro_mods,__zero_reg__
 521               	/* epilogue start */
 522               		.loc 2 236 1 view .LVU93
 523 0004 0895      		ret
 524               		.cfi_endproc
 525               	.LFE130:
 527               		.section	.text.get_oneshot_mods,"ax",@progbits
 528               	.global	get_oneshot_mods
 530               	get_oneshot_mods:
 531               	.LFB133:
 237:tmk_core/common/action_util.c **** 
 238:tmk_core/common/action_util.c **** #ifndef NO_ACTION_ONESHOT
 239:tmk_core/common/action_util.c **** /** \brief set oneshot mods
 240:tmk_core/common/action_util.c ****  *
 241:tmk_core/common/action_util.c ****  * FIXME: needs doc
 242:tmk_core/common/action_util.c ****  */
 243:tmk_core/common/action_util.c **** void set_oneshot_mods(uint8_t mods) {
 244:tmk_core/common/action_util.c ****     if (oneshot_mods != mods) {
 245:tmk_core/common/action_util.c **** #    if (defined(ONESHOT_TIMEOUT) && (ONESHOT_TIMEOUT > 0))
 246:tmk_core/common/action_util.c ****         oneshot_time = timer_read();
 247:tmk_core/common/action_util.c **** #    endif
 248:tmk_core/common/action_util.c ****         oneshot_mods = mods;
 249:tmk_core/common/action_util.c ****         oneshot_mods_changed_kb(mods);
 250:tmk_core/common/action_util.c ****     }
 251:tmk_core/common/action_util.c **** }
 252:tmk_core/common/action_util.c **** /** \brief clear oneshot mods
 253:tmk_core/common/action_util.c ****  *
 254:tmk_core/common/action_util.c ****  * FIXME: needs doc
 255:tmk_core/common/action_util.c ****  */
 256:tmk_core/common/action_util.c **** void clear_oneshot_mods(void) {
 257:tmk_core/common/action_util.c ****     if (oneshot_mods) {
 258:tmk_core/common/action_util.c ****         oneshot_mods = 0;
 259:tmk_core/common/action_util.c **** #    if (defined(ONESHOT_TIMEOUT) && (ONESHOT_TIMEOUT > 0))
 260:tmk_core/common/action_util.c ****         oneshot_time = 0;
 261:tmk_core/common/action_util.c **** #    endif
 262:tmk_core/common/action_util.c ****         oneshot_mods_changed_kb(oneshot_mods);
 263:tmk_core/common/action_util.c ****     }
 264:tmk_core/common/action_util.c **** }
 265:tmk_core/common/action_util.c **** /** \brief get oneshot mods
 266:tmk_core/common/action_util.c ****  *
 267:tmk_core/common/action_util.c ****  * FIXME: needs doc
 268:tmk_core/common/action_util.c ****  */
 269:tmk_core/common/action_util.c **** uint8_t get_oneshot_mods(void) { return oneshot_mods; }
 532               		.loc 2 269 32 is_stmt 1 view -0
 533               		.cfi_startproc
 534               	/* prologue: function */
 535               	/* frame size = 0 */
 536               	/* stack size = 0 */
 537               	.L__stack_usage = 0
 538               		.loc 2 269 34 view .LVU95
 539               		.loc 2 269 1 is_stmt 0 view .LVU96
 540 0000 8091 0000 		lds r24,oneshot_mods
 541               	/* epilogue start */
 542 0004 0895      		ret
 543               		.cfi_endproc
 544               	.LFE133:
 546               		.section	.text.oneshot_locked_mods_changed_user,"ax",@progbits
 547               		.weak	oneshot_locked_mods_changed_user
 549               	oneshot_locked_mods_changed_user:
 550               	.LVL22:
 551               	.LFB134:
 270:tmk_core/common/action_util.c **** #endif
 271:tmk_core/common/action_util.c **** 
 272:tmk_core/common/action_util.c **** /** \brief Called when the one shot modifiers have been changed.
 273:tmk_core/common/action_util.c ****  *
 274:tmk_core/common/action_util.c ****  * \param mods Contains the active modifiers active after the change.
 275:tmk_core/common/action_util.c ****  */
 276:tmk_core/common/action_util.c **** __attribute__((weak)) void oneshot_locked_mods_changed_user(uint8_t mods) {}
 552               		.loc 2 276 75 is_stmt 1 view -0
 553               		.cfi_startproc
 554               	/* prologue: function */
 555               	/* frame size = 0 */
 556               	/* stack size = 0 */
 557               	.L__stack_usage = 0
 558               		.loc 2 276 76 view .LVU98
 559               	/* epilogue start */
 560               		.loc 2 276 1 is_stmt 0 view .LVU99
 561 0000 0895      		ret
 562               		.cfi_endproc
 563               	.LFE134:
 565               		.set	oneshot_locked_mods_changed_user.localalias.0,oneshot_locked_mods_changed_user
 566               		.section	.text.oneshot_locked_mods_changed_kb,"ax",@progbits
 567               		.weak	oneshot_locked_mods_changed_kb
 569               	oneshot_locked_mods_changed_kb:
 570               	.LVL23:
 571               	.LFB135:
 277:tmk_core/common/action_util.c **** 
 278:tmk_core/common/action_util.c **** /** \brief Called when the locked one shot modifiers have been changed.
 279:tmk_core/common/action_util.c ****  *
 280:tmk_core/common/action_util.c ****  * \param mods Contains the active modifiers active after the change.
 281:tmk_core/common/action_util.c ****  */
 282:tmk_core/common/action_util.c **** __attribute__((weak)) void oneshot_locked_mods_changed_kb(uint8_t mods) { oneshot_locked_mods_chang
 572               		.loc 2 282 73 is_stmt 1 view -0
 573               		.cfi_startproc
 574               	/* prologue: function */
 575               	/* frame size = 0 */
 576               	/* stack size = 0 */
 577               	.L__stack_usage = 0
 578               		.loc 2 282 75 view .LVU101
 579 0000 0C94 0000 		jmp oneshot_locked_mods_changed_user
 580               	.LVL24:
 581               		.loc 2 282 75 is_stmt 0 view .LVU102
 582               		.cfi_endproc
 583               	.LFE135:
 585               		.section	.text.set_oneshot_locked_mods,"ax",@progbits
 586               	.global	set_oneshot_locked_mods
 588               	set_oneshot_locked_mods:
 589               	.LVL25:
 590               	.LFB106:
  53:tmk_core/common/action_util.c ****     if (mods != oneshot_locked_mods) {
 591               		.loc 2 53 54 is_stmt 1 view -0
 592               		.cfi_startproc
 593               	/* prologue: function */
 594               	/* frame size = 0 */
 595               	/* stack size = 0 */
 596               	.L__stack_usage = 0
  54:tmk_core/common/action_util.c ****         oneshot_locked_mods = mods;
 597               		.loc 2 54 5 view .LVU104
  54:tmk_core/common/action_util.c ****         oneshot_locked_mods = mods;
 598               		.loc 2 54 8 is_stmt 0 view .LVU105
 599 0000 9091 0000 		lds r25,oneshot_locked_mods
 600 0004 9817      		cp r25,r24
 601 0006 01F0      		breq .L28
  55:tmk_core/common/action_util.c ****         oneshot_locked_mods_changed_kb(oneshot_locked_mods);
 602               		.loc 2 55 9 is_stmt 1 view .LVU106
  55:tmk_core/common/action_util.c ****         oneshot_locked_mods_changed_kb(oneshot_locked_mods);
 603               		.loc 2 55 29 is_stmt 0 view .LVU107
 604 0008 8093 0000 		sts oneshot_locked_mods,r24
  56:tmk_core/common/action_util.c ****     }
 605               		.loc 2 56 9 is_stmt 1 view .LVU108
 606 000c 0C94 0000 		jmp oneshot_locked_mods_changed_kb
 607               	.LVL26:
 608               	.L28:
 609               	/* epilogue start */
  58:tmk_core/common/action_util.c **** void clear_oneshot_locked_mods(void) {
 610               		.loc 2 58 1 is_stmt 0 view .LVU109
 611 0010 0895      		ret
 612               		.cfi_endproc
 613               	.LFE106:
 615               		.section	.text.clear_oneshot_locked_mods,"ax",@progbits
 616               	.global	clear_oneshot_locked_mods
 618               	clear_oneshot_locked_mods:
 619               	.LFB107:
  59:tmk_core/common/action_util.c ****     if (oneshot_locked_mods) {
 620               		.loc 2 59 38 is_stmt 1 view -0
 621               		.cfi_startproc
 622               	/* prologue: function */
 623               	/* frame size = 0 */
 624               	/* stack size = 0 */
 625               	.L__stack_usage = 0
  60:tmk_core/common/action_util.c ****         oneshot_locked_mods = 0;
 626               		.loc 2 60 5 view .LVU111
  60:tmk_core/common/action_util.c ****         oneshot_locked_mods = 0;
 627               		.loc 2 60 8 is_stmt 0 view .LVU112
 628 0000 8091 0000 		lds r24,oneshot_locked_mods
 629 0004 8823      		tst r24
 630 0006 01F0      		breq .L30
  61:tmk_core/common/action_util.c ****         oneshot_locked_mods_changed_kb(oneshot_locked_mods);
 631               		.loc 2 61 9 is_stmt 1 view .LVU113
  61:tmk_core/common/action_util.c ****         oneshot_locked_mods_changed_kb(oneshot_locked_mods);
 632               		.loc 2 61 29 is_stmt 0 view .LVU114
 633 0008 1092 0000 		sts oneshot_locked_mods,__zero_reg__
  62:tmk_core/common/action_util.c ****     }
 634               		.loc 2 62 9 is_stmt 1 view .LVU115
 635 000c 80E0      		ldi r24,0
 636 000e 0C94 0000 		jmp oneshot_locked_mods_changed_kb
 637               	.LVL27:
 638               	.L30:
 639               	/* epilogue start */
  64:tmk_core/common/action_util.c **** #    if (defined(ONESHOT_TIMEOUT) && (ONESHOT_TIMEOUT > 0))
 640               		.loc 2 64 1 is_stmt 0 view .LVU116
 641 0012 0895      		ret
 642               		.cfi_endproc
 643               	.LFE107:
 645               		.section	.text.oneshot_mods_changed_user,"ax",@progbits
 646               		.weak	oneshot_mods_changed_user
 648               	oneshot_mods_changed_user:
 649               	.LFB142:
 650               		.cfi_startproc
 651               	/* prologue: function */
 652               	/* frame size = 0 */
 653               	/* stack size = 0 */
 654               	.L__stack_usage = 0
 655               	/* epilogue start */
 656 0000 0895      		ret
 657               		.cfi_endproc
 658               	.LFE142:
 660               		.section	.text.oneshot_mods_changed_kb,"ax",@progbits
 661               		.weak	oneshot_mods_changed_kb
 663               	oneshot_mods_changed_kb:
 664               	.LVL28:
 665               	.LFB137:
 283:tmk_core/common/action_util.c **** 
 284:tmk_core/common/action_util.c **** /** \brief Called when the one shot modifiers have been changed.
 285:tmk_core/common/action_util.c ****  *
 286:tmk_core/common/action_util.c ****  * \param mods Contains the active modifiers active after the change.
 287:tmk_core/common/action_util.c ****  */
 288:tmk_core/common/action_util.c **** __attribute__((weak)) void oneshot_mods_changed_user(uint8_t mods) {}
 289:tmk_core/common/action_util.c **** 
 290:tmk_core/common/action_util.c **** /** \brief Called when the one shot modifiers have been changed.
 291:tmk_core/common/action_util.c ****  *
 292:tmk_core/common/action_util.c ****  * \param mods Contains the active modifiers active after the change.
 293:tmk_core/common/action_util.c ****  */
 294:tmk_core/common/action_util.c **** __attribute__((weak)) void oneshot_mods_changed_kb(uint8_t mods) { oneshot_mods_changed_user(mods);
 666               		.loc 2 294 66 is_stmt 1 view -0
 667               		.cfi_startproc
 668               	/* prologue: function */
 669               	/* frame size = 0 */
 670               	/* stack size = 0 */
 671               	.L__stack_usage = 0
 672               		.loc 2 294 68 view .LVU118
 673 0000 0C94 0000 		jmp oneshot_mods_changed_user
 674               	.LVL29:
 675               		.loc 2 294 68 is_stmt 0 view .LVU119
 676               		.cfi_endproc
 677               	.LFE137:
 679               		.section	.text.set_oneshot_mods,"ax",@progbits
 680               	.global	set_oneshot_mods
 682               	set_oneshot_mods:
 683               	.LVL30:
 684               	.LFB131:
 243:tmk_core/common/action_util.c ****     if (oneshot_mods != mods) {
 685               		.loc 2 243 37 is_stmt 1 view -0
 686               		.cfi_startproc
 687               	/* prologue: function */
 688               	/* frame size = 0 */
 689               	/* stack size = 0 */
 690               	.L__stack_usage = 0
 244:tmk_core/common/action_util.c **** #    if (defined(ONESHOT_TIMEOUT) && (ONESHOT_TIMEOUT > 0))
 691               		.loc 2 244 5 view .LVU121
 244:tmk_core/common/action_util.c **** #    if (defined(ONESHOT_TIMEOUT) && (ONESHOT_TIMEOUT > 0))
 692               		.loc 2 244 8 is_stmt 0 view .LVU122
 693 0000 9091 0000 		lds r25,oneshot_mods
 694 0004 9817      		cp r25,r24
 695 0006 01F0      		breq .L34
 248:tmk_core/common/action_util.c ****         oneshot_mods_changed_kb(mods);
 696               		.loc 2 248 9 is_stmt 1 view .LVU123
 248:tmk_core/common/action_util.c ****         oneshot_mods_changed_kb(mods);
 697               		.loc 2 248 22 is_stmt 0 view .LVU124
 698 0008 8093 0000 		sts oneshot_mods,r24
 249:tmk_core/common/action_util.c ****     }
 699               		.loc 2 249 9 is_stmt 1 view .LVU125
 700 000c 0C94 0000 		jmp oneshot_mods_changed_kb
 701               	.LVL31:
 702               	.L34:
 703               	/* epilogue start */
 251:tmk_core/common/action_util.c **** /** \brief clear oneshot mods
 704               		.loc 2 251 1 is_stmt 0 view .LVU126
 705 0010 0895      		ret
 706               		.cfi_endproc
 707               	.LFE131:
 709               		.section	.text.clear_oneshot_mods,"ax",@progbits
 710               	.global	clear_oneshot_mods
 712               	clear_oneshot_mods:
 713               	.LFB132:
 256:tmk_core/common/action_util.c ****     if (oneshot_mods) {
 714               		.loc 2 256 31 is_stmt 1 view -0
 715               		.cfi_startproc
 716               	/* prologue: function */
 717               	/* frame size = 0 */
 718               	/* stack size = 0 */
 719               	.L__stack_usage = 0
 257:tmk_core/common/action_util.c ****         oneshot_mods = 0;
 720               		.loc 2 257 5 view .LVU128
 257:tmk_core/common/action_util.c ****         oneshot_mods = 0;
 721               		.loc 2 257 8 is_stmt 0 view .LVU129
 722 0000 8091 0000 		lds r24,oneshot_mods
 723 0004 8823      		tst r24
 724 0006 01F0      		breq .L36
 258:tmk_core/common/action_util.c **** #    if (defined(ONESHOT_TIMEOUT) && (ONESHOT_TIMEOUT > 0))
 725               		.loc 2 258 9 is_stmt 1 view .LVU130
 258:tmk_core/common/action_util.c **** #    if (defined(ONESHOT_TIMEOUT) && (ONESHOT_TIMEOUT > 0))
 726               		.loc 2 258 22 is_stmt 0 view .LVU131
 727 0008 1092 0000 		sts oneshot_mods,__zero_reg__
 262:tmk_core/common/action_util.c ****     }
 728               		.loc 2 262 9 is_stmt 1 view .LVU132
 729 000c 80E0      		ldi r24,0
 730 000e 0C94 0000 		jmp oneshot_mods_changed_kb
 731               	.LVL32:
 732               	.L36:
 733               	/* epilogue start */
 264:tmk_core/common/action_util.c **** /** \brief get oneshot mods
 734               		.loc 2 264 1 is_stmt 0 view .LVU133
 735 0012 0895      		ret
 736               		.cfi_endproc
 737               	.LFE132:
 739               		.section	.text.send_keyboard_report,"ax",@progbits
 740               	.global	send_keyboard_report
 742               	send_keyboard_report:
 743               	.LFB115:
 137:tmk_core/common/action_util.c ****     keyboard_report->mods = real_mods;
 744               		.loc 2 137 33 is_stmt 1 view -0
 745               		.cfi_startproc
 746               	/* prologue: function */
 747               	/* frame size = 0 */
 748               	/* stack size = 0 */
 749               	.L__stack_usage = 0
 138:tmk_core/common/action_util.c ****     keyboard_report->mods |= weak_mods;
 750               		.loc 2 138 5 view .LVU135
 138:tmk_core/common/action_util.c ****     keyboard_report->mods |= weak_mods;
 751               		.loc 2 138 20 is_stmt 0 view .LVU136
 752 0000 E091 0000 		lds r30,keyboard_report
 753 0004 F091 0000 		lds r31,keyboard_report+1
 138:tmk_core/common/action_util.c ****     keyboard_report->mods |= weak_mods;
 754               		.loc 2 138 27 view .LVU137
 755 0008 8091 0000 		lds r24,real_mods
 756 000c 8083      		st Z,r24
 139:tmk_core/common/action_util.c ****     keyboard_report->mods |= macro_mods;
 757               		.loc 2 139 5 is_stmt 1 view .LVU138
 139:tmk_core/common/action_util.c ****     keyboard_report->mods |= macro_mods;
 758               		.loc 2 139 27 is_stmt 0 view .LVU139
 759 000e E091 0000 		lds r30,keyboard_report
 760 0012 F091 0000 		lds r31,keyboard_report+1
 761 0016 8081      		ld r24,Z
 762 0018 9091 0000 		lds r25,weak_mods
 763 001c 892B      		or r24,r25
 764 001e 8083      		st Z,r24
 140:tmk_core/common/action_util.c **** #ifndef NO_ACTION_ONESHOT
 765               		.loc 2 140 5 is_stmt 1 view .LVU140
 140:tmk_core/common/action_util.c **** #ifndef NO_ACTION_ONESHOT
 766               		.loc 2 140 27 is_stmt 0 view .LVU141
 767 0020 E091 0000 		lds r30,keyboard_report
 768 0024 F091 0000 		lds r31,keyboard_report+1
 769 0028 8081      		ld r24,Z
 770 002a 9091 0000 		lds r25,macro_mods
 771 002e 892B      		or r24,r25
 772 0030 8083      		st Z,r24
 142:tmk_core/common/action_util.c **** #    if (defined(ONESHOT_TIMEOUT) && (ONESHOT_TIMEOUT > 0))
 773               		.loc 2 142 5 is_stmt 1 view .LVU142
 142:tmk_core/common/action_util.c **** #    if (defined(ONESHOT_TIMEOUT) && (ONESHOT_TIMEOUT > 0))
 774               		.loc 2 142 9 is_stmt 0 view .LVU143
 775 0032 9091 0000 		lds r25,oneshot_mods
 142:tmk_core/common/action_util.c **** #    if (defined(ONESHOT_TIMEOUT) && (ONESHOT_TIMEOUT > 0))
 776               		.loc 2 142 8 view .LVU144
 777 0036 9923      		tst r25
 778 0038 01F0      		breq .L40
 149:tmk_core/common/action_util.c ****         if (has_anykey(keyboard_report)) {
 779               		.loc 2 149 9 is_stmt 1 view .LVU145
 149:tmk_core/common/action_util.c ****         if (has_anykey(keyboard_report)) {
 780               		.loc 2 149 31 is_stmt 0 view .LVU146
 781 003a E091 0000 		lds r30,keyboard_report
 782 003e F091 0000 		lds r31,keyboard_report+1
 783 0042 8081      		ld r24,Z
 784 0044 892B      		or r24,r25
 785 0046 8083      		st Z,r24
 150:tmk_core/common/action_util.c ****             clear_oneshot_mods();
 786               		.loc 2 150 9 is_stmt 1 view .LVU147
 150:tmk_core/common/action_util.c ****             clear_oneshot_mods();
 787               		.loc 2 150 13 is_stmt 0 view .LVU148
 788 0048 8091 0000 		lds r24,keyboard_report
 789 004c 9091 0000 		lds r25,keyboard_report+1
 790 0050 0E94 0000 		call has_anykey
 791               	.LVL33:
 150:tmk_core/common/action_util.c ****             clear_oneshot_mods();
 792               		.loc 2 150 12 view .LVU149
 793 0054 8111      		cpse r24,__zero_reg__
 151:tmk_core/common/action_util.c ****         }
 794               		.loc 2 151 13 is_stmt 1 view .LVU150
 795 0056 0E94 0000 		call clear_oneshot_mods
 796               	.LVL34:
 797               	.L40:
 156:tmk_core/common/action_util.c **** }
 798               		.loc 2 156 5 view .LVU151
 799 005a 8091 0000 		lds r24,keyboard_report
 800 005e 9091 0000 		lds r25,keyboard_report+1
 801 0062 0C94 0000 		jmp host_keyboard_send
 802               	.LVL35:
 803               		.cfi_endproc
 804               	.LFE115:
 806               		.section	.text.oneshot_layer_changed_user,"ax",@progbits
 807               		.weak	oneshot_layer_changed_user
 809               	oneshot_layer_changed_user:
 810               	.LFB144:
 811               		.cfi_startproc
 812               	/* prologue: function */
 813               	/* frame size = 0 */
 814               	/* stack size = 0 */
 815               	.L__stack_usage = 0
 816               	/* epilogue start */
 817 0000 0895      		ret
 818               		.cfi_endproc
 819               	.LFE144:
 821               		.section	.text.oneshot_layer_changed_kb,"ax",@progbits
 822               		.weak	oneshot_layer_changed_kb
 824               	oneshot_layer_changed_kb:
 825               	.LVL36:
 826               	.LFB139:
 295:tmk_core/common/action_util.c **** 
 296:tmk_core/common/action_util.c **** /** \brief Called when the one shot layers have been changed.
 297:tmk_core/common/action_util.c ****  *
 298:tmk_core/common/action_util.c ****  * \param layer Contains the layer that is toggled on, or zero when toggled off.
 299:tmk_core/common/action_util.c ****  */
 300:tmk_core/common/action_util.c **** __attribute__((weak)) void oneshot_layer_changed_user(uint8_t layer) {}
 301:tmk_core/common/action_util.c **** 
 302:tmk_core/common/action_util.c **** /** \brief Called when the one shot layers have been changed.
 303:tmk_core/common/action_util.c ****  *
 304:tmk_core/common/action_util.c ****  * \param layer Contains the layer that is toggled on, or zero when toggled off.
 305:tmk_core/common/action_util.c ****  */
 306:tmk_core/common/action_util.c **** __attribute__((weak)) void oneshot_layer_changed_kb(uint8_t layer) { oneshot_layer_changed_user(lay
 827               		.loc 2 306 68 view -0
 828               		.cfi_startproc
 829               	/* prologue: function */
 830               	/* frame size = 0 */
 831               	/* stack size = 0 */
 832               	.L__stack_usage = 0
 833               		.loc 2 306 70 view .LVU153
 834 0000 0C94 0000 		jmp oneshot_layer_changed_user
 835               	.LVL37:
 836               		.loc 2 306 70 is_stmt 0 view .LVU154
 837               		.cfi_endproc
 838               	.LFE139:
 840               		.section	.text.set_oneshot_layer,"ax",@progbits
 841               	.global	set_oneshot_layer
 843               	set_oneshot_layer:
 844               	.LVL38:
 845               	.LFB111:
  95:tmk_core/common/action_util.c ****     oneshot_layer_data = layer << 3 | state;
 846               		.loc 2 95 54 is_stmt 1 view -0
 847               		.cfi_startproc
 848               	/* prologue: function */
 849               	/* frame size = 0 */
 850               	/* stack size = 0 */
 851               	.L__stack_usage = 0
  96:tmk_core/common/action_util.c ****     layer_on(layer);
 852               		.loc 2 96 5 view .LVU156
  96:tmk_core/common/action_util.c ****     layer_on(layer);
 853               		.loc 2 96 32 is_stmt 0 view .LVU157
 854 0000 982F      		mov r25,r24
 855 0002 990F      		lsl r25
 856 0004 990F      		lsl r25
 857 0006 990F      		lsl r25
  96:tmk_core/common/action_util.c ****     layer_on(layer);
 858               		.loc 2 96 37 view .LVU158
 859 0008 962B      		or r25,r22
  96:tmk_core/common/action_util.c ****     layer_on(layer);
 860               		.loc 2 96 24 view .LVU159
 861 000a 9093 0000 		sts oneshot_layer_data,r25
  97:tmk_core/common/action_util.c **** #    if (defined(ONESHOT_TIMEOUT) && (ONESHOT_TIMEOUT > 0))
 862               		.loc 2 97 5 is_stmt 1 view .LVU160
 863 000e 0E94 0000 		call layer_on
 864               	.LVL39:
 101:tmk_core/common/action_util.c **** }
 865               		.loc 2 101 5 view .LVU161
 866               	.LBB14:
 867               	.LBI14:
  83:tmk_core/common/action_util.c **** inline uint8_t get_oneshot_layer_state(void) { return oneshot_layer_data & 0b111; }
 868               		.loc 2 83 16 view .LVU162
 869               	.LBB15:
  83:tmk_core/common/action_util.c **** inline uint8_t get_oneshot_layer_state(void) { return oneshot_layer_data & 0b111; }
 870               		.loc 2 83 42 view .LVU163
  83:tmk_core/common/action_util.c **** inline uint8_t get_oneshot_layer_state(void) { return oneshot_layer_data & 0b111; }
 871               		.loc 2 83 68 is_stmt 0 view .LVU164
 872 0012 8091 0000 		lds r24,oneshot_layer_data
 873               	.LBE15:
 874               	.LBE14:
 101:tmk_core/common/action_util.c **** }
 875               		.loc 2 101 5 view .LVU165
 876 0016 8595      		asr r24
 877 0018 8595      		asr r24
 878 001a 8595      		asr r24
 879 001c 0C94 0000 		jmp oneshot_layer_changed_kb
 880               	.LVL40:
 881               		.cfi_endproc
 882               	.LFE111:
 884               		.section	.text.reset_oneshot_layer,"ax",@progbits
 885               	.global	reset_oneshot_layer
 887               	reset_oneshot_layer:
 888               	.LFB112:
 107:tmk_core/common/action_util.c ****     oneshot_layer_data = 0;
 889               		.loc 2 107 32 is_stmt 1 view -0
 890               		.cfi_startproc
 891               	/* prologue: function */
 892               	/* frame size = 0 */
 893               	/* stack size = 0 */
 894               	.L__stack_usage = 0
 108:tmk_core/common/action_util.c **** #    if (defined(ONESHOT_TIMEOUT) && (ONESHOT_TIMEOUT > 0))
 895               		.loc 2 108 5 view .LVU167
 108:tmk_core/common/action_util.c **** #    if (defined(ONESHOT_TIMEOUT) && (ONESHOT_TIMEOUT > 0))
 896               		.loc 2 108 24 is_stmt 0 view .LVU168
 897 0000 1092 0000 		sts oneshot_layer_data,__zero_reg__
 112:tmk_core/common/action_util.c **** }
 898               		.loc 2 112 5 is_stmt 1 view .LVU169
  83:tmk_core/common/action_util.c **** inline uint8_t get_oneshot_layer_state(void) { return oneshot_layer_data & 0b111; }
 899               		.loc 2 83 42 view .LVU170
 112:tmk_core/common/action_util.c **** }
 900               		.loc 2 112 5 is_stmt 0 view .LVU171
 901 0004 80E0      		ldi r24,0
 902 0006 0C94 0000 		jmp oneshot_layer_changed_kb
 903               	.LVL41:
 904               		.cfi_endproc
 905               	.LFE112:
 907               		.section	.text.clear_oneshot_layer_state,"ax",@progbits
 908               	.global	clear_oneshot_layer_state
 910               	clear_oneshot_layer_state:
 911               	.LVL42:
 912               	.LFB113:
 118:tmk_core/common/action_util.c ****     uint8_t start_state = oneshot_layer_data;
 913               		.loc 2 118 62 is_stmt 1 view -0
 914               		.cfi_startproc
 915               	/* prologue: function */
 916               	/* frame size = 0 */
 917               	/* stack size = 0 */
 918               	.L__stack_usage = 0
 119:tmk_core/common/action_util.c ****     oneshot_layer_data &= ~state;
 919               		.loc 2 119 5 view .LVU173
 119:tmk_core/common/action_util.c ****     oneshot_layer_data &= ~state;
 920               		.loc 2 119 13 is_stmt 0 view .LVU174
 921 0000 9091 0000 		lds r25,oneshot_layer_data
 922               	.LVL43:
 120:tmk_core/common/action_util.c ****     if (!get_oneshot_layer_state() && start_state != oneshot_layer_data) {
 923               		.loc 2 120 5 is_stmt 1 view .LVU175
 120:tmk_core/common/action_util.c ****     if (!get_oneshot_layer_state() && start_state != oneshot_layer_data) {
 924               		.loc 2 120 24 is_stmt 0 view .LVU176
 925 0004 8095      		com r24
 926               	.LVL44:
 120:tmk_core/common/action_util.c ****     if (!get_oneshot_layer_state() && start_state != oneshot_layer_data) {
 927               		.loc 2 120 24 view .LVU177
 928 0006 8923      		and r24,r25
 929               	.LVL45:
 120:tmk_core/common/action_util.c ****     if (!get_oneshot_layer_state() && start_state != oneshot_layer_data) {
 930               		.loc 2 120 24 view .LVU178
 931 0008 8093 0000 		sts oneshot_layer_data,r24
 121:tmk_core/common/action_util.c ****         layer_off(get_oneshot_layer());
 932               		.loc 2 121 5 is_stmt 1 view .LVU179
 933               	.LBB16:
 934               	.LBI16:
  84:tmk_core/common/action_util.c **** 
 935               		.loc 2 84 16 view .LVU180
 936               	.LBB17:
  84:tmk_core/common/action_util.c **** 
 937               		.loc 2 84 48 view .LVU181
  84:tmk_core/common/action_util.c **** 
 938               		.loc 2 84 74 is_stmt 0 view .LVU182
 939 000c 282F      		mov r18,r24
 940 000e 2770      		andi r18,lo8(7)
 941               	.LBE17:
 942               	.LBE16:
 121:tmk_core/common/action_util.c ****         layer_off(get_oneshot_layer());
 943               		.loc 2 121 8 view .LVU183
 944 0010 01F4      		brne .L49
 121:tmk_core/common/action_util.c ****         layer_off(get_oneshot_layer());
 945               		.loc 2 121 51 discriminator 1 view .LVU184
 946 0012 282F      		mov r18,r24
 947 0014 082E      		mov __tmp_reg__,r24
 948 0016 000C      		lsl r0
 949 0018 330B      		sbc r19,r19
 121:tmk_core/common/action_util.c ****         layer_off(get_oneshot_layer());
 950               		.loc 2 121 36 discriminator 1 view .LVU185
 951 001a 9217      		cp r25,r18
 952 001c 1306      		cpc __zero_reg__,r19
 953 001e 01F0      		breq .L49
 122:tmk_core/common/action_util.c ****         reset_oneshot_layer();
 954               		.loc 2 122 9 is_stmt 1 view .LVU186
 955               	.LBB18:
 956               	.LBI18:
  83:tmk_core/common/action_util.c **** inline uint8_t get_oneshot_layer_state(void) { return oneshot_layer_data & 0b111; }
 957               		.loc 2 83 16 view .LVU187
 958               	.LBB19:
  83:tmk_core/common/action_util.c **** inline uint8_t get_oneshot_layer_state(void) { return oneshot_layer_data & 0b111; }
 959               		.loc 2 83 42 view .LVU188
 960               	.LBE19:
 961               	.LBE18:
 122:tmk_core/common/action_util.c ****         reset_oneshot_layer();
 962               		.loc 2 122 9 is_stmt 0 view .LVU189
 963 0020 8595      		asr r24
 964 0022 8595      		asr r24
 965 0024 8595      		asr r24
 966 0026 0E94 0000 		call layer_off
 967               	.LVL46:
 123:tmk_core/common/action_util.c ****     }
 968               		.loc 2 123 9 is_stmt 1 view .LVU190
 969 002a 0C94 0000 		jmp reset_oneshot_layer
 970               	.LVL47:
 971               	.L49:
 972               	/* epilogue start */
 125:tmk_core/common/action_util.c **** /** \brief Is oneshot layer active
 973               		.loc 2 125 1 is_stmt 0 view .LVU191
 974 002e 0895      		ret
 975               		.cfi_endproc
 976               	.LFE113:
 978               		.section	.text.has_anymod,"ax",@progbits
 979               	.global	has_anymod
 981               	has_anymod:
 982               	.LFB140:
 307:tmk_core/common/action_util.c **** 
 308:tmk_core/common/action_util.c **** /** \brief inspect keyboard state
 309:tmk_core/common/action_util.c ****  *
 310:tmk_core/common/action_util.c ****  * FIXME: needs doc
 311:tmk_core/common/action_util.c ****  */
 312:tmk_core/common/action_util.c **** uint8_t has_anymod(void) { return bitpop(real_mods); }
 983               		.loc 2 312 26 is_stmt 1 view -0
 984               		.cfi_startproc
 985               	/* prologue: function */
 986               	/* frame size = 0 */
 987               	/* stack size = 0 */
 988               	.L__stack_usage = 0
 989               		.loc 2 312 28 view .LVU193
 990               		.loc 2 312 35 is_stmt 0 view .LVU194
 991 0000 8091 0000 		lds r24,real_mods
 992 0004 0C94 0000 		jmp bitpop
 993               	.LVL48:
 994               		.cfi_endproc
 995               	.LFE140:
 997               		.section	.bss.oneshot_layer_data,"aw",@nobits
 1000               	oneshot_layer_data:
 1001 0000 00        		.zero	1
 1002               		.section	.bss.oneshot_locked_mods,"aw",@nobits
 1005               	oneshot_locked_mods:
 1006 0000 00        		.zero	1
 1007               		.section	.bss.oneshot_mods,"aw",@nobits
 1010               	oneshot_mods:
 1011 0000 00        		.zero	1
 1012               	.global	keyboard_report
 1013               		.section	.data.keyboard_report,"aw"
 1016               	keyboard_report:
 1017 0000 0000      		.word	__compound_literal.0
 1018               		.section	.bss.__compound_literal.0,"aw",@nobits
 1021               	__compound_literal.0:
 1022 0000 0000 0000 		.zero	32
 1022      0000 0000 
 1022      0000 0000 
 1022      0000 0000 
 1022      0000 0000 
 1023               		.section	.bss.macro_mods,"aw",@nobits
 1026               	macro_mods:
 1027 0000 00        		.zero	1
 1028               		.section	.bss.weak_mods,"aw",@nobits
 1031               	weak_mods:
 1032 0000 00        		.zero	1
 1033               		.section	.bss.real_mods,"aw",@nobits
 1036               	real_mods:
 1037 0000 00        		.zero	1
 1038               		.text
 1039               	.Letext0:
 1040               		.file 3 "c:\\users\\nonej\\documents\\keyboard\\msys64\\home\\nonej\\qmk_utils\\avr8-gnu-toolchain
 1041               		.file 4 "lib/lufa/LUFA/Drivers/USB/Core/AVR8/../StdRequestType.h"
 1042               		.file 5 "lib/lufa/LUFA/Drivers/USB/Core/AVR8/../DeviceStandardReq.h"
 1043               		.file 6 "lib/lufa/LUFA/Drivers/USB/Core/USBTask.h"
 1044               		.file 7 "lib/lufa/LUFA/Drivers/USB/Core/HostStandardReq.h"
 1045               		.file 8 "c:\\users\\nonej\\documents\\keyboard\\msys64\\home\\nonej\\qmk_utils\\avr8-gnu-toolchain
 1046               		.file 9 "tmk_core/common/report.h"
 1047               		.file 10 "tmk_core/common/host.h"
 1048               		.file 11 "tmk_core/common/debug.h"
 1049               		.file 12 "tmk_core/common/action.h"
 1050               		.file 13 "tmk_core/common/action_layer.h"
 1051               		.file 14 "tmk_core/common/timer.h"
 1052               		.file 15 "quantum/keycode_config.h"
 1053               		.file 16 "tmk_core/common/util.h"
DEFINED SYMBOLS
                            *ABS*:00000000 action_util.c
C:\Users\nonej\Documents\Keyboard\msys64\tmp\ccNdAp7C.s:2      *ABS*:0000003e __SP_H__
C:\Users\nonej\Documents\Keyboard\msys64\tmp\ccNdAp7C.s:3      *ABS*:0000003d __SP_L__
C:\Users\nonej\Documents\Keyboard\msys64\tmp\ccNdAp7C.s:4      *ABS*:0000003f __SREG__
C:\Users\nonej\Documents\Keyboard\msys64\tmp\ccNdAp7C.s:5      *ABS*:00000000 __tmp_reg__
C:\Users\nonej\Documents\Keyboard\msys64\tmp\ccNdAp7C.s:6      *ABS*:00000001 __zero_reg__
C:\Users\nonej\Documents\Keyboard\msys64\tmp\ccNdAp7C.s:13     .text.add_key:00000000 add_key
C:\Users\nonej\Documents\Keyboard\msys64\tmp\ccNdAp7C.s:1016   .data.keyboard_report:00000000 keyboard_report
C:\Users\nonej\Documents\Keyboard\msys64\tmp\ccNdAp7C.s:38     .text.del_key:00000000 del_key
C:\Users\nonej\Documents\Keyboard\msys64\tmp\ccNdAp7C.s:62     .text.clear_keys:00000000 clear_keys
C:\Users\nonej\Documents\Keyboard\msys64\tmp\ccNdAp7C.s:81     .text.get_oneshot_locked_mods:00000000 get_oneshot_locked_mods
C:\Users\nonej\Documents\Keyboard\msys64\tmp\ccNdAp7C.s:1005   .bss.oneshot_locked_mods:00000000 oneshot_locked_mods
C:\Users\nonej\Documents\Keyboard\msys64\tmp\ccNdAp7C.s:101    .text.has_oneshot_mods_timed_out:00000000 has_oneshot_mods_timed_out
C:\Users\nonej\Documents\Keyboard\msys64\tmp\ccNdAp7C.s:120    .text.get_oneshot_layer:00000000 get_oneshot_layer
C:\Users\nonej\Documents\Keyboard\msys64\tmp\ccNdAp7C.s:1000   .bss.oneshot_layer_data:00000000 oneshot_layer_data
C:\Users\nonej\Documents\Keyboard\msys64\tmp\ccNdAp7C.s:143    .text.get_oneshot_layer_state:00000000 get_oneshot_layer_state
C:\Users\nonej\Documents\Keyboard\msys64\tmp\ccNdAp7C.s:164    .text.is_oneshot_layer_active:00000000 is_oneshot_layer_active
C:\Users\nonej\Documents\Keyboard\msys64\tmp\ccNdAp7C.s:197    .text.get_mods:00000000 get_mods
C:\Users\nonej\Documents\Keyboard\msys64\tmp\ccNdAp7C.s:1036   .bss.real_mods:00000000 real_mods
C:\Users\nonej\Documents\Keyboard\msys64\tmp\ccNdAp7C.s:216    .text.add_mods:00000000 add_mods
C:\Users\nonej\Documents\Keyboard\msys64\tmp\ccNdAp7C.s:241    .text.del_mods:00000000 del_mods
C:\Users\nonej\Documents\Keyboard\msys64\tmp\ccNdAp7C.s:267    .text.set_mods:00000000 set_mods
C:\Users\nonej\Documents\Keyboard\msys64\tmp\ccNdAp7C.s:288    .text.clear_mods:00000000 clear_mods
C:\Users\nonej\Documents\Keyboard\msys64\tmp\ccNdAp7C.s:308    .text.get_weak_mods:00000000 get_weak_mods
C:\Users\nonej\Documents\Keyboard\msys64\tmp\ccNdAp7C.s:1031   .bss.weak_mods:00000000 weak_mods
C:\Users\nonej\Documents\Keyboard\msys64\tmp\ccNdAp7C.s:327    .text.add_weak_mods:00000000 add_weak_mods
C:\Users\nonej\Documents\Keyboard\msys64\tmp\ccNdAp7C.s:352    .text.del_weak_mods:00000000 del_weak_mods
C:\Users\nonej\Documents\Keyboard\msys64\tmp\ccNdAp7C.s:378    .text.set_weak_mods:00000000 set_weak_mods
C:\Users\nonej\Documents\Keyboard\msys64\tmp\ccNdAp7C.s:399    .text.clear_weak_mods:00000000 clear_weak_mods
C:\Users\nonej\Documents\Keyboard\msys64\tmp\ccNdAp7C.s:419    .text.get_macro_mods:00000000 get_macro_mods
C:\Users\nonej\Documents\Keyboard\msys64\tmp\ccNdAp7C.s:1026   .bss.macro_mods:00000000 macro_mods
C:\Users\nonej\Documents\Keyboard\msys64\tmp\ccNdAp7C.s:438    .text.add_macro_mods:00000000 add_macro_mods
C:\Users\nonej\Documents\Keyboard\msys64\tmp\ccNdAp7C.s:463    .text.del_macro_mods:00000000 del_macro_mods
C:\Users\nonej\Documents\Keyboard\msys64\tmp\ccNdAp7C.s:489    .text.set_macro_mods:00000000 set_macro_mods
C:\Users\nonej\Documents\Keyboard\msys64\tmp\ccNdAp7C.s:510    .text.clear_macro_mods:00000000 clear_macro_mods
C:\Users\nonej\Documents\Keyboard\msys64\tmp\ccNdAp7C.s:530    .text.get_oneshot_mods:00000000 get_oneshot_mods
C:\Users\nonej\Documents\Keyboard\msys64\tmp\ccNdAp7C.s:1010   .bss.oneshot_mods:00000000 oneshot_mods
C:\Users\nonej\Documents\Keyboard\msys64\tmp\ccNdAp7C.s:549    .text.oneshot_locked_mods_changed_user:00000000 oneshot_locked_mods_changed_user
C:\Users\nonej\Documents\Keyboard\msys64\tmp\ccNdAp7C.s:549    .text.oneshot_locked_mods_changed_user:00000000 oneshot_locked_mods_changed_user.localalias.0
C:\Users\nonej\Documents\Keyboard\msys64\tmp\ccNdAp7C.s:569    .text.oneshot_locked_mods_changed_kb:00000000 oneshot_locked_mods_changed_kb
C:\Users\nonej\Documents\Keyboard\msys64\tmp\ccNdAp7C.s:588    .text.set_oneshot_locked_mods:00000000 set_oneshot_locked_mods
C:\Users\nonej\Documents\Keyboard\msys64\tmp\ccNdAp7C.s:618    .text.clear_oneshot_locked_mods:00000000 clear_oneshot_locked_mods
C:\Users\nonej\Documents\Keyboard\msys64\tmp\ccNdAp7C.s:648    .text.oneshot_mods_changed_user:00000000 oneshot_mods_changed_user
C:\Users\nonej\Documents\Keyboard\msys64\tmp\ccNdAp7C.s:663    .text.oneshot_mods_changed_kb:00000000 oneshot_mods_changed_kb
C:\Users\nonej\Documents\Keyboard\msys64\tmp\ccNdAp7C.s:682    .text.set_oneshot_mods:00000000 set_oneshot_mods
C:\Users\nonej\Documents\Keyboard\msys64\tmp\ccNdAp7C.s:712    .text.clear_oneshot_mods:00000000 clear_oneshot_mods
C:\Users\nonej\Documents\Keyboard\msys64\tmp\ccNdAp7C.s:742    .text.send_keyboard_report:00000000 send_keyboard_report
C:\Users\nonej\Documents\Keyboard\msys64\tmp\ccNdAp7C.s:809    .text.oneshot_layer_changed_user:00000000 oneshot_layer_changed_user
C:\Users\nonej\Documents\Keyboard\msys64\tmp\ccNdAp7C.s:824    .text.oneshot_layer_changed_kb:00000000 oneshot_layer_changed_kb
C:\Users\nonej\Documents\Keyboard\msys64\tmp\ccNdAp7C.s:843    .text.set_oneshot_layer:00000000 set_oneshot_layer
C:\Users\nonej\Documents\Keyboard\msys64\tmp\ccNdAp7C.s:887    .text.reset_oneshot_layer:00000000 reset_oneshot_layer
C:\Users\nonej\Documents\Keyboard\msys64\tmp\ccNdAp7C.s:910    .text.clear_oneshot_layer_state:00000000 clear_oneshot_layer_state
C:\Users\nonej\Documents\Keyboard\msys64\tmp\ccNdAp7C.s:981    .text.has_anymod:00000000 has_anymod
C:\Users\nonej\Documents\Keyboard\msys64\tmp\ccNdAp7C.s:1021   .bss.__compound_literal.0:00000000 __compound_literal.0

UNDEFINED SYMBOLS
add_key_to_report
del_key_from_report
clear_keys_from_report
has_anykey
host_keyboard_send
layer_on
layer_off
bitpop
__do_copy_data
__do_clear_bss
