   1               		.file	"sym_g.c"
   2               	__SP_H__ = 0x3e
   3               	__SP_L__ = 0x3d
   4               	__SREG__ = 0x3f
   5               	__tmp_reg__ = 0
   6               	__zero_reg__ = 1
   7               		.text
   8               	.Ltext0:
   9               		.cfi_sections	.debug_frame
  10               		.section	.text.debounce_init,"ax",@progbits
  11               	.global	debounce_init
  13               	debounce_init:
  14               	.LVL0:
  15               	.LFB109:
  16               		.file 1 "quantum/debounce/sym_g.c"
   1:quantum/debounce/sym_g.c **** /*
   2:quantum/debounce/sym_g.c **** Copyright 2017 Alex Ong<the.onga@gmail.com>
   3:quantum/debounce/sym_g.c **** This program is free software: you can redistribute it and/or modify
   4:quantum/debounce/sym_g.c **** it under the terms of the GNU General Public License as published by
   5:quantum/debounce/sym_g.c **** the Free Software Foundation, either version 2 of the License, or
   6:quantum/debounce/sym_g.c **** (at your option) any later version.
   7:quantum/debounce/sym_g.c **** This program is distributed in the hope that it will be useful,
   8:quantum/debounce/sym_g.c **** but WITHOUT ANY WARRANTY; without even the implied warranty of
   9:quantum/debounce/sym_g.c **** MERCHANTABILITY or FITNESS FOR A PARTICULAR PURPOSE.  See the
  10:quantum/debounce/sym_g.c **** GNU General Public License for more details.
  11:quantum/debounce/sym_g.c **** You should have received a copy of the GNU General Public License
  12:quantum/debounce/sym_g.c **** along with this program.  If not, see <http://www.gnu.org/licenses/>.
  13:quantum/debounce/sym_g.c **** */
  14:quantum/debounce/sym_g.c **** 
  15:quantum/debounce/sym_g.c **** /*
  16:quantum/debounce/sym_g.c **** Basic global debounce algorithm. Used in 99% of keyboards at time of implementation
  17:quantum/debounce/sym_g.c **** When no state changes have occured for DEBOUNCE milliseconds, we push the state.
  18:quantum/debounce/sym_g.c **** */
  19:quantum/debounce/sym_g.c **** #include "matrix.h"
  20:quantum/debounce/sym_g.c **** #include "timer.h"
  21:quantum/debounce/sym_g.c **** #include "quantum.h"
  22:quantum/debounce/sym_g.c **** #ifndef DEBOUNCE
  23:quantum/debounce/sym_g.c **** #    define DEBOUNCE 5
  24:quantum/debounce/sym_g.c **** #endif
  25:quantum/debounce/sym_g.c **** 
  26:quantum/debounce/sym_g.c **** void        debounce_init(uint8_t num_rows) {}
  17               		.loc 1 26 45 view -0
  18               		.cfi_startproc
  19               	/* prologue: function */
  20               	/* frame size = 0 */
  21               	/* stack size = 0 */
  22               	.L__stack_usage = 0
  23               		.loc 1 26 46 view .LVU1
  24               	/* epilogue start */
  25               		.loc 1 26 1 is_stmt 0 view .LVU2
  26 0000 0895      		ret
  27               		.cfi_endproc
  28               	.LFE109:
  30               		.section	.text.debounce,"ax",@progbits
  31               	.global	debounce
  33               	debounce:
  34               	.LVL1:
  35               	.LFB110:
  27:quantum/debounce/sym_g.c **** static bool debouncing = false;
  28:quantum/debounce/sym_g.c **** 
  29:quantum/debounce/sym_g.c **** #if DEBOUNCE > 0
  30:quantum/debounce/sym_g.c **** static uint16_t debouncing_time;
  31:quantum/debounce/sym_g.c **** void            debounce(matrix_row_t raw[], matrix_row_t cooked[], uint8_t num_rows, bool changed)
  36               		.loc 1 31 101 is_stmt 1 view -0
  37               		.cfi_startproc
  38               		.loc 1 31 101 is_stmt 0 view .LVU4
  39 0000 FF92      		push r15
  40               	.LCFI0:
  41               		.cfi_def_cfa_offset 3
  42               		.cfi_offset 15, -2
  43 0002 0F93      		push r16
  44               	.LCFI1:
  45               		.cfi_def_cfa_offset 4
  46               		.cfi_offset 16, -3
  47 0004 1F93      		push r17
  48               	.LCFI2:
  49               		.cfi_def_cfa_offset 5
  50               		.cfi_offset 17, -4
  51 0006 CF93      		push r28
  52               	.LCFI3:
  53               		.cfi_def_cfa_offset 6
  54               		.cfi_offset 28, -5
  55 0008 DF93      		push r29
  56               	.LCFI4:
  57               		.cfi_def_cfa_offset 7
  58               		.cfi_offset 29, -6
  59               	/* prologue: function */
  60               	/* frame size = 0 */
  61               	/* stack size = 5 */
  62               	.L__stack_usage = 5
  63 000a F82E      		mov r15,r24
  64 000c 092F      		mov r16,r25
  65 000e 162F      		mov r17,r22
  66 0010 D72F      		mov r29,r23
  67 0012 C42F      		mov r28,r20
  32:quantum/debounce/sym_g.c ****     if (changed) {
  68               		.loc 1 32 5 is_stmt 1 view .LVU5
  69               		.loc 1 32 8 is_stmt 0 view .LVU6
  70 0014 2223      		tst r18
  71 0016 01F0      		breq .L3
  33:quantum/debounce/sym_g.c ****         debouncing      = true;
  72               		.loc 1 33 9 is_stmt 1 view .LVU7
  73               		.loc 1 33 25 is_stmt 0 view .LVU8
  74 0018 81E0      		ldi r24,lo8(1)
  75               	.LVL2:
  76               		.loc 1 33 25 view .LVU9
  77 001a 8093 0000 		sts debouncing,r24
  34:quantum/debounce/sym_g.c ****         debouncing_time = timer_read();
  78               		.loc 1 34 9 is_stmt 1 view .LVU10
  79               		.loc 1 34 27 is_stmt 0 view .LVU11
  80 001e 0E94 0000 		call timer_read
  81               	.LVL3:
  82               		.loc 1 34 25 view .LVU12
  83 0022 9093 0000 		sts debouncing_time+1,r25
  84 0026 8093 0000 		sts debouncing_time,r24
  85               	.L3:
  35:quantum/debounce/sym_g.c ****     }
  36:quantum/debounce/sym_g.c **** 
  37:quantum/debounce/sym_g.c ****     if (debouncing && timer_elapsed(debouncing_time) > DEBOUNCE) {
  86               		.loc 1 37 5 is_stmt 1 view .LVU13
  87               		.loc 1 37 8 is_stmt 0 view .LVU14
  88 002a 8091 0000 		lds r24,debouncing
  89 002e 8823      		tst r24
  90 0030 01F0      		breq .L2
  91               		.loc 1 37 23 discriminator 1 view .LVU15
  92 0032 8091 0000 		lds r24,debouncing_time
  93 0036 9091 0000 		lds r25,debouncing_time+1
  94 003a 0E94 0000 		call timer_elapsed
  95               	.LVL4:
  96               		.loc 1 37 20 discriminator 1 view .LVU16
  97 003e 0697      		sbiw r24,6
  98 0040 00F0      		brlo .L2
  99 0042 EF2D      		mov r30,r15
 100 0044 F02F      		mov r31,r16
 101 0046 A12F      		mov r26,r17
 102 0048 BD2F      		mov r27,r29
 103               	.LBB2:
  38:quantum/debounce/sym_g.c ****         for (int i = 0; i < num_rows; i++) {
 104               		.loc 1 38 18 view .LVU17
 105 004a 90E0      		ldi r25,0
 106 004c 80E0      		ldi r24,0
 107               		.loc 1 38 27 view .LVU18
 108 004e D0E0      		ldi r29,0
 109               	.L7:
 110               	.LVL5:
 111               		.loc 1 38 9 discriminator 1 view .LVU19
 112 0050 8C17      		cp r24,r28
 113 0052 9D07      		cpc r25,r29
 114 0054 04F0      		brlt .L8
 115               	.LBE2:
  39:quantum/debounce/sym_g.c ****             cooked[i] = raw[i];
  40:quantum/debounce/sym_g.c ****         }
  41:quantum/debounce/sym_g.c ****         debouncing = false;
 116               		.loc 1 41 9 is_stmt 1 view .LVU20
 117               		.loc 1 41 20 is_stmt 0 view .LVU21
 118 0056 1092 0000 		sts debouncing,__zero_reg__
 119               	.LVL6:
 120               	.L2:
 121               	/* epilogue start */
  42:quantum/debounce/sym_g.c ****     }
  43:quantum/debounce/sym_g.c **** }
 122               		.loc 1 43 1 view .LVU22
 123 005a DF91      		pop r29
 124 005c CF91      		pop r28
 125               	.LVL7:
 126               		.loc 1 43 1 view .LVU23
 127 005e 1F91      		pop r17
 128 0060 0F91      		pop r16
 129 0062 FF90      		pop r15
 130 0064 0895      		ret
 131               	.LVL8:
 132               	.L8:
 133               	.LBB3:
  39:quantum/debounce/sym_g.c ****             cooked[i] = raw[i];
 134               		.loc 1 39 13 is_stmt 1 discriminator 3 view .LVU24
  39:quantum/debounce/sym_g.c ****             cooked[i] = raw[i];
 135               		.loc 1 39 28 is_stmt 0 discriminator 3 view .LVU25
 136 0066 2191      		ld r18,Z+
 137 0068 3191      		ld r19,Z+
  39:quantum/debounce/sym_g.c ****             cooked[i] = raw[i];
 138               		.loc 1 39 23 discriminator 3 view .LVU26
 139 006a 2D93      		st X+,r18
 140 006c 3D93      		st X+,r19
  38:quantum/debounce/sym_g.c ****             cooked[i] = raw[i];
 141               		.loc 1 38 40 discriminator 3 view .LVU27
 142 006e 0196      		adiw r24,1
 143               	.LVL9:
  38:quantum/debounce/sym_g.c ****             cooked[i] = raw[i];
 144               		.loc 1 38 40 discriminator 3 view .LVU28
 145 0070 00C0      		rjmp .L7
 146               	.LBE3:
 147               		.cfi_endproc
 148               	.LFE110:
 150               		.section	.text.debounce_active,"ax",@progbits
 151               	.global	debounce_active
 153               	debounce_active:
 154               	.LFB111:
  44:quantum/debounce/sym_g.c **** #else  // no debouncing.
  45:quantum/debounce/sym_g.c **** void debounce(matrix_row_t raw[], matrix_row_t cooked[], uint8_t num_rows, bool changed) {
  46:quantum/debounce/sym_g.c ****     for (int i = 0; i < num_rows; i++) {
  47:quantum/debounce/sym_g.c ****         cooked[i] = raw[i];
  48:quantum/debounce/sym_g.c ****     }
  49:quantum/debounce/sym_g.c **** }
  50:quantum/debounce/sym_g.c **** #endif
  51:quantum/debounce/sym_g.c **** 
  52:quantum/debounce/sym_g.c **** bool debounce_active(void) { return debouncing; }
 155               		.loc 1 52 28 is_stmt 1 view -0
 156               		.cfi_startproc
 157               	/* prologue: function */
 158               	/* frame size = 0 */
 159               	/* stack size = 0 */
 160               	.L__stack_usage = 0
 161               		.loc 1 52 30 view .LVU30
 162               		.loc 1 52 1 is_stmt 0 view .LVU31
 163 0000 8091 0000 		lds r24,debouncing
 164               	/* epilogue start */
 165 0004 0895      		ret
 166               		.cfi_endproc
 167               	.LFE111:
 169               		.section	.bss.debouncing_time,"aw",@nobits
 172               	debouncing_time:
 173 0000 0000      		.zero	2
 174               		.section	.bss.debouncing,"aw",@nobits
 177               	debouncing:
 178 0000 00        		.zero	1
 179               		.text
 180               	.Letext0:
 181               		.file 2 "c:\\users\\nonej\\documents\\keyboard\\msys64\\home\\nonej\\qmk_utils\\avr8-gnu-toolchain
 182               		.file 3 "tmk_core/common/matrix.h"
 183               		.file 4 "c:\\users\\nonej\\documents\\keyboard\\msys64\\home\\nonej\\qmk_utils\\avr8-gnu-toolchain
 184               		.file 5 "tmk_core/common/timer.h"
 185               		.file 6 "tmk_core/common/action.h"
 186               		.file 7 "lib/lufa/LUFA/Drivers/USB/Core/AVR8/../StdRequestType.h"
 187               		.file 8 "lib/lufa/LUFA/Drivers/USB/Core/AVR8/../DeviceStandardReq.h"
 188               		.file 9 "lib/lufa/LUFA/Drivers/USB/Core/USBTask.h"
 189               		.file 10 "lib/lufa/LUFA/Drivers/USB/Core/HostStandardReq.h"
 190               		.file 11 "c:\\users\\nonej\\documents\\keyboard\\msys64\\home\\nonej\\qmk_utils\\avr8-gnu-toolchai
 191               		.file 12 "tmk_core/common/report.h"
 192               		.file 13 "tmk_core/common/host.h"
 193               		.file 14 "tmk_core/common/debug.h"
 194               		.file 15 "quantum/keycode_config.h"
 195               		.file 16 "quantum/keymap.h"
 196               		.file 17 "./quantum/color.h"
 197               		.file 18 "quantum/rgblight.h"
 198               		.file 19 "tmk_core/common/action_layer.h"
 199               		.file 20 "tmk_core/common/action_util.h"
 200               		.file 21 "c:\\users\\nonej\\documents\\keyboard\\msys64\\home\\nonej\\qmk_utils\\avr8-gnu-toolchai
 201               		.file 22 "quantum/process_keycode/process_unicode_common.h"
 202               		.file 23 "quantum/process_keycode/process_tap_dance.h"
 203               		.file 24 "quantum/quantum.h"
DEFINED SYMBOLS
                            *ABS*:00000000 sym_g.c
C:\Users\nonej\Documents\Keyboard\msys64\tmp\ccPjEaKG.s:2      *ABS*:0000003e __SP_H__
C:\Users\nonej\Documents\Keyboard\msys64\tmp\ccPjEaKG.s:3      *ABS*:0000003d __SP_L__
C:\Users\nonej\Documents\Keyboard\msys64\tmp\ccPjEaKG.s:4      *ABS*:0000003f __SREG__
C:\Users\nonej\Documents\Keyboard\msys64\tmp\ccPjEaKG.s:5      *ABS*:00000000 __tmp_reg__
C:\Users\nonej\Documents\Keyboard\msys64\tmp\ccPjEaKG.s:6      *ABS*:00000001 __zero_reg__
C:\Users\nonej\Documents\Keyboard\msys64\tmp\ccPjEaKG.s:13     .text.debounce_init:00000000 debounce_init
C:\Users\nonej\Documents\Keyboard\msys64\tmp\ccPjEaKG.s:33     .text.debounce:00000000 debounce
C:\Users\nonej\Documents\Keyboard\msys64\tmp\ccPjEaKG.s:177    .bss.debouncing:00000000 debouncing
C:\Users\nonej\Documents\Keyboard\msys64\tmp\ccPjEaKG.s:172    .bss.debouncing_time:00000000 debouncing_time
C:\Users\nonej\Documents\Keyboard\msys64\tmp\ccPjEaKG.s:153    .text.debounce_active:00000000 debounce_active

UNDEFINED SYMBOLS
timer_read
timer_elapsed
__do_clear_bss
