   1               		.file	"Events.c"
   2               	__SP_H__ = 0x3e
   3               	__SP_L__ = 0x3d
   4               	__SREG__ = 0x3f
   5               	__tmp_reg__ = 0
   6               	__zero_reg__ = 1
   7               		.file 1 "lib/lufa/LUFA/Drivers/USB/Core/Events.c"
   8               		.file 2 "c:\\users\\nonej\\documents\\keyboard\\msys64\\home\\nonej\\qmk_utils\\avr8-gnu-toolchain
   9               		.section	.gnu.debuglto_.debug_info,"",@progbits
  10               	.Ldebug_info0:
  11               		.hidden	Events.c.3e44c890
  12               		.weak	Events.c.3e44c890
  13               	Events.c.3e44c890:
  14 0000 AC00 0000 		.long	0xac
  15 0004 0200      		.word	0x2
  16 0006 0000 0000 		.long	.Ldebug_abbrev0
  17 000a 04        		.byte	0x4
  18 000b 01        		.uleb128 0x1
  19 000c 0000 0000 		.long	.LASF9
  20 0010 0C        		.byte	0xc
  21 0011 0000 0000 		.long	.LASF10
  22 0015 0000 0000 		.long	.LASF11
  23 0019 0000 0000 		.long	.Ldebug_line0
  24 001d 02        		.uleb128 0x2
  25 001e 01        		.byte	0x1
  26 001f 06        		.byte	0x6
  27 0020 0000 0000 		.long	.LASF0
  28 0024 03        		.uleb128 0x3
  29 0025 0000 0000 		.long	.LASF12
  30 0029 02        		.byte	0x2
  31 002a 7E        		.byte	0x7e
  32 002b 16        		.byte	0x16
  33 002c 3500 0000 		.long	0x35
  34 0030 04        		.uleb128 0x4
  35 0031 2400 0000 		.long	0x24
  36 0035 02        		.uleb128 0x2
  37 0036 01        		.byte	0x1
  38 0037 08        		.byte	0x8
  39 0038 0000 0000 		.long	.LASF1
  40 003c 05        		.uleb128 0x5
  41 003d 02        		.byte	0x2
  42 003e 05        		.byte	0x5
  43 003f 696E 7400 		.string	"int"
  44 0043 02        		.uleb128 0x2
  45 0044 02        		.byte	0x2
  46 0045 07        		.byte	0x7
  47 0046 0000 0000 		.long	.LASF2
  48 004a 02        		.uleb128 0x2
  49 004b 04        		.byte	0x4
  50 004c 05        		.byte	0x5
  51 004d 0000 0000 		.long	.LASF3
  52 0051 02        		.uleb128 0x2
  53 0052 04        		.byte	0x4
  54 0053 07        		.byte	0x7
  55 0054 0000 0000 		.long	.LASF4
  56 0058 02        		.uleb128 0x2
  57 0059 08        		.byte	0x8
  58 005a 05        		.byte	0x5
  59 005b 0000 0000 		.long	.LASF5
  60 005f 02        		.uleb128 0x2
  61 0060 08        		.byte	0x8
  62 0061 07        		.byte	0x7
  63 0062 0000 0000 		.long	.LASF6
  64 0066 06        		.uleb128 0x6
  65 0067 01        		.byte	0x1
  66 0068 0000 0000 		.long	.LASF7
  67 006c 01        		.byte	0x1
  68 006d 2E        		.byte	0x2e
  69 006e 06        		.byte	0x6
  70 006f 01        		.byte	0x1
  71 0070 8B00 0000 		.long	0x8b
  72 0074 07        		.uleb128 0x7
  73 0075 5F31 00   		.string	"_1"
  74 0078 01        		.byte	0x1
  75 0079 2E        		.byte	0x2e
  76 007a 25        		.byte	0x25
  77 007b 3000 0000 		.long	0x30
  78 007f 07        		.uleb128 0x7
  79 0080 5F32 00   		.string	"_2"
  80 0083 01        		.byte	0x1
  81 0084 2E        		.byte	0x2e
  82 0085 37        		.byte	0x37
  83 0086 3000 0000 		.long	0x30
  84 008a 00        		.byte	0
  85 008b 06        		.uleb128 0x6
  86 008c 01        		.byte	0x1
  87 008d 0000 0000 		.long	.LASF8
  88 0091 01        		.byte	0x1
  89 0092 28        		.byte	0x28
  90 0093 06        		.byte	0x6
  91 0094 01        		.byte	0x1
  92 0095 A500 0000 		.long	0xa5
  93 0099 07        		.uleb128 0x7
  94 009a 5F31 00   		.string	"_1"
  95 009d 01        		.byte	0x1
  96 009e 28        		.byte	0x28
  97 009f 25        		.byte	0x25
  98 00a0 3000 0000 		.long	0x30
  99 00a4 00        		.byte	0
 100 00a5 08        		.uleb128 0x8
 101 00a6 01        		.byte	0x1
 102 00a7 0000 0000 		.long	.LASF13
 103 00ab 01        		.byte	0x1
 104 00ac 23        		.byte	0x23
 105 00ad 06        		.byte	0x6
 106 00ae 01        		.byte	0x1
 107 00af 00        		.byte	0
 108               		.section	.gnu.debuglto_.debug_abbrev,"",@progbits
 109               	.Ldebug_abbrev0:
 110 0000 01        		.uleb128 0x1
 111 0001 11        		.uleb128 0x11
 112 0002 01        		.byte	0x1
 113 0003 25        		.uleb128 0x25
 114 0004 0E        		.uleb128 0xe
 115 0005 13        		.uleb128 0x13
 116 0006 0B        		.uleb128 0xb
 117 0007 03        		.uleb128 0x3
 118 0008 0E        		.uleb128 0xe
 119 0009 1B        		.uleb128 0x1b
 120 000a 0E        		.uleb128 0xe
 121 000b 10        		.uleb128 0x10
 122 000c 06        		.uleb128 0x6
 123 000d 00        		.byte	0
 124 000e 00        		.byte	0
 125 000f 02        		.uleb128 0x2
 126 0010 24        		.uleb128 0x24
 127 0011 00        		.byte	0
 128 0012 0B        		.uleb128 0xb
 129 0013 0B        		.uleb128 0xb
 130 0014 3E        		.uleb128 0x3e
 131 0015 0B        		.uleb128 0xb
 132 0016 03        		.uleb128 0x3
 133 0017 0E        		.uleb128 0xe
 134 0018 00        		.byte	0
 135 0019 00        		.byte	0
 136 001a 03        		.uleb128 0x3
 137 001b 16        		.uleb128 0x16
 138 001c 00        		.byte	0
 139 001d 03        		.uleb128 0x3
 140 001e 0E        		.uleb128 0xe
 141 001f 3A        		.uleb128 0x3a
 142 0020 0B        		.uleb128 0xb
 143 0021 3B        		.uleb128 0x3b
 144 0022 0B        		.uleb128 0xb
 145 0023 39        		.uleb128 0x39
 146 0024 0B        		.uleb128 0xb
 147 0025 49        		.uleb128 0x49
 148 0026 13        		.uleb128 0x13
 149 0027 00        		.byte	0
 150 0028 00        		.byte	0
 151 0029 04        		.uleb128 0x4
 152 002a 26        		.uleb128 0x26
 153 002b 00        		.byte	0
 154 002c 49        		.uleb128 0x49
 155 002d 13        		.uleb128 0x13
 156 002e 00        		.byte	0
 157 002f 00        		.byte	0
 158 0030 05        		.uleb128 0x5
 159 0031 24        		.uleb128 0x24
 160 0032 00        		.byte	0
 161 0033 0B        		.uleb128 0xb
 162 0034 0B        		.uleb128 0xb
 163 0035 3E        		.uleb128 0x3e
 164 0036 0B        		.uleb128 0xb
 165 0037 03        		.uleb128 0x3
 166 0038 08        		.uleb128 0x8
 167 0039 00        		.byte	0
 168 003a 00        		.byte	0
 169 003b 06        		.uleb128 0x6
 170 003c 2E        		.uleb128 0x2e
 171 003d 01        		.byte	0x1
 172 003e 3F        		.uleb128 0x3f
 173 003f 0C        		.uleb128 0xc
 174 0040 03        		.uleb128 0x3
 175 0041 0E        		.uleb128 0xe
 176 0042 3A        		.uleb128 0x3a
 177 0043 0B        		.uleb128 0xb
 178 0044 3B        		.uleb128 0x3b
 179 0045 0B        		.uleb128 0xb
 180 0046 39        		.uleb128 0x39
 181 0047 0B        		.uleb128 0xb
 182 0048 27        		.uleb128 0x27
 183 0049 0C        		.uleb128 0xc
 184 004a 01        		.uleb128 0x1
 185 004b 13        		.uleb128 0x13
 186 004c 00        		.byte	0
 187 004d 00        		.byte	0
 188 004e 07        		.uleb128 0x7
 189 004f 05        		.uleb128 0x5
 190 0050 00        		.byte	0
 191 0051 03        		.uleb128 0x3
 192 0052 08        		.uleb128 0x8
 193 0053 3A        		.uleb128 0x3a
 194 0054 0B        		.uleb128 0xb
 195 0055 3B        		.uleb128 0x3b
 196 0056 0B        		.uleb128 0xb
 197 0057 39        		.uleb128 0x39
 198 0058 0B        		.uleb128 0xb
 199 0059 49        		.uleb128 0x49
 200 005a 13        		.uleb128 0x13
 201 005b 00        		.byte	0
 202 005c 00        		.byte	0
 203 005d 08        		.uleb128 0x8
 204 005e 2E        		.uleb128 0x2e
 205 005f 00        		.byte	0
 206 0060 3F        		.uleb128 0x3f
 207 0061 0C        		.uleb128 0xc
 208 0062 03        		.uleb128 0x3
 209 0063 0E        		.uleb128 0xe
 210 0064 3A        		.uleb128 0x3a
 211 0065 0B        		.uleb128 0xb
 212 0066 3B        		.uleb128 0x3b
 213 0067 0B        		.uleb128 0xb
 214 0068 39        		.uleb128 0x39
 215 0069 0B        		.uleb128 0xb
 216 006a 27        		.uleb128 0x27
 217 006b 0C        		.uleb128 0xc
 218 006c 00        		.byte	0
 219 006d 00        		.byte	0
 220 006e 00        		.byte	0
 221               		.section	.gnu.debuglto_.debug_line,"",@progbits
 222               	.Ldebug_line0:
 223 0000 AD00 0000 		.long	.LELT0-.LSLT0
 224               	.LSLT0:
 225 0004 0200      		.word	0x2
 226 0006 A700 0000 		.long	.LELTP0-.LASLTP0
 227               	.LASLTP0:
 228 000a 01        		.byte	0x1
 229 000b 01        		.byte	0x1
 230 000c F6        		.byte	0xf6
 231 000d F2        		.byte	0xf2
 232 000e 0D        		.byte	0xd
 233 000f 00        		.byte	0
 234 0010 01        		.byte	0x1
 235 0011 01        		.byte	0x1
 236 0012 01        		.byte	0x1
 237 0013 01        		.byte	0x1
 238 0014 00        		.byte	0
 239 0015 00        		.byte	0
 240 0016 00        		.byte	0
 241 0017 01        		.byte	0x1
 242 0018 00        		.byte	0
 243 0019 00        		.byte	0
 244 001a 01        		.byte	0x1
 245 001b 633A 5C75 		.ascii	"c:\\users\\nonej\\documents\\keyboard\\msys64\\home\\nonej\\"
 245      7365 7273 
 245      5C6E 6F6E 
 245      656A 5C64 
 245      6F63 756D 
 246 004f 716D 6B5F 		.ascii	"qmk_utils\\avr8-gnu-toolchain\\avr\\include"
 246      7574 696C 
 246      735C 6176 
 246      7238 2D67 
 246      6E75 2D74 
 247 0077 00        		.byte	0
 248 0078 6C69 622F 		.ascii	"lib/lufa/LUFA/Drivers/USB/Core"
 248      6C75 6661 
 248      2F4C 5546 
 248      412F 4472 
 248      6976 6572 
 249 0096 00        		.byte	0
 250 0097 00        		.byte	0
 251 0098 4576 656E 		.string	"Events.c"
 251      7473 2E63 
 251      00
 252 00a1 02        		.uleb128 0x2
 253 00a2 00        		.uleb128 0
 254 00a3 00        		.uleb128 0
 255 00a4 7374 6469 		.string	"stdint.h"
 255      6E74 2E68 
 255      00
 256 00ad 01        		.uleb128 0x1
 257 00ae 00        		.uleb128 0
 258 00af 00        		.uleb128 0
 259 00b0 00        		.byte	0
 260               	.LELTP0:
 261               	.LELT0:
 262               		.section	.gnu.debuglto_.debug_str,"MS",@progbits,1
 263               	.LASF8:
 264 0000 5553 425F 		.string	"USB_Event_Stub_2"
 264      4576 656E 
 264      745F 5374 
 264      7562 5F32 
 264      00
 265               	.LASF7:
 266 0011 5553 425F 		.string	"USB_Event_Stub_3"
 266      4576 656E 
 266      745F 5374 
 266      7562 5F33 
 266      00
 267               	.LASF1:
 268 0022 756E 7369 		.string	"unsigned char"
 268      676E 6564 
 268      2063 6861 
 268      7200 
 269               	.LASF4:
 270 0030 6C6F 6E67 		.string	"long unsigned int"
 270      2075 6E73 
 270      6967 6E65 
 270      6420 696E 
 270      7400 
 271               	.LASF11:
 272 0042 433A 5C55 		.string	"C:\\Users\\nonej\\Documents\\Keyboard\\msys64\\home\\nonej\\qmk_firmware"
 272      7365 7273 
 272      5C6E 6F6E 
 272      656A 5C44 
 272      6F63 756D 
 273               	.LASF10:
 274 0083 6C69 622F 		.string	"lib/lufa/LUFA/Drivers/USB/Core/Events.c"
 274      6C75 6661 
 274      2F4C 5546 
 274      412F 4472 
 274      6976 6572 
 275               	.LASF2:
 276 00ab 756E 7369 		.string	"unsigned int"
 276      676E 6564 
 276      2069 6E74 
 276      00
 277               	.LASF6:
 278 00b8 6C6F 6E67 		.string	"long long unsigned int"
 278      206C 6F6E 
 278      6720 756E 
 278      7369 676E 
 278      6564 2069 
 279               	.LASF12:
 280 00cf 7569 6E74 		.string	"uint8_t"
 280      385F 7400 
 281               	.LASF13:
 282 00d7 5553 425F 		.string	"USB_Event_Stub"
 282      4576 656E 
 282      745F 5374 
 282      7562 00
 283               	.LASF5:
 284 00e6 6C6F 6E67 		.string	"long long int"
 284      206C 6F6E 
 284      6720 696E 
 284      7400 
 285               	.LASF3:
 286 00f4 6C6F 6E67 		.string	"long int"
 286      2069 6E74 
 286      00
 287               	.LASF9:
 288 00fd 474E 5520 		.string	"GNU C99 8.3.0 -mn-flash=1 -mno-skip-bug -mmcu=avr5 -gdwarf-2 -Os -std=gnu99 -funsigned-ch
 288      4339 3920 
 288      382E 332E 
 288      3020 2D6D 
 288      6E2D 666C 
 289               	.LASF0:
 290 01e5 7369 676E 		.string	"signed char"
 290      6564 2063 
 290      6861 7200 
 291               		.text
 292               		.section	.gnu.lto_.profile.54afb155,"",@progbits
 293 0000 789C 6367 		.string	"x\234cg`\004B "
 293      6004 4220 
 293      00
 294 0009 00        		.string	""
 295 000a 00        		.string	""
 296 000b 5400      		.string	"T"
 297 000d 0A        		.ascii	"\n"
 298               		.text
 299               		.section	.gnu.lto_.icf.54afb155,"",@progbits
 300 0000 789C 6367 		.string	"x\234cg`d\020a@"
 300      6064 1061 
 300      4000 
 301 000a 6686 E95D 		.string	"f\206\351]'z\27187m\376\271\234\215\353\303\322\233{\371\030"
 301      277A B938 
 301      376D FEB9 
 301      9C8D EBC3 
 301      D29B 7BF9 
 302 0020 5C32 08F7 		.ascii	"\\2\b\367"
 303               		.text
 304               		.section	.gnu.lto_.jmpfuncs.54afb155,"",@progbits
 305 0000 789C 6367 		.string	"x\234cg`d\220b@"
 305      6064 9062 
 305      4000 
 306 000a 6620 E664 		.string	"f \346ddd`\230\311\314\300\305\004e\2001"
 306      6464 6098 
 306      C9CC C0C5 
 306      0465 8031 
 306      00
 307 001b 18F1 0213 		.ascii	"\030\361\002\023"
 308               		.text
 309               		.section	.gnu.lto_.inline.54afb155,"",@progbits
 310 0000 789C 6367 		.string	"x\234cg`d\310f@"
 310      6064 C866 
 310      4000 
 311 000a 6620 6A00 		.string	"f j"
 312 000e 0296 6446 		.string	"\002\226dF\006&\006\206F \263\216\201\201\r\"\304\004\022b`\340$\254\204\213\260\022\006"
 312      0626 0686 
 312      4620 B38E 
 312      8181 0D22 
 312      C404 1262 
 313 002c 0EB8 16A1 		.ascii	"\016\270\026\241"
 314               		.text
 315               		.section	.gnu.lto_.pureconst.54afb155,"",@progbits
 316 0000 789C 05C1 		.string	"x\234\005\301\207\021"
 316      8711 00
 317 0007 200C 0331 		.ascii	" \f\0031\007\f\241,\360\307\264\031\035)\025z\222\256\312A\243"
 317      070C A12C 
 317      F0C7 B419 
 317      1D29 157A 
 317      92AE CA41 
 318 001c 6306 9364 		.ascii	"c\006\223d\261\313\247\374\001!\346\002\261"
 318      B1CB A7FC 
 318      0121 E602 
 318      B1
 319               		.text
 320               		.section	.gnu.lto_USB_Event_Stub.54afb155,"",@progbits
 321 0000 789C 6367 		.string	"x\234cg`d\230\300\300\300\240\005\304\262@\314\310\314\300\310\324\320\320\340\300\336\31
 321      6064 98C0 
 321      C0C0 A005 
 321      C4B2 40CC 
 321      C8CC C0C8 
 322 004b E36E 46A0 		.string	"\343nF\240i@\225\2176\376\233\312\313\306\002\225b\334\303\310\006\264\214\201a\375%\326\
 322      6940 958F 
 322      36FE 9BCA 
 322      CBC6 0295 
 322      62DC C3C8 
 323 0089 C313 C606 		.string	"\303\023\306\006%\260\2567\214M\n`\006\b\26423BT"
 323      25B0 AE37 
 323      8C4D 0A60 
 323      0608 B432 
 323      3342 5400 
 324 009d 756A E464 		.string	"uj\344d&\351\347\224\246%\352\373\204\2729\352\273\024e\226\245\026\025\353\207\006;\351;
 324      26E9 E794 
 324      A625 EAFB 
 324      84BA 39EA 
 324      BB14 6596 
 325 00c8 00        		.string	""
 326 00c9 FE28 3E00 		.string	"\376(>"
 327               		.text
 328               		.section	.gnu.lto_USB_Event_Stub_2.54afb155,"",@progbits
 329 0000 789C 6367 		.string	"x\234cg`d\270\315\300\300\340"
 329      6064 B8CD 
 329      C0C0 E000 
 330 000c C4B2 40CC 		.string	"\304\262@\314\310\314\300\310\324\320\320\340\300\336\310\301\304\310\bb\2614p02\32431\32
 330      C8CC C0C8 
 330      D4D0 D0E0 
 330      C0DE C8C1 
 330      C4C8 0862 
 331 004b E36E 462D 		.string	"\343nF-\240\272\335G\267532k32"
 331      A0BA DD47 
 331      B735 3332 
 331      6B33 3200 
 332 005b D9B3 9A8F 		.string	"\331\263\232\217\177\340\320X\3260\241\251\341\300\033\227\006\236\231\314\214\214{\030\2
 332      7FE0 D058 
 332      D630 A1A9 
 332      E1C0 1B97 
 332      069E 99CC 
 333 011c 53BC 5BE8 		.ascii	"S\274[\350"
 334               		.text
 335               		.section	.gnu.lto_USB_Event_Stub_3.54afb155,"",@progbits
 336 0000 789C 658F 		.ascii	"x\234e\217\261KBQ\024\207\317\357\335\227>0\227\242\2410h|\030"
 336      B14B 4251 
 336      1487 CFEF 
 336      DD97 3E30 
 336      97A2 A130 
 337 0017 F82C 1D6A 		.ascii	"\370,\035j\3134\247\266p\216\222\027\bR\240\346\352U\321h+\""
 337      CB34 A7B6 
 337      708E 9217 
 337      0852 A0E6 
 337      EA55 D168 
 338 002d C25A A228 		.ascii	"\302Z\242(\f\002i\211@\253\273D{\375\007QP\341\320\020\270\204"
 338      0C02 6989 
 338      40AB BB44 
 338      7BFD 0751 
 338      50E1 D010 
 339 0043 75DF 7BD6 		.ascii	"u\337{\326\322\201\003\337=\347|\227s\334\004\032\003Q\224\210"
 339      D281 03DF 
 339      3DE7 7C97 
 339      73DC 041A 
 339      0351 9488 
 340 0057 4665 8211 		.ascii	"Fe\202\021\024\316\371\214\273\250)\200E*\327@\005\005\005l\262"
 340      14CE F98C 
 340      BBA8 2980 
 340      452A D740 
 340      0505 056C 
 341 006c 6D86 CFCE 		.ascii	"m\206\317\316\301\213\327_\227\035.\366Z\303\274.PcD;2\235@\023"
 341      C18B D75F 
 341      971D 2EF6 
 341      5AC3 BC2E 
 341      5063 443B 
 342 0084 7E39 D7BC 		.ascii	"~9\327\274\273,\203\215\203$\357\227\357?4\375\224o\225\270h"
 342      BB2C 838D 
 342      8324 EF97 
 342      EF3F 34FD 
 342      946F 95B8 
 343 0099 C778 7F8D 		.ascii	"\307x\177\215\001-0\351 \344C\320G$+\201\034\341\032\272\034"
 343      012D 30E9 
 343      20E4 43D0 
 343      4724 2B81 
 343      1CE1 1ABA 
 344 00ae EF54 DE1E 		.ascii	"\357T\336\036U\026\261\325s\361z\345\351\251_qG\275\371\247\026"
 344      5516 B1D5 
 344      73F1 7AE5 
 344      E9A9 5F71 
 344      47BD F9A7 
 345 00c3 08B7 D0C9 		.ascii	"\b\267\320\311\022\236.\272\273^\227\332[\b\002.y\"Q\343\241"
 345      129E 2EBA 
 345      BB5E 97DA 
 345      5B08 022E 
 345      7922 51E3 
 346 00d8 4FF0 EEF7 		.ascii	"O\360\356\367\006\027\335\241\367\021\205\250\302\250$oP\301"
 346      0617 DDA1 
 346      F711 85A8 
 346      C2A8 246F 
 346      50C1 
 347 00ea 0555 9952 		.ascii	"\005U\231R\264\271,\350\031\374\350x\320\366,<a\177x\346`\033"
 347      B4B9 2CE8 
 347      19FC E878 
 347      D0F6 2C3C 
 347      617F 78E6 
 348 0100 A5C3 86C7 		.ascii	"\245\303\206\307F+*\f\216+\377\324\323\251e#\275\276\262d\314"
 348      462B 2A0C 
 348      8E2B FFD4 
 348      D3A9 6523 
 348      BDBE B264 
 349 0115 27E2 1123 		.ascii	"'\342\021#\226I\345\315L\326H,\314\032\321\265\214i\314\345\315"
 349      9649 E5CD 
 349      4CD6 482C 
 349      CC1A D1B5 
 349      8C69 CCE5 
 350 012a D55C 3690 		.ascii	"\325\\6\220$eqb\340\367\021\b\231\341prj:(\253\223?%\301p\345"
 350      2465 7162 
 350      E0F7 1108 
 350      99E1 7072 
 350      6A3A 28AB 
 351               		.text
 352               		.section	.gnu.lto_.symbol_nodes.54afb155,"",@progbits
 353 0000 789C 75D0 		.string	"x\234u\3209\022@@\024E\321\3274\215\310<%Va\001\252\354\353\375\022\212\254\307\"l\211*C\
 353      3912 4040 
 353      1445 D1D7 
 353      348D C83C 
 353      2556 6101 
 354 002a BC96 5844 		.string	"\274\226XD\304\232\355"
 354      C49A ED00 
 355 0032 08EC 32E1 		.ascii	"\b\3542\341\206\224\346|\033>\\e~0\243\247cN_\307\202V\307\222"
 355      8694 E67C 
 355      1B3E 5C65 
 355      7E30 A3A7 
 355      634E 5FC7 
 356 004a 818E 1543 		.ascii	"\201\216\025C\035k:\035\033F:v\214\377\007\364L~\001\027\035"
 356      1D6B 3A1D 
 356      1B46 3A76 
 356      8CFF 07F4 
 356      4C7E 0117 
 357 005f 9471 28   		.ascii	"\224q("
 358               		.text
 359               		.section	.gnu.lto_.refs.54afb155,"",@progbits
 360 0000 789C 15C4 		.string	"x\234\025\304\261\001"
 360      B101 00
 361 0007 2008 C0B0 		.string	" \b\300\260\"*\274\342\377\017J3\244\b\036\020\221\323\262\264m\307\256\225\365\304\007\0
 361      222A BCE2 
 361      FF0F 4A33 
 361      A408 1E10 
 361      91D3 B2B4 
 362 0025 76        		.ascii	"v"
 363               		.text
 364               		.section	.gnu.lto_.decls.54afb155,"",@progbits
 365 0000 789C 9D95 		.ascii	"x\234\235\225kL\024W\024\307\357\231\031`Y\330\305\220\306\322"
 365      6B4C 1457 
 365      14C7 EF99 
 365      1960 59D8 
 365      C590 C6D2 
 366 0014 94A6 44D3 		.ascii	"\224\246D\323\324\017\215K\212\037\344c\013\332\244il\"\245M"
 366      D40F 8D4B 
 366      8A1F E463 
 366      0BDA A469 
 366      6C22 A54D 
 367 0028 9A36 64C5 		.ascii	"\2326d\305A6\322\305\356.\364c\307\007\b\250U\032\255 F\036j"
 367      4136 D2C5 
 367      EE2E F463 
 367      C707 08A8 
 367      551A AD20 
 368 003f 2D8A 656B 		.ascii	"-\212ekRR\245\226u\273(\202\017\020\255HATT^*\024\213\017\264"
 368      5252 A596 
 368      75BB 2882 
 368      0F10 AD48 
 368      4154 545E 
 369 0058 D273 EF9D 		.ascii	"\322s\357\235\035\006\031\032\313\rwf\317\343\376\357\357\234"
 369      1D06 191A 
 369      CB0D 7766 
 369      CFE3 FEEF 
 369      EF9C 
 370 006a 3BE1 8611 		.ascii	";\341\206\021 \357\207\023\322\006\204\\$\204L\340\220\360\335"
 370      20EF 8713 
 370      D206 845C 
 370      2484 4CE0 
 370      90F0 DD
 371 007d 8613 5DC4 		.ascii	"\206\023]\304G\370\210\300\031\300y\031g7\316^\234\0038\207q"
 371      47F8 88C0 
 371      19C0 7919 
 371      6737 CE5E 
 371      9C03 3887 
 372 0092 8EE1 7C42 		.ascii	"\216\341|B\363qA(\316H \323F!p\275L\325\006U\357\371a\021\b\021"
 372      F371 4128 
 372      CE48 20D3 
 372      4621 70BD 
 372      4CD5 0655 
 373 00ac D43C 9F2E 		.ascii	"\324<\237.7\324@\363\225\031r\215\366/\026!\277\276\262[*\020"
 373      37D4 40F3 
 373      9519 728D 
 373      F62F 1621 
 373      BFBE B25B 
 374 00c2 21D6 0C13 		.ascii	"!\326\f\023\200\366\266\265=\275\221\334\246\341\236\2163\007"
 374      80F6 B6B5 
 374      3DBD 91DC 
 374      A6E1 9E8E 
 374      3307 
 375 00d4 ACA2 C07E 		.ascii	"\254\242\300~\327\035\332\333j\215\377Q\341\303\364)\201\343"
 375      D71D DADB 
 375      6A8D FF51 
 375      E1C3 F429 
 375      81E3 
 376 00e6 2032 9D84 		.ascii	" 2\235\204\b\032\257.\377!`\021\227\262\334g\217\0176\213\346"
 376      081A AF2E 
 376      FF21 6011 
 376      97B2 DC67 
 376      8F0F 368B 
 377 00fb 0245 59A7 		.ascii	"\002EY\247\370*\nBc\b$\304B|,\201\006`\332\277A<\201_!\026\352"
 377      F82A 0A42 
 377      6308 24C4 
 377      427C 2C81 
 377      0660 DABF 
 378 0116 019D 3E30 		.ascii	"\001\235>0\343\032o\215w\227\324\003\335 \250mQ\273\307^\300"
 378      E31A 6F8D 
 378      7797 D403 
 378      DD20 A86D 
 378      51BB C75E 
 379 012b 26B7 8199 		.ascii	"&\267\201\231\370\026\370Ku\201\232F\202\277\325,\356\027&\005"
 379      F816 F84B 
 379      7581 9A46 
 379      82BF D52C 
 379      EE17 2605 
 380 013f D91F 1055 		.ascii	"\331\037\020Uo\"8\270\266\2322)H}B\260c\\_M\303\207@\037:\005"
 380      6F22 38B8 
 380      B69A 3229 
 380      487D 42B0 
 380      635C 5F4D 
 381 0159 AEAB 0398 		.ascii	"\256\253\003\230\022\344\033\353\302\372*!x$-\205\207k"
 381      12E4 1BEB 
 381      C2FA 2A21 
 381      7824 2D85 
 381      876B 
 382 016b CDE2 32D6 		.string	"\315\3422\326\307\301+\201*k\314w\264\341>E\211\003\310\234\253v\222\300\357\020\203\317\
 382      C7C1 2B81 
 382      2A6B CC77 
 382      B4E1 3E45 
 382      8903 C89C 
 383 026c D141 54D6 		.ascii	"\321AT\326\235\232k\325\021\363\252\241B)\211c1\364\215\0368"
 383      9D9A 6BD5 
 383      11F3 AAA1 
 383      4229 8963 
 383      31F4 8D1E 
 384 0281 542E 6193 		.ascii	"T.a\223\b\264\303<\226U\335\320^\022\"\036\345=\254\351;r0\212"
 384      08B4 C33C 
 384      9655 DDD0 
 384      5E12 221E 
 384      E53D ACE9 
 385 0299 F6F0 1232 		.ascii	"\366\360\0222]\004\tN\201\304\222\212\357?\013\307C\253\360)"
 385      5D04 094E 
 385      81C4 928A 
 385      EF3F 0BC7 
 385      43AB F029 
 386 02ad BE89 DA05 		.ascii	"\276\211\332\005]u\333\025%_bG\013\215\3013\203?0\231\232\352"
 386      5D75 DB15 
 386      255F 6247 
 386      0B8D C133 
 386      833F 3099 
 387 02c3 C772 991D 		.ascii	"\307r\231\035\330\361\321=uf\261\177\2463\372o\310N\025r\n\327"
 387      D8F1 D13D 
 387      7566 B17F 
 387      A633 FA6F 
 387      C84E 1572 
 388 02d9 9FC8 7585 		.ascii	"\237\310u\205s\371\367\367\376bU\271:?\313S|k\2011uhL]\224\251"
 388      73F9 F7F7 
 388      FE62 55B9 
 388      3A3F CB53 
 388      7C6B 8131 
 389 02f3 4363 EA66 		.ascii	"Cc\352fL]\343E\207C\305\r\302\254\230\256\0311]G\246\036\316"
 389      4C5D E345 
 389      8743 C50D 
 389      C2AC 98AE 
 389      1931 5D47 
 390 030a 74B7 3430 		.ascii	"t\26740\026\2522\335\3201]\325\230nP\246\253\032S/c\032h:\267"
 390      16AA 32DD 
 390      D031 5DD5 
 390      986E 50A6 
 390      AB1A 532F 
 391 0323 234A DC37 		.ascii	"#J\3347;\246\333FL}\310t\2133\375\\\365\320\037\2412\r\352\230"
 391      3BA6 DB46 
 391      4C7D C874 
 391      8B33 FD5C 
 391      F5D0 1FA1 
 392 033b 6E6A 4CFD 		.ascii	"njL\375\224\351\246\3064\300\230\266VV\237\020\304\346\3311\335"
 392      94E9 A6C6 
 392      34C0 98B6 
 392      5656 9F10 
 392      C4E6 D931 
 393 0350 3162 BA8B 		.ascii	"1b\272\213LC\234\351\302\236<\255O\243:\246A\215\351\036e\032"
 393      4C43 9CE9 
 393      C29E 3CAD 
 393      4FA3 3AA6 
 393      418D E91E 
 394 0366 D498 8619 		.ascii	"\324\230\206\031\223\267\276l\213$\366\316\216i\324\210\351>"
 394      93B7 BE6C 
 394      8B24 F6CE 
 394      8E69 D488 
 394      E93E 
 395 0378 32FD C599 		.ascii	"2\375\305\231\206\357\025&\250H\343:\244\021\r\351o\2124\242"
 395      86EF 1526 
 395      A848 E33A 
 395      A411 0DE9 
 395      6F8A 34A2 
 396 038c 218D 31A4 		.ascii	"!\2151\244\362\r\355\336(\361\311\354\220\036\031!=F\244\207"
 396      F20D EDDE 
 396      28F1 C9EC 
 396      901E 1921 
 396      3D46 A487 
 397 03a0 1C69 E8FC 		.ascii	"\034i\350\374\275\226H\225\311\377\371$\323\003\215i\2342=\320"
 397      BD96 4895 
 397      C9FF F924 
 397      D303 8D69 
 397      9C32 3DD0 
 398 03b4 989E 30A6 		.ascii	"\230\2360\246\212o\306&,\342\267\342\254\230\236\0311M \323?"
 398      8A6F C626 
 398      2CE2 B7E2 
 398      AC98 9E19 
 398      314D 20D3 
 399 03c9 9CA9 A16E 		.ascii	"\234\251\241nK\300\24425\353\230\236jL\212\200LO5\246\265\002"
 399      4BC0 A432 
 399      35EB 989E 
 399      6A4C 8A80 
 399      4C4F 35A6 
 400 03df 63DA D8B9 		.ascii	"c\332\330\271\033D/g\272\322w}\233\311l\360\357\320\350\346\245"
 400      1B44 2F67 
 400      BAD2 777D 
 400      9BC9 6CF0 
 400      EFD0 E8E6 
 401 03f4 4773 7BBC 		.ascii	"Gs{\274)\234\321\255\027\314\3646\241\032\203\201\022\313\f\267"
 401      299C D1AD 
 401      17CC F436 
 401      A11A 8381 
 401      12CB 0CB7 
 402 0408 4E9E 406F 		.ascii	"N\236@o\235\r\202z\35546\376\264\225\266\321\313\256\235\270"
 402      9D0D 827A 
 402      ED34 36FE 
 402      B495 B6D1 
 402      CBAE 9DB8 
 403 041c 5BDA B583 		.ascii	"[\332\265\203y\260N\230\274v\360\267v\355l\302k'\237\241w\f\335"
 403      79B0 4E98 
 403      BC76 F0B7 
 403      76ED 6CC2 
 403      6B27 9FA1 
 404 0433 A90A 134F 		.ascii	"\251\n\023OptC\224\377YN[_SY\b\323(D\215\002\201\211\034k\271"
 404      7074 4394 
 404      FF59 4E5B 
 404      5F53 5908 
 404      D328 448D 
 405 044d 552F CE50 		.ascii	"U/\316P\317&VOQ\260\236\223\376\366RP\353\031MU6\343\22294\007"
 405      CF26 564F 
 405      51B0 9E93 
 405      FEF6 5250 
 405      EB19 4D55 
 406 0467 36EA 6AD9 		.ascii	"6\352j\331\250\253%\203\300fa>y3\313\261\302\226\225\223a\267"
 406      A8AB 2583 
 406      C066 613E 
 406      7933 CBB1 
 406      C296 9593 
 407 047d 7D90 BAF4 		.ascii	"}\220\272\364\035[\262\313\221+\273\334\266\324\224wmI\331.\331"
 407      1D5B B2CB 
 407      912B BBDC 
 407      B6D4 9477 
 407      6D49 D92E 
 408 0492 B624 5776 		.ascii	"\266$Wvz\334\013\323M\357-K\215KJL$\321A\317\302\004y\321\242"
 408      7ADC 0BD3 
 408      4DEF 2D4B 
 408      8D4B 4A4C 
 408      24D1 41CF 
 409 04ab F4C5 89F1 		.ascii	"\364\305\211\361$,\307\341\364,N\363XqU\032\013\247\245xrV,x"
 409      242C C7E1 
 409      F42C 4EF3 
 409      5871 551A 
 409      0BA7 A578 
 410 04c3 4169 12B3 		.ascii	"Ai\022\263\344\343%\313>J\243\253\223\345\\G\272\234\226\224"
 410      E4E3 25CB 
 410      3E4A A3AB 
 410      93E5 5C47 
 410      BA9C 9694 
 411 04d7 ED74 CAE9 		.ascii	"\355t\312\351\036\351+\331\276ZJ\317\264\273\242\246J\223\020"
 411      1EE9 2BD9 
 411      BE5A 4ACF 
 411      B4BB A2A6 
 411      4A93 10
 412 04ea 7B96 C3EE 		.ascii	"{\226\303\356~\301\0352\311\253\323vHv\270\323\371&\257\033\355"
 412      7EC1 1D32 
 412      C9AB D376 
 412      4876 B8D3 
 412      F926 AF1B 
 413 04ff EE71 6567 		.ascii	"\356qeg-\227\277\314\221\335\2367\214\342\031\216U9.\273\307"
 413      2D97 BFCC 
 413      91DD 9E37 
 413      8CE2 198E 
 413      5539 2EBB 
 414 0514 91ED 4CCA 		.ascii	"\221\355L\312\264;W\311+\247\327\220\222\343^#;W\276<-\360\211"
 414      B43B 57C9 
 414      2BA7 D790 
 414      92E3 5E23 
 414      3B57 BE3C 
 415 052b 7DB5 9CBA 		.ascii	"}\265\234\272f\3564\377r\331-{^\233\256\343\261\273<\037f,u\331"
 415      66EE 34FF 
 415      72D9 2D7B 
 415      5E9B AEE3 
 415      B1BB 3C1F 
 416 0543 BF90 E74C 		.ascii	"\277\220\347LmC\332\333\317;\022\376\005\307\0074\354"
 416      6D43 DADB 
 416      CF3B 12FE 
 416      05C7 0734 
 416      EC
 417               		.text
 418               		.section	.gnu.lto_.symtab.54afb155,"",@progbits
 419 0000 5553 425F 		.string	"USB_Event_Stub"
 419      4576 656E 
 419      745F 5374 
 419      7562 00
 420 000f 00        		.string	""
 421 0010 00        		.string	""
 422 0011 00        		.string	""
 423 0012 00        		.string	""
 424 0013 00        		.string	""
 425 0014 00        		.string	""
 426 0015 00        		.string	""
 427 0016 00        		.string	""
 428 0017 00        		.string	""
 429 0018 00        		.string	""
 430 0019 00        		.string	""
 431 001a C400      		.string	"\304"
 432 001c 00        		.string	""
 433 001d 00        		.string	""
 434 001e 4556 454E 		.string	"EVENT_USB_Device_Connect"
 434      545F 5553 
 434      425F 4465 
 434      7669 6365 
 434      5F43 6F6E 
 435 0037 00        		.string	""
 436 0038 01        		.ascii	"\001"
 437 0039 00        		.string	""
 438 003a 00        		.string	""
 439 003b 00        		.string	""
 440 003c 00        		.string	""
 441 003d 00        		.string	""
 442 003e 00        		.string	""
 443 003f 00        		.string	""
 444 0040 00        		.string	""
 445 0041 00        		.string	""
 446 0042 D700      		.string	"\327"
 447 0044 00        		.string	""
 448 0045 00        		.string	""
 449 0046 4556 454E 		.string	"EVENT_USB_Device_Disconnect"
 449      545F 5553 
 449      425F 4465 
 449      7669 6365 
 449      5F44 6973 
 450 0062 00        		.string	""
 451 0063 01        		.ascii	"\001"
 452 0064 00        		.string	""
 453 0065 00        		.string	""
 454 0066 00        		.string	""
 455 0067 00        		.string	""
 456 0068 00        		.string	""
 457 0069 00        		.string	""
 458 006a 00        		.string	""
 459 006b 00        		.string	""
 460 006c 00        		.string	""
 461 006d DD00      		.string	"\335"
 462 006f 00        		.string	""
 463 0070 00        		.string	""
 464 0071 4556 454E 		.string	"EVENT_USB_Device_ControlRequest"
 464      545F 5553 
 464      425F 4465 
 464      7669 6365 
 464      5F43 6F6E 
 465 0091 00        		.string	""
 466 0092 01        		.ascii	"\001"
 467 0093 00        		.string	""
 468 0094 00        		.string	""
 469 0095 00        		.string	""
 470 0096 00        		.string	""
 471 0097 00        		.string	""
 472 0098 00        		.string	""
 473 0099 00        		.string	""
 474 009a 00        		.string	""
 475 009b 00        		.string	""
 476 009c E300      		.string	"\343"
 477 009e 00        		.string	""
 478 009f 00        		.string	""
 479 00a0 4556 454E 		.string	"EVENT_USB_Device_ConfigurationChanged"
 479      545F 5553 
 479      425F 4465 
 479      7669 6365 
 479      5F43 6F6E 
 480 00c6 00        		.string	""
 481 00c7 01        		.ascii	"\001"
 482 00c8 00        		.string	""
 483 00c9 00        		.string	""
 484 00ca 00        		.string	""
 485 00cb 00        		.string	""
 486 00cc 00        		.string	""
 487 00cd 00        		.string	""
 488 00ce 00        		.string	""
 489 00cf 00        		.string	""
 490 00d0 00        		.string	""
 491 00d1 E900      		.string	"\351"
 492 00d3 00        		.string	""
 493 00d4 00        		.string	""
 494 00d5 4556 454E 		.string	"EVENT_USB_Device_Suspend"
 494      545F 5553 
 494      425F 4465 
 494      7669 6365 
 494      5F53 7573 
 495 00ee 00        		.string	""
 496 00ef 01        		.ascii	"\001"
 497 00f0 00        		.string	""
 498 00f1 00        		.string	""
 499 00f2 00        		.string	""
 500 00f3 00        		.string	""
 501 00f4 00        		.string	""
 502 00f5 00        		.string	""
 503 00f6 00        		.string	""
 504 00f7 00        		.string	""
 505 00f8 00        		.string	""
 506 00f9 EF00      		.string	"\357"
 507 00fb 00        		.string	""
 508 00fc 00        		.string	""
 509 00fd 4556 454E 		.string	"EVENT_USB_Device_WakeUp"
 509      545F 5553 
 509      425F 4465 
 509      7669 6365 
 509      5F57 616B 
 510 0115 00        		.string	""
 511 0116 01        		.ascii	"\001"
 512 0117 00        		.string	""
 513 0118 00        		.string	""
 514 0119 00        		.string	""
 515 011a 00        		.string	""
 516 011b 00        		.string	""
 517 011c 00        		.string	""
 518 011d 00        		.string	""
 519 011e 00        		.string	""
 520 011f 00        		.string	""
 521 0120 F500      		.string	"\365"
 522 0122 00        		.string	""
 523 0123 00        		.string	""
 524 0124 4556 454E 		.string	"EVENT_USB_Device_Reset"
 524      545F 5553 
 524      425F 4465 
 524      7669 6365 
 524      5F52 6573 
 525 013b 00        		.string	""
 526 013c 01        		.ascii	"\001"
 527 013d 00        		.string	""
 528 013e 00        		.string	""
 529 013f 00        		.string	""
 530 0140 00        		.string	""
 531 0141 00        		.string	""
 532 0142 00        		.string	""
 533 0143 00        		.string	""
 534 0144 00        		.string	""
 535 0145 00        		.string	""
 536 0146 FB00      		.string	"\373"
 537 0148 00        		.string	""
 538 0149 00        		.string	""
 539 014a 4556 454E 		.string	"EVENT_USB_Device_StartOfFrame"
 539      545F 5553 
 539      425F 4465 
 539      7669 6365 
 539      5F53 7461 
 540 0168 00        		.string	""
 541 0169 01        		.ascii	"\001"
 542 016a 00        		.string	""
 543 016b 00        		.string	""
 544 016c 00        		.string	""
 545 016d 00        		.string	""
 546 016e 00        		.string	""
 547 016f 00        		.string	""
 548 0170 00        		.string	""
 549 0171 00        		.string	""
 550 0172 00        		.string	""
 551 0173 0101 00   		.string	"\001\001"
 552 0176 00        		.string	""
 553 0177 5553 425F 		.string	"USB_Event_Stub_2"
 553      4576 656E 
 553      745F 5374 
 553      7562 5F32 
 553      00
 554 0188 00        		.string	""
 555 0189 00        		.string	""
 556 018a 00        		.string	""
 557 018b 00        		.string	""
 558 018c 00        		.string	""
 559 018d 00        		.string	""
 560 018e 00        		.string	""
 561 018f 00        		.string	""
 562 0190 00        		.string	""
 563 0191 00        		.string	""
 564 0192 00        		.string	""
 565 0193 0601 00   		.string	"\006\001"
 566 0196 00        		.string	""
 567 0197 5553 425F 		.string	"USB_Event_Stub_3"
 567      4576 656E 
 567      745F 5374 
 567      7562 5F33 
 567      00
 568 01a8 00        		.string	""
 569 01a9 00        		.string	""
 570 01aa 00        		.string	""
 571 01ab 00        		.string	""
 572 01ac 00        		.string	""
 573 01ad 00        		.string	""
 574 01ae 00        		.string	""
 575 01af 00        		.string	""
 576 01b0 00        		.string	""
 577 01b1 00        		.string	""
 578 01b2 00        		.string	""
 579 01b3 0C01 00   		.string	"\f\001"
 580 01b6 00        		.string	""
 581               		.text
 582               		.section	.gnu.lto_.opts,"",@progbits
 583 0000 272D 666E 		.string	"'-fno-openmp' '-fno-openacc' '-fno-pie' '-mn-flash=1' '-mno-skip-bug' '-mmcu=avr5' '-Os' 
 583      6F2D 6F70 
 583      656E 6D70 
 583      2720 272D 
 583      666E 6F2D 
 584               		.text
 585               		.comm	__gnu_lto_v1,1,1
 586               		.comm	__gnu_lto_slim,1,1
 587               		.ident	"GCC: (GNU) 8.3.0"
DEFINED SYMBOLS
                            *ABS*:00000000 Events.c
C:\Users\nonej\Documents\Keyboard\msys64\tmp\cc5abJKy.s:2      *ABS*:0000003e __SP_H__
C:\Users\nonej\Documents\Keyboard\msys64\tmp\cc5abJKy.s:3      *ABS*:0000003d __SP_L__
C:\Users\nonej\Documents\Keyboard\msys64\tmp\cc5abJKy.s:4      *ABS*:0000003f __SREG__
C:\Users\nonej\Documents\Keyboard\msys64\tmp\cc5abJKy.s:5      *ABS*:00000000 __tmp_reg__
C:\Users\nonej\Documents\Keyboard\msys64\tmp\cc5abJKy.s:6      *ABS*:00000001 __zero_reg__
C:\Users\nonej\Documents\Keyboard\msys64\tmp\cc5abJKy.s:13     .gnu.debuglto_.debug_info:00000000 Events.c.3e44c890
                            *COM*:00000001 __gnu_lto_v1
                            *COM*:00000001 __gnu_lto_slim

NO UNDEFINED SYMBOLS
