   1               		.file	"USBTask.c"
   2               	__SP_H__ = 0x3e
   3               	__SP_L__ = 0x3d
   4               	__SREG__ = 0x3f
   5               	__tmp_reg__ = 0
   6               	__zero_reg__ = 1
   7               		.file 1 "c:\\users\\nonej\\documents\\keyboard\\msys64\\home\\nonej\\qmk_utils\\avr8-gnu-toolchain
   8               		.file 2 "lib/lufa/LUFA/Drivers/USB/Core/AVR8/../StdRequestType.h"
   9               		.file 3 "lib/lufa/LUFA/Drivers/USB/Core/AVR8/../DeviceStandardReq.h"
  10               		.file 4 "lib/lufa/LUFA/Drivers/USB/Core/USBTask.h"
  11               		.file 5 "lib/lufa/LUFA/Drivers/USB/Core/USBTask.c"
  12               		.file 6 "lib/lufa/LUFA/Drivers/USB/Core/AVR8/../AVR8/Endpoint_AVR8.h"
  13               		.file 7 "lib/lufa/LUFA/Drivers/USB/Core/AVR8/../Device.h"
  14               		.section	.gnu.debuglto_.debug_info,"",@progbits
  15               	.Ldebug_info0:
  16               		.hidden	USBTask.c.008c1b5b
  17               		.weak	USBTask.c.008c1b5b
  18               	USBTask.c.008c1b5b:
  19 0000 EC01 0000 		.long	0x1ec
  20 0004 0200      		.word	0x2
  21 0006 0000 0000 		.long	.Ldebug_abbrev0
  22 000a 04        		.byte	0x4
  23 000b 01        		.uleb128 0x1
  24 000c 0000 0000 		.long	.LASF33
  25 0010 0C        		.byte	0xc
  26 0011 0000 0000 		.long	.LASF34
  27 0015 0000 0000 		.long	.LASF35
  28 0019 0000 0000 		.long	.Ldebug_line0
  29 001d 02        		.uleb128 0x2
  30 001e 01        		.byte	0x1
  31 001f 06        		.byte	0x6
  32 0020 0000 0000 		.long	.LASF0
  33 0024 03        		.uleb128 0x3
  34 0025 0000 0000 		.long	.LASF2
  35 0029 01        		.byte	0x1
  36 002a 7E        		.byte	0x7e
  37 002b 16        		.byte	0x16
  38 002c 3A00 0000 		.long	0x3a
  39 0030 04        		.uleb128 0x4
  40 0031 2400 0000 		.long	0x24
  41 0035 05        		.uleb128 0x5
  42 0036 2400 0000 		.long	0x24
  43 003a 02        		.uleb128 0x2
  44 003b 01        		.byte	0x1
  45 003c 08        		.byte	0x8
  46 003d 0000 0000 		.long	.LASF1
  47 0041 06        		.uleb128 0x6
  48 0042 02        		.byte	0x2
  49 0043 05        		.byte	0x5
  50 0044 696E 7400 		.string	"int"
  51 0048 03        		.uleb128 0x3
  52 0049 0000 0000 		.long	.LASF3
  53 004d 01        		.byte	0x1
  54 004e 80        		.byte	0x80
  55 004f 16        		.byte	0x16
  56 0050 5400 0000 		.long	0x54
  57 0054 02        		.uleb128 0x2
  58 0055 02        		.byte	0x2
  59 0056 07        		.byte	0x7
  60 0057 0000 0000 		.long	.LASF4
  61 005b 02        		.uleb128 0x2
  62 005c 04        		.byte	0x4
  63 005d 05        		.byte	0x5
  64 005e 0000 0000 		.long	.LASF5
  65 0062 02        		.uleb128 0x2
  66 0063 04        		.byte	0x4
  67 0064 07        		.byte	0x7
  68 0065 0000 0000 		.long	.LASF6
  69 0069 02        		.uleb128 0x2
  70 006a 08        		.byte	0x8
  71 006b 05        		.byte	0x5
  72 006c 0000 0000 		.long	.LASF7
  73 0070 02        		.uleb128 0x2
  74 0071 08        		.byte	0x8
  75 0072 07        		.byte	0x7
  76 0073 0000 0000 		.long	.LASF8
  77 0077 07        		.uleb128 0x7
  78 0078 0000 0000 		.long	.LASF36
  79 007c 07        		.byte	0x7
  80 007d 01        		.byte	0x1
  81 007e 3A00 0000 		.long	0x3a
  82 0082 07        		.byte	0x7
  83 0083 4E        		.byte	0x4e
  84 0084 09        		.byte	0x9
  85 0085 AE00 0000 		.long	0xae
  86 0089 08        		.uleb128 0x8
  87 008a 0000 0000 		.long	.LASF9
  88 008e 00        		.byte	0
  89 008f 08        		.uleb128 0x8
  90 0090 0000 0000 		.long	.LASF10
  91 0094 01        		.byte	0x1
  92 0095 08        		.uleb128 0x8
  93 0096 0000 0000 		.long	.LASF11
  94 009a 02        		.byte	0x2
  95 009b 08        		.uleb128 0x8
  96 009c 0000 0000 		.long	.LASF12
  97 00a0 03        		.byte	0x3
  98 00a1 08        		.uleb128 0x8
  99 00a2 0000 0000 		.long	.LASF13
 100 00a6 04        		.byte	0x4
 101 00a7 08        		.uleb128 0x8
 102 00a8 0000 0000 		.long	.LASF14
 103 00ac 05        		.byte	0x5
 104 00ad 00        		.byte	0
 105 00ae 09        		.uleb128 0x9
 106 00af 08        		.byte	0x8
 107 00b0 02        		.byte	0x2
 108 00b1 A3        		.byte	0xa3
 109 00b2 0C        		.byte	0xc
 110 00b3 0301 0000 		.long	0x103
 111 00b7 0A        		.uleb128 0xa
 112 00b8 0000 0000 		.long	.LASF15
 113 00bc 02        		.byte	0x2
 114 00bd A5        		.byte	0xa5
 115 00be 0E        		.byte	0xe
 116 00bf 2400 0000 		.long	0x24
 117 00c3 02        		.byte	0x2
 118 00c4 23        		.byte	0x23
 119 00c5 00        		.uleb128 0
 120 00c6 0A        		.uleb128 0xa
 121 00c7 0000 0000 		.long	.LASF16
 122 00cb 02        		.byte	0x2
 123 00cc A6        		.byte	0xa6
 124 00cd 0E        		.byte	0xe
 125 00ce 2400 0000 		.long	0x24
 126 00d2 02        		.byte	0x2
 127 00d3 23        		.byte	0x23
 128 00d4 01        		.uleb128 0x1
 129 00d5 0A        		.uleb128 0xa
 130 00d6 0000 0000 		.long	.LASF17
 131 00da 02        		.byte	0x2
 132 00db A7        		.byte	0xa7
 133 00dc 0E        		.byte	0xe
 134 00dd 4800 0000 		.long	0x48
 135 00e1 02        		.byte	0x2
 136 00e2 23        		.byte	0x23
 137 00e3 02        		.uleb128 0x2
 138 00e4 0A        		.uleb128 0xa
 139 00e5 0000 0000 		.long	.LASF18
 140 00e9 02        		.byte	0x2
 141 00ea A8        		.byte	0xa8
 142 00eb 0E        		.byte	0xe
 143 00ec 4800 0000 		.long	0x48
 144 00f0 02        		.byte	0x2
 145 00f1 23        		.byte	0x23
 146 00f2 04        		.uleb128 0x4
 147 00f3 0A        		.uleb128 0xa
 148 00f4 0000 0000 		.long	.LASF19
 149 00f8 02        		.byte	0x2
 150 00f9 A9        		.byte	0xa9
 151 00fa 0E        		.byte	0xe
 152 00fb 4800 0000 		.long	0x48
 153 00ff 02        		.byte	0x2
 154 0100 23        		.byte	0x23
 155 0101 06        		.uleb128 0x6
 156 0102 00        		.byte	0
 157 0103 03        		.uleb128 0x3
 158 0104 0000 0000 		.long	.LASF20
 159 0108 02        		.byte	0x2
 160 0109 AA        		.byte	0xaa
 161 010a 12        		.byte	0x12
 162 010b AE00 0000 		.long	0xae
 163 010f 0B        		.uleb128 0xb
 164 0110 0000 0000 		.long	.LASF21
 165 0114 03        		.byte	0x3
 166 0115 5E        		.byte	0x5e
 167 0116 13        		.byte	0x13
 168 0117 2400 0000 		.long	0x24
 169 011b 01        		.byte	0x1
 170 011c 01        		.byte	0x1
 171 011d 0B        		.uleb128 0xb
 172 011e 0000 0000 		.long	.LASF22
 173 0122 03        		.byte	0x3
 174 0123 6E        		.byte	0x6e
 175 0124 11        		.byte	0x11
 176 0125 2B01 0000 		.long	0x12b
 177 0129 01        		.byte	0x1
 178 012a 01        		.byte	0x1
 179 012b 02        		.uleb128 0x2
 180 012c 01        		.byte	0x1
 181 012d 02        		.byte	0x2
 182 012e 0000 0000 		.long	.LASF23
 183 0132 04        		.uleb128 0x4
 184 0133 2B01 0000 		.long	0x12b
 185 0137 0B        		.uleb128 0xb
 186 0138 0000 0000 		.long	.LASF24
 187 013c 03        		.byte	0x3
 188 013d 78        		.byte	0x78
 189 013e 11        		.byte	0x11
 190 013f 2B01 0000 		.long	0x12b
 191 0143 01        		.byte	0x1
 192 0144 01        		.byte	0x1
 193 0145 0B        		.uleb128 0xb
 194 0146 0000 0000 		.long	.LASF25
 195 014a 04        		.byte	0x4
 196 014b 51        		.byte	0x51
 197 014c 19        		.byte	0x19
 198 014d 3201 0000 		.long	0x132
 199 0151 01        		.byte	0x1
 200 0152 01        		.byte	0x1
 201 0153 0B        		.uleb128 0xb
 202 0154 0000 0000 		.long	.LASF26
 203 0158 04        		.byte	0x4
 204 0159 5B        		.byte	0x5b
 205 015a 21        		.byte	0x21
 206 015b 0301 0000 		.long	0x103
 207 015f 01        		.byte	0x1
 208 0160 01        		.byte	0x1
 209 0161 0B        		.uleb128 0xb
 210 0162 0000 0000 		.long	.LASF27
 211 0166 04        		.byte	0x4
 212 0167 90        		.byte	0x90
 213 0168 1E        		.byte	0x1e
 214 0169 3000 0000 		.long	0x30
 215 016d 01        		.byte	0x1
 216 016e 01        		.byte	0x1
 217 016f 0C        		.uleb128 0xc
 218 0170 4501 0000 		.long	0x145
 219 0174 05        		.byte	0x5
 220 0175 23        		.byte	0x23
 221 0176 16        		.byte	0x16
 222 0177 0C        		.uleb128 0xc
 223 0178 5301 0000 		.long	0x153
 224 017c 05        		.byte	0x5
 225 017d 24        		.byte	0x24
 226 017e 16        		.byte	0x16
 227 017f 0C        		.uleb128 0xc
 228 0180 6101 0000 		.long	0x161
 229 0184 05        		.byte	0x5
 230 0185 2B        		.byte	0x2b
 231 0186 16        		.byte	0x16
 232 0187 0D        		.uleb128 0xd
 233 0188 0000 0000 		.long	.LASF28
 234 018c 05        		.byte	0x5
 235 018d 3D        		.byte	0x3d
 236 018e 0D        		.byte	0xd
 237 018f 01        		.byte	0x1
 238 0190 A101 0000 		.long	0x1a1
 239 0194 0E        		.uleb128 0xe
 240 0195 0000 0000 		.long	.LASF37
 241 0199 05        		.byte	0x5
 242 019a 42        		.byte	0x42
 243 019b 0A        		.byte	0xa
 244 019c 2400 0000 		.long	0x24
 245 01a0 00        		.byte	0
 246 01a1 0F        		.uleb128 0xf
 247 01a2 01        		.byte	0x1
 248 01a3 0000 0000 		.long	.LASF38
 249 01a7 05        		.byte	0x5
 250 01a8 2E        		.byte	0x2e
 251 01a9 06        		.byte	0x6
 252 01aa 01        		.byte	0x1
 253 01ab 10        		.uleb128 0x10
 254 01ac 0000 0000 		.long	.LASF30
 255 01b0 06        		.byte	0x6
 256 01b1 AD01      		.word	0x1ad
 257 01b3 17        		.byte	0x17
 258 01b4 01        		.byte	0x1
 259 01b5 2B01 0000 		.long	0x12b
 260 01b9 11        		.uleb128 0x11
 261 01ba 0000 0000 		.long	.LASF29
 262 01be 06        		.byte	0x6
 263 01bf 0B01      		.word	0x10b
 264 01c1 17        		.byte	0x17
 265 01c2 01        		.byte	0x1
 266 01c3 D501 0000 		.long	0x1d5
 267 01c7 12        		.uleb128 0x12
 268 01c8 0000 0000 		.long	.LASF39
 269 01cc 06        		.byte	0x6
 270 01cd 0B01      		.word	0x10b
 271 01cf 3D        		.byte	0x3d
 272 01d0 3500 0000 		.long	0x35
 273 01d4 00        		.byte	0
 274 01d5 13        		.uleb128 0x13
 275 01d6 0000 0000 		.long	.LASF31
 276 01da 06        		.byte	0x6
 277 01db FA        		.byte	0xfa
 278 01dc 1A        		.byte	0x1a
 279 01dd 01        		.byte	0x1
 280 01de 2400 0000 		.long	0x24
 281 01e2 13        		.uleb128 0x13
 282 01e3 0000 0000 		.long	.LASF32
 283 01e7 06        		.byte	0x6
 284 01e8 EE        		.byte	0xee
 285 01e9 1A        		.byte	0x1a
 286 01ea 01        		.byte	0x1
 287 01eb 2400 0000 		.long	0x24
 288 01ef 00        		.byte	0
 289               		.section	.gnu.debuglto_.debug_abbrev,"",@progbits
 290               	.Ldebug_abbrev0:
 291 0000 01        		.uleb128 0x1
 292 0001 11        		.uleb128 0x11
 293 0002 01        		.byte	0x1
 294 0003 25        		.uleb128 0x25
 295 0004 0E        		.uleb128 0xe
 296 0005 13        		.uleb128 0x13
 297 0006 0B        		.uleb128 0xb
 298 0007 03        		.uleb128 0x3
 299 0008 0E        		.uleb128 0xe
 300 0009 1B        		.uleb128 0x1b
 301 000a 0E        		.uleb128 0xe
 302 000b 10        		.uleb128 0x10
 303 000c 06        		.uleb128 0x6
 304 000d 00        		.byte	0
 305 000e 00        		.byte	0
 306 000f 02        		.uleb128 0x2
 307 0010 24        		.uleb128 0x24
 308 0011 00        		.byte	0
 309 0012 0B        		.uleb128 0xb
 310 0013 0B        		.uleb128 0xb
 311 0014 3E        		.uleb128 0x3e
 312 0015 0B        		.uleb128 0xb
 313 0016 03        		.uleb128 0x3
 314 0017 0E        		.uleb128 0xe
 315 0018 00        		.byte	0
 316 0019 00        		.byte	0
 317 001a 03        		.uleb128 0x3
 318 001b 16        		.uleb128 0x16
 319 001c 00        		.byte	0
 320 001d 03        		.uleb128 0x3
 321 001e 0E        		.uleb128 0xe
 322 001f 3A        		.uleb128 0x3a
 323 0020 0B        		.uleb128 0xb
 324 0021 3B        		.uleb128 0x3b
 325 0022 0B        		.uleb128 0xb
 326 0023 39        		.uleb128 0x39
 327 0024 0B        		.uleb128 0xb
 328 0025 49        		.uleb128 0x49
 329 0026 13        		.uleb128 0x13
 330 0027 00        		.byte	0
 331 0028 00        		.byte	0
 332 0029 04        		.uleb128 0x4
 333 002a 35        		.uleb128 0x35
 334 002b 00        		.byte	0
 335 002c 49        		.uleb128 0x49
 336 002d 13        		.uleb128 0x13
 337 002e 00        		.byte	0
 338 002f 00        		.byte	0
 339 0030 05        		.uleb128 0x5
 340 0031 26        		.uleb128 0x26
 341 0032 00        		.byte	0
 342 0033 49        		.uleb128 0x49
 343 0034 13        		.uleb128 0x13
 344 0035 00        		.byte	0
 345 0036 00        		.byte	0
 346 0037 06        		.uleb128 0x6
 347 0038 24        		.uleb128 0x24
 348 0039 00        		.byte	0
 349 003a 0B        		.uleb128 0xb
 350 003b 0B        		.uleb128 0xb
 351 003c 3E        		.uleb128 0x3e
 352 003d 0B        		.uleb128 0xb
 353 003e 03        		.uleb128 0x3
 354 003f 08        		.uleb128 0x8
 355 0040 00        		.byte	0
 356 0041 00        		.byte	0
 357 0042 07        		.uleb128 0x7
 358 0043 04        		.uleb128 0x4
 359 0044 01        		.byte	0x1
 360 0045 03        		.uleb128 0x3
 361 0046 0E        		.uleb128 0xe
 362 0047 3E        		.uleb128 0x3e
 363 0048 0B        		.uleb128 0xb
 364 0049 0B        		.uleb128 0xb
 365 004a 0B        		.uleb128 0xb
 366 004b 49        		.uleb128 0x49
 367 004c 13        		.uleb128 0x13
 368 004d 3A        		.uleb128 0x3a
 369 004e 0B        		.uleb128 0xb
 370 004f 3B        		.uleb128 0x3b
 371 0050 0B        		.uleb128 0xb
 372 0051 39        		.uleb128 0x39
 373 0052 0B        		.uleb128 0xb
 374 0053 01        		.uleb128 0x1
 375 0054 13        		.uleb128 0x13
 376 0055 00        		.byte	0
 377 0056 00        		.byte	0
 378 0057 08        		.uleb128 0x8
 379 0058 28        		.uleb128 0x28
 380 0059 00        		.byte	0
 381 005a 03        		.uleb128 0x3
 382 005b 0E        		.uleb128 0xe
 383 005c 1C        		.uleb128 0x1c
 384 005d 0B        		.uleb128 0xb
 385 005e 00        		.byte	0
 386 005f 00        		.byte	0
 387 0060 09        		.uleb128 0x9
 388 0061 13        		.uleb128 0x13
 389 0062 01        		.byte	0x1
 390 0063 0B        		.uleb128 0xb
 391 0064 0B        		.uleb128 0xb
 392 0065 3A        		.uleb128 0x3a
 393 0066 0B        		.uleb128 0xb
 394 0067 3B        		.uleb128 0x3b
 395 0068 0B        		.uleb128 0xb
 396 0069 39        		.uleb128 0x39
 397 006a 0B        		.uleb128 0xb
 398 006b 01        		.uleb128 0x1
 399 006c 13        		.uleb128 0x13
 400 006d 00        		.byte	0
 401 006e 00        		.byte	0
 402 006f 0A        		.uleb128 0xa
 403 0070 0D        		.uleb128 0xd
 404 0071 00        		.byte	0
 405 0072 03        		.uleb128 0x3
 406 0073 0E        		.uleb128 0xe
 407 0074 3A        		.uleb128 0x3a
 408 0075 0B        		.uleb128 0xb
 409 0076 3B        		.uleb128 0x3b
 410 0077 0B        		.uleb128 0xb
 411 0078 39        		.uleb128 0x39
 412 0079 0B        		.uleb128 0xb
 413 007a 49        		.uleb128 0x49
 414 007b 13        		.uleb128 0x13
 415 007c 38        		.uleb128 0x38
 416 007d 0A        		.uleb128 0xa
 417 007e 00        		.byte	0
 418 007f 00        		.byte	0
 419 0080 0B        		.uleb128 0xb
 420 0081 34        		.uleb128 0x34
 421 0082 00        		.byte	0
 422 0083 03        		.uleb128 0x3
 423 0084 0E        		.uleb128 0xe
 424 0085 3A        		.uleb128 0x3a
 425 0086 0B        		.uleb128 0xb
 426 0087 3B        		.uleb128 0x3b
 427 0088 0B        		.uleb128 0xb
 428 0089 39        		.uleb128 0x39
 429 008a 0B        		.uleb128 0xb
 430 008b 49        		.uleb128 0x49
 431 008c 13        		.uleb128 0x13
 432 008d 3F        		.uleb128 0x3f
 433 008e 0C        		.uleb128 0xc
 434 008f 3C        		.uleb128 0x3c
 435 0090 0C        		.uleb128 0xc
 436 0091 00        		.byte	0
 437 0092 00        		.byte	0
 438 0093 0C        		.uleb128 0xc
 439 0094 34        		.uleb128 0x34
 440 0095 00        		.byte	0
 441 0096 47        		.uleb128 0x47
 442 0097 13        		.uleb128 0x13
 443 0098 3A        		.uleb128 0x3a
 444 0099 0B        		.uleb128 0xb
 445 009a 3B        		.uleb128 0x3b
 446 009b 0B        		.uleb128 0xb
 447 009c 39        		.uleb128 0x39
 448 009d 0B        		.uleb128 0xb
 449 009e 00        		.byte	0
 450 009f 00        		.byte	0
 451 00a0 0D        		.uleb128 0xd
 452 00a1 2E        		.uleb128 0x2e
 453 00a2 01        		.byte	0x1
 454 00a3 03        		.uleb128 0x3
 455 00a4 0E        		.uleb128 0xe
 456 00a5 3A        		.uleb128 0x3a
 457 00a6 0B        		.uleb128 0xb
 458 00a7 3B        		.uleb128 0x3b
 459 00a8 0B        		.uleb128 0xb
 460 00a9 39        		.uleb128 0x39
 461 00aa 0B        		.uleb128 0xb
 462 00ab 27        		.uleb128 0x27
 463 00ac 0C        		.uleb128 0xc
 464 00ad 01        		.uleb128 0x1
 465 00ae 13        		.uleb128 0x13
 466 00af 00        		.byte	0
 467 00b0 00        		.byte	0
 468 00b1 0E        		.uleb128 0xe
 469 00b2 34        		.uleb128 0x34
 470 00b3 00        		.byte	0
 471 00b4 03        		.uleb128 0x3
 472 00b5 0E        		.uleb128 0xe
 473 00b6 3A        		.uleb128 0x3a
 474 00b7 0B        		.uleb128 0xb
 475 00b8 3B        		.uleb128 0x3b
 476 00b9 0B        		.uleb128 0xb
 477 00ba 39        		.uleb128 0x39
 478 00bb 0B        		.uleb128 0xb
 479 00bc 49        		.uleb128 0x49
 480 00bd 13        		.uleb128 0x13
 481 00be 00        		.byte	0
 482 00bf 00        		.byte	0
 483 00c0 0F        		.uleb128 0xf
 484 00c1 2E        		.uleb128 0x2e
 485 00c2 00        		.byte	0
 486 00c3 3F        		.uleb128 0x3f
 487 00c4 0C        		.uleb128 0xc
 488 00c5 03        		.uleb128 0x3
 489 00c6 0E        		.uleb128 0xe
 490 00c7 3A        		.uleb128 0x3a
 491 00c8 0B        		.uleb128 0xb
 492 00c9 3B        		.uleb128 0x3b
 493 00ca 0B        		.uleb128 0xb
 494 00cb 39        		.uleb128 0x39
 495 00cc 0B        		.uleb128 0xb
 496 00cd 27        		.uleb128 0x27
 497 00ce 0C        		.uleb128 0xc
 498 00cf 00        		.byte	0
 499 00d0 00        		.byte	0
 500 00d1 10        		.uleb128 0x10
 501 00d2 2E        		.uleb128 0x2e
 502 00d3 00        		.byte	0
 503 00d4 03        		.uleb128 0x3
 504 00d5 0E        		.uleb128 0xe
 505 00d6 3A        		.uleb128 0x3a
 506 00d7 0B        		.uleb128 0xb
 507 00d8 3B        		.uleb128 0x3b
 508 00d9 05        		.uleb128 0x5
 509 00da 39        		.uleb128 0x39
 510 00db 0B        		.uleb128 0xb
 511 00dc 27        		.uleb128 0x27
 512 00dd 0C        		.uleb128 0xc
 513 00de 49        		.uleb128 0x49
 514 00df 13        		.uleb128 0x13
 515 00e0 00        		.byte	0
 516 00e1 00        		.byte	0
 517 00e2 11        		.uleb128 0x11
 518 00e3 2E        		.uleb128 0x2e
 519 00e4 01        		.byte	0x1
 520 00e5 03        		.uleb128 0x3
 521 00e6 0E        		.uleb128 0xe
 522 00e7 3A        		.uleb128 0x3a
 523 00e8 0B        		.uleb128 0xb
 524 00e9 3B        		.uleb128 0x3b
 525 00ea 05        		.uleb128 0x5
 526 00eb 39        		.uleb128 0x39
 527 00ec 0B        		.uleb128 0xb
 528 00ed 27        		.uleb128 0x27
 529 00ee 0C        		.uleb128 0xc
 530 00ef 01        		.uleb128 0x1
 531 00f0 13        		.uleb128 0x13
 532 00f1 00        		.byte	0
 533 00f2 00        		.byte	0
 534 00f3 12        		.uleb128 0x12
 535 00f4 05        		.uleb128 0x5
 536 00f5 00        		.byte	0
 537 00f6 03        		.uleb128 0x3
 538 00f7 0E        		.uleb128 0xe
 539 00f8 3A        		.uleb128 0x3a
 540 00f9 0B        		.uleb128 0xb
 541 00fa 3B        		.uleb128 0x3b
 542 00fb 05        		.uleb128 0x5
 543 00fc 39        		.uleb128 0x39
 544 00fd 0B        		.uleb128 0xb
 545 00fe 49        		.uleb128 0x49
 546 00ff 13        		.uleb128 0x13
 547 0100 00        		.byte	0
 548 0101 00        		.byte	0
 549 0102 13        		.uleb128 0x13
 550 0103 2E        		.uleb128 0x2e
 551 0104 00        		.byte	0
 552 0105 03        		.uleb128 0x3
 553 0106 0E        		.uleb128 0xe
 554 0107 3A        		.uleb128 0x3a
 555 0108 0B        		.uleb128 0xb
 556 0109 3B        		.uleb128 0x3b
 557 010a 0B        		.uleb128 0xb
 558 010b 39        		.uleb128 0x39
 559 010c 0B        		.uleb128 0xb
 560 010d 27        		.uleb128 0x27
 561 010e 0C        		.uleb128 0xc
 562 010f 49        		.uleb128 0x49
 563 0110 13        		.uleb128 0x13
 564 0111 00        		.byte	0
 565 0112 00        		.byte	0
 566 0113 00        		.byte	0
 567               		.section	.gnu.debuglto_.debug_line,"",@progbits
 568               	.Ldebug_line0:
 569 0000 7D01 0000 		.long	.LELT0-.LSLT0
 570               	.LSLT0:
 571 0004 0200      		.word	0x2
 572 0006 7701 0000 		.long	.LELTP0-.LASLTP0
 573               	.LASLTP0:
 574 000a 01        		.byte	0x1
 575 000b 01        		.byte	0x1
 576 000c F6        		.byte	0xf6
 577 000d F2        		.byte	0xf2
 578 000e 0D        		.byte	0xd
 579 000f 00        		.byte	0
 580 0010 01        		.byte	0x1
 581 0011 01        		.byte	0x1
 582 0012 01        		.byte	0x1
 583 0013 01        		.byte	0x1
 584 0014 00        		.byte	0
 585 0015 00        		.byte	0
 586 0016 00        		.byte	0
 587 0017 01        		.byte	0x1
 588 0018 00        		.byte	0
 589 0019 00        		.byte	0
 590 001a 01        		.byte	0x1
 591 001b 633A 5C75 		.ascii	"c:\\users\\nonej\\documents\\keyboard\\msys64\\home\\nonej\\"
 591      7365 7273 
 591      5C6E 6F6E 
 591      656A 5C64 
 591      6F63 756D 
 592 004f 716D 6B5F 		.ascii	"qmk_utils\\avr8-gnu-toolchain\\avr\\include"
 592      7574 696C 
 592      735C 6176 
 592      7238 2D67 
 592      6E75 2D74 
 593 0077 00        		.byte	0
 594 0078 6C69 622F 		.ascii	"lib/lufa/LUFA/Drivers/USB/Core"
 594      6C75 6661 
 594      2F4C 5546 
 594      412F 4472 
 594      6976 6572 
 595 0096 00        		.byte	0
 596 0097 6C69 622F 		.ascii	"lib/lufa/LUFA/Drivers/USB/Core/AVR8/.."
 596      6C75 6661 
 596      2F4C 5546 
 596      412F 4472 
 596      6976 6572 
 597 00bd 00        		.byte	0
 598 00be 6C69 622F 		.ascii	"lib/lufa/LUFA/Drivers/USB/Core/AVR8/../AVR8"
 598      6C75 6661 
 598      2F4C 5546 
 598      412F 4472 
 598      6976 6572 
 599 00e9 00        		.byte	0
 600 00ea 00        		.byte	0
 601 00eb 7374 6469 		.string	"stdint.h"
 601      6E74 2E68 
 601      00
 602 00f4 01        		.uleb128 0x1
 603 00f5 00        		.uleb128 0
 604 00f6 00        		.uleb128 0
 605 00f7 4156 5238 		.string	"AVR8/../StdRequestType.h"
 605      2F2E 2E2F 
 605      5374 6452 
 605      6571 7565 
 605      7374 5479 
 606 0110 02        		.uleb128 0x2
 607 0111 00        		.uleb128 0
 608 0112 00        		.uleb128 0
 609 0113 4156 5238 		.string	"AVR8/../DeviceStandardReq.h"
 609      2F2E 2E2F 
 609      4465 7669 
 609      6365 5374 
 609      616E 6461 
 610 012f 02        		.uleb128 0x2
 611 0130 00        		.uleb128 0
 612 0131 00        		.uleb128 0
 613 0132 5553 4254 		.string	"USBTask.h"
 613      6173 6B2E 
 613      6800 
 614 013c 02        		.uleb128 0x2
 615 013d 00        		.uleb128 0
 616 013e 00        		.uleb128 0
 617 013f 5553 4254 		.string	"USBTask.c"
 617      6173 6B2E 
 617      6300 
 618 0149 02        		.uleb128 0x2
 619 014a 00        		.uleb128 0
 620 014b 00        		.uleb128 0
 621 014c 4156 5238 		.string	"AVR8/../AVR8/Endpoint_AVR8.h"
 621      2F2E 2E2F 
 621      4156 5238 
 621      2F45 6E64 
 621      706F 696E 
 622 0169 02        		.uleb128 0x2
 623 016a 00        		.uleb128 0
 624 016b 00        		.uleb128 0
 625 016c 4156 5238 		.string	"AVR8/../Device.h"
 625      2F2E 2E2F 
 625      4465 7669 
 625      6365 2E68 
 625      00
 626 017d 02        		.uleb128 0x2
 627 017e 00        		.uleb128 0
 628 017f 00        		.uleb128 0
 629 0180 00        		.byte	0
 630               	.LELTP0:
 631               	.LELT0:
 632               		.section	.gnu.debuglto_.debug_str,"MS",@progbits,1
 633               	.LASF38:
 634 0000 5553 425F 		.string	"USB_USBTask"
 634      5553 4254 
 634      6173 6B00 
 635               	.LASF9:
 636 000c 4445 5649 		.string	"DEVICE_STATE_Unattached"
 636      4345 5F53 
 636      5441 5445 
 636      5F55 6E61 
 636      7474 6163 
 637               	.LASF32:
 638 0024 456E 6470 		.string	"Endpoint_GetEndpointDirection"
 638      6F69 6E74 
 638      5F47 6574 
 638      456E 6470 
 638      6F69 6E74 
 639               	.LASF26:
 640 0042 5553 425F 		.string	"USB_ControlRequest"
 640      436F 6E74 
 640      726F 6C52 
 640      6571 7565 
 640      7374 00
 641               	.LASF27:
 642 0055 5553 425F 		.string	"USB_DeviceState"
 642      4465 7669 
 642      6365 5374 
 642      6174 6500 
 643               	.LASF36:
 644 0065 5553 425F 		.string	"USB_Device_States_t"
 644      4465 7669 
 644      6365 5F53 
 644      7461 7465 
 644      735F 7400 
 645               	.LASF16:
 646 0079 6252 6571 		.string	"bRequest"
 646      7565 7374 
 646      00
 647               	.LASF12:
 648 0082 4445 5649 		.string	"DEVICE_STATE_Addressed"
 648      4345 5F53 
 648      5441 5445 
 648      5F41 6464 
 648      7265 7373 
 649               	.LASF28:
 650 0099 5553 425F 		.string	"USB_DeviceTask"
 650      4465 7669 
 650      6365 5461 
 650      736B 00
 651               	.LASF17:
 652 00a8 7756 616C 		.string	"wValue"
 652      7565 00
 653               	.LASF1:
 654 00af 756E 7369 		.string	"unsigned char"
 654      676E 6564 
 654      2063 6861 
 654      7200 
 655               	.LASF24:
 656 00bd 5553 425F 		.string	"USB_Device_CurrentlySelfPowered"
 656      4465 7669 
 656      6365 5F43 
 656      7572 7265 
 656      6E74 6C79 
 657               	.LASF39:
 658 00dd 4164 6472 		.string	"Address"
 658      6573 7300 
 659               	.LASF6:
 660 00e5 6C6F 6E67 		.string	"long unsigned int"
 660      2075 6E73 
 660      6967 6E65 
 660      6420 696E 
 660      7400 
 661               	.LASF20:
 662 00f7 5553 425F 		.string	"USB_Request_Header_t"
 662      5265 7175 
 662      6573 745F 
 662      4865 6164 
 662      6572 5F74 
 663               	.LASF14:
 664 010c 4445 5649 		.string	"DEVICE_STATE_Suspended"
 664      4345 5F53 
 664      5441 5445 
 664      5F53 7573 
 664      7065 6E64 
 665               	.LASF25:
 666 0123 5553 425F 		.string	"USB_IsInitialized"
 666      4973 496E 
 666      6974 6961 
 666      6C69 7A65 
 666      6400 
 667               	.LASF19:
 668 0135 774C 656E 		.string	"wLength"
 668      6774 6800 
 669               	.LASF13:
 670 013d 4445 5649 		.string	"DEVICE_STATE_Configured"
 670      4345 5F53 
 670      5441 5445 
 670      5F43 6F6E 
 670      6669 6775 
 671               	.LASF4:
 672 0155 756E 7369 		.string	"unsigned int"
 672      676E 6564 
 672      2069 6E74 
 672      00
 673               	.LASF33:
 674 0162 474E 5520 		.string	"GNU C99 8.3.0 -mn-flash=1 -mno-skip-bug -mmcu=avr5 -gdwarf-2 -Os -std=gnu99 -funsigned-ch
 674      4339 3920 
 674      382E 332E 
 674      3020 2D6D 
 674      6E2D 666C 
 675               	.LASF8:
 676 024a 6C6F 6E67 		.string	"long long unsigned int"
 676      206C 6F6E 
 676      6720 756E 
 676      7369 676E 
 676      6564 2069 
 677               	.LASF2:
 678 0261 7569 6E74 		.string	"uint8_t"
 678      385F 7400 
 679               	.LASF30:
 680 0269 456E 6470 		.string	"Endpoint_IsSETUPReceived"
 680      6F69 6E74 
 680      5F49 7353 
 680      4554 5550 
 680      5265 6365 
 681               	.LASF37:
 682 0282 5072 6576 		.string	"PrevEndpoint"
 682      456E 6470 
 682      6F69 6E74 
 682      00
 683               	.LASF34:
 684 028f 6C69 622F 		.string	"lib/lufa/LUFA/Drivers/USB/Core/USBTask.c"
 684      6C75 6661 
 684      2F4C 5546 
 684      412F 4472 
 684      6976 6572 
 685               	.LASF29:
 686 02b8 456E 6470 		.string	"Endpoint_SelectEndpoint"
 686      6F69 6E74 
 686      5F53 656C 
 686      6563 7445 
 686      6E64 706F 
 687               	.LASF7:
 688 02d0 6C6F 6E67 		.string	"long long int"
 688      206C 6F6E 
 688      6720 696E 
 688      7400 
 689               	.LASF15:
 690 02de 626D 5265 		.string	"bmRequestType"
 690      7175 6573 
 690      7454 7970 
 690      6500 
 691               	.LASF11:
 692 02ec 4445 5649 		.string	"DEVICE_STATE_Default"
 692      4345 5F53 
 692      5441 5445 
 692      5F44 6566 
 692      6175 6C74 
 693               	.LASF18:
 694 0301 7749 6E64 		.string	"wIndex"
 694      6578 00
 695               	.LASF3:
 696 0308 7569 6E74 		.string	"uint16_t"
 696      3136 5F74 
 696      00
 697               	.LASF35:
 698 0311 433A 5C55 		.string	"C:\\Users\\nonej\\Documents\\Keyboard\\msys64\\home\\nonej\\qmk_firmware"
 698      7365 7273 
 698      5C6E 6F6E 
 698      656A 5C44 
 698      6F63 756D 
 699               	.LASF5:
 700 0352 6C6F 6E67 		.string	"long int"
 700      2069 6E74 
 700      00
 701               	.LASF21:
 702 035b 5553 425F 		.string	"USB_Device_ConfigurationNumber"
 702      4465 7669 
 702      6365 5F43 
 702      6F6E 6669 
 702      6775 7261 
 703               	.LASF0:
 704 037a 7369 676E 		.string	"signed char"
 704      6564 2063 
 704      6861 7200 
 705               	.LASF31:
 706 0386 456E 6470 		.string	"Endpoint_GetCurrentEndpoint"
 706      6F69 6E74 
 706      5F47 6574 
 706      4375 7272 
 706      656E 7445 
 707               	.LASF23:
 708 03a2 5F42 6F6F 		.string	"_Bool"
 708      6C00 
 709               	.LASF22:
 710 03a8 5553 425F 		.string	"USB_Device_RemoteWakeupEnabled"
 710      4465 7669 
 710      6365 5F52 
 710      656D 6F74 
 710      6557 616B 
 711               	.LASF10:
 712 03c7 4445 5649 		.string	"DEVICE_STATE_Powered"
 712      4345 5F53 
 712      5441 5445 
 712      5F50 6F77 
 712      6572 6564 
 713               		.text
 714               		.section	.gnu.lto_.profile.54afba9f,"",@progbits
 715 0000 789C 6367 		.string	"x\234cg`\004B "
 715      6004 4220 
 715      00
 716 0009 00        		.string	""
 717 000a 00        		.string	""
 718 000b 5400      		.string	"T"
 719 000d 0A        		.ascii	"\n"
 720               		.text
 721               		.section	.gnu.lto_.icf.54afba9f,"",@progbits
 722 0000 789C 6367 		.string	"x\234cg`d\020a@"
 722      6064 1061 
 722      4000 
 723 000a 6686 CF3F 		.string	"f\206\317?\332\372\331\230v}:\177\215\211\271\377\357\373\347\274\f"
 723      DAFA D998 
 723      767D 3A7F 
 723      8D89 B9FF 
 723      EFFB E7BC 
 724 0020 6870 09ED 		.ascii	"hp\t\355"
 725               		.text
 726               		.section	.gnu.lto_.jmpfuncs.54afba9f,"",@progbits
 727 0000 789C 6367 		.string	"x\234cg`d\340b@"
 727      6064 E062 
 727      4000 
 728 000a 2638 0100 		.string	"&8\001"
 729 000e 01E2 00   		.string	"\001\342"
 730 0011 17        		.ascii	"\027"
 731               		.text
 732               		.section	.gnu.lto_.inline.54afba9f,"",@progbits
 733 0000 789C 6367 		.string	"x\234cg`d\ba@"
 733      6064 0861 
 733      4000 
 734 000a 2606 06D1 		.string	"&\006\006\321\205\3357\227\262\246120)544,`Ic``\0032\032X\222\231@\322\f\f\214\\\020\225,
 734      85DD 3797 
 734      B2A6 3132 
 734      3029 3534 
 734      342C 6049 
 735 0040 7506 121E 		.ascii	"u\006\022\036"
 736               		.text
 737               		.section	.gnu.lto_.pureconst.54afba9f,"",@progbits
 738 0000 789C 6367 		.string	"x\234cg`d`g```b\230\305\3024\203\005"
 738      6064 6067 
 738      6060 6062 
 738      98C5 C234 
 738      8305 00
 739 0013 052C 014E 		.ascii	"\005,\001N"
 740               		.text
 741               		.section	.gnu.lto_USB_DeviceTask.54afba9f,"",@progbits
 742 0000 789C 8554 		.ascii	"x\234\205T]L\\U\020>s\317\375\003v\2276\255?1<\364\211\264\204"
 742      5D4C 5C55 
 742      103E 73CF 
 742      FD03 7697 
 742      36AD 3F31 
 743 0019 EC62 4C93 		.ascii	"\354bL\2236\361\241X\365\311\007\243\326WS\n\215\304\2465\213"
 743      36F1 A158 
 743      F5C9 07A3 
 743      D657 530A 
 743      8DC4 A635 
 744 002e AD8F 3DBB 		.ascii	"\255\217=\273,\245\005\f\177\225e\325j\351\026\323\304hUL\214"
 744      2CA5 050C 
 744      7F95 65D5 
 744      6AE9 16D3 
 744      C468 554C 
 745 0043 2DE2 526A 		.ascii	"-\342Rj\333E\252@+H)l\001\205E\210\370\200\375Y\333\342\314\271"
 745      DB45 AA40 
 745      2B48 296C 
 745      0185 4588 
 745      F880 FD59 
 746 005b 776F 97D2 		.ascii	"wo\227\322\326M\356\331\271sf\346~3\363\315\030\fXJg\254\221"
 746      D64D EED9 
 746      B973 66E6 
 746      7E33 F3CD 
 746      180C 584A 
 747 0072 31F6 2E3E 		.ascii	"1\366.>\220\305@\021Bl1\002\246\242\230\363\321\211\307T\221"
 747      90C5 4011 
 747      426C 3102 
 747      A6A2 98F3 
 747      D189 C754 
 748 0087 CD0F 5FFD 		.ascii	"\315\017_\375\270@\025.\256h\027#\035\217\243F\355\230\356\333"
 748      B840 152E 
 748      AE68 1723 
 748      1D8F A346 
 748      ED98 EEDB 
 749 009b 801A 1534 		.ascii	"\200\032\0254\262V\003\246\246\3505_\324\223\265q}\340o\262\326"
 749      B256 03A6 
 749      A6E8 355F 
 749      D493 B571 
 749      7DE0 6FB2 
 750 00b0 C1B0 EF0C 		.ascii	"\301\260\357\f0m\311\004\220\2220\201\355W\270\252\351\206\t"
 750      306D C904 
 750      9092 3081 
 750      ED57 B8AA 
 750      E986 09
 751 00c3 FBE1 106F 		.ascii	"\373\341\020o\344\260x\343\303?\334\005'\360^\304\302\251\215"
 751      E4B0 78E3 
 751      C33F DC05 
 751      27F0 5EC4 
 751      C2A9 8D
 752 00d6 0151 F564 		.ascii	"\001Q\365d\2043\326\214\217\365\203\323P\200P9L\367\017|\351"
 752      8433 D68C 
 752      8FF5 83D3 
 752      5080 5039 
 752      4CF7 0F7C 
 753 00eb E685 4072 		.ascii	"\346\205@rok\373)O\376q!\202\"6\324\272\266[\210V\241F8@'pt\205"
 753      6F6B FB29 
 753      4FFE 7121 
 753      8222 36D4 
 753      BAB6 5B88 
 754 0108 67F2 A028 		.ascii	"g\362\240(\217"
 754      8F
 755 010d BC37 1FE6 		.string	"\2747\037\346d?\371\325\335\367\335\272\n\337C\276\035\032\272@\30720vrP\213\211\273K\325
 755      643F F9D5 
 755      DDF7 DDBA 
 755      0ADF 43BE 
 755      1D1A BA40 
 756 020e 2A2A 5BAA 		.string	"**[\252G4K\223\215J\f\321\030\274\260\350\241\220\034r\341<:\023\366\224\262\002\373Y\302
 756      4734 4B93 
 756      8D4A 0CD1 
 756      18BC B0E8 
 756      A190 1C72 
 757 026d F4A1 1936 		.ascii	"\364\241\0316'\331s[\267\302\273\320\242!\220\230rY\026\f.\332"
 757      27D9 735B 
 757      B7C2 BBD0 
 757      A221 9098 
 757      7259 160C 
 758 0283 DDA9 E2EA 		.ascii	"\335\251\342\352\334\315\301Q\240\356\034\340\232\323)Y\227\261"
 758      DCCD C151 
 758      A0EE 1CE0 
 758      9AD3 2959 
 758      97B1 
 759 0295 A59B 8A55 		.ascii	"\245\233\212U\bO\230\273\351\213M\325\361\034K\223+\253\343Y"
 759      084F 98BB 
 759      E98B 4DD5 
 759      F11C 4B93 
 759      2BAB E359 
 760 02a9 56C0 55A8 		.ascii	"V\300U\250\306\274\203\327jk\242\036\352$\221\037\325\262\026"
 760      C6BC 83D7 
 760      6A6B A21E 
 760      EA24 911F 
 760      D5B2 16
 761 02bc 1D4E DF83 		.ascii	"\035N\337\203\353H@D\235\261\346\313\331\274\006$\001\277\371"
 761      EB48 4044 
 761      9DB1 E6CB 
 761      D9BC 0624 
 761      01BF F9
 762 02cf BA29 69AE 		.ascii	"\272)i\256\377T4\340|-D\n\343\251F!\364\b\327\341g\232/n\317"
 762      FF54 34E0 
 762      7C2D 440A 
 762      E3A9 4621 
 762      F408 D7E1 
 763 02e8 17FC 02EB 		.ascii	"\027\374\002\353Q\271\371\274\234\261\366\017\256L\2318\223\344"
 763      51B9 F9BC 
 763      9CB1 F60F 
 763      AE4C 9938 
 763      93E4 
 764 02fa 8393 9C9E 		.ascii	"\203\223\234\236I\333\207e\370\310\371\353\207\374L\226\352X"
 764      49DB 8765 
 764      F8C8 F9EB 
 764      87FC 4C96 
 764      EA58 
 765 030c 8701 BB9B 		.ascii	"\207\001\273\233\210\356\276v\222\265MG\234\006\030t\350\330"
 765      88EE BE76 
 765      92B5 4D47 
 765      9C06 1874 
 765      E8D8 
 766 031e D9B4 8C8E 		.ascii	"\331\264\214\216x\001\227dS/YM\035\257\211s\222\037\305\275\313"
 766      7801 9764 
 766      532F 594D 
 766      1DAF 8973 
 766      921F C5BD 
 767 0333 A8B5 BF8D 		.ascii	"\250\265\277\215\325\252\333*\213E\037\224\245\372\316\345L\310"
 767      D5AA DB2A 
 767      8B45 1F94 
 767      A5FA CEE5 
 767      4CC8 
 768 0345 530F 1E10 		.ascii	"S\017\036\020\025c\374\352 \352\032U2\021\341\005\fIDCi\232\315"
 768      1563 FCEA 
 768      20EA 1A55 
 768      3211 E105 
 768      0C49 4443 
 769 035c 7292 C39C 		.ascii	"r\222\303\234@\r$\246\367Z,K\022\313\272\277\275\023\315\300"
 769      400D 24A6 
 769      F75A 2C4B 
 769      12CB BABF 
 769      BD13 CDC0 
 770 0370 38EC 60FC 		.ascii	"8\354`\374-\223e\206\345{\264\353\275\026nq\310\204\2214\313"
 770      2D93 6586 
 770      E57B B4EB 
 770      BD16 6E71 
 770      C884 9134 
 771 0385 C21F 9D53 		.ascii	"\302\037\235S\254-`\244\211\265\bn4?\331~4\231C\346\270\215\001"
 771      AC2D 60A4 
 771      89B5 086E 
 771      343F D97E 
 771      3499 43E6 
 772 039c AE40 1EEF 		.ascii	"\256@\036\357\232\021w:yf\027\260\3730\ny\252\202\374\323g\307"
 772      9A11 773A 
 772      7966 17B0 
 772      FB30 0A79 
 772      AA82 FCD3 
 773 03b2 BB17 98BD 		.ascii	"\273\027\230\275)&k\353+A\026\342O\250\224\224\271\177O\031\315"
 773      2926 6BEB 
 773      2B41 16E2 
 773      4FA8 9494 
 773      B97F 4F19 
 774 03c7 5C43 A057 		.ascii	"\\C\240Wq-\341\0324\345\2621\226-\233\231\225\244\313\344\314"
 774      712D E11A 
 774      34E5 B231 
 774      962D 9B99 
 774      95A4 CBE4 
 775 03dc 5FC3 3C24 		.ascii	"_\303<$b\201u\017\247\314\230C\340\350\314J\212\214-\243\310"
 775      6281 750F 
 775      A7CC 9843 
 775      E0E8 CC4A 
 775      8A8C 2DA3 
 776 03f1 F8C3 2882 		.ascii	"\370\303(\202\027\220\220\rI\310\206\340\206\271\245\221\034"
 776      1790 900D 
 776      49C8 86E0 
 776      86B9 A591 
 776      1C
 777 0402 E6AB 317A 		.ascii	"\346\2531z\346\206\321p\303\\\303\022\246y\224x4\217&P\213Ad"
 777      E686 D170 
 777      C35C C312 
 777      A679 9478 
 777      348F 2650 
 778 0419 E6A6 B3F5 		.ascii	"\346\246\263\365\347Aa\366t\203\245\304\367\r\273\312K|\273\366"
 778      E741 61F6 
 778      7483 A5C4 
 778      F70D BBCA 
 778      4B7C BBF6 
 779 042d EEDC EE7B 		.ascii	"\356\334\356{i\333\213\305\276\347\375\345\373\312\374\025\276"
 779      69DB 8BC5 
 779      BEE7 FDE5 
 779      FBCA FC15 
 779      BE
 780 043e 6DAF 3EE7 		.ascii	"m\257>\347\333\272\307_F\302k\333+\336\362\356`\256\227\375e"
 780      DBBA C75F 
 780      46C2 6BDB 
 780      2BDE F2EE 
 780      60AE 97FD 
 781 0453 FB5E D85D 		.ascii	"\373^\330]\372\366\236\362\335\357\254q\364\336\242\242M;\236"
 781      FAF6 9EF2 
 781      DDEF AC71 
 781      F4DE A2A2 
 781      4D3B 9E
 782 0466 2ED9 58C2 		.ascii	".\331X\302\236\375\237P\305\257\277\262\311\347\365Z\377\351"
 782      9EFD 9F50 
 782      C5AF BFB2 
 782      C9E7 F55A 
 782      FFE9 
 783 0478 406F D09B 		.ascii	"@o\320\233\367Mf\024\227\226\372\313**\376\003\343\003vB"
 783      F74D 6614 
 783      9796 FACB 
 783      2A2A FE03 
 783      E303 7642 
 784               		.text
 785               		.section	.gnu.lto_USB_USBTask.54afba9f,"",@progbits
 786 0000 789C 6367 		.string	"x\234cg`d\330\303\300\300\240\r\304\262@\314\310\314\300\310\324\320\320\340\300\336\310\
 786      6064 D8C3 
 786      C0C0 A00D 
 786      C4B2 40CC 
 786      C8CC C0C8 
 787 004b E36E 462D 		.string	"\343nF-\006\006\240\312G\033\377M\345ec\201J1\356ad\003Z\306\300\260\376\022\353\201\206\
 787      0606 A0CA 
 787      471B FF4D 
 787      E565 6381 
 787      4A31 EE61 
 788 00f1 03B0 4C1B 		.ascii	"\003\260L\033"
 789               		.text
 790               		.section	.gnu.lto_.symbol_nodes.54afba9f,"",@progbits
 791 0000 789C 6367 		.string	"x\234cg`dhb"
 791      6064 6862 
 791      00
 792 0009 02A6 9B0C 		.string	"\002\246\233\f\365\fM\r\r\r,\214\023\3161"
 792      F50C 4D0D 
 792      0D0D 2C8C 
 792      13CE 3100 
 793 0019 D90C 3B1B 		.string	"\331\f;\033\0166\260\001\245\031\030X\25730\264*\201\024\335`\250gDQ\264\253\301\021\242\
 793      0E36 B001 
 793      A519 1858 
 793      AF33 30B4 
 793      2A81 14DD 
 794 006a 00        		.string	""
 795 006b 67B4 261E 		.ascii	"g\264&\036"
 796               		.text
 797               		.section	.gnu.lto_.refs.54afba9f,"",@progbits
 798 0000 789C 6367 		.string	"x\234cg`d`c`"
 798      6064 6063 
 798      6000 
 799 000a 920C 8C4C 		.string	"\222\f\214L\f"
 799      0C00 
 800 0010 00        		.string	""
 801 0011 C500      		.string	"\305"
 802 0013 13        		.ascii	"\023"
 803               		.text
 804               		.section	.gnu.lto_.decls.54afba9f,"",@progbits
 805 0000 789C 9556 		.ascii	"x\234\225VkL\024W\024\276g\356\262\354\216 VMKR\332\220X\032"
 805      6B4C 1457 
 805      14BE 67EE 
 805      B2EC 8E20 
 805      564D 4B52 
 806 0018 4D2C 60FA 		.ascii	"M,`\372\210\246mZ\305\326\232\230\306\210\232\370k\263\260\323"
 806      88A6 6D5A 
 806      C5D6 9A98 
 806      C688 9AF8 
 806      6BB3 B0D3 
 807 002c B2E9 76B1 		.ascii	"\262\351v\261\273\213V\177\r(\210ZZi\255\017\324\n\212\265*("
 807      BB8B 567F 
 807      0D28 885A 
 807      5A69 AD0F 
 807      D40A 8AB5 
 808 0042 456D 6D45 		.ascii	"EmmE\\\001\037H}\241\210h\025|\201\242\202/D\024\331\236{\357"
 808      5C01 1F48 
 808      7DA1 8868 
 808      157C 81A2 
 808      822F 4414 
 809 005a ECEE 8021 		.ascii	"\354\356\200!\322\tgg\316\271\347~\337w\317\275g\206P\002\304"
 809      D209 6767 
 809      CEB9 E77E 
 809      DF77 CFBD 
 809      6786 5002 
 810 006f 2D13 A24A 		.ascii	"-\023\242J\204\234$\204\370\360\242x?E\202\027\363\275h\025h"
 810      849C 2484 
 810      F8F0 A278 
 810      3F45 8217 
 810      F3BD 6815 
 811 0084 559A 7F14 		.ascii	"U\232\177\024\355\006Z;\351}\245\003!f\274\247\2405\240E\241"
 811      ED06 5A3B 
 811      E97D A503 
 811      2166 BCA7 
 811      A035 A045 
 812 0099 DD43 7B80 		.ascii	"\335C{\200V\215\366\020\255\003m\277\226o\324\260\273\0317Z\b"
 812      568D F610 
 812      AD03 6DBF 
 812      966F D4B0 
 812      BB19 375A 
 813 00ae CE97 41F0 		.ascii	"\316\227A\360\200\306\243\2772A\360\247\364\301\2214}^\362\374"
 813      80C6 A3BF 
 813      3241 F0A7 
 813      F4C1 9134 
 813      7D5E F2FC 
 814 00c2 954B A1A4 		.ascii	"\225K\241\244\250$\317\320\b\027A\002\201\313\340A\273\0017\341"
 814      A824 CFD0 
 814      0817 4102 
 814      81CB E041 
 814      BB01 37E1 
 815 00d6 0377 F12E 		.ascii	"\003w\361.\211\233\026\002-\215\370\237\265,\021\227\202\200"
 815      899B 1602 
 815      2D8D F89F 
 815      B52C 1197 
 815      8280 
 816 00e8 FC0F 8886 		.ascii	"\374\017\210\206\347\363_\002[K\t\002\262\230\344\227)\360\265"
 816      E7F3 5F02 
 816      5B4B 0902 
 816      B298 E497 
 816      29F0 B5
 817 00fb 34FC 91D8 		.ascii	"4\374\221\330\217\016A\340\352\004\364\032\024\304\272a\375*"
 817      8F0E 41E0 
 817      EA04 F41A 
 817      14C4 BA61 
 817      FD2A 
 818 010d C15F 87F6 		.ascii	"\301_\207\366\274\325\367\314\024\327\206\317\033\316\354_k\246"
 818      BCD5 F7CC 
 818      14D7 86CF 
 818      1BCE EC5F 
 818      6BA6 
 819 011f 2FF1 E74B 		.ascii	"/\361\347K\217\325\234\210\370\355\252\270L\363\t\354\003\312"
 819      8FD5 9C88 
 819      F8ED AAB8 
 819      4CF3 09EC 
 819      03CA 
 820 0131 2725 0C62 		.ascii	"'%\fb\343\255\rU\033\006G\256`\203^U\215\006Hy\031\336\216\202"
 820      E3AD 0D55 
 820      1B06 47AE 
 820      6083 5E55 
 820      8D06 4879 
 821 0149 78DC 5ED8 		.ascii	"x\334^\330\017\221\370;\307 \030~\372{\313:\323\210\002\325\333"
 821      0F91 F83B 
 821      C720 187E 
 821      FA7B CB3A 
 821      D388 02D5 
 822 015e A47A 7D79 		.ascii	"\244z}y\357\324oLWKp\326\307<\017\312\200B9\304sae\234\001\366"
 822      EFD4 6F4C 
 822      574B 70D6 
 822      C73C 0FCA 
 822      8042 39C4 
 823 0178 4223 242C 		.ascii	"B#$,\242\004\2740\002\347w77V\230i:pY]\227s\257\003\202\345#"
 823      A204 BC30 
 823      02E7 7737 
 823      3756 9869 
 823      3A70 595D 
 824 0193 D823 2553 		.ascii	"\330#%S\365\246#\224\304\221\016\350\220\016\350\220\n\020\251"
 824      F5A6 2394 
 824      C491 0EE8 
 824      900E E890 
 824      0A10 A9
 825 01a6 8223 1516 		.ascii	"\202#\025\026\357+\221h\216@Z\361\270\370i8\"5\341\002:\213\243"
 825      EF2B 9168 
 825      8E40 5AF1 
 825      B8F8 6938 
 825      2235 E102 
 826 01bd B794 2E57 		.ascii	"\267\224.W\263\215BS\245\016\251R[5\201*\216\221\276mg\275\201"
 826      B38D 4253 
 826      A50E A952 
 826      5B35 812A 
 826      8E91 BE6D 
 827 01d4 B60A 8CAC 		.ascii	"\266\n\214\254\275\005\027\r\331\024\242d\360\001\372\313\322"
 827      BD05 170D 
 827      D914 A264 
 827      F001 FACB 
 827      D2
 828 01e5 1BAF 8609 		.ascii	"\033\257\206\t\237\roY\377[U8}\"rs|eKB\345lU]\240z\363Uc$\321"
 828      9F0D 6F59 
 828      FF5B 5538 
 828      7D22 7273 
 828      7C65 4B42 
 829 0204 CA05 4780 		.ascii	"\312\005G\200O`\204p\030\242\340\020D\261\374\235\213\213w\017"
 829      4F60 8470 
 829      18A2 E010 
 829      44B1 FC9D 
 829      8B8B 770F 
 830 0218 7EB3 502D 		.ascii	"~\263P-\254de\033}=\223\225\r\240\032d8(\364\005\352\215>I\360"
 830      AC64 651B 
 830      7D3D 9395 
 830      0DA0 1A64 
 830      3828 F405 
 831 0231 4904 8EC2 		.ascii	"I\004\216\302\2338\263\343\321\262\035&\232!\3664\277<g\005E"
 831      9B38 B3E3 
 831      D1B2 1D26 
 831      9A21 F634 
 831      BF3C 6705 
 832 0246 4943 6530 		.ascii	"ICe01\205O\233\313\214\350\016\227\301\313\207\027_\353\0011"
 832      3185 4F9B 
 832      CB8C E80E 
 832      97C1 CB87 
 832      175F EB01 
 833 025b 6C44 B7FA 		.ascii	"lD\267\372\334\232_#\204+\241[{\256\345\221Id\017A\367\336\372"
 833      DC9A 5F23 
 833      842B A15B 
 833      7BAE E591 
 833      4964 0F41 
 834 0272 CC2E 0DCB 		.ascii	"\314.\r\313\200\356\306\372u\025!\364g\301S\273fk\027+\305,,"
 834      80EE C6FA 
 834      7515 21F4 
 834      67C1 53BB 
 834      666B 172B 
 835 0289 858F EA6A 		.ascii	"\205\217\352j1K\324\242<\367B\263L\327\212\344\226\254\314\246"
 835      314B D4A2 
 835      3CF7 42B3 
 835      4CD7 8AE4 
 835      96AC CCA6 
 836 029d 1056 8B0C 		.ascii	"\020V\213\f\365\244\252\312X\213\223\270\360\023\270p\250\003"
 836      F5A4 AACA 
 836      588B 93B8 
 836      F013 B870 
 836      A803 
 837 02af 3E85 57E3 		.ascii	">\205W\343\f\006O\213j\334<\275\373o\231n\322\270J\2277\031h"
 837      0C06 4F8B 
 837      6ADC 3CBD 
 837      FB6F 996E 
 837      D2B8 4A97 
 838 02c6 9170 1A5A 		.ascii	"\221p\032Z./3\t\254\001\325\265\246\256!/\202\356\026\223K+;"
 838      2E2F 3309 
 838      AC01 D5B5 
 838      A6AE 212F 
 838      82EE 1693 
 839 02dd CF87 D14A 		.ascii	"\317\207\321J\341\224\254\356\274(\033\260\214\027\370\236c\344"
 839      E194 ACEE 
 839      BC28 1BB0 
 839      8C17 F89E 
 839      63E4 
 840 02ef 41D7 ADB3 		.ascii	"A\327\255\263a\364(\037\016\355\3711\2470\004bb\206\215\212\211"
 840      61F4 281F 
 840      0EED F931 
 840      A730 0462 
 840      6286 8D8A 
 841 0304 89D9 C8F9 		.ascii	"\211\331\310\371\352\317\277Q\\\266\\U\263\302\340,\356\313E"
 841      EACF BF51 
 841      5CB6 5C55 
 841      B3C2 E02C 
 841      EECB 45
 842 0317 646C 8261 		.ascii	"dl\202a\201\305\0208\316\177\307\260w\236\230\361d4;\263\224"
 842      81C5 1038 
 842      CE7F C7B0 
 842      779E 98F1 
 842      6434 3BB3 
 843 032c A7D7 3F97 		.ascii	"\247\327?\227~\"\230\236\313:k\231\212\235\004\307p\374\037\264"
 843      7E22 989E 
 843      CB3A 6B99 
 843      8A9D 04C7 
 843      70FC 1FB4 
 844 0340 7FC1 40F8 		.ascii	"\177\301@\370\004\266\367\227a\024\\\201\030\270\206\326\210"
 844      04B6 F797 
 844      6114 5C81 
 844      18B8 86D6 
 844      88
 845 0351 7615 ED12 		.ascii	"v\025\355\022\304\260\223\272\2317\345\245\242H\354\r`\023\210"
 845      C4B0 93BA 
 845      9937 E5A5 
 845      A248 EC0D 
 845      6013 88
 846 0364 FF34 9380 		.ascii	"\3774\223\200\216\266\242\250\003\252\272*\036\032P\310yM\210"
 846      8EB6 A2A8 
 846      03AA BA2A 
 846      1E1A 50C8 
 846      794D 88
 847 0377 FF3C C5F5 		.ascii	"\377<\305\365\021]\361VPt\355s\242O\365]\343\375\321\013y:\203"
 847      115D F156 
 847      5074 ED73 
 847      A24F F55D 
 847      E3FD D10B 
 848 038e 3ED7 073A 		.ascii	">\327\007:>\270@\n\277\3244<\225\350R\312\312+=\270v\273c\020"
 848      3EB8 400A 
 848      BFD4 343C 
 848      95E8 52CA 
 848      CA2B 3DB8 
 849 03a6 8C1A 26D4 		.ascii	"\214\032&\324\237-\036\236\301\324\267\340\334\353\272vd\253"
 849      9F2D 1E9E 
 849      C1D4 B7E0 
 849      DCEB BA76 
 849      64AB 
 850 03b8 E9AF 38D0 		.ascii	"\351\2578\320\2145\031@}\220\271\352\370\235_\001\233+\337\313"
 850      8C35 1940 
 850      7D90 B9EA 
 850      F89D 5F01 
 850      9B2B DFCB 
 851 03cc 9A2B FEDA 		.ascii	"\232+\376\332&\2257\027c\253\321\232K\003F\316\032\326^\235x"
 851      2695 3717 
 851      63AB D19A 
 851      4B03 46CE 
 851      1AD6 5E9D 
 852 03e1 2E6E F0F6 		.ascii	".n\360\366\332^\270'C\246\371\\5\034;xzU(-\345\016]\230y\343"
 852      DA5E B827 
 852      43A6 F95C 
 852      351C 3B78 
 852      7A55 282D 
 853 03fb 07C0 6960 		.ascii	"\007\300i`F\313S\361L\016\201\333`&\213xY\324\374h\b\034\316"
 853      46CB 53F1 
 853      4C0E 81DB 
 853      6026 8B78 
 853      59D4 FC68 
 854 0412 5664 6143 		.ascii	"VdaC\004\356\340\204[\310\223\247\232x\004A\377l+\333l2/\342"
 854      04EE E084 
 854      5BC8 93A7 
 854      9A78 0441 
 854      FF6C 2BDB 
 855 042a AF8A 17CC 		.ascii	"\257\212\027\314\302l\337\352Mu\203\264\027\305\371\211\352w"
 855      C26C DFEA 
 855      4D75 83B4 
 855      17C5 F989 
 855      EA77 
 856 043c D1D0 0666 		.ascii	"\321\320\006f\270\331\347\035q\223-\242\035\027\321\316\026A"
 856      B8D9 E71D 
 856      7193 2DA2 
 856      1D17 D1CE 
 856      1641 
 857 044e D779 57FE 		.ascii	"\327yW\376D\231T\331/\365\356Gp\017d\222\255\275\321\203\215"
 857      4499 54D9 
 857      2FF5 EE47 
 857      700F 6492 
 857      ADBD D183 
 858 0463 4478 9CC0 		.ascii	"Dx\234\300}L\277\313\205\262\234S\300\303\354\0075\344\026u_"
 858      7D4C BFCB 
 858      85B2 9C53 
 858      C0C3 EC07 
 858      35E4 1675 
 859 0478 3087 2D09 		.ascii	"0\207-\t44\177M\005\217\310\003\b\343\273\207wL\356\351\332z"
 859      3434 7F4D 
 859      058F C803 
 859      08E3 BB87 
 859      774C EEE9 
 860 048e 94FA 3B36 		.ascii	"\224\372;6\373\005\035\013\0179\301\322\225\307\324\b=\001{O"
 860      FB05 1D0B 
 860      0F39 C1D2 
 860      95C7 D408 
 860      3D01 7B4F 
 861 04a2 0709 3A34 		.ascii	"\007\t:4\202\016N\220\177\267\366P\004\335#vhk\361/%\203\351"
 861      820E 4E90 
 861      7FB7 F650 
 861      04DD 2376 
 861      686B F12F 
 862 04b9 19E1 2CAD 		.ascii	"\031\341,\255\250\\kd-\336\351o\361\254\013\351\033(\275\"\206"
 862      A85C 6B64 
 862      2DDE E96F 
 862      F1AC 0BE9 
 862      1B28 BD22 
 863 04ce 772D AEDD 		.ascii	"w-\256\335\303\207\273\374\303\345\327\177o\227\364\2379v\250"
 863      C387 BBFC 
 863      C3E5 D77F 
 863      6F97 F49F 
 863      3976 A8
 864 04e1 B95C 78C2 		.ascii	"\271\\x\302\332\361i\257O\335\256\023mG\374\237\272\366\236\221"
 864      DAF1 69AF 
 864      4FDD AE13 
 864      6D47 FC9F 
 864      BAF6 9E91 
 865 04f5 FB1F B277 		.ascii	"\373\037\262w\203\252.\204\341,\021\036\371\0172<\306\323\332"
 865      83AA 2E84 
 865      E12C 111E 
 865      F90F 323C 
 865      C6D3 DA
 866 0508 0D23 5824 		.ascii	"\r#X$\360\235\252\303\357T7\377\306l\312\371\376p8-5\364#9\243"
 866      F09D AAC3 
 866      EF54 37FF 
 866      C66C CAF9 
 866      FE70 382D 
 867 0521 A661 95AC 		.ascii	"\246a\225\254\261\334\377P|\003\013d\316\360,\300\320\203\f>"
 867      B1DC FF50 
 867      7C03 0B64 
 867      CEF0 2CC0 
 867      D083 0C3E 
 868 0535 6478 A663 		.ascii	"dx\246c\270\202\f>\316p\260\255\356\226\221\236\354\217\341\377"
 868      B882 0C3E 
 868      CE70 B0AD 
 868      EE96 919E 
 868      EC8F E1FF 
 869 0549 BE53 DB9B 		.ascii	"\276S\333\233\237\0341#\002\201\fIf\325`\030\255U\253\302\373"
 869      9F1C 3123 
 869      0281 0C49 
 869      66D5 6018 
 869      AD55 ABC2 
 870 055e F907 61A1 		.ascii	"\371\007a\241\304\252\266@\322\312v\345\320\341\202pmA\227\252"
 870      C4AA B640 
 870      D2CA 76E5 
 870      D0E1 8270 
 870      6D41 97AA 
 871 0572 5FAF C517 		.ascii	"_\257\305\027\023\266w!\260<P%\377\222\322%\003dJ#X$\260\244"
 871      13B6 7721 
 871      B03C 5025 
 871      FF92 D225 
 871      0364 4A23 
 872 058a BF70 4918 		.ascii	"\277pI\030C\220\035\033\026\374a\2427\372[\322\363[[]\276}[/"
 872      4390 1D1B 
 872      16FC 61A2 
 872      37FA 5BD2 
 872      F35B 5B5D 
 873 05a2 81D8 59DA 		.ascii	"\201\330Y\332\326f\2432X,\351\267\266\251\271\245\325\250il\375"
 873      D666 A332 
 873      582C E9B7 
 873      B6A9 B9A5 
 873      D5A8 696C 
 874 05b7 3A50 744C 		.ascii	":PtL\202\254\200\302E\250p\t*\314\322)\334\206\n1F\006\317H\234"
 874      82AC 80C2 
 874      45A8 7009 
 874      2ACC D229 
 874      DC86 0A31 
 875 05d0 6099 A8CC 		.ascii	"`\231\250\314\261'+\323\255\356\257F:\354Iq\216\264/\254qSf|"
 875      B127 2BD3 
 875      ADEE AF46 
 875      3AEC 4971 
 875      8EB4 2FAC 
 876 05e8 3A3E 6EA2 		.ascii	":>n\242\313>G"
 876      CB3E 47
 877 05ef 71B9 E330 		.string	"q\271\3430).!\325\245\260\007\226\026\233l\232\364\371\214\350\204q\343\310\260@(6>~l\362
 877      292E 21D5 
 877      A5B0 0796 
 877      169B 6C9A 
 877      F4F9 8CE8 
 878 06f0 11F3 50E6 		.ascii	"\021\363P\346kzf\377\363D\273KI\366\330S\235\257\004F\023\025"
 878      6B7A 66FF 
 878      F344 BB4B 
 878      49F6 D853 
 878      9DAF 0446 
 879 0706 0786 FC6E 		.ascii	"\007\206\374nd >\331\235\370\311\364\031S\247)\311\n\322\332"
 879      6420 3ED9 
 879      9DF8 C9F4 
 879      1953 A729 
 879      C90A D2DA 
 880 071a FE03 D3FB 		.ascii	"\376\003\323\373\331 "
 880      D920 
 881               		.text
 882               		.section	.gnu.lto_.symtab.54afba9f,"",@progbits
 883 0000 5553 425F 		.string	"USB_DeviceState"
 883      4465 7669 
 883      6365 5374 
 883      6174 6500 
 884 0010 00        		.string	""
 885 0011 04        		.ascii	"\004"
 886 0012 00        		.string	""
 887 0013 0100      		.string	"\001"
 888 0015 00        		.string	""
 889 0016 00        		.string	""
 890 0017 00        		.string	""
 891 0018 00        		.string	""
 892 0019 00        		.string	""
 893 001a 00        		.string	""
 894 001b CA00      		.string	"\312"
 895 001d 00        		.string	""
 896 001e 00        		.string	""
 897 001f 5553 425F 		.string	"USB_USBTask"
 897      5553 4254 
 897      6173 6B00 
 898 002b 00        		.string	""
 899 002c 00        		.string	""
 900 002d 00        		.string	""
 901 002e 00        		.string	""
 902 002f 00        		.string	""
 903 0030 00        		.string	""
 904 0031 00        		.string	""
 905 0032 00        		.string	""
 906 0033 00        		.string	""
 907 0034 00        		.string	""
 908 0035 00        		.string	""
 909 0036 C200      		.string	"\302"
 910 0038 00        		.string	""
 911 0039 00        		.string	""
 912 003a 5553 425F 		.string	"USB_ControlRequest"
 912      436F 6E74 
 912      726F 6C52 
 912      6571 7565 
 912      7374 00
 913 004d 00        		.string	""
 914 004e 04        		.ascii	"\004"
 915 004f 00        		.string	""
 916 0050 0800      		.string	"\b"
 917 0052 00        		.string	""
 918 0053 00        		.string	""
 919 0054 00        		.string	""
 920 0055 00        		.string	""
 921 0056 00        		.string	""
 922 0057 00        		.string	""
 923 0058 E800      		.string	"\350"
 924 005a 00        		.string	""
 925 005b 00        		.string	""
 926 005c 5553 425F 		.string	"USB_IsInitialized"
 926      4973 496E 
 926      6974 6961 
 926      6C69 7A65 
 926      6400 
 927 006e 00        		.string	""
 928 006f 04        		.ascii	"\004"
 929 0070 00        		.string	""
 930 0071 0100      		.string	"\001"
 931 0073 00        		.string	""
 932 0074 00        		.string	""
 933 0075 00        		.string	""
 934 0076 00        		.string	""
 935 0077 00        		.string	""
 936 0078 00        		.string	""
 937 0079 EF00      		.string	"\357"
 938 007b 00        		.string	""
 939 007c 00        		.string	""
 940 007d 5553 425F 		.string	"USB_Device_ProcessControlRequest"
 940      4465 7669 
 940      6365 5F50 
 940      726F 6365 
 940      7373 436F 
 941 009e 00        		.string	""
 942 009f 02        		.ascii	"\002"
 943 00a0 00        		.string	""
 944 00a1 00        		.string	""
 945 00a2 00        		.string	""
 946 00a3 00        		.string	""
 947 00a4 00        		.string	""
 948 00a5 00        		.string	""
 949 00a6 00        		.string	""
 950 00a7 00        		.string	""
 951 00a8 00        		.string	""
 952 00a9 C400      		.string	"\304"
 953 00ab 00        		.string	""
 954 00ac 00        		.string	""
 955               		.text
 956               		.section	.gnu.lto_.opts,"",@progbits
 957 0000 272D 666E 		.string	"'-fno-openmp' '-fno-openacc' '-fno-pie' '-mn-flash=1' '-mno-skip-bug' '-mmcu=avr5' '-Os' 
 957      6F2D 6F70 
 957      656E 6D70 
 957      2720 272D 
 957      666E 6F2D 
 958               		.text
 959               		.comm	__gnu_lto_v1,1,1
 960               		.comm	__gnu_lto_slim,1,1
 961               		.ident	"GCC: (GNU) 8.3.0"
DEFINED SYMBOLS
                            *ABS*:00000000 USBTask.c
C:\Users\nonej\Documents\Keyboard\msys64\tmp\ccvGDIUe.s:2      *ABS*:0000003e __SP_H__
C:\Users\nonej\Documents\Keyboard\msys64\tmp\ccvGDIUe.s:3      *ABS*:0000003d __SP_L__
C:\Users\nonej\Documents\Keyboard\msys64\tmp\ccvGDIUe.s:4      *ABS*:0000003f __SREG__
C:\Users\nonej\Documents\Keyboard\msys64\tmp\ccvGDIUe.s:5      *ABS*:00000000 __tmp_reg__
C:\Users\nonej\Documents\Keyboard\msys64\tmp\ccvGDIUe.s:6      *ABS*:00000001 __zero_reg__
C:\Users\nonej\Documents\Keyboard\msys64\tmp\ccvGDIUe.s:18     .gnu.debuglto_.debug_info:00000000 USBTask.c.008c1b5b
                            *COM*:00000001 __gnu_lto_v1
                            *COM*:00000001 __gnu_lto_slim

NO UNDEFINED SYMBOLS
