   1               		.file	"color.c"
   2               	__SP_H__ = 0x3e
   3               	__SP_L__ = 0x3d
   4               	__SREG__ = 0x3f
   5               	__tmp_reg__ = 0
   6               	__zero_reg__ = 1
   7               		.file 1 "c:\\users\\nonej\\documents\\keyboard\\msys64\\home\\nonej\\qmk_utils\\avr8-gnu-toolchain
   8               		.file 2 "quantum/color.h"
   9               		.file 3 "quantum/color.c"
  10               		.file 4 "quantum/led_tables.h"
  11               		.section	.gnu.debuglto_.debug_info,"",@progbits
  12               	.Ldebug_info0:
  13               		.hidden	color.c.46a78bb7
  14               		.weak	color.c.46a78bb7
  15               	color.c.46a78bb7:
  16 0000 C601 0000 		.long	0x1c6
  17 0004 0200      		.word	0x2
  18 0006 0000 0000 		.long	.Ldebug_abbrev0
  19 000a 04        		.byte	0x4
  20 000b 01        		.uleb128 0x1
  21 000c 0000 0000 		.long	.LASF14
  22 0010 0C        		.byte	0xc
  23 0011 0000 0000 		.long	.LASF15
  24 0015 0000 0000 		.long	.LASF16
  25 0019 0000 0000 		.long	.Ldebug_line0
  26 001d 02        		.uleb128 0x2
  27 001e 01        		.byte	0x1
  28 001f 06        		.byte	0x6
  29 0020 0000 0000 		.long	.LASF0
  30 0024 03        		.uleb128 0x3
  31 0025 0000 0000 		.long	.LASF2
  32 0029 01        		.byte	0x1
  33 002a 7E        		.byte	0x7e
  34 002b 16        		.byte	0x16
  35 002c 3500 0000 		.long	0x35
  36 0030 04        		.uleb128 0x4
  37 0031 2400 0000 		.long	0x24
  38 0035 02        		.uleb128 0x2
  39 0036 01        		.byte	0x1
  40 0037 08        		.byte	0x8
  41 0038 0000 0000 		.long	.LASF1
  42 003c 05        		.uleb128 0x5
  43 003d 02        		.byte	0x2
  44 003e 05        		.byte	0x5
  45 003f 696E 7400 		.string	"int"
  46 0043 03        		.uleb128 0x3
  47 0044 0000 0000 		.long	.LASF3
  48 0048 01        		.byte	0x1
  49 0049 80        		.byte	0x80
  50 004a 16        		.byte	0x16
  51 004b 4F00 0000 		.long	0x4f
  52 004f 02        		.uleb128 0x2
  53 0050 02        		.byte	0x2
  54 0051 07        		.byte	0x7
  55 0052 0000 0000 		.long	.LASF4
  56 0056 02        		.uleb128 0x2
  57 0057 04        		.byte	0x4
  58 0058 05        		.byte	0x5
  59 0059 0000 0000 		.long	.LASF5
  60 005d 02        		.uleb128 0x2
  61 005e 04        		.byte	0x4
  62 005f 07        		.byte	0x7
  63 0060 0000 0000 		.long	.LASF6
  64 0064 02        		.uleb128 0x2
  65 0065 08        		.byte	0x8
  66 0066 05        		.byte	0x5
  67 0067 0000 0000 		.long	.LASF7
  68 006b 02        		.uleb128 0x2
  69 006c 08        		.byte	0x8
  70 006d 07        		.byte	0x7
  71 006e 0000 0000 		.long	.LASF8
  72 0072 06        		.uleb128 0x6
  73 0073 03        		.byte	0x3
  74 0074 02        		.byte	0x2
  75 0075 28        		.byte	0x28
  76 0076 09        		.byte	0x9
  77 0077 A300 0000 		.long	0xa3
  78 007b 07        		.uleb128 0x7
  79 007c 6700      		.string	"g"
  80 007e 02        		.byte	0x2
  81 007f 29        		.byte	0x29
  82 0080 0D        		.byte	0xd
  83 0081 2400 0000 		.long	0x24
  84 0085 02        		.byte	0x2
  85 0086 23        		.byte	0x23
  86 0087 00        		.uleb128 0
  87 0088 07        		.uleb128 0x7
  88 0089 7200      		.string	"r"
  89 008b 02        		.byte	0x2
  90 008c 2A        		.byte	0x2a
  91 008d 0D        		.byte	0xd
  92 008e 2400 0000 		.long	0x24
  93 0092 02        		.byte	0x2
  94 0093 23        		.byte	0x23
  95 0094 01        		.uleb128 0x1
  96 0095 07        		.uleb128 0x7
  97 0096 6200      		.string	"b"
  98 0098 02        		.byte	0x2
  99 0099 2B        		.byte	0x2b
 100 009a 0D        		.byte	0xd
 101 009b 2400 0000 		.long	0x24
 102 009f 02        		.byte	0x2
 103 00a0 23        		.byte	0x23
 104 00a1 02        		.uleb128 0x2
 105 00a2 00        		.byte	0
 106 00a3 03        		.uleb128 0x3
 107 00a4 0000 0000 		.long	.LASF9
 108 00a8 02        		.byte	0x2
 109 00a9 2C        		.byte	0x2c
 110 00aa 03        		.byte	0x3
 111 00ab 7200 0000 		.long	0x72
 112 00af 08        		.uleb128 0x8
 113 00b0 5247 4200 		.string	"RGB"
 114 00b4 02        		.byte	0x2
 115 00b5 2E        		.byte	0x2e
 116 00b6 0E        		.byte	0xe
 117 00b7 A300 0000 		.long	0xa3
 118 00bb 06        		.uleb128 0x6
 119 00bc 03        		.byte	0x3
 120 00bd 02        		.byte	0x2
 121 00be 38        		.byte	0x38
 122 00bf 09        		.byte	0x9
 123 00c0 EC00 0000 		.long	0xec
 124 00c4 07        		.uleb128 0x7
 125 00c5 6800      		.string	"h"
 126 00c7 02        		.byte	0x2
 127 00c8 39        		.byte	0x39
 128 00c9 0D        		.byte	0xd
 129 00ca 2400 0000 		.long	0x24
 130 00ce 02        		.byte	0x2
 131 00cf 23        		.byte	0x23
 132 00d0 00        		.uleb128 0
 133 00d1 07        		.uleb128 0x7
 134 00d2 7300      		.string	"s"
 135 00d4 02        		.byte	0x2
 136 00d5 3A        		.byte	0x3a
 137 00d6 0D        		.byte	0xd
 138 00d7 2400 0000 		.long	0x24
 139 00db 02        		.byte	0x2
 140 00dc 23        		.byte	0x23
 141 00dd 01        		.uleb128 0x1
 142 00de 07        		.uleb128 0x7
 143 00df 7600      		.string	"v"
 144 00e1 02        		.byte	0x2
 145 00e2 3B        		.byte	0x3b
 146 00e3 0D        		.byte	0xd
 147 00e4 2400 0000 		.long	0x24
 148 00e8 02        		.byte	0x2
 149 00e9 23        		.byte	0x23
 150 00ea 02        		.uleb128 0x2
 151 00eb 00        		.byte	0
 152 00ec 08        		.uleb128 0x8
 153 00ed 4853 5600 		.string	"HSV"
 154 00f1 02        		.byte	0x2
 155 00f2 3C        		.byte	0x3c
 156 00f3 03        		.byte	0x3
 157 00f4 BB00 0000 		.long	0xbb
 158 00f8 09        		.uleb128 0x9
 159 00f9 3000 0000 		.long	0x30
 160 00fd 0301 0000 		.long	0x103
 161 0101 0A        		.uleb128 0xa
 162 0102 00        		.byte	0
 163 0103 04        		.uleb128 0x4
 164 0104 F800 0000 		.long	0xf8
 165 0108 0B        		.uleb128 0xb
 166 0109 0000 0000 		.long	.LASF17
 167 010d 04        		.byte	0x4
 168 010e 17        		.byte	0x17
 169 010f 16        		.byte	0x16
 170 0110 0301 0000 		.long	0x103
 171 0114 01        		.byte	0x1
 172 0115 01        		.byte	0x1
 173 0116 0C        		.uleb128 0xc
 174 0117 01        		.byte	0x1
 175 0118 0000 0000 		.long	.LASF18
 176 011c 03        		.byte	0x3
 177 011d 15        		.byte	0x15
 178 011e 05        		.byte	0x5
 179 011f 01        		.byte	0x1
 180 0120 AF00 0000 		.long	0xaf
 181 0124 0D        		.uleb128 0xd
 182 0125 6873 7600 		.string	"hsv"
 183 0129 03        		.byte	0x3
 184 012a 15        		.byte	0x15
 185 012b 14        		.byte	0x14
 186 012c EC00 0000 		.long	0xec
 187 0130 0E        		.uleb128 0xe
 188 0131 7267 6200 		.string	"rgb"
 189 0135 03        		.byte	0x3
 190 0136 16        		.byte	0x16
 191 0137 0E        		.byte	0xe
 192 0138 AF00 0000 		.long	0xaf
 193 013c 0F        		.uleb128 0xf
 194 013d 0000 0000 		.long	.LASF10
 195 0141 03        		.byte	0x3
 196 0142 17        		.byte	0x17
 197 0143 0E        		.byte	0xe
 198 0144 2400 0000 		.long	0x24
 199 0148 0F        		.uleb128 0xf
 200 0149 0000 0000 		.long	.LASF11
 201 014d 03        		.byte	0x3
 202 014e 17        		.byte	0x17
 203 014f 16        		.byte	0x16
 204 0150 2400 0000 		.long	0x24
 205 0154 0E        		.uleb128 0xe
 206 0155 7000      		.string	"p"
 207 0157 03        		.byte	0x3
 208 0158 17        		.byte	0x17
 209 0159 21        		.byte	0x21
 210 015a 2400 0000 		.long	0x24
 211 015e 0E        		.uleb128 0xe
 212 015f 7100      		.string	"q"
 213 0161 03        		.byte	0x3
 214 0162 17        		.byte	0x17
 215 0163 24        		.byte	0x24
 216 0164 2400 0000 		.long	0x24
 217 0168 0E        		.uleb128 0xe
 218 0169 7400      		.string	"t"
 219 016b 03        		.byte	0x3
 220 016c 17        		.byte	0x17
 221 016d 27        		.byte	0x27
 222 016e 2400 0000 		.long	0x24
 223 0172 0E        		.uleb128 0xe
 224 0173 6800      		.string	"h"
 225 0175 03        		.byte	0x3
 226 0176 18        		.byte	0x18
 227 0177 0E        		.byte	0xe
 228 0178 4300 0000 		.long	0x43
 229 017c 0E        		.uleb128 0xe
 230 017d 7300      		.string	"s"
 231 017f 03        		.byte	0x3
 232 0180 18        		.byte	0x18
 233 0181 11        		.byte	0x11
 234 0182 4300 0000 		.long	0x43
 235 0186 0E        		.uleb128 0xe
 236 0187 7600      		.string	"v"
 237 0189 03        		.byte	0x3
 238 018a 18        		.byte	0x18
 239 018b 14        		.byte	0x14
 240 018c 4300 0000 		.long	0x43
 241 0190 10        		.uleb128 0x10
 242 0191 AE01 0000 		.long	0x1ae
 243 0195 0F        		.uleb128 0xf
 244 0196 0000 0000 		.long	.LASF12
 245 019a 03        		.byte	0x3
 246 019b 1C        		.byte	0x1c
 247 019c 21        		.byte	0x21
 248 019d 4300 0000 		.long	0x43
 249 01a1 0F        		.uleb128 0xf
 250 01a2 0000 0000 		.long	.LASF13
 251 01a6 03        		.byte	0x3
 252 01a7 1C        		.byte	0x1c
 253 01a8 21        		.byte	0x21
 254 01a9 2400 0000 		.long	0x24
 255 01ad 00        		.byte	0
 256 01ae 11        		.uleb128 0x11
 257 01af 0F        		.uleb128 0xf
 258 01b0 0000 0000 		.long	.LASF12
 259 01b4 03        		.byte	0x3
 260 01b5 28        		.byte	0x28
 261 01b6 09        		.byte	0x9
 262 01b7 4300 0000 		.long	0x43
 263 01bb 0F        		.uleb128 0xf
 264 01bc 0000 0000 		.long	.LASF13
 265 01c0 03        		.byte	0x3
 266 01c1 28        		.byte	0x28
 267 01c2 09        		.byte	0x9
 268 01c3 2400 0000 		.long	0x24
 269 01c7 00        		.byte	0
 270 01c8 00        		.byte	0
 271 01c9 00        		.byte	0
 272               		.section	.gnu.debuglto_.debug_abbrev,"",@progbits
 273               	.Ldebug_abbrev0:
 274 0000 01        		.uleb128 0x1
 275 0001 11        		.uleb128 0x11
 276 0002 01        		.byte	0x1
 277 0003 25        		.uleb128 0x25
 278 0004 0E        		.uleb128 0xe
 279 0005 13        		.uleb128 0x13
 280 0006 0B        		.uleb128 0xb
 281 0007 03        		.uleb128 0x3
 282 0008 0E        		.uleb128 0xe
 283 0009 1B        		.uleb128 0x1b
 284 000a 0E        		.uleb128 0xe
 285 000b 10        		.uleb128 0x10
 286 000c 06        		.uleb128 0x6
 287 000d 00        		.byte	0
 288 000e 00        		.byte	0
 289 000f 02        		.uleb128 0x2
 290 0010 24        		.uleb128 0x24
 291 0011 00        		.byte	0
 292 0012 0B        		.uleb128 0xb
 293 0013 0B        		.uleb128 0xb
 294 0014 3E        		.uleb128 0x3e
 295 0015 0B        		.uleb128 0xb
 296 0016 03        		.uleb128 0x3
 297 0017 0E        		.uleb128 0xe
 298 0018 00        		.byte	0
 299 0019 00        		.byte	0
 300 001a 03        		.uleb128 0x3
 301 001b 16        		.uleb128 0x16
 302 001c 00        		.byte	0
 303 001d 03        		.uleb128 0x3
 304 001e 0E        		.uleb128 0xe
 305 001f 3A        		.uleb128 0x3a
 306 0020 0B        		.uleb128 0xb
 307 0021 3B        		.uleb128 0x3b
 308 0022 0B        		.uleb128 0xb
 309 0023 39        		.uleb128 0x39
 310 0024 0B        		.uleb128 0xb
 311 0025 49        		.uleb128 0x49
 312 0026 13        		.uleb128 0x13
 313 0027 00        		.byte	0
 314 0028 00        		.byte	0
 315 0029 04        		.uleb128 0x4
 316 002a 26        		.uleb128 0x26
 317 002b 00        		.byte	0
 318 002c 49        		.uleb128 0x49
 319 002d 13        		.uleb128 0x13
 320 002e 00        		.byte	0
 321 002f 00        		.byte	0
 322 0030 05        		.uleb128 0x5
 323 0031 24        		.uleb128 0x24
 324 0032 00        		.byte	0
 325 0033 0B        		.uleb128 0xb
 326 0034 0B        		.uleb128 0xb
 327 0035 3E        		.uleb128 0x3e
 328 0036 0B        		.uleb128 0xb
 329 0037 03        		.uleb128 0x3
 330 0038 08        		.uleb128 0x8
 331 0039 00        		.byte	0
 332 003a 00        		.byte	0
 333 003b 06        		.uleb128 0x6
 334 003c 13        		.uleb128 0x13
 335 003d 01        		.byte	0x1
 336 003e 0B        		.uleb128 0xb
 337 003f 0B        		.uleb128 0xb
 338 0040 3A        		.uleb128 0x3a
 339 0041 0B        		.uleb128 0xb
 340 0042 3B        		.uleb128 0x3b
 341 0043 0B        		.uleb128 0xb
 342 0044 39        		.uleb128 0x39
 343 0045 0B        		.uleb128 0xb
 344 0046 01        		.uleb128 0x1
 345 0047 13        		.uleb128 0x13
 346 0048 00        		.byte	0
 347 0049 00        		.byte	0
 348 004a 07        		.uleb128 0x7
 349 004b 0D        		.uleb128 0xd
 350 004c 00        		.byte	0
 351 004d 03        		.uleb128 0x3
 352 004e 08        		.uleb128 0x8
 353 004f 3A        		.uleb128 0x3a
 354 0050 0B        		.uleb128 0xb
 355 0051 3B        		.uleb128 0x3b
 356 0052 0B        		.uleb128 0xb
 357 0053 39        		.uleb128 0x39
 358 0054 0B        		.uleb128 0xb
 359 0055 49        		.uleb128 0x49
 360 0056 13        		.uleb128 0x13
 361 0057 38        		.uleb128 0x38
 362 0058 0A        		.uleb128 0xa
 363 0059 00        		.byte	0
 364 005a 00        		.byte	0
 365 005b 08        		.uleb128 0x8
 366 005c 16        		.uleb128 0x16
 367 005d 00        		.byte	0
 368 005e 03        		.uleb128 0x3
 369 005f 08        		.uleb128 0x8
 370 0060 3A        		.uleb128 0x3a
 371 0061 0B        		.uleb128 0xb
 372 0062 3B        		.uleb128 0x3b
 373 0063 0B        		.uleb128 0xb
 374 0064 39        		.uleb128 0x39
 375 0065 0B        		.uleb128 0xb
 376 0066 49        		.uleb128 0x49
 377 0067 13        		.uleb128 0x13
 378 0068 00        		.byte	0
 379 0069 00        		.byte	0
 380 006a 09        		.uleb128 0x9
 381 006b 01        		.uleb128 0x1
 382 006c 01        		.byte	0x1
 383 006d 49        		.uleb128 0x49
 384 006e 13        		.uleb128 0x13
 385 006f 01        		.uleb128 0x1
 386 0070 13        		.uleb128 0x13
 387 0071 00        		.byte	0
 388 0072 00        		.byte	0
 389 0073 0A        		.uleb128 0xa
 390 0074 21        		.uleb128 0x21
 391 0075 00        		.byte	0
 392 0076 00        		.byte	0
 393 0077 00        		.byte	0
 394 0078 0B        		.uleb128 0xb
 395 0079 34        		.uleb128 0x34
 396 007a 00        		.byte	0
 397 007b 03        		.uleb128 0x3
 398 007c 0E        		.uleb128 0xe
 399 007d 3A        		.uleb128 0x3a
 400 007e 0B        		.uleb128 0xb
 401 007f 3B        		.uleb128 0x3b
 402 0080 0B        		.uleb128 0xb
 403 0081 39        		.uleb128 0x39
 404 0082 0B        		.uleb128 0xb
 405 0083 49        		.uleb128 0x49
 406 0084 13        		.uleb128 0x13
 407 0085 3F        		.uleb128 0x3f
 408 0086 0C        		.uleb128 0xc
 409 0087 3C        		.uleb128 0x3c
 410 0088 0C        		.uleb128 0xc
 411 0089 00        		.byte	0
 412 008a 00        		.byte	0
 413 008b 0C        		.uleb128 0xc
 414 008c 2E        		.uleb128 0x2e
 415 008d 01        		.byte	0x1
 416 008e 3F        		.uleb128 0x3f
 417 008f 0C        		.uleb128 0xc
 418 0090 03        		.uleb128 0x3
 419 0091 0E        		.uleb128 0xe
 420 0092 3A        		.uleb128 0x3a
 421 0093 0B        		.uleb128 0xb
 422 0094 3B        		.uleb128 0x3b
 423 0095 0B        		.uleb128 0xb
 424 0096 39        		.uleb128 0x39
 425 0097 0B        		.uleb128 0xb
 426 0098 27        		.uleb128 0x27
 427 0099 0C        		.uleb128 0xc
 428 009a 49        		.uleb128 0x49
 429 009b 13        		.uleb128 0x13
 430 009c 00        		.byte	0
 431 009d 00        		.byte	0
 432 009e 0D        		.uleb128 0xd
 433 009f 05        		.uleb128 0x5
 434 00a0 00        		.byte	0
 435 00a1 03        		.uleb128 0x3
 436 00a2 08        		.uleb128 0x8
 437 00a3 3A        		.uleb128 0x3a
 438 00a4 0B        		.uleb128 0xb
 439 00a5 3B        		.uleb128 0x3b
 440 00a6 0B        		.uleb128 0xb
 441 00a7 39        		.uleb128 0x39
 442 00a8 0B        		.uleb128 0xb
 443 00a9 49        		.uleb128 0x49
 444 00aa 13        		.uleb128 0x13
 445 00ab 00        		.byte	0
 446 00ac 00        		.byte	0
 447 00ad 0E        		.uleb128 0xe
 448 00ae 34        		.uleb128 0x34
 449 00af 00        		.byte	0
 450 00b0 03        		.uleb128 0x3
 451 00b1 08        		.uleb128 0x8
 452 00b2 3A        		.uleb128 0x3a
 453 00b3 0B        		.uleb128 0xb
 454 00b4 3B        		.uleb128 0x3b
 455 00b5 0B        		.uleb128 0xb
 456 00b6 39        		.uleb128 0x39
 457 00b7 0B        		.uleb128 0xb
 458 00b8 49        		.uleb128 0x49
 459 00b9 13        		.uleb128 0x13
 460 00ba 00        		.byte	0
 461 00bb 00        		.byte	0
 462 00bc 0F        		.uleb128 0xf
 463 00bd 34        		.uleb128 0x34
 464 00be 00        		.byte	0
 465 00bf 03        		.uleb128 0x3
 466 00c0 0E        		.uleb128 0xe
 467 00c1 3A        		.uleb128 0x3a
 468 00c2 0B        		.uleb128 0xb
 469 00c3 3B        		.uleb128 0x3b
 470 00c4 0B        		.uleb128 0xb
 471 00c5 39        		.uleb128 0x39
 472 00c6 0B        		.uleb128 0xb
 473 00c7 49        		.uleb128 0x49
 474 00c8 13        		.uleb128 0x13
 475 00c9 00        		.byte	0
 476 00ca 00        		.byte	0
 477 00cb 10        		.uleb128 0x10
 478 00cc 0B        		.uleb128 0xb
 479 00cd 01        		.byte	0x1
 480 00ce 01        		.uleb128 0x1
 481 00cf 13        		.uleb128 0x13
 482 00d0 00        		.byte	0
 483 00d1 00        		.byte	0
 484 00d2 11        		.uleb128 0x11
 485 00d3 0B        		.uleb128 0xb
 486 00d4 01        		.byte	0x1
 487 00d5 00        		.byte	0
 488 00d6 00        		.byte	0
 489 00d7 00        		.byte	0
 490               		.section	.gnu.debuglto_.debug_line,"",@progbits
 491               	.Ldebug_line0:
 492 0000 B000 0000 		.long	.LELT0-.LSLT0
 493               	.LSLT0:
 494 0004 0200      		.word	0x2
 495 0006 AA00 0000 		.long	.LELTP0-.LASLTP0
 496               	.LASLTP0:
 497 000a 01        		.byte	0x1
 498 000b 01        		.byte	0x1
 499 000c F6        		.byte	0xf6
 500 000d F2        		.byte	0xf2
 501 000e 0D        		.byte	0xd
 502 000f 00        		.byte	0
 503 0010 01        		.byte	0x1
 504 0011 01        		.byte	0x1
 505 0012 01        		.byte	0x1
 506 0013 01        		.byte	0x1
 507 0014 00        		.byte	0
 508 0015 00        		.byte	0
 509 0016 00        		.byte	0
 510 0017 01        		.byte	0x1
 511 0018 00        		.byte	0
 512 0019 00        		.byte	0
 513 001a 01        		.byte	0x1
 514 001b 633A 5C75 		.ascii	"c:\\users\\nonej\\documents\\keyboard\\msys64\\home\\nonej\\"
 514      7365 7273 
 514      5C6E 6F6E 
 514      656A 5C64 
 514      6F63 756D 
 515 004f 716D 6B5F 		.ascii	"qmk_utils\\avr8-gnu-toolchain\\avr\\include"
 515      7574 696C 
 515      735C 6176 
 515      7238 2D67 
 515      6E75 2D74 
 516 0077 00        		.byte	0
 517 0078 7175 616E 		.ascii	"quantum"
 517      7475 6D
 518 007f 00        		.byte	0
 519 0080 00        		.byte	0
 520 0081 7374 6469 		.string	"stdint.h"
 520      6E74 2E68 
 520      00
 521 008a 01        		.uleb128 0x1
 522 008b 00        		.uleb128 0
 523 008c 00        		.uleb128 0
 524 008d 636F 6C6F 		.string	"color.h"
 524      722E 6800 
 525 0095 02        		.uleb128 0x2
 526 0096 00        		.uleb128 0
 527 0097 00        		.uleb128 0
 528 0098 636F 6C6F 		.string	"color.c"
 528      722E 6300 
 529 00a0 02        		.uleb128 0x2
 530 00a1 00        		.uleb128 0
 531 00a2 00        		.uleb128 0
 532 00a3 6C65 645F 		.string	"led_tables.h"
 532      7461 626C 
 532      6573 2E68 
 532      00
 533 00b0 02        		.uleb128 0x2
 534 00b1 00        		.uleb128 0
 535 00b2 00        		.uleb128 0
 536 00b3 00        		.byte	0
 537               	.LELTP0:
 538               	.LELT0:
 539               		.section	.gnu.debuglto_.debug_str,"MS",@progbits,1
 540               	.LASF12:
 541 0000 5F5F 6164 		.string	"__addr16"
 541      6472 3136 
 541      00
 542               	.LASF18:
 543 0009 6873 765F 		.string	"hsv_to_rgb"
 543      746F 5F72 
 543      6762 00
 544               	.LASF1:
 545 0014 756E 7369 		.string	"unsigned char"
 545      676E 6564 
 545      2063 6861 
 545      7200 
 546               	.LASF6:
 547 0022 6C6F 6E67 		.string	"long unsigned int"
 547      2075 6E73 
 547      6967 6E65 
 547      6420 696E 
 547      7400 
 548               	.LASF16:
 549 0034 433A 5C55 		.string	"C:\\Users\\nonej\\Documents\\Keyboard\\msys64\\home\\nonej\\qmk_firmware"
 549      7365 7273 
 549      5C6E 6F6E 
 549      656A 5C44 
 549      6F63 756D 
 550               	.LASF13:
 551 0075 5F5F 7265 		.string	"__result"
 551      7375 6C74 
 551      00
 552               	.LASF10:
 553 007e 7265 6769 		.string	"region"
 553      6F6E 00
 554               	.LASF11:
 555 0085 7265 6D61 		.string	"remainder"
 555      696E 6465 
 555      7200 
 556               	.LASF4:
 557 008f 756E 7369 		.string	"unsigned int"
 557      676E 6564 
 557      2069 6E74 
 557      00
 558               	.LASF8:
 559 009c 6C6F 6E67 		.string	"long long unsigned int"
 559      206C 6F6E 
 559      6720 756E 
 559      7369 676E 
 559      6564 2069 
 560               	.LASF2:
 561 00b3 7569 6E74 		.string	"uint8_t"
 561      385F 7400 
 562               	.LASF7:
 563 00bb 6C6F 6E67 		.string	"long long int"
 563      206C 6F6E 
 563      6720 696E 
 563      7400 
 564               	.LASF15:
 565 00c9 7175 616E 		.string	"quantum/color.c"
 565      7475 6D2F 
 565      636F 6C6F 
 565      722E 6300 
 566               	.LASF17:
 567 00d9 4349 4531 		.string	"CIE1931_CURVE"
 567      3933 315F 
 567      4355 5256 
 567      4500 
 568               	.LASF3:
 569 00e7 7569 6E74 		.string	"uint16_t"
 569      3136 5F74 
 569      00
 570               	.LASF5:
 571 00f0 6C6F 6E67 		.string	"long int"
 571      2069 6E74 
 571      00
 572               	.LASF9:
 573 00f9 6352 4742 		.string	"cRGB"
 573      00
 574               	.LASF14:
 575 00fe 474E 5520 		.string	"GNU C99 8.3.0 -mn-flash=1 -mno-skip-bug -mmcu=avr5 -gdwarf-2 -Os -std=gnu99 -funsigned-ch
 575      4339 3920 
 575      382E 332E 
 575      3020 2D6D 
 575      6E2D 666C 
 576               	.LASF0:
 577 01e6 7369 676E 		.string	"signed char"
 577      6564 2063 
 577      6861 7200 
 578               		.text
 579               		.section	.gnu.lto_.profile.54aff306,"",@progbits
 580 0000 789C 6367 		.string	"x\234cg`\004B "
 580      6004 4220 
 580      00
 581 0009 00        		.string	""
 582 000a 00        		.string	""
 583 000b 5400      		.string	"T"
 584 000d 0A        		.ascii	"\n"
 585               		.text
 586               		.section	.gnu.lto_.icf.54aff306,"",@progbits
 587 0000 789C 6367 		.string	"x\234cg`d\340`@"
 587      6064 E060 
 587      4000 
 588 000a 4686 1B6B 		.string	"F\206\033k?Nae"
 588      3F4E 6165 
 588      00
 589 0013 00        		.string	""
 590 0014 0F79 0321 		.ascii	"\017y\003!"
 591               		.text
 592               		.section	.gnu.lto_.jmpfuncs.54aff306,"",@progbits
 593 0000 789C 6367 		.string	"x\234cg`d\340b@"
 593      6064 E062 
 593      4000 
 594 000a 4606 4626 		.string	"F\006F&\306\372\231\314\f\f"
 594      C6FA 99CC 
 594      0C0C 00
 595 0015 06D2 0133 		.ascii	"\006\322\0013"
 596               		.text
 597               		.section	.gnu.lto_.inline.54aff306,"",@progbits
 598 0000 789C 4D8F 		.string	"x\234M\217\275\r\302@\fF\237\357'X\200\304UT\024\324\324\f\220\021\230\001\202(a\002t\351
 598      BD0D C240 
 598      0C46 9FEF 
 598      2758 80C4 
 598      5554 14D4 
 599 0051 93FA 9CBA 		.ascii	"\223\372\234\272\314\004j[?Ca%\207\235\303\274\303\255#\375\361"
 599      CC04 6A5B 
 599      3F43 6125 
 599      879D C3BC 
 599      C3AD 23FD 
 600 0066 D211 FA11 		.ascii	"\322\021\372\021\322\240\252\243\264\230[\363\212{;\314j\300"
 600      D2A0 AAA3 
 600      B498 5BF3 
 600      8A7B 3BCC 
 600      6AC0 
 601 0078 52BF 4324 		.ascii	"R\277C$e\332rQ)\033e\334r\254\002\241\373\340\003\035\375'\214"
 601      65DA 7251 
 601      291B 65DC 
 601      72AC 02A1 
 601      FBE0 031D 
 602               		.text
 603               		.section	.gnu.lto_.pureconst.54aff306,"",@progbits
 604 0000 789C 6367 		.string	"x\234cg`d`a`"
 604      6064 6061 
 604      6000 
 605 000a 92BB 5801 		.string	"\222\273X\001\002\007"
 605      0207 00
 606 0011 CD        		.ascii	"\315"
 607               		.text
 608               		.section	.gnu.lto_hsv_to_rgb.54aff306,"",@progbits
 609 0000 789C 9558 		.string	"x\234\225X{TUU\032\337\337\331\347\334\027\027\220\254\310\242Bj\224\207\n,g\252i\326\254
 609      7B54 5555 
 609      1ADF DFD9 
 609      E7DC 1717 
 609      90AC C8A2 
 610 00c5 889A EE00 		.string	"\210\232\356"
 611 00c9 F6B6 C255 		.ascii	"\366\266\302U\315fw8]\021\3606\344\363b\016\353\332\306<\221"
 611      CD66 7738 
 611      5D11 F036 
 611      E4F3 620E 
 611      EBDA C63C 
 612 00de 79DC CB19 		.ascii	"y\334\313\031\320\353\346K\333\177\326\350\025\340\001|m\357"
 612      D0EB E64B 
 612      DB7F D6E8 
 612      15E0 017C 
 612      6DEF 
 613 00f0 6FC9 7327 		.ascii	"o\311s'oF\002\335_q\366^\317f?x\271\302\336G\353\317!\016\366"
 613      6F46 02DD 
 613      5F71 F65E 
 613      CF66 3F78 
 613      B9C2 DE47 
 614 0109 421C A33F 		.ascii	"B\034\243?\330\007\311h]\325\271\262\003\370L`X\277y\254=\317"
 614      D807 C968 
 614      5DD5 B9B2 
 614      03F8 4C60 
 614      58BF 79AC 
 615 011f 9E58 2B90 		.ascii	"\236X+\220]\031\272\333\3139\354\007\036\202\304\266\330\215"
 615      5D19 BADB 
 615      CB39 EC07 
 615      1E82 C4B6 
 615      D88D 
 616 0131 0A83 0390 		.ascii	"\n\203\003\220\310\b\323\334\276\2666ZjQ\360\365t\373\225\021"
 616      C808 D3DC 
 616      BEB6 365A 
 616      6A51 F0F5 
 616      74FB 9511 
 617 0145 87D4 3203 		.ascii	"\207\3242\003_=\325\207nF\362$\301^\263\255\343\224}\316F]\317"
 617      5F3D D587 
 617      6E46 F224 
 617      C15E B3AD 
 617      E394 7DCE 
 618 015c D6FD 079F 		.ascii	"\326\375\007\237\321\013u\305\313U8(\371\377\213\374~\251,\326"
 618      D10B 75C5 
 618      CB55 3828 
 618      F9FF 8BFC 
 618      7EA9 2CD6 
 619 0170 C3C9 FCE0 		.ascii	"\303\311\374\340\341\265\365v\236\"\240\353\362Z\213\025\003"
 619      E1B5 F576 
 619      9E22 A0EB 
 619      F25A 8B15 
 619      03
 620 0181 DAF2 0F13 		.ascii	"\332\362\017\023\372E8\364\266B\346'\206\362\313\"\370|\001\375"
 620      FA45 38F4 
 620      B642 E627 
 620      86F2 CB22 
 620      F87C 01FD 
 621 0195 D8DB 516B 		.ascii	"\330\333Qk3\240\303\1777\241\207\303\241\203\002:\266\247Iw\360"
 621      33A0 C37F 
 621      37A1 87C3 
 621      A183 023A 
 621      B6A7 4977 
 622 01aa 5401 BD9E 		.ascii	"T\001\275\236{\344\222\303\200\216\017:st\177V\274\227kpD\202"
 622      7BE4 92C3 
 622      808E 0F3A 
 622      7374 7F56 
 622      BC97 6B70 
 623 01c0 17C6 419A 		.ascii	"\027\306A\232\204^\025\320\341\213k\263\025\236.\240[\272\333"
 623      845E 15D0 
 623      E18B 6BB3 
 623      159E 2EA0 
 623      5BBA DB
 624 01d3 CBA2 0C68 		.ascii	"\313\242\fh\327_\344\250\032\034\235\f\274 \200-\376\374z\027"
 624      D75F E4A8 
 624      1A1C 9D0C 
 624      BC20 802D 
 624      FEFC 7A17 
 625 01e7 5F28 801D 		.ascii	"_(\200\035]5\307\3151[,`\313d\3407\002\330\3347^\024\315\177"
 625      5D35 C7CD 
 625      315B 2C60 
 625      CB64 E037 
 625      02D8 DC37 
 626 01ff 2380 97F2 		.ascii	"#\200\227\362\313?1\201\303\1776\201'&\003\217\b`\355\211[\363"
 626      CB3F 3181 
 626      C37F 3681 
 626      2726 038F 
 626      0860 ED89 
 627 0215 F91F 04EE 		.ascii	"\371\037\004\356\373\217"
 627      FB8F 
 628 021b 465A C1C4 		.string	"FZ\301\304\375\311\304\235\232\214\373\\\340.\266\225\373\334\374\257\002\370\345\316\372
 628      FDC9 C49D 
 628      9A8C FB5C 
 628      E02E B695 
 628      FBDC FCAF 
 629 031c E942 C3A5 		.ascii	"\351B\303\245)yA\362V\371\2137\272x\206\340-\2766\362\275\333"
 629      2979 41F2 
 629      56F9 8B37 
 629      BA78 86E0 
 629      2DBE 36F2 
 630 0332 E0F5 E94A 		.ascii	"\340\365\351Je\266J\254\227CY\2773X;\005\353\232\301#?FKV\f\255"
 630      65B6 4AAC 
 630      9743 59BF 
 630      3358 3B05 
 630      EB9A C123 
 631 034c 129C 03C1 		.ascii	"\022\234\003\301\372\331\301\312Q\027\177AF\352\271\321\016\027"
 631      FAD9 C1CA 
 631      5117 7F41 
 631      46EA B9D1 
 631      0E17 
 632 035e B196 EBFE 		.ascii	"\261\226\353\376\221\313\334R\373}(o\227\301\333=%/\227\274\233"
 632      91CB DC52 
 632      FB7D 286F 
 632      97C1 DB3D 
 632      252F 97BC 
 633 0373 8B1B 6A23 		.ascii	"\213\033j#\3712\301\333\336\177c;\030\274\001\265WC"
 633      F932 C1DB 
 633      DE7F 633B 
 633      18BC 01B5 
 633      5743 
 634 0385 59AF 18AC 		.string	"Y\257\030\254=S\262\252\222\365\312\311\332~\205\257\020\254\227\277\271Pf\017c\355\013e\
 634      3D53 B2AA 
 634      92F5 CAC9 
 634      DA7E 85AF 
 634      10AC 97BF 
 635 0486 3900      		.string	"9"
 636 0488 D728 C9E0 		.string	"\327(\311\340:\324"
 636      3AD4 00
 637 048f EB02 45B8 		.string	"\353\002E\270\207l\026\357c\bj\035h\312uKbe:\342\221\252\246\257-\342\037\211x@\020\017Z\
 637      876C 16EF 
 637      6308 6A1D 
 637      68CA 754B 
 637      6265 3AE2 
 638 04ea 51AD 427B 		.string	"Q\255B{\035ys;\027\250Z\301\201T`Ci\201\321\240\004\023\273E\370\356\035\336\327\353D\027
 638      1D79 733B 
 638      17A8 5AC1 
 638      8154 6043 
 638      6981 D1A0 
 639 05a8 EFCC 1AD0 		.ascii	"\357\314\032\320\201\300?\023\030\243\021\306A\r(m#\245s\203"
 639      81C0 3F13 
 639      18A3 11C6 
 639      410D 286D 
 639      23A5 7383 
 640 05bc 9566 FBC6 		.ascii	"\225f\373\306\305\032P\354\312\256l\337~\331\322\035h\371\217"
 640      C51A 50EC 
 640      CAAE 6CDF 
 640      7ED9 D21D 
 640      68F9 8F
 641 05cf 68E8 B1D0 		.ascii	"h\350\261\320\033\266\036\225+\207\223R\331\234H\325\340\245"
 641      1BB6 1E95 
 641      2B87 9352 
 641      D99C 48D5 
 641      E0A5 
 642 05e1 8911 4BF3 		.ascii	"\211\021K\363CU\345H\244\214\276{\350\\\020\002\207>\350\351"
 642      4355 E548 
 642      A48C BE7B 
 642      E85C 1002 
 642      873E E8E9 
 643 05f5 B3D3 D2E8 		.ascii	"\263\323\322\350b\2065\320\025\\\235\t<C\210\016\262\024Z\216"
 643      6286 35D0 
 643      155C 9D09 
 643      3C43 880E 
 643      B214 5A8E 
 644 0609 B982 D769 		.ascii	"\271\202\327i\320\232\311\022#\222eJ\326\302\003\215\315\321"
 644      D09A C912 
 644      2392 654A 
 644      D6C2 038D 
 644      CDD1 
 645 061b C1AC      		.ascii	"\301\254"
 646 061d 2B89 355B 		.string	"+\2115[1Xs\246`\265R%F\244\312\224\264\247N\225UD\006\323z\210v\225I\233k\320R`\253G<\003
 646      3158 73A6 
 646      60B5 5225 
 646      46A4 CA94 
 646      B4A7 4E95 
 647 071e 2845 AB40 		.ascii	"(E\253@\202~%\016\375\352\322\222>\227\016\343f\230!T\306k\231"
 647      827E 250E 
 647      FDEA D292 
 647      3E97 0EE3 
 647      6698 2154 
 648 0735 A283 D030 		.ascii	"\242\203\3200\026\244\241\331\240wH\rVZ\250\240@\271\320\220"
 648      16A4 A1D9 
 648      A077 480D 
 648      565A A8A0 
 648      40B9 D090 
 649 0749 7DC1 85C7 		.ascii	"}\301\205\307\313<\244\221\036z\235\022\341\304F\311a\354\373"
 649      CB3C A491 
 649      1E7A 9D12 
 649      E1C4 46C9 
 649      61EC FB
 650 075c 2E6C 438A 		.ascii	".lC\212\303\007/\364F\021\205\035Z\031TH\016Zla\024\201v\204"
 650      C307 2FF4 
 650      4611 851D 
 650      5A19 5448 
 650      0E5A 6C61 
 651 0774 6AF0 E4DB 		.ascii	"j\360\344\333e\213[\f\036!\255nr\331\030\211\355!\344\013\260"
 651      658B 5B0C 
 651      1E21 AD6E 
 651      72D9 1889 
 651      ED21 E40B 
 652 0789 8DE6 68F0 		.ascii	"\215\346h\360\333MQ\362\\\341P)\275\227s|\222\346x\201\360\257"
 652      DB4D 51F2 
 652      5CE1 5029 
 652      BD97 737C 
 652      92E6 7881 
 653 079f 3AC5 F4AF 		.ascii	":\305\364\257\301\232\343(\232+\312\f\351\2651L4v\320\312`\343"
 653      C19A E328 
 653      9A2B CA0C 
 653      E9B5 314C 
 653      3476 D0CA 
 654 07b5 6D8F D710 		.ascii	"m\217\327\0204\003\333q(\337\376\242r.\375p\200\327t\303X\337"
 654      3403 DB71 
 654      28DF FEA2 
 654      722E FD70 
 654      80D7 74C3 
 655 07cb 5434 0B8C 		.ascii	"T4\013\214}"
 655      7D
 656 07d0 9CC6 4E15 		.string	"\234\306N\025coJ\t$\250I\030C\302\202\235\271G\264%\311a{\214\371\234\211\355\3068A\272\3
 656      636F 4A09 
 656      24A8 4918 
 656      43C2 829D 
 656      B947 B425 
 657 087b C05A A582 		.ascii	"\300Z\245\202N\230\325Y\027;E\n8\3051vk]m\227\303D\354\301\346"
 657      4E98 D559 
 657      173B 450A 
 657      38C5 3176 
 657      6B5D 6D97 
 658 0894 99F0 016A 		.ascii	"\231\360\001j(\025W\177X'1}ygn\251\022C\257\327\253\274\233\334"
 658      2815 577F 
 658      5827 317D 
 658      7967 6EA9 
 658      1243 AFD7 
 659 08ac 26E6 9AC0 		.ascii	"&\346\232\300|(0\264\245B\225\304X\2372\234\342\004:\276\363"
 659      7C28 30B4 
 659      A542 95C4 
 659      589F 329C 
 659      E204 3ABE 
 660 08c1 C655 CDC4 		.ascii	"\306U\315\304\254w\023\306'0\264\235\302z\211\261>\3058\305\247"
 660      AC77 13C6 
 660      2730 B49D 
 660      C27A 89B1 
 660      3EC5 38C5 
 661 08d6 98B6 4BBB 		.ascii	"\230\266K\2736F\233\230O\005f\203\300\210C\245Zb~\254Zu\223K"
 661      3646 9B98 
 661      4F05 6683 
 661      C088 43A5 
 661      5A62 7EAC 
 662 08ee 0CED 7CFA 		.ascii	"\f\355|\372\316\372\347MH\217\200l\024\020\033Aj$\304\227\337"
 662      CEFA E74D 
 662      488F 806C 
 662      1410 1B41 
 662      6A24 C497 
 663 0903 350E 1242 		.ascii	"5\016\022B{\316\327[\367\037\262&\355S\341Nm`\n6!F\234\201\332"
 663      7BCE D75B 
 663      F71F B226 
 663      ED53 E14E 
 663      6D60 0A36 
 664 091c C93D 5B9E 		.ascii	"\311=[\236\242#\260\033\262\320k\232\364Rq\214\341M\257\317\274"
 664      A223 B01B 
 664      B2D0 6B9A 
 664      F452 718C 
 664      E14D AFCF 
 665 0931 E965 FB76 		.ascii	"\351e\373v@\3406!Cq4\274\267\333\332[7\214\205\367\366\007\362"
 665      40E0 3621 
 665      4371 34BC 
 665      B7DB DA5B 
 665      378C 85F7 
 666 0948 6DC2 E825 		.ascii	"m\302\350%\001\266`\001\325\205\263\244\002U\346e\341\303S*\220"
 666      01B6 6001 
 666      D585 B3A4 
 666      0255 E665 
 666      E1C3 532A 
 667 095d 2C5B C37B 		.ascii	",[\303{\203\024\324\207\367\366\007\005\232\321K\n\354\301\n"
 667      8314 D487 
 667      F7F6 0705 
 667      9AD1 4B0A 
 667      ECC1 0A
 668 0970 7699 0A34 		.ascii	"v\231\n4yt\337Q\301\201i\024\310\031\352\234F\201\324w%H\201"
 668      7974 DF51 
 668      C181 6914 
 668      C819 EA9C 
 668      4681 D477 
 669 0987 2358 419F 		.ascii	"#XA\237\251@\336\002\256O\243@\37214\215\002\251o\364\216\n\306"
 669      A940 DE02 
 669      AE4F A340 
 669      FA31 348D 
 669      02A9 6FF4 
 670 099e 8214 3883 		.ascii	"\202\0248\203\025L\230\n\344\311S]4\265\002\311\262)\2747H\301"
 670      154C 980A 
 670      E4C9 535D 
 670      34B5 02C9 
 670      B229 BC37 
 671 09b4 D6F0 DEFE 		.ascii	"\326\360\336\376\300\f\325\027\005\024\270\316}{C^\306\272\361"
 671      C00C D517 
 671      0514 B8CE 
 671      7D7B 435E 
 671      C6BA F1
 672 09c7 B250 2AEE 		.ascii	"\262P*\356\352\n\223\326\361\262.F\235-\353b\214\004\271FEZ\340"
 672      EA0A 93D6 
 672      F1B2 2E46 
 672      9D2D EB62 
 672      8C04 B946 
 673 09de 5E1B 675C 		.ascii	"^\033g\\\025\357\356\"\2739\344\"\273E\334\204\022B\256\234w"
 673      15EF EE22 
 673      BB39 E422 
 673      BB45 DC84 
 673      1242 AE9C 
 674 09f3 7775 AD0B 		.ascii	"wu\255\013\271\272n\025<\263\177\231'\354\256\272-\344\256\272"
 674      B9BA 6E15 
 674      3CB3 7F99 
 674      27EC AEBA 
 674      2DE4 AEBA 
 675 0a07 5DF0 C433 		.ascii	"]\360\30436\f\t\270\340\352\232\013x\204\244hu\217bi;\232\201"
 675      360C 09B8 
 675      E0EA 9A0B 
 675      7884 A468 
 675      758F 6269 
 676 0a1e B368 EF7D 		.ascii	"\263h\357}\016g\332Q\260\024Kg\335K\3030\033\273\324^\334\265"
 676      0E67 DA51 
 676      B014 4B67 
 676      DD4B C330 
 676      1BBB D45E 
 677 0a34 D3B4 0234 		.ascii	"\323\264\0024K\265\325\241Y\252\375(\232\245;z\237\307^g\001"
 677      4BB5 D5A1 
 677      59AA FD28 
 677      9AA5 3B7A 
 677      9FC7 5E67 
 678 0a49 9AC5 63A3 		.ascii	"\232\305c\243Z\207{s\252v\024\315\322m\275h\226b/ \003G\035\262"
 678      5A87 7B73 
 678      AA76 14CD 
 678      D26D BD68 
 678      9662 2F20 
 679 0a61 A539 8FBE 		.ascii	"\2459\217\276\204\213\022A\312TyCV\fO\336\255Y\323\317S\266\210"
 679      848B 1241 
 679      CA54 7943 
 679      560C 4FDE 
 679      AD59 D3CF 
 680 0a78 8F7A E36B 		.ascii	"\217z\343k\224\034\237\003\225\263\017\360\246!\277&\355PR\320"
 680      941C 9F03 
 680      95B3 0FF0 
 680      A621 BF26 
 680      ED50 52D0 
 681 0a8c EA9D E2F1 		.ascii	"\352\235\342\361\263\332\323\273\365<\372\227\225A\275\362\264"
 681      B3DA D3BB 
 681      F53C FA97 
 681      9541 BDF2 
 681      B4
 682 0a9d 4941 4B47 		.ascii	"IAKGF\323P\372t\005B\t\033\246\"l\f\"\304\270 \243\273&\374h"
 682      46D3 50FA 
 682      7405 4209 
 682      1BA6 226C 
 682      0C22 C4B8 
 683 0ab7 2AC2 8F83 		.ascii	"*\302\217\203\b1\350\310\210\365S\244\211\305\242O\004 '\003"
 683      0831 E8C8 
 683      88F5 53A4 
 683      89C5 A24F 
 683      0420 2703 
 684 0acb F7CF 19AF 		.ascii	"\367\317\031\257\277\261h\331\2127^I}\356\325\227_\315\\\360"
 684      BFB1 68D9 
 684      8A37 5E49 
 684      7DEE D597 
 684      5FCD 5CF0 
 685 0adf 1CE3 2F2C 		.ascii	"\034\343/,\1773\306xY\360\353'\026=\371TF\306\223\f\336\204\345"
 685      7F33 C678 
 685      59F0 EB27 
 685      163D F954 
 685      46C6 930C 
 686 0af6 F002 AC80 		.ascii	"\360\002\254\200\327\3415g\346\222W\026\275\270l\361\222L[\346"
 686      D7E1 3567 
 686      E692 5716 
 686      BDB8 6CF1 
 686      924C 5BE6 
 687 0b0a 92A5 2FBE 		.ascii	"\222\245/\276\272\214g.\315p<\373l\346\222\345o\274\274\002+"
 687      BA8C 672E 
 687      CD70 3CFB 
 687      6CE6 92E5 
 687      6FBC BC02 
 688 0b1f 8B16 2FCE 		.ascii	"\213\026/\316L\177BC\242\307\227\213\362M\r-\036_*\312LQf\270"
 688      4C7F 4243 
 688      A2C7 978B 
 688      F24D 0D2D 
 688      1E5F 2ACA 
 689 0b37 5F7E ED95 		.ascii	"_~\355\225\370_\245\315\213\377\247\313\311\370\3573\231\362"
 689      F85F A5CD 
 689      8BFF A7CB 
 689      C9F8 EF33 
 689      99F2 
 690 0b49 16FB 1F6A 		.ascii	"\026\373\037jRU\227"
 690      5255 97
 691               		.text
 692               		.section	.gnu.lto_.symbol_nodes.54aff306,"",@progbits
 693 0000 789C 6367 		.string	"x\234cg`dPb"
 693      6064 5062 
 693      00
 694 0009 0226 C67A 		.string	"\002&\306z\206\267k\276\377gf\234p\216\201\241\236\201aW\203#P\216\201\201\225\211A\001\2
 694      86B7 6BBE 
 694      FF67 669C 
 694      708E 81A1 
 694      9E81 6157 
 695 0029 00        		.string	""
 696 002a B7E7 07C0 		.ascii	"\267\347\007\300"
 697               		.text
 698               		.section	.gnu.lto_.refs.54aff306,"",@progbits
 699 0000 789C 6367 		.string	"x\234cg`d\340d```b`b\344ebTc"
 699      6064 E064 
 699      6060 6062 
 699      6062 E465 
 699      6254 6300 
 700 0014 00        		.string	""
 701 0015 01CA 00   		.string	"\001\312"
 702 0018 4D        		.ascii	"M"
 703               		.text
 704               		.section	.gnu.lto_.decls.54aff306,"",@progbits
 705 0000 789C 8D95 		.ascii	"x\234\215\225[LTG\030\307\347\333Y\330u\335\025\213\266\241\315"
 705      5B4C 5447 
 705      18C7 E7DB 
 705      59D8 75DD 
 705      158B B6A1 
 706 0015 9AD8 C89A 		.ascii	"\232\330\310\232\2304\n\361\202$>4\032c\373\322\007\2156\366"
 706      9834 0AF1 
 706      8224 3E34 
 706      1A63 FBD2 
 706      078D 36F6 
 707 0029 8502 52B7 		.ascii	"\205\002R\267\251\210E\364\241/=\240\"\332\246@R\274\327\202"
 707      A988 45F4 
 707      A12F 3DA0 
 707      22DA A640 
 707      52BC D782 
 708 003d 7841 B448 		.ascii	"xA\264HM\253\215\210\254\240\250T\271\254\305]\020pA\005\004"
 708      4DAB 8D88 
 708      ACA0 A854 
 708      B9AC C55D 
 708      1070 4105 
 709 0052 6911 28C8 		.ascii	"i\021(\310u\373\315\345\300\331\355j{\262\377\2353s~\363]f\276"
 709      75FB CDE5 
 709      C0D9 ED6A 
 709      7BB2 FF9D 
 709      3373 7EF3 
 710 0069 39C7 4080 		.ascii	"9\307@\200,5\021RB\b\361\240\274x\351\260\255C\261\266\006UN"
 710      2C35 1152 
 710      4208 F1A0 
 710      BC78 E9B0 
 710      AD43 B1B6 
 711 0080 C405 A827 		.ascii	"\304\005\250'\262\355&\276\327\035\034\234\215m(\021m\253\234"
 711      B2ED 26BE 
 711      D71D 1C9C 
 711      8D6D 2811 
 711      6DAB 9C
 712 0093 DB2B E75B 		.ascii	"\333+\347[Q\237\240^\2406\242\372P\375\250\001T\027\352\031j"
 712      519F A05E 
 712      A036 A2FA 
 712      50FD A801 
 712      5417 EA19 
 713 00a8 0435 861A 		.ascii	"\0045\206\032GM\240\354\250`\324=\324]T\003\352!\252\021U\245"
 713      474D A0EC 
 713      A860 D43D 
 713      D45D 5403 
 713      EA21 AA11 
 714 00be 89C7 28E3 		.ascii	"\211\307(\343\361\312 \001\245CQ\224\036\345\360\2135\233\302"
 714      F1CA 2001 
 714      A543 5194 
 714      1EE5 F08B 
 714      359B C2
 715 00d1 1DF7 D1D3 		.ascii	"\035\367\321\323!\031\024BM\240\303ny\345\321\013\006\212s\360"
 715      2119 1442 
 715      4DA0 C36E 
 715      79E5 D10B 
 715      068A 73F0 
 716 00e5 3EBD 24AF 		.ascii	">\275$\257Y\217\217\254&\360\002\366\263R\037=6\213>{\234s,\263"
 716      598F 8FAC 
 716      26F0 02F6 
 716      B352 1F3D 
 716      368B 3E7B 
 717 00fd 4B47 F5FC 		.ascii	"KG\365\374\376\273\316\352&\032Q\244\210\313\370\036\2012\240"
 717      FEBB CEEA 
 717      261A 51A4 
 717      88CB F81E 
 717      8132 A0
 718 0110 DCC5 9CE9 		.ascii	"\334\305\234\351\354\371\331\037\013nX\350\"\3166t\264f\031M"
 718      ECF9 D91F 
 718      0B6E 58E8 
 718      22CE 3674 
 718      B466 194D 
 719 0124 198A 92A6 		.ascii	"\031\212\222\2468r\225\3400\002\213\255\020a%p\035\270m\007D"
 719      3872 95E0 
 719      3002 8BAD 
 719      1061 2570 
 719      1DB8 6D07 
 720 0139 10B8 0656 		.ascii	"\020\270\006V(\005+\343\253\373\367\345L\247Q|\356\305\212\241"
 720      2805 2BE3 
 720      ABFB F7E5 
 720      4CA7 517C 
 720      EEC5 8AA1 
 721 014d 4633 8DE6 		.ascii	"F3\215\346\367\305\207\207\232M"
 721      F7C5 8787 
 721      9A4D 
 722 0157 7A1D 811B 		.string	"z\035\201\033\334\025\216\374\360`4\335\"r\241\330-\360\3744\036\204\335\331&\bc\351\344W
 722      DC15 8EFC 
 722      F060 34DD 
 722      2272 A1D8 
 722      2DF0 FC34 
 723 0258 D15A 1076 		.ascii	"\321Z\020v5\001\370<\024\2165\217\265Y\202z\250\032]\265y\224"
 723      3501 F83C 
 723      148E 358F 
 723      B559 827A 
 723      A81A 5DB5 
 724 026e 7ECC CBB4 		.ascii	"~\314\313\264\350\376\356\347\024\313\224\257\021\354\324\263"
 724      E8FE EEE7 
 724      14CB 94AF 
 724      11EC D4B3 
 725 027e B1FA 5FAA 		.ascii	"\261\372_\252*\201\306\361\347\025\005\r\365\301t\323+J\372X"
 725      2A81 C6F1 
 725      E715 050D 
 725      F5C1 74D3 
 725      2B4A FA58 
 726 0292 7AE1 534A 		.ascii	"z\341SJ?\343E{i\354\3442\254Y\233-\3206>`5\353\226"
 726      3FE3 457B 
 726      69EC E432 
 726      AC59 9B2D 
 726      D036 3E60 
 727 02a9 7BD8 847B 		.string	"{\330\204{\330\200\373\367\020\325\250\255\331\352zM\241\325\3436\272\003\226\254\200\033
 727      D880 FBF7 
 727      10D5 A8AD 
 727      D9EA 7A4D 
 727      A1D5 E336 
 728 03aa ABB9 25E9 		.string	"\253\271%\351wg\314?\251\364\342\202\334:\267\242\355\224\342(F\266\013B\341\251\232\"t\2
 728      7767 CC3F 
 728      A9F4 E282 
 728      DC3A B7A2 
 728      ED94 E228 
 729 04a7 1FA8 270B 		.ascii	"\037\250'\013\247\217\260j\020\261\360\016{\337U)=\360\312\260"
 729      A78F B06A 
 729      10B1 F00E 
 729      7BDF 5529 
 729      3DF0 CAB0 
 730 04bb 47D5 B023 		.ascii	"G\325\260#x\324\245\231U\027\214\302~\355\224\375)|\214\333\037"
 730      78D4 A599 
 730      5517 8CC2 
 730      7EED 94FD 
 730      297C 8CDB 
 731 04d0 15F6 C7B8 		.ascii	"\025\366\307\270}e\364v\207^\273\206n\237\005\037\227k8\316\327"
 731      7D65 F476 
 731      875E BB86 
 731      6E9F 051F 
 731      976B 38CE 
 732 04e5 70F0 FCE9 		.ascii	"p\360\374\351^\320\302\255>\360\204\204'8\274\317{e4$\374\004"
 732      5ED0 C2AD 
 732      3EF0 8484 
 732      2738 BCCF 
 732      7B65 3424 
 733 04fb 3FDF 35C7 		.ascii	"?\3375\307W\034\276\250\344\276\013\366\267\370\231T?=^\bG2m"
 733      571C BEA8 
 733      E4BE 0BF6 
 733      B7F8 9954 
 733      3F3D 5E08 
 734 0512 64EF 5949 		.ascii	"d\357YI*J\201\221\370S\212\216Q\227^V4\351\244\275\306\275\n"
 734      2A4A 8191 
 734      F853 8A8E 
 734      5197 5E56 
 734      34E9 A4BD 
 735 0529 ACF4 C752 		.ascii	"\254\364\307R9\366\353\211\316\263*V\036\206\346\374\2614\216"
 735      39F6 EB89 
 735      CEB3 2A56 
 735      1E86 E6FC 
 735      B134 8E
 736 053c B9FA 7A2A 		.ascii	"\271\372z*\203$\326\025\b\333\305\261\326\314\301s\006\2119\337"
 736      8324 D615 
 736      08DB C5B1 
 736      D6CC C173 
 736      0689 39DF 
 737 0550 0E80 EDD6 		.ascii	"\016\200\355\326\205\023\330\036\362\345\216\330\255);\022\027"
 737      8513 D81E 
 737      F2E5 8ED8 
 737      AD29 3B12 
 737      17
 738 0561 C527 6D49 		.ascii	"\305'mIJ^\030o\\\363\321\372\271\253\242\243\311\033r`\341\222"
 738      4A5E 186F 
 738      5CF3 D1FA 
 738      B9AB A2A3 
 738      C91B 7260 
 739 0577 65B1 51CB 		.ascii	"e\261Q\313\343\342\242\210a\307\347[S\226\307\244\200=x[l\374"
 739      E3E2 A288 
 739      61C7 E75B 
 739      5396 C7A4 
 739      803D 785B 
 740 058d 1709 9B60 		.ascii	"\027\t\233`\347L\337\331vB?X\267\301d\337\2763&%)&ys\034$\303"
 740      E74C DFD9 
 740      7642 3F58 
 740      B7C1 64DF 
 740      BE33 2625 
 741 05a8 6688 D3C7 		.ascii	"f\210\323\307\257]\263\222\242\374\360xbY\365\341\352\310\350"
 741      AF5D B392 
 741      A2FC F078 
 741      6259 F5E1 
 741      EAC8 E8
 742 05bb C591 31AB 		.ascii	"\305\2211\253\326\257\335\260\332\260-9isbB\342\233*\266%aSL"
 742      D6AF DDB0 
 742      DAB0 2D39 
 742      6973 6242 
 742      E29B 2AB6 
 743 05d3 4A6C DC96 		.ascii	"Jl\334\226\204\355h\332\310\334G.\213I\321\307\333c\223\377\001"
 743      84ED 68DA 
 743      C8DC 472E 
 743      8B49 D1C7 
 743      DB63 93FF 
 744 05e8 DE75 115A 		.ascii	"\336u\021Z"
 745               		.text
 746               		.section	.gnu.lto_.symtab.54aff306,"",@progbits
 747 0000 6873 765F 		.string	"hsv_to_rgb"
 747      746F 5F72 
 747      6762 00
 748 000b 00        		.string	""
 749 000c 00        		.string	""
 750 000d 00        		.string	""
 751 000e 00        		.string	""
 752 000f 00        		.string	""
 753 0010 00        		.string	""
 754 0011 00        		.string	""
 755 0012 00        		.string	""
 756 0013 00        		.string	""
 757 0014 00        		.string	""
 758 0015 00        		.string	""
 759 0016 E400      		.string	"\344"
 760 0018 00        		.string	""
 761 0019 00        		.string	""
 762 001a 4349 4531 		.string	"CIE1931_CURVE"
 762      3933 315F 
 762      4355 5256 
 762      4500 
 763 0028 00        		.string	""
 764 0029 02        		.ascii	"\002"
 765 002a 00        		.string	""
 766 002b 00        		.string	""
 767 002c 00        		.string	""
 768 002d 00        		.string	""
 769 002e 00        		.string	""
 770 002f 00        		.string	""
 771 0030 00        		.string	""
 772 0031 00        		.string	""
 773 0032 00        		.string	""
 774 0033 EB00      		.string	"\353"
 775 0035 00        		.string	""
 776 0036 00        		.string	""
 777               		.text
 778               		.section	.gnu.lto_.opts,"",@progbits
 779 0000 272D 666E 		.string	"'-fno-openmp' '-fno-openacc' '-fno-pie' '-mn-flash=1' '-mno-skip-bug' '-mmcu=avr5' '-Os' 
 779      6F2D 6F70 
 779      656E 6D70 
 779      2720 272D 
 779      666E 6F2D 
 780               		.text
 781               		.comm	__gnu_lto_v1,1,1
 782               		.comm	__gnu_lto_slim,1,1
 783               		.ident	"GCC: (GNU) 8.3.0"
DEFINED SYMBOLS
                            *ABS*:00000000 color.c
C:\Users\nonej\Documents\Keyboard\msys64\tmp\ccAZlnho.s:2      *ABS*:0000003e __SP_H__
C:\Users\nonej\Documents\Keyboard\msys64\tmp\ccAZlnho.s:3      *ABS*:0000003d __SP_L__
C:\Users\nonej\Documents\Keyboard\msys64\tmp\ccAZlnho.s:4      *ABS*:0000003f __SREG__
C:\Users\nonej\Documents\Keyboard\msys64\tmp\ccAZlnho.s:5      *ABS*:00000000 __tmp_reg__
C:\Users\nonej\Documents\Keyboard\msys64\tmp\ccAZlnho.s:6      *ABS*:00000001 __zero_reg__
C:\Users\nonej\Documents\Keyboard\msys64\tmp\ccAZlnho.s:15     .gnu.debuglto_.debug_info:00000000 color.c.46a78bb7
                            *COM*:00000001 __gnu_lto_v1
                            *COM*:00000001 __gnu_lto_slim

NO UNDEFINED SYMBOLS
