   1               		.file	"keycode_config.c"
   2               	__SP_H__ = 0x3e
   3               	__SP_L__ = 0x3d
   4               	__SREG__ = 0x3f
   5               	__tmp_reg__ = 0
   6               	__zero_reg__ = 1
   7               		.file 1 "c:\\users\\nonej\\documents\\keyboard\\msys64\\home\\nonej\\qmk_utils\\avr8-gnu-toolchain
   8               		.file 2 "tmk_core/common/keycode.h"
   9               		.file 3 "tmk_core/common/action_code.h"
  10               		.file 4 "quantum/keycode_config.h"
  11               		.file 5 "quantum/keycode_config.c"
  12               		.section	.gnu.debuglto_.debug_info,"",@progbits
  13               	.Ldebug_info0:
  14               		.hidden	keycode_config.c.395500c2
  15               		.weak	keycode_config.c.395500c2
  16               	keycode_config.c.395500c2:
  17 0000 0206 0000 		.long	0x602
  18 0004 0200      		.word	0x2
  19 0006 0000 0000 		.long	.Ldebug_abbrev0
  20 000a 04        		.byte	0x4
  21 000b 01        		.uleb128 0x1
  22 000c 0000 0000 		.long	.LASF205
  23 0010 0C        		.byte	0xc
  24 0011 0000 0000 		.long	.LASF206
  25 0015 0000 0000 		.long	.LASF207
  26 0019 0000 0000 		.long	.Ldebug_line0
  27 001d 02        		.uleb128 0x2
  28 001e 01        		.byte	0x1
  29 001f 06        		.byte	0x6
  30 0020 0000 0000 		.long	.LASF0
  31 0024 03        		.uleb128 0x3
  32 0025 0000 0000 		.long	.LASF2
  33 0029 01        		.byte	0x1
  34 002a 7E        		.byte	0x7e
  35 002b 16        		.byte	0x16
  36 002c 3000 0000 		.long	0x30
  37 0030 02        		.uleb128 0x2
  38 0031 01        		.byte	0x1
  39 0032 08        		.byte	0x8
  40 0033 0000 0000 		.long	.LASF1
  41 0037 04        		.uleb128 0x4
  42 0038 02        		.byte	0x2
  43 0039 05        		.byte	0x5
  44 003a 696E 7400 		.string	"int"
  45 003e 03        		.uleb128 0x3
  46 003f 0000 0000 		.long	.LASF3
  47 0043 01        		.byte	0x1
  48 0044 80        		.byte	0x80
  49 0045 16        		.byte	0x16
  50 0046 4A00 0000 		.long	0x4a
  51 004a 02        		.uleb128 0x2
  52 004b 02        		.byte	0x2
  53 004c 07        		.byte	0x7
  54 004d 0000 0000 		.long	.LASF4
  55 0051 02        		.uleb128 0x2
  56 0052 04        		.byte	0x4
  57 0053 05        		.byte	0x5
  58 0054 0000 0000 		.long	.LASF5
  59 0058 02        		.uleb128 0x2
  60 0059 04        		.byte	0x4
  61 005a 07        		.byte	0x7
  62 005b 0000 0000 		.long	.LASF6
  63 005f 02        		.uleb128 0x2
  64 0060 08        		.byte	0x8
  65 0061 05        		.byte	0x5
  66 0062 0000 0000 		.long	.LASF7
  67 0066 02        		.uleb128 0x2
  68 0067 08        		.byte	0x8
  69 0068 07        		.byte	0x7
  70 0069 0000 0000 		.long	.LASF8
  71 006d 05        		.uleb128 0x5
  72 006e 0000 0000 		.long	.LASF182
  73 0072 07        		.byte	0x7
  74 0073 01        		.byte	0x1
  75 0074 3000 0000 		.long	0x30
  76 0078 02        		.byte	0x2
  77 0079 D7        		.byte	0xd7
  78 007a 06        		.byte	0x6
  79 007b 8E04 0000 		.long	0x48e
  80 007f 06        		.uleb128 0x6
  81 0080 0000 0000 		.long	.LASF9
  82 0084 00        		.byte	0
  83 0085 06        		.uleb128 0x6
  84 0086 0000 0000 		.long	.LASF10
  85 008a 01        		.byte	0x1
  86 008b 06        		.uleb128 0x6
  87 008c 0000 0000 		.long	.LASF11
  88 0090 02        		.byte	0x2
  89 0091 06        		.uleb128 0x6
  90 0092 0000 0000 		.long	.LASF12
  91 0096 03        		.byte	0x3
  92 0097 06        		.uleb128 0x6
  93 0098 0000 0000 		.long	.LASF13
  94 009c 04        		.byte	0x4
  95 009d 06        		.uleb128 0x6
  96 009e 0000 0000 		.long	.LASF14
  97 00a2 05        		.byte	0x5
  98 00a3 06        		.uleb128 0x6
  99 00a4 0000 0000 		.long	.LASF15
 100 00a8 06        		.byte	0x6
 101 00a9 06        		.uleb128 0x6
 102 00aa 0000 0000 		.long	.LASF16
 103 00ae 07        		.byte	0x7
 104 00af 06        		.uleb128 0x6
 105 00b0 0000 0000 		.long	.LASF17
 106 00b4 08        		.byte	0x8
 107 00b5 06        		.uleb128 0x6
 108 00b6 0000 0000 		.long	.LASF18
 109 00ba 09        		.byte	0x9
 110 00bb 06        		.uleb128 0x6
 111 00bc 0000 0000 		.long	.LASF19
 112 00c0 0A        		.byte	0xa
 113 00c1 06        		.uleb128 0x6
 114 00c2 0000 0000 		.long	.LASF20
 115 00c6 0B        		.byte	0xb
 116 00c7 06        		.uleb128 0x6
 117 00c8 0000 0000 		.long	.LASF21
 118 00cc 0C        		.byte	0xc
 119 00cd 06        		.uleb128 0x6
 120 00ce 0000 0000 		.long	.LASF22
 121 00d2 0D        		.byte	0xd
 122 00d3 06        		.uleb128 0x6
 123 00d4 0000 0000 		.long	.LASF23
 124 00d8 0E        		.byte	0xe
 125 00d9 06        		.uleb128 0x6
 126 00da 0000 0000 		.long	.LASF24
 127 00de 0F        		.byte	0xf
 128 00df 06        		.uleb128 0x6
 129 00e0 0000 0000 		.long	.LASF25
 130 00e4 10        		.byte	0x10
 131 00e5 06        		.uleb128 0x6
 132 00e6 0000 0000 		.long	.LASF26
 133 00ea 11        		.byte	0x11
 134 00eb 06        		.uleb128 0x6
 135 00ec 0000 0000 		.long	.LASF27
 136 00f0 12        		.byte	0x12
 137 00f1 06        		.uleb128 0x6
 138 00f2 0000 0000 		.long	.LASF28
 139 00f6 13        		.byte	0x13
 140 00f7 06        		.uleb128 0x6
 141 00f8 0000 0000 		.long	.LASF29
 142 00fc 14        		.byte	0x14
 143 00fd 06        		.uleb128 0x6
 144 00fe 0000 0000 		.long	.LASF30
 145 0102 15        		.byte	0x15
 146 0103 06        		.uleb128 0x6
 147 0104 0000 0000 		.long	.LASF31
 148 0108 16        		.byte	0x16
 149 0109 06        		.uleb128 0x6
 150 010a 0000 0000 		.long	.LASF32
 151 010e 17        		.byte	0x17
 152 010f 06        		.uleb128 0x6
 153 0110 0000 0000 		.long	.LASF33
 154 0114 18        		.byte	0x18
 155 0115 06        		.uleb128 0x6
 156 0116 0000 0000 		.long	.LASF34
 157 011a 19        		.byte	0x19
 158 011b 06        		.uleb128 0x6
 159 011c 0000 0000 		.long	.LASF35
 160 0120 1A        		.byte	0x1a
 161 0121 06        		.uleb128 0x6
 162 0122 0000 0000 		.long	.LASF36
 163 0126 1B        		.byte	0x1b
 164 0127 06        		.uleb128 0x6
 165 0128 0000 0000 		.long	.LASF37
 166 012c 1C        		.byte	0x1c
 167 012d 06        		.uleb128 0x6
 168 012e 0000 0000 		.long	.LASF38
 169 0132 1D        		.byte	0x1d
 170 0133 06        		.uleb128 0x6
 171 0134 0000 0000 		.long	.LASF39
 172 0138 1E        		.byte	0x1e
 173 0139 06        		.uleb128 0x6
 174 013a 0000 0000 		.long	.LASF40
 175 013e 1F        		.byte	0x1f
 176 013f 06        		.uleb128 0x6
 177 0140 0000 0000 		.long	.LASF41
 178 0144 20        		.byte	0x20
 179 0145 06        		.uleb128 0x6
 180 0146 0000 0000 		.long	.LASF42
 181 014a 21        		.byte	0x21
 182 014b 06        		.uleb128 0x6
 183 014c 0000 0000 		.long	.LASF43
 184 0150 22        		.byte	0x22
 185 0151 06        		.uleb128 0x6
 186 0152 0000 0000 		.long	.LASF44
 187 0156 23        		.byte	0x23
 188 0157 06        		.uleb128 0x6
 189 0158 0000 0000 		.long	.LASF45
 190 015c 24        		.byte	0x24
 191 015d 06        		.uleb128 0x6
 192 015e 0000 0000 		.long	.LASF46
 193 0162 25        		.byte	0x25
 194 0163 06        		.uleb128 0x6
 195 0164 0000 0000 		.long	.LASF47
 196 0168 26        		.byte	0x26
 197 0169 06        		.uleb128 0x6
 198 016a 0000 0000 		.long	.LASF48
 199 016e 27        		.byte	0x27
 200 016f 06        		.uleb128 0x6
 201 0170 0000 0000 		.long	.LASF49
 202 0174 28        		.byte	0x28
 203 0175 06        		.uleb128 0x6
 204 0176 0000 0000 		.long	.LASF50
 205 017a 29        		.byte	0x29
 206 017b 06        		.uleb128 0x6
 207 017c 0000 0000 		.long	.LASF51
 208 0180 2A        		.byte	0x2a
 209 0181 06        		.uleb128 0x6
 210 0182 0000 0000 		.long	.LASF52
 211 0186 2B        		.byte	0x2b
 212 0187 06        		.uleb128 0x6
 213 0188 0000 0000 		.long	.LASF53
 214 018c 2C        		.byte	0x2c
 215 018d 06        		.uleb128 0x6
 216 018e 0000 0000 		.long	.LASF54
 217 0192 2D        		.byte	0x2d
 218 0193 06        		.uleb128 0x6
 219 0194 0000 0000 		.long	.LASF55
 220 0198 2E        		.byte	0x2e
 221 0199 06        		.uleb128 0x6
 222 019a 0000 0000 		.long	.LASF56
 223 019e 2F        		.byte	0x2f
 224 019f 06        		.uleb128 0x6
 225 01a0 0000 0000 		.long	.LASF57
 226 01a4 30        		.byte	0x30
 227 01a5 06        		.uleb128 0x6
 228 01a6 0000 0000 		.long	.LASF58
 229 01aa 31        		.byte	0x31
 230 01ab 06        		.uleb128 0x6
 231 01ac 0000 0000 		.long	.LASF59
 232 01b0 32        		.byte	0x32
 233 01b1 06        		.uleb128 0x6
 234 01b2 0000 0000 		.long	.LASF60
 235 01b6 33        		.byte	0x33
 236 01b7 06        		.uleb128 0x6
 237 01b8 0000 0000 		.long	.LASF61
 238 01bc 34        		.byte	0x34
 239 01bd 06        		.uleb128 0x6
 240 01be 0000 0000 		.long	.LASF62
 241 01c2 35        		.byte	0x35
 242 01c3 06        		.uleb128 0x6
 243 01c4 0000 0000 		.long	.LASF63
 244 01c8 36        		.byte	0x36
 245 01c9 06        		.uleb128 0x6
 246 01ca 0000 0000 		.long	.LASF64
 247 01ce 37        		.byte	0x37
 248 01cf 06        		.uleb128 0x6
 249 01d0 0000 0000 		.long	.LASF65
 250 01d4 38        		.byte	0x38
 251 01d5 06        		.uleb128 0x6
 252 01d6 0000 0000 		.long	.LASF66
 253 01da 39        		.byte	0x39
 254 01db 06        		.uleb128 0x6
 255 01dc 0000 0000 		.long	.LASF67
 256 01e0 3A        		.byte	0x3a
 257 01e1 06        		.uleb128 0x6
 258 01e2 0000 0000 		.long	.LASF68
 259 01e6 3B        		.byte	0x3b
 260 01e7 06        		.uleb128 0x6
 261 01e8 0000 0000 		.long	.LASF69
 262 01ec 3C        		.byte	0x3c
 263 01ed 06        		.uleb128 0x6
 264 01ee 0000 0000 		.long	.LASF70
 265 01f2 3D        		.byte	0x3d
 266 01f3 06        		.uleb128 0x6
 267 01f4 0000 0000 		.long	.LASF71
 268 01f8 3E        		.byte	0x3e
 269 01f9 06        		.uleb128 0x6
 270 01fa 0000 0000 		.long	.LASF72
 271 01fe 3F        		.byte	0x3f
 272 01ff 06        		.uleb128 0x6
 273 0200 0000 0000 		.long	.LASF73
 274 0204 40        		.byte	0x40
 275 0205 06        		.uleb128 0x6
 276 0206 0000 0000 		.long	.LASF74
 277 020a 41        		.byte	0x41
 278 020b 06        		.uleb128 0x6
 279 020c 0000 0000 		.long	.LASF75
 280 0210 42        		.byte	0x42
 281 0211 06        		.uleb128 0x6
 282 0212 0000 0000 		.long	.LASF76
 283 0216 43        		.byte	0x43
 284 0217 06        		.uleb128 0x6
 285 0218 0000 0000 		.long	.LASF77
 286 021c 44        		.byte	0x44
 287 021d 06        		.uleb128 0x6
 288 021e 0000 0000 		.long	.LASF78
 289 0222 45        		.byte	0x45
 290 0223 06        		.uleb128 0x6
 291 0224 0000 0000 		.long	.LASF79
 292 0228 46        		.byte	0x46
 293 0229 06        		.uleb128 0x6
 294 022a 0000 0000 		.long	.LASF80
 295 022e 47        		.byte	0x47
 296 022f 06        		.uleb128 0x6
 297 0230 0000 0000 		.long	.LASF81
 298 0234 48        		.byte	0x48
 299 0235 06        		.uleb128 0x6
 300 0236 0000 0000 		.long	.LASF82
 301 023a 49        		.byte	0x49
 302 023b 06        		.uleb128 0x6
 303 023c 0000 0000 		.long	.LASF83
 304 0240 4A        		.byte	0x4a
 305 0241 06        		.uleb128 0x6
 306 0242 0000 0000 		.long	.LASF84
 307 0246 4B        		.byte	0x4b
 308 0247 06        		.uleb128 0x6
 309 0248 0000 0000 		.long	.LASF85
 310 024c 4C        		.byte	0x4c
 311 024d 06        		.uleb128 0x6
 312 024e 0000 0000 		.long	.LASF86
 313 0252 4D        		.byte	0x4d
 314 0253 06        		.uleb128 0x6
 315 0254 0000 0000 		.long	.LASF87
 316 0258 4E        		.byte	0x4e
 317 0259 06        		.uleb128 0x6
 318 025a 0000 0000 		.long	.LASF88
 319 025e 4F        		.byte	0x4f
 320 025f 06        		.uleb128 0x6
 321 0260 0000 0000 		.long	.LASF89
 322 0264 50        		.byte	0x50
 323 0265 06        		.uleb128 0x6
 324 0266 0000 0000 		.long	.LASF90
 325 026a 51        		.byte	0x51
 326 026b 06        		.uleb128 0x6
 327 026c 0000 0000 		.long	.LASF91
 328 0270 52        		.byte	0x52
 329 0271 06        		.uleb128 0x6
 330 0272 0000 0000 		.long	.LASF92
 331 0276 53        		.byte	0x53
 332 0277 06        		.uleb128 0x6
 333 0278 0000 0000 		.long	.LASF93
 334 027c 54        		.byte	0x54
 335 027d 06        		.uleb128 0x6
 336 027e 0000 0000 		.long	.LASF94
 337 0282 55        		.byte	0x55
 338 0283 06        		.uleb128 0x6
 339 0284 0000 0000 		.long	.LASF95
 340 0288 56        		.byte	0x56
 341 0289 06        		.uleb128 0x6
 342 028a 0000 0000 		.long	.LASF96
 343 028e 57        		.byte	0x57
 344 028f 06        		.uleb128 0x6
 345 0290 0000 0000 		.long	.LASF97
 346 0294 58        		.byte	0x58
 347 0295 06        		.uleb128 0x6
 348 0296 0000 0000 		.long	.LASF98
 349 029a 59        		.byte	0x59
 350 029b 06        		.uleb128 0x6
 351 029c 0000 0000 		.long	.LASF99
 352 02a0 5A        		.byte	0x5a
 353 02a1 06        		.uleb128 0x6
 354 02a2 0000 0000 		.long	.LASF100
 355 02a6 5B        		.byte	0x5b
 356 02a7 06        		.uleb128 0x6
 357 02a8 0000 0000 		.long	.LASF101
 358 02ac 5C        		.byte	0x5c
 359 02ad 06        		.uleb128 0x6
 360 02ae 0000 0000 		.long	.LASF102
 361 02b2 5D        		.byte	0x5d
 362 02b3 06        		.uleb128 0x6
 363 02b4 0000 0000 		.long	.LASF103
 364 02b8 5E        		.byte	0x5e
 365 02b9 06        		.uleb128 0x6
 366 02ba 0000 0000 		.long	.LASF104
 367 02be 5F        		.byte	0x5f
 368 02bf 06        		.uleb128 0x6
 369 02c0 0000 0000 		.long	.LASF105
 370 02c4 60        		.byte	0x60
 371 02c5 06        		.uleb128 0x6
 372 02c6 0000 0000 		.long	.LASF106
 373 02ca 61        		.byte	0x61
 374 02cb 06        		.uleb128 0x6
 375 02cc 0000 0000 		.long	.LASF107
 376 02d0 62        		.byte	0x62
 377 02d1 06        		.uleb128 0x6
 378 02d2 0000 0000 		.long	.LASF108
 379 02d6 63        		.byte	0x63
 380 02d7 06        		.uleb128 0x6
 381 02d8 0000 0000 		.long	.LASF109
 382 02dc 64        		.byte	0x64
 383 02dd 06        		.uleb128 0x6
 384 02de 0000 0000 		.long	.LASF110
 385 02e2 65        		.byte	0x65
 386 02e3 06        		.uleb128 0x6
 387 02e4 0000 0000 		.long	.LASF111
 388 02e8 66        		.byte	0x66
 389 02e9 06        		.uleb128 0x6
 390 02ea 0000 0000 		.long	.LASF112
 391 02ee 67        		.byte	0x67
 392 02ef 06        		.uleb128 0x6
 393 02f0 0000 0000 		.long	.LASF113
 394 02f4 68        		.byte	0x68
 395 02f5 06        		.uleb128 0x6
 396 02f6 0000 0000 		.long	.LASF114
 397 02fa 69        		.byte	0x69
 398 02fb 06        		.uleb128 0x6
 399 02fc 0000 0000 		.long	.LASF115
 400 0300 6A        		.byte	0x6a
 401 0301 06        		.uleb128 0x6
 402 0302 0000 0000 		.long	.LASF116
 403 0306 6B        		.byte	0x6b
 404 0307 06        		.uleb128 0x6
 405 0308 0000 0000 		.long	.LASF117
 406 030c 6C        		.byte	0x6c
 407 030d 06        		.uleb128 0x6
 408 030e 0000 0000 		.long	.LASF118
 409 0312 6D        		.byte	0x6d
 410 0313 06        		.uleb128 0x6
 411 0314 0000 0000 		.long	.LASF119
 412 0318 6E        		.byte	0x6e
 413 0319 06        		.uleb128 0x6
 414 031a 0000 0000 		.long	.LASF120
 415 031e 6F        		.byte	0x6f
 416 031f 06        		.uleb128 0x6
 417 0320 0000 0000 		.long	.LASF121
 418 0324 70        		.byte	0x70
 419 0325 06        		.uleb128 0x6
 420 0326 0000 0000 		.long	.LASF122
 421 032a 71        		.byte	0x71
 422 032b 06        		.uleb128 0x6
 423 032c 0000 0000 		.long	.LASF123
 424 0330 72        		.byte	0x72
 425 0331 06        		.uleb128 0x6
 426 0332 0000 0000 		.long	.LASF124
 427 0336 73        		.byte	0x73
 428 0337 06        		.uleb128 0x6
 429 0338 0000 0000 		.long	.LASF125
 430 033c 74        		.byte	0x74
 431 033d 06        		.uleb128 0x6
 432 033e 0000 0000 		.long	.LASF126
 433 0342 75        		.byte	0x75
 434 0343 06        		.uleb128 0x6
 435 0344 0000 0000 		.long	.LASF127
 436 0348 76        		.byte	0x76
 437 0349 06        		.uleb128 0x6
 438 034a 0000 0000 		.long	.LASF128
 439 034e 77        		.byte	0x77
 440 034f 06        		.uleb128 0x6
 441 0350 0000 0000 		.long	.LASF129
 442 0354 78        		.byte	0x78
 443 0355 06        		.uleb128 0x6
 444 0356 0000 0000 		.long	.LASF130
 445 035a 79        		.byte	0x79
 446 035b 06        		.uleb128 0x6
 447 035c 0000 0000 		.long	.LASF131
 448 0360 7A        		.byte	0x7a
 449 0361 06        		.uleb128 0x6
 450 0362 0000 0000 		.long	.LASF132
 451 0366 7B        		.byte	0x7b
 452 0367 06        		.uleb128 0x6
 453 0368 0000 0000 		.long	.LASF133
 454 036c 7C        		.byte	0x7c
 455 036d 06        		.uleb128 0x6
 456 036e 0000 0000 		.long	.LASF134
 457 0372 7D        		.byte	0x7d
 458 0373 06        		.uleb128 0x6
 459 0374 0000 0000 		.long	.LASF135
 460 0378 7E        		.byte	0x7e
 461 0379 06        		.uleb128 0x6
 462 037a 0000 0000 		.long	.LASF136
 463 037e 7F        		.byte	0x7f
 464 037f 06        		.uleb128 0x6
 465 0380 0000 0000 		.long	.LASF137
 466 0384 80        		.byte	0x80
 467 0385 06        		.uleb128 0x6
 468 0386 0000 0000 		.long	.LASF138
 469 038a 81        		.byte	0x81
 470 038b 06        		.uleb128 0x6
 471 038c 0000 0000 		.long	.LASF139
 472 0390 82        		.byte	0x82
 473 0391 06        		.uleb128 0x6
 474 0392 0000 0000 		.long	.LASF140
 475 0396 83        		.byte	0x83
 476 0397 06        		.uleb128 0x6
 477 0398 0000 0000 		.long	.LASF141
 478 039c 84        		.byte	0x84
 479 039d 06        		.uleb128 0x6
 480 039e 0000 0000 		.long	.LASF142
 481 03a2 85        		.byte	0x85
 482 03a3 06        		.uleb128 0x6
 483 03a4 0000 0000 		.long	.LASF143
 484 03a8 86        		.byte	0x86
 485 03a9 06        		.uleb128 0x6
 486 03aa 0000 0000 		.long	.LASF144
 487 03ae 87        		.byte	0x87
 488 03af 06        		.uleb128 0x6
 489 03b0 0000 0000 		.long	.LASF145
 490 03b4 88        		.byte	0x88
 491 03b5 06        		.uleb128 0x6
 492 03b6 0000 0000 		.long	.LASF146
 493 03ba 89        		.byte	0x89
 494 03bb 06        		.uleb128 0x6
 495 03bc 0000 0000 		.long	.LASF147
 496 03c0 8A        		.byte	0x8a
 497 03c1 06        		.uleb128 0x6
 498 03c2 0000 0000 		.long	.LASF148
 499 03c6 8B        		.byte	0x8b
 500 03c7 06        		.uleb128 0x6
 501 03c8 0000 0000 		.long	.LASF149
 502 03cc 8C        		.byte	0x8c
 503 03cd 06        		.uleb128 0x6
 504 03ce 0000 0000 		.long	.LASF150
 505 03d2 8D        		.byte	0x8d
 506 03d3 06        		.uleb128 0x6
 507 03d4 0000 0000 		.long	.LASF151
 508 03d8 8E        		.byte	0x8e
 509 03d9 06        		.uleb128 0x6
 510 03da 0000 0000 		.long	.LASF152
 511 03de 8F        		.byte	0x8f
 512 03df 06        		.uleb128 0x6
 513 03e0 0000 0000 		.long	.LASF153
 514 03e4 90        		.byte	0x90
 515 03e5 06        		.uleb128 0x6
 516 03e6 0000 0000 		.long	.LASF154
 517 03ea 91        		.byte	0x91
 518 03eb 06        		.uleb128 0x6
 519 03ec 0000 0000 		.long	.LASF155
 520 03f0 92        		.byte	0x92
 521 03f1 06        		.uleb128 0x6
 522 03f2 0000 0000 		.long	.LASF156
 523 03f6 93        		.byte	0x93
 524 03f7 06        		.uleb128 0x6
 525 03f8 0000 0000 		.long	.LASF157
 526 03fc 94        		.byte	0x94
 527 03fd 06        		.uleb128 0x6
 528 03fe 0000 0000 		.long	.LASF158
 529 0402 95        		.byte	0x95
 530 0403 06        		.uleb128 0x6
 531 0404 0000 0000 		.long	.LASF159
 532 0408 96        		.byte	0x96
 533 0409 06        		.uleb128 0x6
 534 040a 0000 0000 		.long	.LASF160
 535 040e 97        		.byte	0x97
 536 040f 06        		.uleb128 0x6
 537 0410 0000 0000 		.long	.LASF161
 538 0414 98        		.byte	0x98
 539 0415 06        		.uleb128 0x6
 540 0416 0000 0000 		.long	.LASF162
 541 041a 99        		.byte	0x99
 542 041b 06        		.uleb128 0x6
 543 041c 0000 0000 		.long	.LASF163
 544 0420 9A        		.byte	0x9a
 545 0421 06        		.uleb128 0x6
 546 0422 0000 0000 		.long	.LASF164
 547 0426 9B        		.byte	0x9b
 548 0427 06        		.uleb128 0x6
 549 0428 0000 0000 		.long	.LASF165
 550 042c 9C        		.byte	0x9c
 551 042d 06        		.uleb128 0x6
 552 042e 0000 0000 		.long	.LASF166
 553 0432 9D        		.byte	0x9d
 554 0433 06        		.uleb128 0x6
 555 0434 0000 0000 		.long	.LASF167
 556 0438 9E        		.byte	0x9e
 557 0439 06        		.uleb128 0x6
 558 043a 0000 0000 		.long	.LASF168
 559 043e 9F        		.byte	0x9f
 560 043f 06        		.uleb128 0x6
 561 0440 0000 0000 		.long	.LASF169
 562 0444 A0        		.byte	0xa0
 563 0445 06        		.uleb128 0x6
 564 0446 0000 0000 		.long	.LASF170
 565 044a A1        		.byte	0xa1
 566 044b 06        		.uleb128 0x6
 567 044c 0000 0000 		.long	.LASF171
 568 0450 A2        		.byte	0xa2
 569 0451 06        		.uleb128 0x6
 570 0452 0000 0000 		.long	.LASF172
 571 0456 A3        		.byte	0xa3
 572 0457 06        		.uleb128 0x6
 573 0458 0000 0000 		.long	.LASF173
 574 045c A4        		.byte	0xa4
 575 045d 06        		.uleb128 0x6
 576 045e 0000 0000 		.long	.LASF174
 577 0462 E0        		.byte	0xe0
 578 0463 06        		.uleb128 0x6
 579 0464 0000 0000 		.long	.LASF175
 580 0468 E1        		.byte	0xe1
 581 0469 06        		.uleb128 0x6
 582 046a 0000 0000 		.long	.LASF176
 583 046e E2        		.byte	0xe2
 584 046f 06        		.uleb128 0x6
 585 0470 0000 0000 		.long	.LASF177
 586 0474 E3        		.byte	0xe3
 587 0475 06        		.uleb128 0x6
 588 0476 0000 0000 		.long	.LASF178
 589 047a E4        		.byte	0xe4
 590 047b 06        		.uleb128 0x6
 591 047c 0000 0000 		.long	.LASF179
 592 0480 E5        		.byte	0xe5
 593 0481 06        		.uleb128 0x6
 594 0482 0000 0000 		.long	.LASF180
 595 0486 E6        		.byte	0xe6
 596 0487 06        		.uleb128 0x6
 597 0488 0000 0000 		.long	.LASF181
 598 048c E7        		.byte	0xe7
 599 048d 00        		.byte	0
 600 048e 05        		.uleb128 0x5
 601 048f 0000 0000 		.long	.LASF183
 602 0493 07        		.byte	0x7
 603 0494 01        		.byte	0x1
 604 0495 3000 0000 		.long	0x30
 605 0499 03        		.byte	0x3
 606 049a D0        		.byte	0xd0
 607 049b 06        		.byte	0x6
 608 049c D104 0000 		.long	0x4d1
 609 04a0 06        		.uleb128 0x6
 610 04a1 0000 0000 		.long	.LASF184
 611 04a5 01        		.byte	0x1
 612 04a6 06        		.uleb128 0x6
 613 04a7 0000 0000 		.long	.LASF185
 614 04ab 02        		.byte	0x2
 615 04ac 06        		.uleb128 0x6
 616 04ad 0000 0000 		.long	.LASF186
 617 04b1 04        		.byte	0x4
 618 04b2 06        		.uleb128 0x6
 619 04b3 0000 0000 		.long	.LASF187
 620 04b7 08        		.byte	0x8
 621 04b8 06        		.uleb128 0x6
 622 04b9 0000 0000 		.long	.LASF188
 623 04bd 11        		.byte	0x11
 624 04be 06        		.uleb128 0x6
 625 04bf 0000 0000 		.long	.LASF189
 626 04c3 12        		.byte	0x12
 627 04c4 06        		.uleb128 0x6
 628 04c5 0000 0000 		.long	.LASF190
 629 04c9 14        		.byte	0x14
 630 04ca 06        		.uleb128 0x6
 631 04cb 0000 0000 		.long	.LASF191
 632 04cf 18        		.byte	0x18
 633 04d0 00        		.byte	0
 634 04d1 07        		.uleb128 0x7
 635 04d2 02        		.byte	0x2
 636 04d3 04        		.byte	0x4
 637 04d4 1E        		.byte	0x1e
 638 04d5 05        		.byte	0x5
 639 04d6 8F05 0000 		.long	0x58f
 640 04da 08        		.uleb128 0x8
 641 04db 0000 0000 		.long	.LASF192
 642 04df 04        		.byte	0x4
 643 04e0 1F        		.byte	0x1f
 644 04e1 0E        		.byte	0xe
 645 04e2 8F05 0000 		.long	0x58f
 646 04e6 01        		.byte	0x1
 647 04e7 01        		.byte	0x1
 648 04e8 07        		.byte	0x7
 649 04e9 02        		.byte	0x2
 650 04ea 23        		.byte	0x23
 651 04eb 00        		.uleb128 0
 652 04ec 08        		.uleb128 0x8
 653 04ed 0000 0000 		.long	.LASF193
 654 04f1 04        		.byte	0x4
 655 04f2 20        		.byte	0x20
 656 04f3 0E        		.byte	0xe
 657 04f4 8F05 0000 		.long	0x58f
 658 04f8 01        		.byte	0x1
 659 04f9 01        		.byte	0x1
 660 04fa 06        		.byte	0x6
 661 04fb 02        		.byte	0x2
 662 04fc 23        		.byte	0x23
 663 04fd 00        		.uleb128 0
 664 04fe 08        		.uleb128 0x8
 665 04ff 0000 0000 		.long	.LASF194
 666 0503 04        		.byte	0x4
 667 0504 21        		.byte	0x21
 668 0505 0E        		.byte	0xe
 669 0506 8F05 0000 		.long	0x58f
 670 050a 01        		.byte	0x1
 671 050b 01        		.byte	0x1
 672 050c 05        		.byte	0x5
 673 050d 02        		.byte	0x2
 674 050e 23        		.byte	0x23
 675 050f 00        		.uleb128 0
 676 0510 08        		.uleb128 0x8
 677 0511 0000 0000 		.long	.LASF195
 678 0515 04        		.byte	0x4
 679 0516 22        		.byte	0x22
 680 0517 0E        		.byte	0xe
 681 0518 8F05 0000 		.long	0x58f
 682 051c 01        		.byte	0x1
 683 051d 01        		.byte	0x1
 684 051e 04        		.byte	0x4
 685 051f 02        		.byte	0x2
 686 0520 23        		.byte	0x23
 687 0521 00        		.uleb128 0
 688 0522 08        		.uleb128 0x8
 689 0523 0000 0000 		.long	.LASF196
 690 0527 04        		.byte	0x4
 691 0528 23        		.byte	0x23
 692 0529 0E        		.byte	0xe
 693 052a 8F05 0000 		.long	0x58f
 694 052e 01        		.byte	0x1
 695 052f 01        		.byte	0x1
 696 0530 03        		.byte	0x3
 697 0531 02        		.byte	0x2
 698 0532 23        		.byte	0x23
 699 0533 00        		.uleb128 0
 700 0534 08        		.uleb128 0x8
 701 0535 0000 0000 		.long	.LASF197
 702 0539 04        		.byte	0x4
 703 053a 24        		.byte	0x24
 704 053b 0E        		.byte	0xe
 705 053c 8F05 0000 		.long	0x58f
 706 0540 01        		.byte	0x1
 707 0541 01        		.byte	0x1
 708 0542 02        		.byte	0x2
 709 0543 02        		.byte	0x2
 710 0544 23        		.byte	0x23
 711 0545 00        		.uleb128 0
 712 0546 08        		.uleb128 0x8
 713 0547 0000 0000 		.long	.LASF198
 714 054b 04        		.byte	0x4
 715 054c 25        		.byte	0x25
 716 054d 0E        		.byte	0xe
 717 054e 8F05 0000 		.long	0x58f
 718 0552 01        		.byte	0x1
 719 0553 01        		.byte	0x1
 720 0554 01        		.byte	0x1
 721 0555 02        		.byte	0x2
 722 0556 23        		.byte	0x23
 723 0557 00        		.uleb128 0
 724 0558 08        		.uleb128 0x8
 725 0559 0000 0000 		.long	.LASF199
 726 055d 04        		.byte	0x4
 727 055e 26        		.byte	0x26
 728 055f 0E        		.byte	0xe
 729 0560 8F05 0000 		.long	0x58f
 730 0564 01        		.byte	0x1
 731 0565 01        		.byte	0x1
 732 0566 00        		.byte	0
 733 0567 02        		.byte	0x2
 734 0568 23        		.byte	0x23
 735 0569 00        		.uleb128 0
 736 056a 08        		.uleb128 0x8
 737 056b 0000 0000 		.long	.LASF200
 738 056f 04        		.byte	0x4
 739 0570 27        		.byte	0x27
 740 0571 0E        		.byte	0xe
 741 0572 8F05 0000 		.long	0x58f
 742 0576 01        		.byte	0x1
 743 0577 01        		.byte	0x1
 744 0578 07        		.byte	0x7
 745 0579 02        		.byte	0x2
 746 057a 23        		.byte	0x23
 747 057b 01        		.uleb128 0x1
 748 057c 08        		.uleb128 0x8
 749 057d 0000 0000 		.long	.LASF201
 750 0581 04        		.byte	0x4
 751 0582 28        		.byte	0x28
 752 0583 0E        		.byte	0xe
 753 0584 8F05 0000 		.long	0x58f
 754 0588 01        		.byte	0x1
 755 0589 01        		.byte	0x1
 756 058a 06        		.byte	0x6
 757 058b 02        		.byte	0x2
 758 058c 23        		.byte	0x23
 759 058d 01        		.uleb128 0x1
 760 058e 00        		.byte	0
 761 058f 02        		.uleb128 0x2
 762 0590 01        		.byte	0x1
 763 0591 02        		.byte	0x2
 764 0592 0000 0000 		.long	.LASF202
 765 0596 09        		.uleb128 0x9
 766 0597 02        		.byte	0x2
 767 0598 04        		.byte	0x4
 768 0599 1C        		.byte	0x1c
 769 059a 09        		.byte	0x9
 770 059b B105 0000 		.long	0x5b1
 771 059f 0A        		.uleb128 0xa
 772 05a0 7261 7700 		.string	"raw"
 773 05a4 04        		.byte	0x4
 774 05a5 1D        		.byte	0x1d
 775 05a6 0E        		.byte	0xe
 776 05a7 3E00 0000 		.long	0x3e
 777 05ab 0B        		.uleb128 0xb
 778 05ac D104 0000 		.long	0x4d1
 779 05b0 00        		.byte	0
 780 05b1 03        		.uleb128 0x3
 781 05b2 0000 0000 		.long	.LASF203
 782 05b6 04        		.byte	0x4
 783 05b7 2A        		.byte	0x2a
 784 05b8 03        		.byte	0x3
 785 05b9 9605 0000 		.long	0x596
 786 05bd 0C        		.uleb128 0xc
 787 05be 0000 0000 		.long	.LASF208
 788 05c2 04        		.byte	0x4
 789 05c3 2C        		.byte	0x2c
 790 05c4 18        		.byte	0x18
 791 05c5 B105 0000 		.long	0x5b1
 792 05c9 01        		.byte	0x1
 793 05ca 01        		.byte	0x1
 794 05cb 0D        		.uleb128 0xd
 795 05cc 01        		.byte	0x1
 796 05cd 0000 0000 		.long	.LASF209
 797 05d1 05        		.byte	0x5
 798 05d2 7A        		.byte	0x7a
 799 05d3 09        		.byte	0x9
 800 05d4 01        		.byte	0x1
 801 05d5 2400 0000 		.long	0x24
 802 05d9 EA05 0000 		.long	0x5ea
 803 05dd 0E        		.uleb128 0xe
 804 05de 6D6F 6400 		.string	"mod"
 805 05e2 05        		.byte	0x5
 806 05e3 7A        		.byte	0x7a
 807 05e4 1C        		.byte	0x1c
 808 05e5 2400 0000 		.long	0x24
 809 05e9 00        		.byte	0
 810 05ea 0F        		.uleb128 0xf
 811 05eb 01        		.byte	0x1
 812 05ec 0000 0000 		.long	.LASF210
 813 05f0 05        		.byte	0x5
 814 05f1 1A        		.byte	0x1a
 815 05f2 0A        		.byte	0xa
 816 05f3 01        		.byte	0x1
 817 05f4 3E00 0000 		.long	0x3e
 818 05f8 10        		.uleb128 0x10
 819 05f9 0000 0000 		.long	.LASF204
 820 05fd 05        		.byte	0x5
 821 05fe 1A        		.byte	0x1a
 822 05ff 22        		.byte	0x22
 823 0600 3E00 0000 		.long	0x3e
 824 0604 00        		.byte	0
 825 0605 00        		.byte	0
 826               		.section	.gnu.debuglto_.debug_abbrev,"",@progbits
 827               	.Ldebug_abbrev0:
 828 0000 01        		.uleb128 0x1
 829 0001 11        		.uleb128 0x11
 830 0002 01        		.byte	0x1
 831 0003 25        		.uleb128 0x25
 832 0004 0E        		.uleb128 0xe
 833 0005 13        		.uleb128 0x13
 834 0006 0B        		.uleb128 0xb
 835 0007 03        		.uleb128 0x3
 836 0008 0E        		.uleb128 0xe
 837 0009 1B        		.uleb128 0x1b
 838 000a 0E        		.uleb128 0xe
 839 000b 10        		.uleb128 0x10
 840 000c 06        		.uleb128 0x6
 841 000d 00        		.byte	0
 842 000e 00        		.byte	0
 843 000f 02        		.uleb128 0x2
 844 0010 24        		.uleb128 0x24
 845 0011 00        		.byte	0
 846 0012 0B        		.uleb128 0xb
 847 0013 0B        		.uleb128 0xb
 848 0014 3E        		.uleb128 0x3e
 849 0015 0B        		.uleb128 0xb
 850 0016 03        		.uleb128 0x3
 851 0017 0E        		.uleb128 0xe
 852 0018 00        		.byte	0
 853 0019 00        		.byte	0
 854 001a 03        		.uleb128 0x3
 855 001b 16        		.uleb128 0x16
 856 001c 00        		.byte	0
 857 001d 03        		.uleb128 0x3
 858 001e 0E        		.uleb128 0xe
 859 001f 3A        		.uleb128 0x3a
 860 0020 0B        		.uleb128 0xb
 861 0021 3B        		.uleb128 0x3b
 862 0022 0B        		.uleb128 0xb
 863 0023 39        		.uleb128 0x39
 864 0024 0B        		.uleb128 0xb
 865 0025 49        		.uleb128 0x49
 866 0026 13        		.uleb128 0x13
 867 0027 00        		.byte	0
 868 0028 00        		.byte	0
 869 0029 04        		.uleb128 0x4
 870 002a 24        		.uleb128 0x24
 871 002b 00        		.byte	0
 872 002c 0B        		.uleb128 0xb
 873 002d 0B        		.uleb128 0xb
 874 002e 3E        		.uleb128 0x3e
 875 002f 0B        		.uleb128 0xb
 876 0030 03        		.uleb128 0x3
 877 0031 08        		.uleb128 0x8
 878 0032 00        		.byte	0
 879 0033 00        		.byte	0
 880 0034 05        		.uleb128 0x5
 881 0035 04        		.uleb128 0x4
 882 0036 01        		.byte	0x1
 883 0037 03        		.uleb128 0x3
 884 0038 0E        		.uleb128 0xe
 885 0039 3E        		.uleb128 0x3e
 886 003a 0B        		.uleb128 0xb
 887 003b 0B        		.uleb128 0xb
 888 003c 0B        		.uleb128 0xb
 889 003d 49        		.uleb128 0x49
 890 003e 13        		.uleb128 0x13
 891 003f 3A        		.uleb128 0x3a
 892 0040 0B        		.uleb128 0xb
 893 0041 3B        		.uleb128 0x3b
 894 0042 0B        		.uleb128 0xb
 895 0043 39        		.uleb128 0x39
 896 0044 0B        		.uleb128 0xb
 897 0045 01        		.uleb128 0x1
 898 0046 13        		.uleb128 0x13
 899 0047 00        		.byte	0
 900 0048 00        		.byte	0
 901 0049 06        		.uleb128 0x6
 902 004a 28        		.uleb128 0x28
 903 004b 00        		.byte	0
 904 004c 03        		.uleb128 0x3
 905 004d 0E        		.uleb128 0xe
 906 004e 1C        		.uleb128 0x1c
 907 004f 0B        		.uleb128 0xb
 908 0050 00        		.byte	0
 909 0051 00        		.byte	0
 910 0052 07        		.uleb128 0x7
 911 0053 13        		.uleb128 0x13
 912 0054 01        		.byte	0x1
 913 0055 0B        		.uleb128 0xb
 914 0056 0B        		.uleb128 0xb
 915 0057 3A        		.uleb128 0x3a
 916 0058 0B        		.uleb128 0xb
 917 0059 3B        		.uleb128 0x3b
 918 005a 0B        		.uleb128 0xb
 919 005b 39        		.uleb128 0x39
 920 005c 0B        		.uleb128 0xb
 921 005d 01        		.uleb128 0x1
 922 005e 13        		.uleb128 0x13
 923 005f 00        		.byte	0
 924 0060 00        		.byte	0
 925 0061 08        		.uleb128 0x8
 926 0062 0D        		.uleb128 0xd
 927 0063 00        		.byte	0
 928 0064 03        		.uleb128 0x3
 929 0065 0E        		.uleb128 0xe
 930 0066 3A        		.uleb128 0x3a
 931 0067 0B        		.uleb128 0xb
 932 0068 3B        		.uleb128 0x3b
 933 0069 0B        		.uleb128 0xb
 934 006a 39        		.uleb128 0x39
 935 006b 0B        		.uleb128 0xb
 936 006c 49        		.uleb128 0x49
 937 006d 13        		.uleb128 0x13
 938 006e 0B        		.uleb128 0xb
 939 006f 0B        		.uleb128 0xb
 940 0070 0D        		.uleb128 0xd
 941 0071 0B        		.uleb128 0xb
 942 0072 0C        		.uleb128 0xc
 943 0073 0B        		.uleb128 0xb
 944 0074 38        		.uleb128 0x38
 945 0075 0A        		.uleb128 0xa
 946 0076 00        		.byte	0
 947 0077 00        		.byte	0
 948 0078 09        		.uleb128 0x9
 949 0079 17        		.uleb128 0x17
 950 007a 01        		.byte	0x1
 951 007b 0B        		.uleb128 0xb
 952 007c 0B        		.uleb128 0xb
 953 007d 3A        		.uleb128 0x3a
 954 007e 0B        		.uleb128 0xb
 955 007f 3B        		.uleb128 0x3b
 956 0080 0B        		.uleb128 0xb
 957 0081 39        		.uleb128 0x39
 958 0082 0B        		.uleb128 0xb
 959 0083 01        		.uleb128 0x1
 960 0084 13        		.uleb128 0x13
 961 0085 00        		.byte	0
 962 0086 00        		.byte	0
 963 0087 0A        		.uleb128 0xa
 964 0088 0D        		.uleb128 0xd
 965 0089 00        		.byte	0
 966 008a 03        		.uleb128 0x3
 967 008b 08        		.uleb128 0x8
 968 008c 3A        		.uleb128 0x3a
 969 008d 0B        		.uleb128 0xb
 970 008e 3B        		.uleb128 0x3b
 971 008f 0B        		.uleb128 0xb
 972 0090 39        		.uleb128 0x39
 973 0091 0B        		.uleb128 0xb
 974 0092 49        		.uleb128 0x49
 975 0093 13        		.uleb128 0x13
 976 0094 00        		.byte	0
 977 0095 00        		.byte	0
 978 0096 0B        		.uleb128 0xb
 979 0097 0D        		.uleb128 0xd
 980 0098 00        		.byte	0
 981 0099 49        		.uleb128 0x49
 982 009a 13        		.uleb128 0x13
 983 009b 00        		.byte	0
 984 009c 00        		.byte	0
 985 009d 0C        		.uleb128 0xc
 986 009e 34        		.uleb128 0x34
 987 009f 00        		.byte	0
 988 00a0 03        		.uleb128 0x3
 989 00a1 0E        		.uleb128 0xe
 990 00a2 3A        		.uleb128 0x3a
 991 00a3 0B        		.uleb128 0xb
 992 00a4 3B        		.uleb128 0x3b
 993 00a5 0B        		.uleb128 0xb
 994 00a6 39        		.uleb128 0x39
 995 00a7 0B        		.uleb128 0xb
 996 00a8 49        		.uleb128 0x49
 997 00a9 13        		.uleb128 0x13
 998 00aa 3F        		.uleb128 0x3f
 999 00ab 0C        		.uleb128 0xc
 1000 00ac 3C        		.uleb128 0x3c
 1001 00ad 0C        		.uleb128 0xc
 1002 00ae 00        		.byte	0
 1003 00af 00        		.byte	0
 1004 00b0 0D        		.uleb128 0xd
 1005 00b1 2E        		.uleb128 0x2e
 1006 00b2 01        		.byte	0x1
 1007 00b3 3F        		.uleb128 0x3f
 1008 00b4 0C        		.uleb128 0xc
 1009 00b5 03        		.uleb128 0x3
 1010 00b6 0E        		.uleb128 0xe
 1011 00b7 3A        		.uleb128 0x3a
 1012 00b8 0B        		.uleb128 0xb
 1013 00b9 3B        		.uleb128 0x3b
 1014 00ba 0B        		.uleb128 0xb
 1015 00bb 39        		.uleb128 0x39
 1016 00bc 0B        		.uleb128 0xb
 1017 00bd 27        		.uleb128 0x27
 1018 00be 0C        		.uleb128 0xc
 1019 00bf 49        		.uleb128 0x49
 1020 00c0 13        		.uleb128 0x13
 1021 00c1 01        		.uleb128 0x1
 1022 00c2 13        		.uleb128 0x13
 1023 00c3 00        		.byte	0
 1024 00c4 00        		.byte	0
 1025 00c5 0E        		.uleb128 0xe
 1026 00c6 05        		.uleb128 0x5
 1027 00c7 00        		.byte	0
 1028 00c8 03        		.uleb128 0x3
 1029 00c9 08        		.uleb128 0x8
 1030 00ca 3A        		.uleb128 0x3a
 1031 00cb 0B        		.uleb128 0xb
 1032 00cc 3B        		.uleb128 0x3b
 1033 00cd 0B        		.uleb128 0xb
 1034 00ce 39        		.uleb128 0x39
 1035 00cf 0B        		.uleb128 0xb
 1036 00d0 49        		.uleb128 0x49
 1037 00d1 13        		.uleb128 0x13
 1038 00d2 00        		.byte	0
 1039 00d3 00        		.byte	0
 1040 00d4 0F        		.uleb128 0xf
 1041 00d5 2E        		.uleb128 0x2e
 1042 00d6 01        		.byte	0x1
 1043 00d7 3F        		.uleb128 0x3f
 1044 00d8 0C        		.uleb128 0xc
 1045 00d9 03        		.uleb128 0x3
 1046 00da 0E        		.uleb128 0xe
 1047 00db 3A        		.uleb128 0x3a
 1048 00dc 0B        		.uleb128 0xb
 1049 00dd 3B        		.uleb128 0x3b
 1050 00de 0B        		.uleb128 0xb
 1051 00df 39        		.uleb128 0x39
 1052 00e0 0B        		.uleb128 0xb
 1053 00e1 27        		.uleb128 0x27
 1054 00e2 0C        		.uleb128 0xc
 1055 00e3 49        		.uleb128 0x49
 1056 00e4 13        		.uleb128 0x13
 1057 00e5 00        		.byte	0
 1058 00e6 00        		.byte	0
 1059 00e7 10        		.uleb128 0x10
 1060 00e8 05        		.uleb128 0x5
 1061 00e9 00        		.byte	0
 1062 00ea 03        		.uleb128 0x3
 1063 00eb 0E        		.uleb128 0xe
 1064 00ec 3A        		.uleb128 0x3a
 1065 00ed 0B        		.uleb128 0xb
 1066 00ee 3B        		.uleb128 0x3b
 1067 00ef 0B        		.uleb128 0xb
 1068 00f0 39        		.uleb128 0x39
 1069 00f1 0B        		.uleb128 0xb
 1070 00f2 49        		.uleb128 0x49
 1071 00f3 13        		.uleb128 0x13
 1072 00f4 00        		.byte	0
 1073 00f5 00        		.byte	0
 1074 00f6 00        		.byte	0
 1075               		.section	.gnu.debuglto_.debug_line,"",@progbits
 1076               	.Ldebug_line0:
 1077 0000 E000 0000 		.long	.LELT0-.LSLT0
 1078               	.LSLT0:
 1079 0004 0200      		.word	0x2
 1080 0006 DA00 0000 		.long	.LELTP0-.LASLTP0
 1081               	.LASLTP0:
 1082 000a 01        		.byte	0x1
 1083 000b 01        		.byte	0x1
 1084 000c F6        		.byte	0xf6
 1085 000d F2        		.byte	0xf2
 1086 000e 0D        		.byte	0xd
 1087 000f 00        		.byte	0
 1088 0010 01        		.byte	0x1
 1089 0011 01        		.byte	0x1
 1090 0012 01        		.byte	0x1
 1091 0013 01        		.byte	0x1
 1092 0014 00        		.byte	0
 1093 0015 00        		.byte	0
 1094 0016 00        		.byte	0
 1095 0017 01        		.byte	0x1
 1096 0018 00        		.byte	0
 1097 0019 00        		.byte	0
 1098 001a 01        		.byte	0x1
 1099 001b 633A 5C75 		.ascii	"c:\\users\\nonej\\documents\\keyboard\\msys64\\home\\nonej\\"
 1099      7365 7273 
 1099      5C6E 6F6E 
 1099      656A 5C64 
 1099      6F63 756D 
 1100 004f 716D 6B5F 		.ascii	"qmk_utils\\avr8-gnu-toolchain\\avr\\include"
 1100      7574 696C 
 1100      735C 6176 
 1100      7238 2D67 
 1100      6E75 2D74 
 1101 0077 00        		.byte	0
 1102 0078 746D 6B5F 		.ascii	"tmk_core/common"
 1102      636F 7265 
 1102      2F63 6F6D 
 1102      6D6F 6E
 1103 0087 00        		.byte	0
 1104 0088 7175 616E 		.ascii	"quantum"
 1104      7475 6D
 1105 008f 00        		.byte	0
 1106 0090 00        		.byte	0
 1107 0091 7374 6469 		.string	"stdint.h"
 1107      6E74 2E68 
 1107      00
 1108 009a 01        		.uleb128 0x1
 1109 009b 00        		.uleb128 0
 1110 009c 00        		.uleb128 0
 1111 009d 6B65 7963 		.string	"keycode.h"
 1111      6F64 652E 
 1111      6800 
 1112 00a7 02        		.uleb128 0x2
 1113 00a8 00        		.uleb128 0
 1114 00a9 00        		.uleb128 0
 1115 00aa 6163 7469 		.string	"action_code.h"
 1115      6F6E 5F63 
 1115      6F64 652E 
 1115      6800 
 1116 00b8 02        		.uleb128 0x2
 1117 00b9 00        		.uleb128 0
 1118 00ba 00        		.uleb128 0
 1119 00bb 6B65 7963 		.string	"keycode_config.h"
 1119      6F64 655F 
 1119      636F 6E66 
 1119      6967 2E68 
 1119      00
 1120 00cc 03        		.uleb128 0x3
 1121 00cd 00        		.uleb128 0
 1122 00ce 00        		.uleb128 0
 1123 00cf 6B65 7963 		.string	"keycode_config.c"
 1123      6F64 655F 
 1123      636F 6E66 
 1123      6967 2E63 
 1123      00
 1124 00e0 03        		.uleb128 0x3
 1125 00e1 00        		.uleb128 0
 1126 00e2 00        		.uleb128 0
 1127 00e3 00        		.byte	0
 1128               	.LELTP0:
 1129               	.LELT0:
 1130               		.section	.gnu.debuglto_.debug_str,"MS",@progbits,1
 1131               	.LASF107:
 1132 0000 4B43 5F4B 		.string	"KC_KP_0"
 1132      505F 3000 
 1133               	.LASF98:
 1134 0008 4B43 5F4B 		.string	"KC_KP_1"
 1134      505F 3100 
 1135               	.LASF99:
 1136 0010 4B43 5F4B 		.string	"KC_KP_2"
 1136      505F 3200 
 1137               	.LASF100:
 1138 0018 4B43 5F4B 		.string	"KC_KP_3"
 1138      505F 3300 
 1139               	.LASF101:
 1140 0020 4B43 5F4B 		.string	"KC_KP_4"
 1140      505F 3400 
 1141               	.LASF102:
 1142 0028 4B43 5F4B 		.string	"KC_KP_5"
 1142      505F 3500 
 1143               	.LASF103:
 1144 0030 4B43 5F4B 		.string	"KC_KP_6"
 1144      505F 3600 
 1145               	.LASF104:
 1146 0038 4B43 5F4B 		.string	"KC_KP_7"
 1146      505F 3700 
 1147               	.LASF105:
 1148 0040 4B43 5F4B 		.string	"KC_KP_8"
 1148      505F 3800 
 1149               	.LASF106:
 1150 0048 4B43 5F4B 		.string	"KC_KP_9"
 1150      505F 3900 
 1151               	.LASF141:
 1152 0050 4B43 5F4C 		.string	"KC_LOCKING_SCROLL"
 1152      4F43 4B49 
 1152      4E47 5F53 
 1152      4352 4F4C 
 1152      4C00 
 1153               	.LASF143:
 1154 0062 4B43 5F4B 		.string	"KC_KP_EQUAL_AS400"
 1154      505F 4551 
 1154      5541 4C5F 
 1154      4153 3430 
 1154      3000 
 1155               	.LASF183:
 1156 0074 6D6F 6473 		.string	"mods_bit"
 1156      5F62 6974 
 1156      00
 1157               	.LASF133:
 1158 007d 4B43 5F43 		.string	"KC_COPY"
 1158      4F50 5900 
 1159               	.LASF199:
 1160 0085 6E6B 726F 		.string	"nkro"
 1160      00
 1161               	.LASF52:
 1162 008a 4B43 5F54 		.string	"KC_TAB"
 1162      4142 00
 1163               	.LASF200:
 1164 0091 7377 6170 		.string	"swap_lctl_lgui"
 1164      5F6C 6374 
 1164      6C5F 6C67 
 1164      7569 00
 1165               	.LASF90:
 1166 00a0 4B43 5F44 		.string	"KC_DOWN"
 1166      4F57 4E00 
 1167               	.LASF4:
 1168 00a8 756E 7369 		.string	"unsigned int"
 1168      676E 6564 
 1168      2069 6E74 
 1168      00
 1169               	.LASF109:
 1170 00b5 4B43 5F4E 		.string	"KC_NONUS_BSLASH"
 1170      4F4E 5553 
 1170      5F42 534C 
 1170      4153 4800 
 1171               	.LASF197:
 1172 00c5 7377 6170 		.string	"swap_grave_esc"
 1172      5F67 7261 
 1172      7665 5F65 
 1172      7363 00
 1173               	.LASF12:
 1174 00d4 4B43 5F55 		.string	"KC_UNDEFINED"
 1174      4E44 4546 
 1174      494E 4544 
 1174      00
 1175               	.LASF110:
 1176 00e1 4B43 5F41 		.string	"KC_APPLICATION"
 1176      5050 4C49 
 1176      4341 5449 
 1176      4F4E 00
 1177               	.LASF53:
 1178 00f0 4B43 5F53 		.string	"KC_SPACE"
 1178      5041 4345 
 1178      00
 1179               	.LASF172:
 1180 00f9 4B43 5F43 		.string	"KC_CRSEL"
 1180      5253 454C 
 1180      00
 1181               	.LASF164:
 1182 0102 4B43 5F43 		.string	"KC_CANCEL"
 1182      414E 4345 
 1182      4C00 
 1183               	.LASF167:
 1184 010c 4B43 5F52 		.string	"KC_RETURN"
 1184      4554 5552 
 1184      4E00 
 1185               	.LASF140:
 1186 0116 4B43 5F4C 		.string	"KC_LOCKING_NUM"
 1186      4F43 4B49 
 1186      4E47 5F4E 
 1186      554D 00
 1187               	.LASF88:
 1188 0125 4B43 5F52 		.string	"KC_RIGHT"
 1188      4947 4854 
 1188      00
 1189               	.LASF192:
 1190 012e 7377 6170 		.string	"swap_control_capslock"
 1190      5F63 6F6E 
 1190      7472 6F6C 
 1190      5F63 6170 
 1190      736C 6F63 
 1191               	.LASF206:
 1192 0144 7175 616E 		.string	"quantum/keycode_config.c"
 1192      7475 6D2F 
 1192      6B65 7963 
 1192      6F64 655F 
 1192      636F 6E66 
 1193               	.LASF208:
 1194 015d 6B65 796D 		.string	"keymap_config"
 1194      6170 5F63 
 1194      6F6E 6669 
 1194      6700 
 1195               	.LASF120:
 1196 016b 4B43 5F46 		.string	"KC_F20"
 1196      3230 00
 1197               	.LASF121:
 1198 0172 4B43 5F46 		.string	"KC_F21"
 1198      3231 00
 1199               	.LASF122:
 1200 0179 4B43 5F46 		.string	"KC_F22"
 1200      3232 00
 1201               	.LASF112:
 1202 0180 4B43 5F4B 		.string	"KC_KP_EQUAL"
 1202      505F 4551 
 1202      5541 4C00 
 1203               	.LASF129:
 1204 018c 4B43 5F53 		.string	"KC_STOP"
 1204      544F 5000 
 1205               	.LASF138:
 1206 0194 4B43 5F5F 		.string	"KC__VOLDOWN"
 1206      564F 4C44 
 1206      4F57 4E00 
 1207               	.LASF187:
 1208 01a0 4D4F 445F 		.string	"MOD_LGUI"
 1208      4C47 5549 
 1208      00
 1209               	.LASF11:
 1210 01a9 4B43 5F50 		.string	"KC_POST_FAIL"
 1210      4F53 545F 
 1210      4641 494C 
 1210      00
 1211               	.LASF127:
 1212 01b6 4B43 5F4D 		.string	"KC_MENU"
 1212      454E 5500 
 1213               	.LASF94:
 1214 01be 4B43 5F4B 		.string	"KC_KP_ASTERISK"
 1214      505F 4153 
 1214      5445 5249 
 1214      534B 00
 1215               	.LASF186:
 1216 01cd 4D4F 445F 		.string	"MOD_LALT"
 1216      4C41 4C54 
 1216      00
 1217               	.LASF175:
 1218 01d6 4B43 5F4C 		.string	"KC_LSHIFT"
 1218      5348 4946 
 1218      5400 
 1219               	.LASF136:
 1220 01e0 4B43 5F5F 		.string	"KC__MUTE"
 1220      4D55 5445 
 1220      00
 1221               	.LASF139:
 1222 01e9 4B43 5F4C 		.string	"KC_LOCKING_CAPS"
 1222      4F43 4B49 
 1222      4E47 5F43 
 1222      4150 5300 
 1223               	.LASF131:
 1224 01f9 4B43 5F55 		.string	"KC_UNDO"
 1224      4E44 4F00 
 1225               	.LASF8:
 1226 0201 6C6F 6E67 		.string	"long long unsigned int"
 1226      206C 6F6E 
 1226      6720 756E 
 1226      7369 676E 
 1226      6564 2069 
 1227               	.LASF135:
 1228 0218 4B43 5F46 		.string	"KC_FIND"
 1228      494E 4400 
 1229               	.LASF201:
 1230 0220 7377 6170 		.string	"swap_rctl_rgui"
 1230      5F72 6374 
 1230      6C5F 7267 
 1230      7569 00
 1231               	.LASF166:
 1232 022f 4B43 5F50 		.string	"KC_PRIOR"
 1232      5249 4F52 
 1232      00
 1233               	.LASF126:
 1234 0238 4B43 5F48 		.string	"KC_HELP"
 1234      454C 5000 
 1235               	.LASF153:
 1236 0240 4B43 5F4C 		.string	"KC_LANG1"
 1236      414E 4731 
 1236      00
 1237               	.LASF154:
 1238 0249 4B43 5F4C 		.string	"KC_LANG2"
 1238      414E 4732 
 1238      00
 1239               	.LASF155:
 1240 0252 4B43 5F4C 		.string	"KC_LANG3"
 1240      414E 4733 
 1240      00
 1241               	.LASF156:
 1242 025b 4B43 5F4C 		.string	"KC_LANG4"
 1242      414E 4734 
 1242      00
 1243               	.LASF157:
 1244 0264 4B43 5F4C 		.string	"KC_LANG5"
 1244      414E 4735 
 1244      00
 1245               	.LASF158:
 1246 026d 4B43 5F4C 		.string	"KC_LANG6"
 1246      414E 4736 
 1246      00
 1247               	.LASF159:
 1248 0276 4B43 5F4C 		.string	"KC_LANG7"
 1248      414E 4737 
 1248      00
 1249               	.LASF160:
 1250 027f 4B43 5F4C 		.string	"KC_LANG8"
 1250      414E 4738 
 1250      00
 1251               	.LASF161:
 1252 0288 4B43 5F4C 		.string	"KC_LANG9"
 1252      414E 4739 
 1252      00
 1253               	.LASF10:
 1254 0291 4B43 5F52 		.string	"KC_ROLL_OVER"
 1254      4F4C 4C5F 
 1254      4F56 4552 
 1254      00
 1255               	.LASF51:
 1256 029e 4B43 5F42 		.string	"KC_BSPACE"
 1256      5350 4143 
 1256      4500 
 1257               	.LASF95:
 1258 02a8 4B43 5F4B 		.string	"KC_KP_MINUS"
 1258      505F 4D49 
 1258      4E55 5300 
 1259               	.LASF97:
 1260 02b4 4B43 5F4B 		.string	"KC_KP_ENTER"
 1260      505F 454E 
 1260      5445 5200 
 1261               	.LASF210:
 1262 02c0 6B65 7963 		.string	"keycode_config"
 1262      6F64 655F 
 1262      636F 6E66 
 1262      6967 00
 1263               	.LASF142:
 1264 02cf 4B43 5F4B 		.string	"KC_KP_COMMA"
 1264      505F 434F 
 1264      4D4D 4100 
 1265               	.LASF144:
 1266 02db 4B43 5F49 		.string	"KC_INT1"
 1266      4E54 3100 
 1267               	.LASF145:
 1268 02e3 4B43 5F49 		.string	"KC_INT2"
 1268      4E54 3200 
 1269               	.LASF146:
 1270 02eb 4B43 5F49 		.string	"KC_INT3"
 1270      4E54 3300 
 1271               	.LASF147:
 1272 02f3 4B43 5F49 		.string	"KC_INT4"
 1272      4E54 3400 
 1273               	.LASF148:
 1274 02fb 4B43 5F49 		.string	"KC_INT5"
 1274      4E54 3500 
 1275               	.LASF149:
 1276 0303 4B43 5F49 		.string	"KC_INT6"
 1276      4E54 3600 
 1277               	.LASF150:
 1278 030b 4B43 5F49 		.string	"KC_INT7"
 1278      4E54 3700 
 1279               	.LASF151:
 1280 0313 4B43 5F49 		.string	"KC_INT8"
 1280      4E54 3800 
 1281               	.LASF152:
 1282 031b 4B43 5F49 		.string	"KC_INT9"
 1282      4E54 3900 
 1283               	.LASF9:
 1284 0323 4B43 5F4E 		.string	"KC_NO"
 1284      4F00 
 1285               	.LASF61:
 1286 0329 4B43 5F51 		.string	"KC_QUOTE"
 1286      554F 5445 
 1286      00
 1287               	.LASF209:
 1288 0332 6D6F 645F 		.string	"mod_config"
 1288      636F 6E66 
 1288      6967 00
 1289               	.LASF55:
 1290 033d 4B43 5F45 		.string	"KC_EQUAL"
 1290      5155 414C 
 1290      00
 1291               	.LASF181:
 1292 0346 4B43 5F52 		.string	"KC_RGUI"
 1292      4755 4900 
 1293               	.LASF177:
 1294 034e 4B43 5F4C 		.string	"KC_LGUI"
 1294      4755 4900 
 1295               	.LASF162:
 1296 0356 4B43 5F41 		.string	"KC_ALT_ERASE"
 1296      4C54 5F45 
 1296      5241 5345 
 1296      00
 1297               	.LASF169:
 1298 0363 4B43 5F4F 		.string	"KC_OUT"
 1298      5554 00
 1299               	.LASF83:
 1300 036a 4B43 5F48 		.string	"KC_HOME"
 1300      4F4D 4500 
 1301               	.LASF176:
 1302 0372 4B43 5F4C 		.string	"KC_LALT"
 1302      414C 5400 
 1303               	.LASF125:
 1304 037a 4B43 5F45 		.string	"KC_EXECUTE"
 1304      5845 4355 
 1304      5445 00
 1305               	.LASF108:
 1306 0385 4B43 5F4B 		.string	"KC_KP_DOT"
 1306      505F 444F 
 1306      5400 
 1307               	.LASF111:
 1308 038f 4B43 5F50 		.string	"KC_POWER"
 1308      4F57 4552 
 1308      00
 1309               	.LASF76:
 1310 0398 4B43 5F46 		.string	"KC_F10"
 1310      3130 00
 1311               	.LASF77:
 1312 039f 4B43 5F46 		.string	"KC_F11"
 1312      3131 00
 1313               	.LASF78:
 1314 03a6 4B43 5F46 		.string	"KC_F12"
 1314      3132 00
 1315               	.LASF113:
 1316 03ad 4B43 5F46 		.string	"KC_F13"
 1316      3133 00
 1317               	.LASF114:
 1318 03b4 4B43 5F46 		.string	"KC_F14"
 1318      3134 00
 1319               	.LASF115:
 1320 03bb 4B43 5F46 		.string	"KC_F15"
 1320      3135 00
 1321               	.LASF116:
 1322 03c2 4B43 5F46 		.string	"KC_F16"
 1322      3136 00
 1323               	.LASF117:
 1324 03c9 4B43 5F46 		.string	"KC_F17"
 1324      3137 00
 1325               	.LASF118:
 1326 03d0 4B43 5F46 		.string	"KC_F18"
 1326      3138 00
 1327               	.LASF119:
 1328 03d7 4B43 5F46 		.string	"KC_F19"
 1328      3139 00
 1329               	.LASF2:
 1330 03de 7569 6E74 		.string	"uint8_t"
 1330      385F 7400 
 1331               	.LASF80:
 1332 03e6 4B43 5F53 		.string	"KC_SCROLLLOCK"
 1332      4352 4F4C 
 1332      4C4C 4F43 
 1332      4B00 
 1333               	.LASF193:
 1334 03f4 6361 7073 		.string	"capslock_to_control"
 1334      6C6F 636B 
 1334      5F74 6F5F 
 1334      636F 6E74 
 1334      726F 6C00 
 1335               	.LASF81:
 1336 0408 4B43 5F50 		.string	"KC_PAUSE"
 1336      4155 5345 
 1336      00
 1337               	.LASF178:
 1338 0411 4B43 5F52 		.string	"KC_RCTRL"
 1338      4354 524C 
 1338      00
 1339               	.LASF59:
 1340 041a 4B43 5F4E 		.string	"KC_NONUS_HASH"
 1340      4F4E 5553 
 1340      5F48 4153 
 1340      4800 
 1341               	.LASF50:
 1342 0428 4B43 5F45 		.string	"KC_ESCAPE"
 1342      5343 4150 
 1342      4500 
 1343               	.LASF7:
 1344 0432 6C6F 6E67 		.string	"long long int"
 1344      206C 6F6E 
 1344      6720 696E 
 1344      7400 
 1345               	.LASF54:
 1346 0440 4B43 5F4D 		.string	"KC_MINUS"
 1346      494E 5553 
 1346      00
 1347               	.LASF92:
 1348 0449 4B43 5F4E 		.string	"KC_NUMLOCK"
 1348      554D 4C4F 
 1348      434B 00
 1349               	.LASF49:
 1350 0454 4B43 5F45 		.string	"KC_ENTER"
 1350      4E54 4552 
 1350      00
 1351               	.LASF56:
 1352 045d 4B43 5F4C 		.string	"KC_LBRACKET"
 1352      4252 4143 
 1352      4B45 5400 
 1353               	.LASF123:
 1354 0469 4B43 5F46 		.string	"KC_F23"
 1354      3233 00
 1355               	.LASF124:
 1356 0470 4B43 5F46 		.string	"KC_F24"
 1356      3234 00
 1357               	.LASF63:
 1358 0477 4B43 5F43 		.string	"KC_COMMA"
 1358      4F4D 4D41 
 1358      00
 1359               	.LASF184:
 1360 0480 4D4F 445F 		.string	"MOD_LCTL"
 1360      4C43 544C 
 1360      00
 1361               	.LASF171:
 1362 0489 4B43 5F43 		.string	"KC_CLEAR_AGAIN"
 1362      4C45 4152 
 1362      5F41 4741 
 1362      494E 00
 1363               	.LASF174:
 1364 0498 4B43 5F4C 		.string	"KC_LCTRL"
 1364      4354 524C 
 1364      00
 1365               	.LASF79:
 1366 04a1 4B43 5F50 		.string	"KC_PSCREEN"
 1366      5343 5245 
 1366      454E 00
 1367               	.LASF130:
 1368 04ac 4B43 5F41 		.string	"KC_AGAIN"
 1368      4741 494E 
 1368      00
 1369               	.LASF202:
 1370 04b5 5F42 6F6F 		.string	"_Bool"
 1370      6C00 
 1371               	.LASF163:
 1372 04bb 4B43 5F53 		.string	"KC_SYSREQ"
 1372      5953 5245 
 1372      5100 
 1373               	.LASF89:
 1374 04c5 4B43 5F4C 		.string	"KC_LEFT"
 1374      4546 5400 
 1375               	.LASF203:
 1376 04cd 6B65 796D 		.string	"keymap_config_t"
 1376      6170 5F63 
 1376      6F6E 6669 
 1376      675F 7400 
 1377               	.LASF188:
 1378 04dd 4D4F 445F 		.string	"MOD_RCTL"
 1378      5243 544C 
 1378      00
 1379               	.LASF3:
 1380 04e6 7569 6E74 		.string	"uint16_t"
 1380      3136 5F74 
 1380      00
 1381               	.LASF189:
 1382 04ef 4D4F 445F 		.string	"MOD_RSFT"
 1382      5253 4654 
 1382      00
 1383               	.LASF82:
 1384 04f8 4B43 5F49 		.string	"KC_INSERT"
 1384      4E53 4552 
 1384      5400 
 1385               	.LASF170:
 1386 0502 4B43 5F4F 		.string	"KC_OPER"
 1386      5045 5200 
 1387               	.LASF132:
 1388 050a 4B43 5F43 		.string	"KC_CUT"
 1388      5554 00
 1389               	.LASF64:
 1390 0511 4B43 5F44 		.string	"KC_DOT"
 1390      4F54 00
 1391               	.LASF191:
 1392 0518 4D4F 445F 		.string	"MOD_RGUI"
 1392      5247 5549 
 1392      00
 1393               	.LASF57:
 1394 0521 4B43 5F52 		.string	"KC_RBRACKET"
 1394      4252 4143 
 1394      4B45 5400 
 1395               	.LASF93:
 1396 052d 4B43 5F4B 		.string	"KC_KP_SLASH"
 1396      505F 534C 
 1396      4153 4800 
 1397               	.LASF5:
 1398 0539 6C6F 6E67 		.string	"long int"
 1398      2069 6E74 
 1398      00
 1399               	.LASF62:
 1400 0542 4B43 5F47 		.string	"KC_GRAVE"
 1400      5241 5645 
 1400      00
 1401               	.LASF48:
 1402 054b 4B43 5F30 		.string	"KC_0"
 1402      00
 1403               	.LASF39:
 1404 0550 4B43 5F31 		.string	"KC_1"
 1404      00
 1405               	.LASF40:
 1406 0555 4B43 5F32 		.string	"KC_2"
 1406      00
 1407               	.LASF41:
 1408 055a 4B43 5F33 		.string	"KC_3"
 1408      00
 1409               	.LASF42:
 1410 055f 4B43 5F34 		.string	"KC_4"
 1410      00
 1411               	.LASF43:
 1412 0564 4B43 5F35 		.string	"KC_5"
 1412      00
 1413               	.LASF44:
 1414 0569 4B43 5F36 		.string	"KC_6"
 1414      00
 1415               	.LASF45:
 1416 056e 4B43 5F37 		.string	"KC_7"
 1416      00
 1417               	.LASF46:
 1418 0573 4B43 5F38 		.string	"KC_8"
 1418      00
 1419               	.LASF47:
 1420 0578 4B43 5F39 		.string	"KC_9"
 1420      00
 1421               	.LASF13:
 1422 057d 4B43 5F41 		.string	"KC_A"
 1422      00
 1423               	.LASF14:
 1424 0582 4B43 5F42 		.string	"KC_B"
 1424      00
 1425               	.LASF15:
 1426 0587 4B43 5F43 		.string	"KC_C"
 1426      00
 1427               	.LASF16:
 1428 058c 4B43 5F44 		.string	"KC_D"
 1428      00
 1429               	.LASF17:
 1430 0591 4B43 5F45 		.string	"KC_E"
 1430      00
 1431               	.LASF18:
 1432 0596 4B43 5F46 		.string	"KC_F"
 1432      00
 1433               	.LASF19:
 1434 059b 4B43 5F47 		.string	"KC_G"
 1434      00
 1435               	.LASF20:
 1436 05a0 4B43 5F48 		.string	"KC_H"
 1436      00
 1437               	.LASF21:
 1438 05a5 4B43 5F49 		.string	"KC_I"
 1438      00
 1439               	.LASF22:
 1440 05aa 4B43 5F4A 		.string	"KC_J"
 1440      00
 1441               	.LASF23:
 1442 05af 4B43 5F4B 		.string	"KC_K"
 1442      00
 1443               	.LASF24:
 1444 05b4 4B43 5F4C 		.string	"KC_L"
 1444      00
 1445               	.LASF25:
 1446 05b9 4B43 5F4D 		.string	"KC_M"
 1446      00
 1447               	.LASF26:
 1448 05be 4B43 5F4E 		.string	"KC_N"
 1448      00
 1449               	.LASF27:
 1450 05c3 4B43 5F4F 		.string	"KC_O"
 1450      00
 1451               	.LASF28:
 1452 05c8 4B43 5F50 		.string	"KC_P"
 1452      00
 1453               	.LASF29:
 1454 05cd 4B43 5F51 		.string	"KC_Q"
 1454      00
 1455               	.LASF30:
 1456 05d2 4B43 5F52 		.string	"KC_R"
 1456      00
 1457               	.LASF31:
 1458 05d7 4B43 5F53 		.string	"KC_S"
 1458      00
 1459               	.LASF32:
 1460 05dc 4B43 5F54 		.string	"KC_T"
 1460      00
 1461               	.LASF33:
 1462 05e1 4B43 5F55 		.string	"KC_U"
 1462      00
 1463               	.LASF34:
 1464 05e6 4B43 5F56 		.string	"KC_V"
 1464      00
 1465               	.LASF35:
 1466 05eb 4B43 5F57 		.string	"KC_W"
 1466      00
 1467               	.LASF36:
 1468 05f0 4B43 5F58 		.string	"KC_X"
 1468      00
 1469               	.LASF37:
 1470 05f5 4B43 5F59 		.string	"KC_Y"
 1470      00
 1471               	.LASF38:
 1472 05fa 4B43 5F5A 		.string	"KC_Z"
 1472      00
 1473               	.LASF134:
 1474 05ff 4B43 5F50 		.string	"KC_PASTE"
 1474      4153 5445 
 1474      00
 1475               	.LASF198:
 1476 0608 7377 6170 		.string	"swap_backslash_backspace"
 1476      5F62 6163 
 1476      6B73 6C61 
 1476      7368 5F62 
 1476      6163 6B73 
 1477               	.LASF66:
 1478 0621 4B43 5F43 		.string	"KC_CAPSLOCK"
 1478      4150 534C 
 1478      4F43 4B00 
 1479               	.LASF85:
 1480 062d 4B43 5F44 		.string	"KC_DELETE"
 1480      454C 4554 
 1480      4500 
 1481               	.LASF179:
 1482 0637 4B43 5F52 		.string	"KC_RSHIFT"
 1482      5348 4946 
 1482      5400 
 1483               	.LASF6:
 1484 0641 6C6F 6E67 		.string	"long unsigned int"
 1484      2075 6E73 
 1484      6967 6E65 
 1484      6420 696E 
 1484      7400 
 1485               	.LASF196:
 1486 0653 6E6F 5F67 		.string	"no_gui"
 1486      7569 00
 1487               	.LASF67:
 1488 065a 4B43 5F46 		.string	"KC_F1"
 1488      3100 
 1489               	.LASF68:
 1490 0660 4B43 5F46 		.string	"KC_F2"
 1490      3200 
 1491               	.LASF69:
 1492 0666 4B43 5F46 		.string	"KC_F3"
 1492      3300 
 1493               	.LASF70:
 1494 066c 4B43 5F46 		.string	"KC_F4"
 1494      3400 
 1495               	.LASF71:
 1496 0672 4B43 5F46 		.string	"KC_F5"
 1496      3500 
 1497               	.LASF72:
 1498 0678 4B43 5F46 		.string	"KC_F6"
 1498      3600 
 1499               	.LASF73:
 1500 067e 4B43 5F46 		.string	"KC_F7"
 1500      3700 
 1501               	.LASF74:
 1502 0684 4B43 5F46 		.string	"KC_F8"
 1502      3800 
 1503               	.LASF75:
 1504 068a 4B43 5F46 		.string	"KC_F9"
 1504      3900 
 1505               	.LASF194:
 1506 0690 7377 6170 		.string	"swap_lalt_lgui"
 1506      5F6C 616C 
 1506      745F 6C67 
 1506      7569 00
 1507               	.LASF60:
 1508 069f 4B43 5F53 		.string	"KC_SCOLON"
 1508      434F 4C4F 
 1508      4E00 
 1509               	.LASF91:
 1510 06a9 4B43 5F55 		.string	"KC_UP"
 1510      5000 
 1511               	.LASF137:
 1512 06af 4B43 5F5F 		.string	"KC__VOLUP"
 1512      564F 4C55 
 1512      5000 
 1513               	.LASF128:
 1514 06b9 4B43 5F53 		.string	"KC_SELECT"
 1514      454C 4543 
 1514      5400 
 1515               	.LASF168:
 1516 06c3 4B43 5F53 		.string	"KC_SEPARATOR"
 1516      4550 4152 
 1516      4154 4F52 
 1516      00
 1517               	.LASF207:
 1518 06d0 433A 5C55 		.string	"C:\\Users\\nonej\\Documents\\Keyboard\\msys64\\home\\nonej\\qmk_firmware"
 1518      7365 7273 
 1518      5C6E 6F6E 
 1518      656A 5C44 
 1518      6F63 756D 
 1519               	.LASF1:
 1520 0711 756E 7369 		.string	"unsigned char"
 1520      676E 6564 
 1520      2063 6861 
 1520      7200 
 1521               	.LASF165:
 1522 071f 4B43 5F43 		.string	"KC_CLEAR"
 1522      4C45 4152 
 1522      00
 1523               	.LASF65:
 1524 0728 4B43 5F53 		.string	"KC_SLASH"
 1524      4C41 5348 
 1524      00
 1525               	.LASF205:
 1526 0731 474E 5520 		.string	"GNU C99 8.3.0 -mn-flash=1 -mno-skip-bug -mmcu=avr5 -gdwarf-2 -Os -std=gnu99 -funsigned-ch
 1526      4339 3920 
 1526      382E 332E 
 1526      3020 2D6D 
 1526      6E2D 666C 
 1527               	.LASF96:
 1528 0819 4B43 5F4B 		.string	"KC_KP_PLUS"
 1528      505F 504C 
 1528      5553 00
 1529               	.LASF173:
 1530 0824 4B43 5F45 		.string	"KC_EXSEL"
 1530      5853 454C 
 1530      00
 1531               	.LASF180:
 1532 082d 4B43 5F52 		.string	"KC_RALT"
 1532      414C 5400 
 1533               	.LASF182:
 1534 0835 6869 645F 		.string	"hid_keyboard_keypad_usage"
 1534      6B65 7962 
 1534      6F61 7264 
 1534      5F6B 6579 
 1534      7061 645F 
 1535               	.LASF0:
 1536 084f 7369 676E 		.string	"signed char"
 1536      6564 2063 
 1536      6861 7200 
 1537               	.LASF58:
 1538 085b 4B43 5F42 		.string	"KC_BSLASH"
 1538      534C 4153 
 1538      4800 
 1539               	.LASF84:
 1540 0865 4B43 5F50 		.string	"KC_PGUP"
 1540      4755 5000 
 1541               	.LASF204:
 1542 086d 6B65 7963 		.string	"keycode"
 1542      6F64 6500 
 1543               	.LASF86:
 1544 0875 4B43 5F45 		.string	"KC_END"
 1544      4E44 00
 1545               	.LASF87:
 1546 087c 4B43 5F50 		.string	"KC_PGDOWN"
 1546      4744 4F57 
 1546      4E00 
 1547               	.LASF185:
 1548 0886 4D4F 445F 		.string	"MOD_LSFT"
 1548      4C53 4654 
 1548      00
 1549               	.LASF190:
 1550 088f 4D4F 445F 		.string	"MOD_RALT"
 1550      5241 4C54 
 1550      00
 1551               	.LASF195:
 1552 0898 7377 6170 		.string	"swap_ralt_rgui"
 1552      5F72 616C 
 1552      745F 7267 
 1552      7569 00
 1553               		.text
 1554               		.section	.gnu.lto_.profile.54afc868,"",@progbits
 1555 0000 789C 6367 		.string	"x\234cg`\004B "
 1555      6004 4220 
 1555      00
 1556 0009 00        		.string	""
 1557 000a 00        		.string	""
 1558 000b 5400      		.string	"T"
 1559 000d 0A        		.ascii	"\n"
 1560               		.text
 1561               		.section	.gnu.lto_.icf.54afc868,"",@progbits
 1562 0000 789C 6367 		.string	"x\234cg`d\340c@"
 1562      6064 E063 
 1562      4000 
 1563 000a 2686 5773 		.string	"&\206Ws\227\234\342g\372sh\311^\026\006"
 1563      979C E267 
 1563      FA73 68C9 
 1563      5E16 0600 
 1564 001a 30D4 0642 		.ascii	"0\324\006B"
 1565               		.text
 1566               		.section	.gnu.lto_.jmpfuncs.54afc868,"",@progbits
 1567 0000 789C 6367 		.string	"x\234cg`d\020b@"
 1567      6064 1062 
 1567      4000 
 1568 000a 2606 4646 		.string	"&\006FF\306\372\231\314\fL\020\232\221\001"
 1568      C6FA 99CC 
 1568      0C4C 109A 
 1568      9101 00
 1569 0019 166E 025C 		.ascii	"\026n\002\\"
 1570               		.text
 1571               		.section	.gnu.lto_.inline.54afc868,"",@progbits
 1572 0000 789C 5591 		.ascii	"x\234U\221;K\003A\024\205\317\331Gv!\272l!V\026i\265\023\264"
 1572      3B4B 0341 
 1572      1485 CFD9 
 1572      4776 21BA 
 1572      6C21 5616 
 1573 0018 B010 FC29 		.ascii	"\260\020\374)\202Yb\347?\220Q\020S\004$6*\230B[\013\033\tb\036"
 1573      8259 62E7 
 1573      3F90 5110 
 1573      5304 2436 
 1573      2A98 425B 
 1574 0031 4613 6D44 		.ascii	"F\023mD\020\033A\024\3047\251B\032\013-\274\273\223\035q80g\276"
 1574      101B 4114 
 1574      C437 A942 
 1574      1A0B 2DBC 
 1574      BB93 1D71 
 1575 0049 B9F7 CEE5 		.ascii	"\271\367\316\345\216\007\"k\301,\261\237PJm\273\213\034F\270"
 1575      8E07 226B 
 1575      C12C B19F 
 1575      504A 6DBB 
 1575      8B1C 46B8 
 1576 005d 54B6 59AE 		.ascii	"T\266Y\256\365\326\255\242\275c\203\343\254q\f\032W\272\225\003"
 1576      F5D6 ADA2 
 1576      BD63 83E3 
 1576      AC71 0C1A 
 1576      57BA 9503 
 1577 0071 47E3 09D6 		.ascii	"G\343\t\326\r\336m\034\226\250\361$\033\006\037]=t2\032O\263"
 1577      0DDE 6D1C 
 1577      96A8 F124 
 1577      1B06 1F5D 
 1577      3D74 321A 
 1578 0087 6970 BFBC 		.ascii	"ip\277\274\3675(2\303S\203\327~\372\373Y\215W\311\226\341\365"
 1578      F735 2832 
 1578      C353 83D7 
 1578      7EFA FB59 
 1578      8D57 C996 
 1579 009d D2F7 F1A0 		.ascii	"\322\367\361\240\312\023y\366\367\350c\257\352i\376L\236\033"
 1579      CA13 79F6 
 1579      F7E8 63AF 
 1579      EA69 FE4C 
 1579      9E1B 
 1580 00af DEBE 7E6B 		.ascii	"\336\276~k\006\232\277\220m\303\273\3677wC\232\277\222\035\303"
 1580      069A BF90 
 1580      6DC3 BBF7 
 1580      3777 439A 
 1580      BF92 1DC3 
 1581 00c3 4F6E AB45 		.ascii	"On\253EW\363w\362\302\360\346\326\346\206\255\371\007y\231p\002"
 1581      57F3 77F2 
 1581      C2F0 E6D6 
 1581      E686 ADF9 
 1581      0779 9970 
 1582 00d8 01B0 22B3 		.ascii	"\001\260\"\263Z\0062\262)g\301\222\371M\3056\223\227!\022\243"
 1582      5A06 32B2 
 1582      2967 C192 
 1582      F94D C536 
 1582      9397 2112 
 1583 00ed 625B 6EA4 		.ascii	"b[n\244\346 \n\342\013/\257r\020\205IB\244B\210\3220\037\242"
 1583      E620 0AE2 
 1583      0B2F AF72 
 1583      1085 4942 
 1583      A442 88D2 
 1584 0104 34CC 8128 		.ascii	"4\314\201(\275\261 \362\223\234|\213\020\r\0169\344R\033\"L\255"
 1584      BDB1 20F2 
 1584      939C 7C8B 
 1584      100D 0E39 
 1584      E452 1B22 
 1585 011a 0F3F B50E 		.ascii	"\017?\265\016\034\375\257\263q)\257@I\225\326\355\371\244\315"
 1585      1CFD AFB3 
 1585      7129 AF40 
 1585      4995 D6ED 
 1585      F9A4 CD
 1586 012d C2BF D647 		.ascii	"\302\277\326Gb\353F:\003\2777a\213\224"
 1586      62EB 463A 
 1586      03BF 3761 
 1586      8B94 
 1587               		.text
 1588               		.section	.gnu.lto_.pureconst.54afc868,"",@progbits
 1589 0000 789C 6367 		.string	"x\234cg`d`g```bhaaja\001"
 1589      6064 6067 
 1589      6060 6062 
 1589      6861 616A 
 1589      6101 00
 1590 0013 0496 0124 		.ascii	"\004\226\001$"
 1591               		.text
 1592               		.section	.gnu.lto_keycode_config.54afc868,"",@progbits
 1593 0000 789C 8D98 		.string	"x\234\215\230\333S\024\331\035\307\373w\272\347~\3436\003\f\r3\214Z+Ve\263j\371\260/\251\
 1593      DB53 14D9 
 1593      1DC7 FB77 
 1593      BAE7 7EE3 
 1593      3603 0C0D 
 1594 007f A228 CAAF 		.string	"\242(\312\257mQ;qGznv[$\305.k\327\260v-\323\256A\355*jW\213vuhW\267v\315\321\256\371\3325
 1594      6D51 3B71 
 1594      477A 6E76 
 1594      5B24 C52E 
 1594      6BD7 B076 
 1595 00d3 ADB1 9188 		.ascii	"\255\261\221\210Vc\327j\354\272\336A\234\206\326N\275\265K\253"
 1595      5663 D76A 
 1595      ECBA DE41 
 1595      9C86 D64E 
 1595      BDB5 4BAB 
 1596 00e7 71E9 ADDD 		.ascii	"q\351\255\335\372\323<\332\323<z\215W\253\361\022\337d]W\b{l"
 1596      FAD3 3CDA 
 1596      D33C 7A8D 
 1596      57AB F112 
 1596      DF64 5D57 
 1597 00fe 9F4B 8669 		.ascii	"\237K\206i\215O\327\347\220\\\303\323r\365\247\345i5yz\353|R"
 1597      8D4F D7E7 
 1597      905C C3D3 
 1597      72F5 A7E5 
 1597      6935 797A 
 1598 0115 6068 5DA0 		.ascii	"`h]\240\267\366k5~\275u@\037I\2416\222B\275\246H\253)\"\305\206"
 1598      B7F6 6B35 
 1598      7EBD 7540 
 1598      1F49 A136 
 1598      9242 BDA6 
 1599 012f B115 EBFA 		.ascii	"\261\025\353\372 )y\262\377\236\037s\255\243\235kh\256D\317\311"
 1599      2029 79B2 
 1599      FF9E 1F73 
 1599      ADA3 9D6B 
 1599      68AE 44CF 
 1600 0144 A4D4 902B 		.ascii	"\244\324\220+\325se$d\310\205\364\\\230\224\033r\345z.\002\240"
 1600      D573 6524 
 1600      64C8 85F4 
 1600      5C98 941B 
 1600      72E5 7A2E 
 1601 015a DE29 7610 		.ascii	"\336)v\020>#\242d\261\332\354\016\247\313\355\361\372rr\363\362"
 1601      3E23 A264 
 1601      B1DA EC0E 
 1601      A7CB EDF1 
 1601      FA72 72F3 
 1602 016f 0BFC 81C2 		.ascii	"\013\374\201\302\242\342`\211\\Z\026\n\227G\3403\330*6\213pq"
 1602      A2E2 6089 
 1602      5C5A 160A 
 1602      9747 E033 
 1602      D82A 368B 
 1603 0185 78D7 015F 		.ascii	"x\327\001_\235\330.\322\005H\213C\303\223/\355X\004\310\241\305"
 1603      9DD8 2ED2 
 1603      0548 8B43 
 1603      C393 2FED 
 1603      5804 C8A1 
 1604 019a F33D 139D 		.ascii	"\363=\023\235\3165_)J\245\222\210"
 1604      CE35 5F29 
 1604      4AA5 9288 
 1605 01a6 BD58 7D4D 		.string	"\275X}M\251)j\027\211\320B[\237\004\031N\200,\340\037\234\2025\264\365\361k-=\222(\203@\3
 1605      A929 6A17 
 1605      89D0 425B 
 1605      9F04 194E 
 1605      802C E01F 
 1606 02a7 67A8 DDAD 		.ascii	"g\250\335\255\"\232\tg\231\246c\252\243Gb\032\234\272\303\017"
 1606      229A 0967 
 1606      99A6 63AA 
 1606      A347 621A 
 1606      9CBA C30F 
 1607 02bb EBE6 3D69 		.ascii	"\353\346=i\315cUsN\325\020\324\234g\232\335\247\016\325\003\323"
 1607      CD63 5573 
 1607      4ED5 10D4 
 1607      9C67 9ADD 
 1607      A70E D503 
 1608 02d0 ACA5 C52B 		.ascii	"\254\245\305+\223\273\277\206\264\346\250\252\271\240jpp\360"
 1608      93BB BF86 
 1608      B4E6 A8AA 
 1608      B9A0 6A70 
 1608      70F0 
 1609 02e2 5FA6 F9CF 		.ascii	"_\246\371\317\245\321sV\246\331@\213\361\350\355z_Z\363\203\007"
 1609      A5D1 7356 
 1609      A6D9 408B 
 1609      F1E8 ED7A 
 1609      5F5A F383 
 1610 02f7 35FD AA46 		.ascii	"5\375\252FB\315E\246y\336\274oN\033\333\207\3103Xy\320\233\326"
 1610      42CD 45A6 
 1610      79DE BC6F 
 1610      4E1B DB87 
 1610      C833 5879 
 1611 030e 3C03 D40C 		.ascii	"<\003\324\f\250\032\013j.1"
 1611      A81A 0B6A 
 1611      2E31 
 1612 0318 4DCD 9BE7 		.string	"M\315\233\347_\270\230\246\022\313\373\237F\027\254i\321O\252hpQt\231\211N\326\317\177\25
 1612      5FB8 98A6 
 1612      12CB FB9F 
 1612      4617 AC69 
 1612      D14F AA68 
 1613 0419 493C 2E68 		.string	"I<.h\346\306\321W\322\272\177\323M\243\204\351\316\202Q\350\002X/\303Z\232\205;\260\216>\
 1613      E6C6 D157 
 1613      D2BA 7FD3 
 1613      4DA3 84E9 
 1613      CE82 51E8 
 1614 04a6 70E0 F761 		.ascii	"p\340\367a\255n\304\270\301\b\211\ra\272\356VJb\230@\327\223"
 1614      AD6E C4B8 
 1614      C108 890D 
 1614      61BA EE56 
 1614      4A62 9840 
 1615 04bc C108 8923 		.ascii	"\301\b\211#\267\276=z\270<M~b\031\"KVD\017\315\211&\314\211&"
 1615      B7BE 3D7A 
 1615      B83C 4D7E 
 1615      6219 224B 
 1615      5644 0FCD 
 1616 04d5 19D1 7A24 		.ascii	"\031\321z$zd \302!d\"X9\004\333\360\350\210?\215pz\200h\b\264"
 1616      7A64 20C2 
 1616      2164 2258 
 1616      3904 DBF0 
 1616      E888 3F8D 
 1617 04ef 8B11 0B6B 		.ascii	"\213\021\013kmc\256\350\377\360D\310\201\307\351.\037h]\332\270"
 1617      6D63 AEE8 
 1617      FFF0 44C8 
 1617      81C7 E92E 
 1617      1F68 5DDA 
 1618 0504 2EED 35F1 		.ascii	".\3555\361A[\272\313\351\201\305\365\340\340\327\303\\z=\330"
 1618      415B BACB 
 1618      E981 C5F5 
 1618      E0E0 D7C3 
 1618      5C7A 3DD8 
 1619 0518 D836 58C6 		.ascii	"\3306X\306={V\356M\231\2737m\356\336\023n=\374`p\317\301\206"
 1619      3D7B 56EE 
 1619      4D99 BB37 
 1619      6DEE DE13 
 1619      6E3D FC60 
 1620 0530 F06C 4FCD 		.ascii	"\360lO\315k\221\221K\360\243\321L\007G\356\214}3Z\242\357\204"
 1620      6B91 914B 
 1620      F0A3 D14C 
 1620      0747 EE8C 
 1620      7D33 5AA2 
 1621 0546 E5CC 74D2 		.ascii	"\345\314t\322.3\335sr}\270\216\246F\364\335\324si\321=7\357\336"
 1621      2E33 DD73 
 1621      727D B88E 
 1621      A646 F4DD 
 1621      D473 69D1 
 1622 055e F14B 9A7B 		.ascii	"\361K\232{v\266\366\2463\335se\345\336\214\271{O\315\335{\306"
 1622      76B6 F6A6 
 1622      33DD 7365 
 1622      E5DE 8CB9 
 1622      7B4F CDDD 
 1623 0574 B9F7 DCE0 		.ascii	"\271\367\334\340\236\233\016!\323.7\207\352\341\267\317\3442"
 1623      9E9B 0E21 
 1623      D32E 3787 
 1623      EAE1 B7CF 
 1623      E432 
 1624 0586 089E AC10 		.ascii	"\b\236\254\020f\315\021^\230#\374\304m\237\227\006\004/\035B"
 1624      66CD 115E 
 1624      9823 FCC4 
 1624      6D9F 9706 
 1624      042F 1D42 
 1625 059a E6F6 F172 		.ascii	"\346\366\361r\b\336\312\316\346`\032aVG\240]\264k3\356C\033\036"
 1625      08DE CACE 
 1625      E660 1A61 
 1625      5647 A05D 
 1625      B46B 33EE 
 1626 05b1 1BFB F071 		.ascii	"\033\373\360q}\370\032\372\306\335\351>\346\270\031\317\341g"
 1626      7DF8 1AFA 
 1626      C6DD E93E 
 1626      E6B8 19CF 
 1626      E167 
 1627 05c3 7C7F 7D31 		.ascii	"|\177}1\233q\207\332\356\313\372\322\f\273r\262\262k\316\334"
 1627      9B71 87DA 
 1627      EECB FAD2 
 1627      0CBB 72B2 
 1627      B26B CEDC 
 1628 05d7 AE57 E676 		.ascii	"\256W\346v\275\346\354J\031\354\312eC\320\177)\213@`\336H\236"
 1628      BDE6 EC4A 
 1628      19EC CA65 
 1628      43D0 7F29 
 1628      8B40 60DE 
 1629 05ed CB91 E7F2 		.ascii	"\313\221\347\362\373\245\247\276b\221\350\027\254q^VDo~\216\250"
 1629      FBA5 A7BE 
 1629      6291 E817 
 1629      AC71 5E56 
 1629      446F 7E8E 
 1630 0602 9B20 D1DB 		.ascii	"\233 \321\333\237#:\246\022\275\343\326\360\202\201(\237\016"
 1630      9F23 3AA6 
 1630      12BD E3D6 
 1630      F082 8128 
 1630      9F0E 
 1631 0614 2173 BBE6 		.ascii	"!s\273\346s\by\374v=\256!`\"\237\237\274\361\364\3449\331Z_f"
 1631      7308 79FC 
 1631      763D AE21 
 1631      6022 9F9F 
 1631      BCF1 F4E4 
 1632 062d F20A B242 		.ascii	"\362\n\262BU\210\351\344E\211\351\344U\222E\324*\262\024\325"
 1632      5588 E9E4 
 1632      4589 E9E4 
 1632      5592 45D4 
 1632      2AB2 14D5 
 1633 0641 CF86 B0B7 		.ascii	"\317\206\260\267\257\241M;\354\354PM\f\223\347\347\310\013\370"
 1633      AFA1 4D3B 
 1633      ECEC 504D 
 1633      0C93 E7E7 
 1633      C80B F8
 1634 0654 C99B D627 		.ascii	"\311\233\326'\217;\354\002\264\313L\367\002\\\037~\336\2759\316"
 1634      8F3B EC02 
 1634      B4CB 4CF7 
 1634      025C 1F7E 
 1634      DEBD 39CE 
 1635 0668 BDC0 92A5 		.ascii	"\275\300\222\245\337\240\271\347bK\277!\323\275\302\254\334\253"
 1635      DFA0 B9E7 
 1635      624B BF21 
 1635      D3BD C2AC 
 1635      DCAB 
 1636 067a 3177 AFD6 		.ascii	"1w\257\326\334\275-\234{u\006\367\212\350\0202\355*\342P\013"
 1636      DCBD 2D9C 
 1636      7B75 06F7 
 1636      8AE8 1032 
 1636      ED2A E250 
 1637 068f F9C3 EEC8 		.ascii	"\371\303\356\3102\b\305Y!l5G\330f\216\360O\262\270"
 1637      3208 C559 
 1637      216C 3547 
 1637      D866 8EF0 
 1637      4FB2 B8
 1638 06a2 7BEB 0D08 		.string	"{\353\r\bA:\204\314\355\032\344\020\212\370\303\356\264\216\300\035v%hC\306aW\302\365Q\31
 1638      413A 84CC 
 1638      ED1A E410 
 1638      8AF8 C3EE 
 1638      B48E C01D 
 1639 07a3 7EA3 B0C4 		.string	"~\243\260\304[d\376\235\227\320\027\314=D\266\305\333\312\360u\337\236l\223Qe\215\307\002
 1639      5B64 FE9D 
 1639      97D0 17CC 
 1639      3D44 B6C5 
 1639      DBCA F075 
 1640 07d0 AFEE D42E 		.ascii	"\257\356\324.\265\235g\240\f\233\371\272C\330\312\233\332\243"
 1640      B59D 67A0 
 1640      0C9B F9BA 
 1640      43D8 CA9B 
 1640      DAA3 
 1641 07e2 AA72 53F7 		.ascii	"\252rS\367\307D|=\317\353\035O\210\370E '5>F0U\220\232`)\177"
 1641      C744 7C3D 
 1641      CFEB 1D4F 
 1641      88F8 4520 
 1641      2735 3E46 
 1642 07fd EF24 4DD1 		.ascii	"\357$M\321\367\376\374\324$M\321\233@r\2125.\354\376\030\233"
 1642      F7FE FCD4 
 1642      244D D19B 
 1642      4072 8A35 
 1642      2EEC FE18 
 1643 0812 166F DB84 		.ascii	"\026o\333\204\r\213\222?\322\374\031\220Kzgh\276\037\344`j\206"
 1643      0D8B 923F 
 1643      D2FC 1990 
 1643      4B7A 6768 
 1643      BE1F E460 
 1644 0828 D6D0 9BD2 		.ascii	"\326\320\233\322\344sZCSr|\226\326\234\0039\224\232\2455\027"
 1644      E473 5A43 
 1644      5372 7C96 
 1644      D69C 0339 
 1644      949A A535 
 1645 083d 402E EB7D 		.ascii	"@.\353}Ik\350My|\216\326\320T897F_\300W\221m\377\020jh?\252s"
 1645      496B E84D 
 1645      797C 8ED6 
 1645      D054 3839 
 1645      3746 5FC0 
 1646 085b 4410 8AFF 		.ascii	"D\020\212\377\262\371\367\233\376\266\371\223_~\374\321\3377"
 1646      B2F9 F79B 
 1646      FEB6 F993 
 1646      5F7E FCD1 
 1646      DF37 
 1647 086d 7EFA 878F 		.ascii	"~\372\207\217~\267\361\323M\177\374\363\237\336\337(\330\264"
 1647      7EB7 F1D3 
 1647      4D7F FCF3 
 1647      9FDE DF28 
 1647      D8B4 
 1648 087f 9AA0 31F3 		.ascii	"\232\2401\363\376\372\0177l\370\340\203\215\353\204\377\003\030"
 1648      FEFA 0F37 
 1648      6CF8 E083 
 1648      8DEB 84FF 
 1648      0318 
 1649 0891 022C 85   		.ascii	"\002,\205"
 1650               		.text
 1651               		.section	.gnu.lto_mod_config.54afc868,"",@progbits
 1652 0000 789C 8D56 		.ascii	"x\234\215V\353o\024U\024\277gfvgvw\272\357g\331\266[\236\r\037"
 1652      EB6F 1455 
 1652      14BF 6766 
 1652      7667 7677 
 1652      BAEF 67D9 
 1653 0019 9047 F880 		.ascii	"\220G\370\200\237H\374\350\037aL)\306\030 \032\321\370\211ii"
 1653      9F48 FCE8 
 1653      1F61 4C29 
 1653      C618 201A 
 1653      D1F8 8969 
 1654 002e 6935 9105 		.ascii	"i5\221\005\334\266\026D*\225Rk\240\2101\246E\312bQ(V\301\372"
 1654      DCB6 1644 
 1654      2A95 526B 
 1654      A088 31A6 
 1654      45CA 6251 
 1655 0046 A054 1075 		.ascii	"\240T\020u\253\005\332\310C\024\245\322z\356c\267;;\023b?\374"
 1655      AB05 DAC8 
 1655      4314 A5D2 
 1655      7AEE 63B7 
 1655      3B3B 1362 
 1656 005c 3A3B E7DC 		.ascii	":;\347\334\337\375\235s~\367\356\252\004\310\r\017!\217\023B"
 1656      DFFD 9D73 
 1656      7EF7 EEAA 
 1656      04C8 0D0F 
 1656      218F 1342 
 1657 0070 5E06 4220 		.ascii	"^\006B A@2\fc\275Z\257I\222\214O)\305p\253\374\277.K\312t\327"
 1657      4140 320C 
 1657      63BD 5AAF 
 1657      4992 8C4F 
 1657      29C5 70AB 
 1658 008b CF11 7CE3 		.ascii	"\317\021|\343\310\\y{9\276Q\200\306\326+\365\232Cr\212\230*b"
 1658      C85C 797B 
 1658      39BE 5180 
 1658      C6D6 2BF5 
 1658      9A43 728A 
 1659 00a2 CE42 4C95 		.ascii	"\316BL\2254\301\244\013&Mr\211l\267\310v\201.\262\335\222G\304"
 1659      34C1 A40B 
 1659      264D 7289 
 1659      6CB7 C876 
 1659      812E B2DD 
 1660 00b9 7411 F314 		.ascii	"t\021\363\024b\272T&\230\002\202\251L\362\212l\237\310\366B@"
 1660      62BA 5426 
 1660      9802 82A9 
 1660      4CF2 8A6C 
 1660      9FC8 F642 
 1661 00ce 64FB 24BF 		.ascii	"d\373$\277\210\005D\314_\210\005\244\240`\212\n\246\240\024\022"
 1661      8805 44CC 
 1661      5F88 05A4 
 1661      A060 8A0A 
 1661      A6A0 1412 
 1662 00e2 D961 911D 		.ascii	"\331a\221\035\202\250\310\016K\021\021\213\212X\244\020\213J"
 1662      82A8 C80E 
 1662      4B11 118B 
 1662      8A58 A410 
 1662      8B4A 
 1663 00f4 31C1 1417 		.ascii	"1\301\024\027L1\210\213X\034\200=\031\032\220m\222\2548\234\252"
 1663      4C31 888B 
 1663      581C 803D 
 1663      191A 906D 
 1663      92AC 389C 
 1664 0109 E672 7BF4 		.ascii	"\346r{\3642\257\317\037\b\206\302\221h,\016\333\340Uy\267\f\327"
 1664      32AF CF1F 
 1664      0886 C291 
 1664      682C 0EDB 
 1664      E055 79B7 
 1665 011f CFFE 7AD7 		.ascii	"\317\376z\327\263\274\3070"
 1665      B3BC C730 
 1666 0127 1A8C 6CFB 		.string	"\032\214l\373=\265\243\345\242!w\310\204\274!\023X\223\204\225IB\377\340\004,\307\344\334
 1666      3DB5 A3E5 
 1666      A221 77C8 
 1666      84BC 2113 
 1666      5893 8495 
 1667 0228 A720 C922 		.string	"\247 \311\"\331\271\246\235\352\252>\334\310\350\034\300\260\002\247\341\020\354a\335\307
 1667      D9B9 A69D 
 1667      EAAA 3EDC 
 1667      C8E8 1CC0 
 1667      B002 A7E1 
 1668 026a 05CE E03E 		.ascii	"\005\316\340>9h\274>t&\237\204\031\273\352\257\345t\236A\340"
 1668      3968 BC3E 
 1668      7426 9F84 
 1668      19BB EAAF 
 1668      E574 9E41 
 1669 027f 33E0 F6D9 		.ascii	"3\340\366\331!\323CmH\371z\377H'D\275\333\333T\322.\247\332e"
 1669      21D3 436D 
 1669      48F9 7AFF 
 1669      4827 44BD 
 1669      DBDB 54D2 
 1670 0297 2FAE 4DCF 		.ascii	"/\256M\317\314^ek\t\304\341s\316~mhB\260\2470\243s\360\3656\261"
 1670      CC5E 656B 
 1670      09C4 E173 
 1670      CE7E 6D68 
 1670      42B0 A730 
 1671 02b1 BF06 670B 		.ascii	"\277\006g\013\354\312\321t\323%\222g\277\237\256(\2607w8\370"
 1671      ECCA D174 
 1671      D325 9267 
 1671      BF9F AE28 
 1671      B037 7738 
 1672 02c6 6A1F DFE2 		.ascii	"j\037\337\342\356\316\316\037\200oq\037\340\0342L@C\212\246\320"
 1672      EECE CE1F 
 1672      806F 711F 
 1672      E01C 324C 
 1672      4043 8AA6 
 1673 02db 6962 1A63 		.ascii	"ib\032c\230\231g\330S`\360c\224\325l^\341g\n\034\243\267\037"
 1673      9899 67D8 
 1673      5360 F063 
 1673      94D5 6C5E 
 1673      E167 0A1C 
 1674 02f2 F440 5EC1 		.ascii	"\364@^\301\\\272\306T_5\337\374\341\375\361wd\276y\030\206\363"
 1674      5CBA C654 
 1674      5F35 DFFC 
 1674      E1FD F177 
 1674      64BE 7918 
 1675 0308 F55D 9138 		.ascii	"\365]\2218\1775#\347\0059o\354\356_\227g\353\312\330\324\023"
 1675      7F35 23E7 
 1675      0539 6FEC 
 1675      EE5F 9767 
 1675      EBCA D8D4 
 1676 031d E094 DDB9 		.ascii	"\340\224\335\271\276\337\024N9\003p\336\242.\300\030\016gl\352"
 1676      BEDF 144E 
 1676      3903 70DE 
 1676      A22E C018 
 1676      0E67 6CEA 
 1677 0331 0962 94F5 		.ascii	"\tb\224\365\320\274\"\310\004\250E\376\224\b\217h\214\353\303"
 1677      D0BC 22C8 
 1677      04A8 45FE 
 1677      9408 8F68 
 1677      8CEB C3
 1678 0344 8CA3 488D 		.ascii	"\214\243H\215\314\271d\264\007\3432\371A\316\033\340\036h(W\302"
 1678      CCB9 64B4 
 1678      07E3 32F9 
 1678      41CE 1BE0 
 1678      1E68 2857 
 1679 0359 4EF8 95F1 		.ascii	"N\370\225\361\271sh&\257\003?\004\235\275\007\0017\323L\346\370"
 1679      B973 6826 
 1679      AF03 3F04 
 1679      9DBD 0701 
 1679      37D3 4CE6 
 1680 036e 3863 36C7 		.ascii	"8c6\307B\334\331\352\206\205X|\317OG\036:\270\033\342\360E\241"
 1680      42DC D9EA 
 1680      8685 587C 
 1680      CF4F 471E 
 1680      3AB8 1BE2 
 1681 0385 792E 931B 		.ascii	"y.\223\033N\330u/\204\234H0\330\276'-\0062\t0b\351E\2101\234"
 1681      4ED8 752F 
 1681      849C 4830 
 1681      D8BE 272D 
 1681      0632 0930 
 1682 039f B2EB 5E18 		.ascii	"\262\353^\030\243\310\360\346\315\263\177\n\273\207\341K\013"
 1682      A3C8 F0E6 
 1682      CDB3 7F0A 
 1682      BB87 E14B 
 1682      0B
 1683 03b0 4198 0972 		.ascii	"A\230\tr\233\314\221\313\230\315\261\210\326gq\303\"\306\306"
 1683      9BCC 91CB 
 1683      98CD B188 
 1683      D667 71C3 
 1683      22C6 C6
 1684 03c3 0BF2 14BB 		.ascii	"\013\362\024\273a\322\256\236\b\257\247\377t\272_\270{\n\340"
 1684      61D2 AE9E 
 1684      08AF A7FF 
 1684      74BA 5FB8 
 1684      7B0A E0
 1685 03d6 2B8B 9C08 		.ascii	"+\213\234\bc\230\262\253'\212Q\326C\363\212(\023\240\333\270"
 1685      6398 B2AB 
 1685      278A 51D6 
 1685      43F3 8A28 
 1685      13A0 DBB8 
 1686 03ea C1C5 CF5A 		.ascii	"\301\305\317Z\306zs)\377\353\252\272\360"
 1686      C67A 7329 
 1686      FFEB AABA 
 1686      F0
 1687 03f7 E8AB EAE2 		.string	"\350\253\352\342#\257\252\257\371U\265\206^U\243%W\225\203+\230j\271\364@\341\223\001\370
 1687      23AF AAAF 
 1687      F955 B586 
 1687      5E55 A325 
 1687      5795 832B 
 1688 04f8 5CB2 1024 		.string	"\\\262\020$\231\200\260\311\fS%fXF\367\266L\177\031c\343\005D\212\247\177\313N\177\005r\2
 1688      9980 B0C9 
 1688      0C53 2566 
 1688      5846 F7B6 
 1688      4C7F 1963 
 1689 0551 7622 191A 		.string	"v\"\031\0328J\247\357\016\343\207\312\310k}t\3721\323\364\273\332\370\364Qe\347Ky\231\270
 1689      384A A7EF 
 1689      0EE3 87CA 
 1689      C86B 7D74 
 1689      FA31 D3F4 
 1690 05b3 7F6F 02E7 		.ascii	"\177o\002\347\220\bI<\277\365\351\315/n\335\364\330su\257\324"
 1690      9008 493C 
 1690      BFF5 E9CD 
 1690      2F6E DDF4 
 1690      D873 75AF 
 1691 05c8 6ED9 50F7 		.ascii	"n\331P\367T\355\226\315\033\237}fE-\2217m\331P^\372v\305\232"
 1691      54ED 96CD 
 1691      1B9F 7D66 
 1691      452D 9137 
 1691      6DD9 505E 
 1692 05e0 756B D7AE 		.ascii	"uk\327\256\\Y\273\232\374\007\262\004\352\210"
 1692      5C59 BB9A 
 1692      FC07 B204 
 1692      EA88 
 1693               		.text
 1694               		.section	.gnu.lto_.symbol_nodes.54afc868,"",@progbits
 1695 0000 789C 6367 		.string	"x\234cg`d\260f"
 1695      6064 B066 
 1695      00
 1696 0009 0226 867A 		.string	"\002&\206z\206\246\206\206\006\026\306\t\347\030\200l\206]\r\216@9\006\006V&\006\005\220<
 1696      86A6 8686 
 1696      0616 C609 
 1696      E718 806C 
 1696      865D 0D8E 
 1697 002e 8BDC 0C2F 		.ascii	"\213\334\f/"
 1698               		.text
 1699               		.section	.gnu.lto_.refs.54afc868,"",@progbits
 1700 0000 789C 0DC9 		.string	"x\234\r\311!\016\2000"
 1700      210E 8030 
 1700      00
 1701 0009 C5D0 7609 		.ascii	"\305\320v\tA f\261\210Y\022P(\356\216\230E\241P\034\205\237\364"
 1701      4120 66B1 
 1701      8859 1250 
 1701      28EE 8E98 
 1701      45A1 501C 
 1702 0020 A98E C809 		.ascii	"\251\216\310\tTp\300\t+\316\270`\303\025w<\360\312\356q\307\023"
 1702      5470 C009 
 1702      2BCE B860 
 1702      C315 773C 
 1702      F0CA EE71 
 1703 0036 6F7C 9482 		.ascii	"o|\224\202i\343\007\252\300\006\225"
 1703      69E3 07AA 
 1703      C006 95
 1704               		.text
 1705               		.section	.gnu.lto_.decls.54afc868,"",@progbits
 1706 0000 789C 7D56 		.ascii	"x\234}VoLSW\024\277\347\335RJi\301 [P\273\304Djf\262(j43\373"
 1706      6F4C 5357 
 1706      14BF E7DD 
 1706      524A 69C1 
 1706      205B 50BB 
 1707 001e B0CD 2DD9 		.ascii	"\260\315-\331>-K\026?\354\313\232\25621T"
 1707      3E2D 4B16 
 1707      3FEC CB9A 
 1707      AE32 3154 
 1708 002e EAA0 68FC 		.string	"\352\240h\374\366\020\n\314\031\025\346\212\001\fuUDq\216\231l\376ajeP\361\017\310?\021\0
 1708      F610 0ACC 
 1708      1915 E68A 
 1708      010C 7555 
 1708      4471 8E99 
 1709 012f 13F8 C044 		.string	"\023\370\300D\340<\360\332\347 \205\300\0378X\313\006\353@\217Y\371\265\007\3560\255&\324
 1709      E03C F0DA 
 1709      E720 85C0 
 1709      1F38 58CB 
 1709      06EB 408F 
 1710 0180 5B7E 102B 		.string	"[~\020+\004\240\334\200\233\360\201\273x\227\304M\031\002\005F\002\317\nJ\214K!B\376\007D
 1710      04A0 DC80 
 1710      9BF0 81BB 
 1710      7897 C44D 
 1710      1902 0546 
 1711 01b3 5133 085E 		.ascii	"Q3\b^\225\200\031AQX\025V\317\022\002-\261\267\276\362\240\216"
 1711      9580 1941 
 1711      5158 1556 
 1711      CF12 022D 
 1711      B1B7 BEF2 
 1712 01c9 7ECE D7B1 		.ascii	"~\316\327\261ir\344\261\244\301\362l\013`\213\206\215yNUtk\223"
 1712      6972 E4B1 
 1712      A4C1 F26C 
 1712      0B60 8B86 
 1712      8D79 4E55 
 1713 01e0 DCAC 077C 		.ascii	"\334\254\007|\262\274\020xH,/\201\313\220\204\277\227@#\270J"
 1713      B2BC 1078 
 1713      482C 2F81 
 1713      CB90 84BF 
 1713      9740 23B8 
 1714 01f5 CE95 17C5 		.ascii	"\316\225\027\305.: {\356\312\276\351\262\267\275\336\034\271"
 1714      2E3A 207B 
 1714      EECA BEE9 
 1714      B2B7 BDDE 
 1714      1CB9 
 1715 0207 06F3 3E90 		.ascii	"\006\363>\220\030\020\032q3\330N\260\352\215\274\225\340\"\364"
 1715      1810 1A71 
 1715      33D8 4EB0 
 1715      EA8D BC95 
 1715      E022 F4
 1716 021a 40F2 602C 		.ascii	"@\362`,\201+\260\b\363O?\371\375C\272\215K\031\356\037o\214\341"
 1716      812B B008 
 1716      F34F 3FF9 
 1716      FD43 BA8D 
 1716      4B19 EE1F 
 1717 0231 52FC 4129 		.ascii	"R\374A)\205M\376\375F\265\024\277JJ3\227\322\024\220\362"
 1717      854D FEFD 
 1717      46B5 14BF 
 1717      4A4A 3397 
 1717      D214 90F2 
 1718 0245 6A77 F3A3 		.string	"jw\363\2438EJgEB\253,\357\3034\217\304ppU\245\344\252J\311\025TrM(\271Q\204\335\225\007\\
 1718      3845 4A67 
 1718      4542 AB2C 
 1718      EFC3 348F 
 1718      C470 7055 
 1719 0346 5F43 3C26 		.ascii	"_C<&`.\254Pvs\231\211\017?\0043t\003;\354\212\330\256\267\310"
 1719      602E AC50 
 1719      7673 9989 
 1719      0F3F 0433 
 1719      7403 3BEC 
 1720 035f A03A 3C08 		.ascii	"\240:<\b\317\300}\204\277a\t<F\3500\332S\264!\264gh\375h\377"
 1720      CFC0 7D84 
 1720      BF61 093C 
 1720      46E8 30DA 
 1720      53B4 21B4 
 1721 0378 A00D A23D 		.ascii	"\240\r\242=A{\004f\266\347^\336A\315\353\\r\341\002<}\004O\210"
 1721      417B 0466 
 1721      B6E7 5EDE 
 1721      41CD EB5C 
 1721      72E1 023C 
 1722 0390 7519 FB59 		.ascii	"u\031\373Yn\022@T\352\177@\363\344\035\013\270\240\316Y:SB:W"
 1722      6E12 4054 
 1722      EA7F 40F3 
 1722      E41D 0BB8 
 1722      A0CE 593A 
 1723 03a8 8432 9E7D 		.ascii	"\2042\236}\334\202\213\315\0027#\317\253\213\317\3530\3272\372"
 1723      DC82 8BCD 
 1723      0237 23CF 
 1723      AB8B CFEB 
 1723      30D7 32FA 
 1724 03bc 059E B00C 		.ascii	"\005\236\260\fH\002}I\202dS}\241\362\017\"\323\251\004\217\007"
 1724      4802 7D49 
 1724      8264 537D 
 1724      A1F2 0F22 
 1724      D3A9 048F 
 1725 03d1 CBDF 882C 		.ascii	"\313\337\210,W\205o\013\342\357E\346\277\013\241\204\272`\302"
 1725      5785 6F0B 
 1725      E2EF 45E6 
 1725      BF0B A184 
 1725      BA60 C2
 1726 03e4 FDC8 09AA 		.ascii	"\375\310\t\252\365\030\f\342oG\306\337R\025\270\034L\350\213"
 1726      F518 0CE2 
 1726      6F47 C6DF 
 1726      5215 B81C 
 1726      4CE8 8B
 1727 03f7 9CD0 AB4A 		.ascii	"\234\320\253J\270\025L\350\211\234\360\227\350$\252\031\031/"
 1727      B815 4CE8 
 1727      899C F097 
 1727      E824 AA19 
 1727      192F 
 1728 0409 6ED7 4222 		.ascii	"n\327B\"6dq\270\266z\016\211\274\255F\260\255F1\357\205h\033"
 1728      3664 71B8 
 1728      B67A 0E89 
 1728      BCAD 46B0 
 1728      AD46 31EF 
 1729 0420 B155 FD3F 		.ascii	"\261U\375?P\266W\210\231\275WJO\371r\250\330IF\023\271\253\206"
 1729      50B6 5788 
 1729      99BD 574A 
 1729      4FF9 72A8 
 1729      D849 4613 
 1730 0437 FAA8 C0B2 		.ascii	"\372\250\300\262\363\264\025EG\202"
 1730      F3B4 1545 
 1730      4782 
 1731 0441 E31B D5E3 		.string	"\343\033\325\343.\0367\322\026\376FI\243\317{\032\242`I\242\220\323\271\212\251\031\303\3
 1731      2E1E 37D2 
 1731      16FE 4649 
 1731      A3CF 7B1A 
 1731      A260 49A2 
 1732 0542 6C5E 1858 		.string	"l^\030X>\207\225\024\265\376\022X\267\272\371a`\005R2I\3726\333\232\341\314\336\264,=u\23
 1732      3E87 9514 
 1732      B5FE 1258 
 1732      B7BA F961 
 1732      6005 5232 
 1733 060a 1069 5A69 		.ascii	"\020iZi$~\306\\,\316\177\001b'b\262"
 1733      247E C65C 
 1733      2CCE 7F01 
 1733      6227 62B2 
 1734               		.text
 1735               		.section	.gnu.lto_.symtab.54afc868,"",@progbits
 1736 0000 6B65 7963 		.string	"keycode_config"
 1736      6F64 655F 
 1736      636F 6E66 
 1736      6967 00
 1737 000f 00        		.string	""
 1738 0010 00        		.string	""
 1739 0011 00        		.string	""
 1740 0012 00        		.string	""
 1741 0013 00        		.string	""
 1742 0014 00        		.string	""
 1743 0015 00        		.string	""
 1744 0016 00        		.string	""
 1745 0017 00        		.string	""
 1746 0018 00        		.string	""
 1747 0019 00        		.string	""
 1748 001a CB00      		.string	"\313"
 1749 001c 00        		.string	""
 1750 001d 00        		.string	""
 1751 001e 6D6F 645F 		.string	"mod_config"
 1751      636F 6E66 
 1751      6967 00
 1752 0029 00        		.string	""
 1753 002a 00        		.string	""
 1754 002b 00        		.string	""
 1755 002c 00        		.string	""
 1756 002d 00        		.string	""
 1757 002e 00        		.string	""
 1758 002f 00        		.string	""
 1759 0030 00        		.string	""
 1760 0031 00        		.string	""
 1761 0032 00        		.string	""
 1762 0033 00        		.string	""
 1763 0034 CF00      		.string	"\317"
 1764 0036 00        		.string	""
 1765 0037 00        		.string	""
 1766 0038 6B65 796D 		.string	"keymap_config"
 1766      6170 5F63 
 1766      6F6E 6669 
 1766      6700 
 1767 0046 00        		.string	""
 1768 0047 02        		.ascii	"\002"
 1769 0048 00        		.string	""
 1770 0049 00        		.string	""
 1771 004a 00        		.string	""
 1772 004b 00        		.string	""
 1773 004c 00        		.string	""
 1774 004d 00        		.string	""
 1775 004e 00        		.string	""
 1776 004f 00        		.string	""
 1777 0050 00        		.string	""
 1778 0051 FA00      		.string	"\372"
 1779 0053 00        		.string	""
 1780 0054 00        		.string	""
 1781               		.text
 1782               		.section	.gnu.lto_.opts,"",@progbits
 1783 0000 272D 666E 		.string	"'-fno-openmp' '-fno-openacc' '-fno-pie' '-mn-flash=1' '-mno-skip-bug' '-mmcu=avr5' '-Os' 
 1783      6F2D 6F70 
 1783      656E 6D70 
 1783      2720 272D 
 1783      666E 6F2D 
 1784               		.text
 1785               		.comm	__gnu_lto_v1,1,1
 1786               		.comm	__gnu_lto_slim,1,1
 1787               		.ident	"GCC: (GNU) 8.3.0"
DEFINED SYMBOLS
                            *ABS*:00000000 keycode_config.c
C:\Users\nonej\Documents\Keyboard\msys64\tmp\ccfPO1DH.s:2      *ABS*:0000003e __SP_H__
C:\Users\nonej\Documents\Keyboard\msys64\tmp\ccfPO1DH.s:3      *ABS*:0000003d __SP_L__
C:\Users\nonej\Documents\Keyboard\msys64\tmp\ccfPO1DH.s:4      *ABS*:0000003f __SREG__
C:\Users\nonej\Documents\Keyboard\msys64\tmp\ccfPO1DH.s:5      *ABS*:00000000 __tmp_reg__
C:\Users\nonej\Documents\Keyboard\msys64\tmp\ccfPO1DH.s:6      *ABS*:00000001 __zero_reg__
C:\Users\nonej\Documents\Keyboard\msys64\tmp\ccfPO1DH.s:16     .gnu.debuglto_.debug_info:00000000 keycode_config.c.395500c2
                            *COM*:00000001 __gnu_lto_v1
                            *COM*:00000001 __gnu_lto_slim

NO UNDEFINED SYMBOLS
