   1               		.file	"led_tables.c"
   2               	__SP_H__ = 0x3e
   3               	__SP_L__ = 0x3d
   4               	__SREG__ = 0x3f
   5               	__tmp_reg__ = 0
   6               	__zero_reg__ = 1
   7               		.file 1 "c:\\users\\nonej\\documents\\keyboard\\msys64\\home\\nonej\\qmk_utils\\avr8-gnu-toolchain
   8               		.file 2 "quantum/led_tables.h"
   9               		.file 3 "quantum/led_tables.c"
  10               		.section	.gnu.debuglto_.debug_info,"",@progbits
  11               	.Ldebug_info0:
  12               		.hidden	led_tables.c.90dacab0
  13               		.weak	led_tables.c.90dacab0
  14               	led_tables.c.90dacab0:
  15 0000 8800 0000 		.long	0x88
  16 0004 0200      		.word	0x2
  17 0006 0000 0000 		.long	.Ldebug_abbrev0
  18 000a 04        		.byte	0x4
  19 000b 01        		.uleb128 0x1
  20 000c 0000 0000 		.long	.LASF7
  21 0010 0C        		.byte	0xc
  22 0011 0000 0000 		.long	.LASF8
  23 0015 0000 0000 		.long	.LASF9
  24 0019 0000 0000 		.long	.Ldebug_line0
  25 001d 02        		.uleb128 0x2
  26 001e 01        		.byte	0x1
  27 001f 06        		.byte	0x6
  28 0020 0000 0000 		.long	.LASF0
  29 0024 03        		.uleb128 0x3
  30 0025 0000 0000 		.long	.LASF10
  31 0029 01        		.byte	0x1
  32 002a 7E        		.byte	0x7e
  33 002b 16        		.byte	0x16
  34 002c 3500 0000 		.long	0x35
  35 0030 04        		.uleb128 0x4
  36 0031 2400 0000 		.long	0x24
  37 0035 02        		.uleb128 0x2
  38 0036 01        		.byte	0x1
  39 0037 08        		.byte	0x8
  40 0038 0000 0000 		.long	.LASF1
  41 003c 05        		.uleb128 0x5
  42 003d 02        		.byte	0x2
  43 003e 05        		.byte	0x5
  44 003f 696E 7400 		.string	"int"
  45 0043 02        		.uleb128 0x2
  46 0044 02        		.byte	0x2
  47 0045 07        		.byte	0x7
  48 0046 0000 0000 		.long	.LASF2
  49 004a 02        		.uleb128 0x2
  50 004b 04        		.byte	0x4
  51 004c 05        		.byte	0x5
  52 004d 0000 0000 		.long	.LASF3
  53 0051 02        		.uleb128 0x2
  54 0052 04        		.byte	0x4
  55 0053 07        		.byte	0x7
  56 0054 0000 0000 		.long	.LASF4
  57 0058 02        		.uleb128 0x2
  58 0059 08        		.byte	0x8
  59 005a 05        		.byte	0x5
  60 005b 0000 0000 		.long	.LASF5
  61 005f 02        		.uleb128 0x2
  62 0060 08        		.byte	0x8
  63 0061 07        		.byte	0x7
  64 0062 0000 0000 		.long	.LASF6
  65 0066 06        		.uleb128 0x6
  66 0067 3000 0000 		.long	0x30
  67 006b 7100 0000 		.long	0x71
  68 006f 07        		.uleb128 0x7
  69 0070 00        		.byte	0
  70 0071 04        		.uleb128 0x4
  71 0072 6600 0000 		.long	0x66
  72 0076 08        		.uleb128 0x8
  73 0077 0000 0000 		.long	.LASF11
  74 007b 02        		.byte	0x2
  75 007c 17        		.byte	0x17
  76 007d 16        		.byte	0x16
  77 007e 7100 0000 		.long	0x71
  78 0082 01        		.byte	0x1
  79 0083 01        		.byte	0x1
  80 0084 09        		.uleb128 0x9
  81 0085 7600 0000 		.long	0x76
  82 0089 03        		.byte	0x3
  83 008a 0F        		.byte	0xf
  84 008b 00        		.byte	0
  85               		.section	.gnu.debuglto_.debug_abbrev,"",@progbits
  86               	.Ldebug_abbrev0:
  87 0000 01        		.uleb128 0x1
  88 0001 11        		.uleb128 0x11
  89 0002 01        		.byte	0x1
  90 0003 25        		.uleb128 0x25
  91 0004 0E        		.uleb128 0xe
  92 0005 13        		.uleb128 0x13
  93 0006 0B        		.uleb128 0xb
  94 0007 03        		.uleb128 0x3
  95 0008 0E        		.uleb128 0xe
  96 0009 1B        		.uleb128 0x1b
  97 000a 0E        		.uleb128 0xe
  98 000b 10        		.uleb128 0x10
  99 000c 06        		.uleb128 0x6
 100 000d 00        		.byte	0
 101 000e 00        		.byte	0
 102 000f 02        		.uleb128 0x2
 103 0010 24        		.uleb128 0x24
 104 0011 00        		.byte	0
 105 0012 0B        		.uleb128 0xb
 106 0013 0B        		.uleb128 0xb
 107 0014 3E        		.uleb128 0x3e
 108 0015 0B        		.uleb128 0xb
 109 0016 03        		.uleb128 0x3
 110 0017 0E        		.uleb128 0xe
 111 0018 00        		.byte	0
 112 0019 00        		.byte	0
 113 001a 03        		.uleb128 0x3
 114 001b 16        		.uleb128 0x16
 115 001c 00        		.byte	0
 116 001d 03        		.uleb128 0x3
 117 001e 0E        		.uleb128 0xe
 118 001f 3A        		.uleb128 0x3a
 119 0020 0B        		.uleb128 0xb
 120 0021 3B        		.uleb128 0x3b
 121 0022 0B        		.uleb128 0xb
 122 0023 39        		.uleb128 0x39
 123 0024 0B        		.uleb128 0xb
 124 0025 49        		.uleb128 0x49
 125 0026 13        		.uleb128 0x13
 126 0027 00        		.byte	0
 127 0028 00        		.byte	0
 128 0029 04        		.uleb128 0x4
 129 002a 26        		.uleb128 0x26
 130 002b 00        		.byte	0
 131 002c 49        		.uleb128 0x49
 132 002d 13        		.uleb128 0x13
 133 002e 00        		.byte	0
 134 002f 00        		.byte	0
 135 0030 05        		.uleb128 0x5
 136 0031 24        		.uleb128 0x24
 137 0032 00        		.byte	0
 138 0033 0B        		.uleb128 0xb
 139 0034 0B        		.uleb128 0xb
 140 0035 3E        		.uleb128 0x3e
 141 0036 0B        		.uleb128 0xb
 142 0037 03        		.uleb128 0x3
 143 0038 08        		.uleb128 0x8
 144 0039 00        		.byte	0
 145 003a 00        		.byte	0
 146 003b 06        		.uleb128 0x6
 147 003c 01        		.uleb128 0x1
 148 003d 01        		.byte	0x1
 149 003e 49        		.uleb128 0x49
 150 003f 13        		.uleb128 0x13
 151 0040 01        		.uleb128 0x1
 152 0041 13        		.uleb128 0x13
 153 0042 00        		.byte	0
 154 0043 00        		.byte	0
 155 0044 07        		.uleb128 0x7
 156 0045 21        		.uleb128 0x21
 157 0046 00        		.byte	0
 158 0047 00        		.byte	0
 159 0048 00        		.byte	0
 160 0049 08        		.uleb128 0x8
 161 004a 34        		.uleb128 0x34
 162 004b 00        		.byte	0
 163 004c 03        		.uleb128 0x3
 164 004d 0E        		.uleb128 0xe
 165 004e 3A        		.uleb128 0x3a
 166 004f 0B        		.uleb128 0xb
 167 0050 3B        		.uleb128 0x3b
 168 0051 0B        		.uleb128 0xb
 169 0052 39        		.uleb128 0x39
 170 0053 0B        		.uleb128 0xb
 171 0054 49        		.uleb128 0x49
 172 0055 13        		.uleb128 0x13
 173 0056 3F        		.uleb128 0x3f
 174 0057 0C        		.uleb128 0xc
 175 0058 3C        		.uleb128 0x3c
 176 0059 0C        		.uleb128 0xc
 177 005a 00        		.byte	0
 178 005b 00        		.byte	0
 179 005c 09        		.uleb128 0x9
 180 005d 34        		.uleb128 0x34
 181 005e 00        		.byte	0
 182 005f 47        		.uleb128 0x47
 183 0060 13        		.uleb128 0x13
 184 0061 3A        		.uleb128 0x3a
 185 0062 0B        		.uleb128 0xb
 186 0063 39        		.uleb128 0x39
 187 0064 0B        		.uleb128 0xb
 188 0065 00        		.byte	0
 189 0066 00        		.byte	0
 190 0067 00        		.byte	0
 191               		.section	.gnu.debuglto_.debug_line,"",@progbits
 192               	.Ldebug_line0:
 193 0000 AA00 0000 		.long	.LELT0-.LSLT0
 194               	.LSLT0:
 195 0004 0200      		.word	0x2
 196 0006 A400 0000 		.long	.LELTP0-.LASLTP0
 197               	.LASLTP0:
 198 000a 01        		.byte	0x1
 199 000b 01        		.byte	0x1
 200 000c F6        		.byte	0xf6
 201 000d F2        		.byte	0xf2
 202 000e 0D        		.byte	0xd
 203 000f 00        		.byte	0
 204 0010 01        		.byte	0x1
 205 0011 01        		.byte	0x1
 206 0012 01        		.byte	0x1
 207 0013 01        		.byte	0x1
 208 0014 00        		.byte	0
 209 0015 00        		.byte	0
 210 0016 00        		.byte	0
 211 0017 01        		.byte	0x1
 212 0018 00        		.byte	0
 213 0019 00        		.byte	0
 214 001a 01        		.byte	0x1
 215 001b 633A 5C75 		.ascii	"c:\\users\\nonej\\documents\\keyboard\\msys64\\home\\nonej\\"
 215      7365 7273 
 215      5C6E 6F6E 
 215      656A 5C64 
 215      6F63 756D 
 216 004f 716D 6B5F 		.ascii	"qmk_utils\\avr8-gnu-toolchain\\avr\\include"
 216      7574 696C 
 216      735C 6176 
 216      7238 2D67 
 216      6E75 2D74 
 217 0077 00        		.byte	0
 218 0078 7175 616E 		.ascii	"quantum"
 218      7475 6D
 219 007f 00        		.byte	0
 220 0080 00        		.byte	0
 221 0081 7374 6469 		.string	"stdint.h"
 221      6E74 2E68 
 221      00
 222 008a 01        		.uleb128 0x1
 223 008b 00        		.uleb128 0
 224 008c 00        		.uleb128 0
 225 008d 6C65 645F 		.string	"led_tables.h"
 225      7461 626C 
 225      6573 2E68 
 225      00
 226 009a 02        		.uleb128 0x2
 227 009b 00        		.uleb128 0
 228 009c 00        		.uleb128 0
 229 009d 6C65 645F 		.string	"led_tables.c"
 229      7461 626C 
 229      6573 2E63 
 229      00
 230 00aa 02        		.uleb128 0x2
 231 00ab 00        		.uleb128 0
 232 00ac 00        		.uleb128 0
 233 00ad 00        		.byte	0
 234               	.LELTP0:
 235               	.LELT0:
 236               		.section	.gnu.debuglto_.debug_str,"MS",@progbits,1
 237               	.LASF2:
 238 0000 756E 7369 		.string	"unsigned int"
 238      676E 6564 
 238      2069 6E74 
 238      00
 239               	.LASF10:
 240 000d 7569 6E74 		.string	"uint8_t"
 240      385F 7400 
 241               	.LASF4:
 242 0015 6C6F 6E67 		.string	"long unsigned int"
 242      2075 6E73 
 242      6967 6E65 
 242      6420 696E 
 242      7400 
 243               	.LASF0:
 244 0027 7369 676E 		.string	"signed char"
 244      6564 2063 
 244      6861 7200 
 245               	.LASF6:
 246 0033 6C6F 6E67 		.string	"long long unsigned int"
 246      206C 6F6E 
 246      6720 756E 
 246      7369 676E 
 246      6564 2069 
 247               	.LASF7:
 248 004a 474E 5520 		.string	"GNU C99 8.3.0 -mn-flash=1 -mno-skip-bug -mmcu=avr5 -gdwarf-2 -Os -std=gnu99 -funsigned-ch
 248      4339 3920 
 248      382E 332E 
 248      3020 2D6D 
 248      6E2D 666C 
 249               	.LASF1:
 250 0132 756E 7369 		.string	"unsigned char"
 250      676E 6564 
 250      2063 6861 
 250      7200 
 251               	.LASF3:
 252 0140 6C6F 6E67 		.string	"long int"
 252      2069 6E74 
 252      00
 253               	.LASF8:
 254 0149 7175 616E 		.string	"quantum/led_tables.c"
 254      7475 6D2F 
 254      6C65 645F 
 254      7461 626C 
 254      6573 2E63 
 255               	.LASF9:
 256 015e 433A 5C55 		.string	"C:\\Users\\nonej\\Documents\\Keyboard\\msys64\\home\\nonej\\qmk_firmware"
 256      7365 7273 
 256      5C6E 6F6E 
 256      656A 5C44 
 256      6F63 756D 
 257               	.LASF11:
 258 019f 4349 4531 		.string	"CIE1931_CURVE"
 258      3933 315F 
 258      4355 5256 
 258      4500 
 259               	.LASF5:
 260 01ad 6C6F 6E67 		.string	"long long int"
 260      206C 6F6E 
 260      6720 696E 
 260      7400 
 261               		.text
 262               		.section	.gnu.lto_.profile.54aff7f3,"",@progbits
 263 0000 789C 6367 		.string	"x\234cg`\004B "
 263      6004 4220 
 263      00
 264 0009 00        		.string	""
 265 000a 00        		.string	""
 266 000b 5400      		.string	"T"
 267 000d 0A        		.ascii	"\n"
 268               		.text
 269               		.section	.gnu.lto_.icf.54aff7f3,"",@progbits
 270 0000 789C 6367 		.string	"x\234cg`d\340`@"
 270      6064 E060 
 270      4000 
 271 000a 4686 69FB 		.string	"F\206i\373_/\342d"
 271      5F2F E264 
 271      00
 272 0013 00        		.string	""
 273 0014 0E61 02FD 		.ascii	"\016a\002\375"
 274               		.text
 275               		.section	.gnu.lto_.jmpfuncs.54aff7f3,"",@progbits
 276 0000 789C 6367 		.string	"x\234cg`d`b@\006"
 276      6064 6062 
 276      4006 00
 277 000b 00        		.string	""
 278 000c BC00      		.string	"\274"
 279 000e 0B        		.ascii	"\013"
 280               		.text
 281               		.section	.gnu.lto_.inline.54aff7f3,"",@progbits
 282 0000 789C 6367 		.string	"x\234cg`d`b@\006"
 282      6064 6062 
 282      4006 00
 283 000b 00        		.string	""
 284 000c BC00      		.string	"\274"
 285 000e 0B        		.ascii	"\013"
 286               		.text
 287               		.section	.gnu.lto_.pureconst.54aff7f3,"",@progbits
 288 0000 789C 6367 		.string	"x\234cg`\004B "
 288      6004 4220 
 288      00
 289 0009 00        		.string	""
 290 000a 00        		.string	""
 291 000b 5400      		.string	"T"
 292 000d 0A        		.ascii	"\n"
 293               		.text
 294               		.section	.gnu.lto_CIE1931_CURVE.54aff7f3,"",@progbits
 295 0000 789C 5598 		.ascii	"x\234U\230\347W]Iv\305\337\221\324\323\271\307\036{\034\3454"
 295      E757 5D49 
 295      76C5 DF91 
 295      D4D3 B9C7 
 295      1E7B 1CE5 
 296 0015 1EA7 49F6 		.ascii	"\036\247I\366\314x\034\332a\276\372\223\377%\023$\340\201\b\227"
 296      CC78 1CDA 
 296      61BE FA93 
 296      FF25 1324 
 296      E081 0897 
 297 0029 8C44 9640 		.ascii	"\214D\226@\004\t\004\0229\347\234y\344\234\223\210\"\203\360"
 297      0409 0412 
 297      39E7 9C79 
 297      E49C 9388 
 297      2283 F0
 298 003c AEAA FD6E 		.ascii	"\256\252\375n\327\353\265~}\326Y\347\335Tu\352\354\215>\365\210"
 298      D7EB B57E 
 298      7DD6 59E7 
 298      DD54 75EA 
 298      EC8D 3EF5 
 299 0051 E77F 7EE4 		.ascii	"\347\177~\344\301\377\315\177\316}\t\253\313\231\177\020q?\355"
 299      C1FF CD7F 
 299      CE7D 09AB 
 299      CB99 7F10 
 299      713F ED
 300 0064 BE47 EEC4 		.ascii	"\276G\356\304\316\305\344\373m\247\341\3373\365[\225\307?J\177"
 300      CEC5 E4FB 
 300      6DA7 E1DF 
 300      33F5 5B95 
 300      C73F 4A7F 
 301 0078 FD99 A97F 		.ascii	"\375\231\251\177T\371\365\270S\301\353\257\002~/\346\367\263"
 301      54F9 F5B8 
 301      53C1 EBAF 
 301      027E 2FE6 
 301      F7B3 
 302 008a CF47 6FEF 		.ascii	"\317Go\357\233\372\205\276\377\233\217\376\372\215\312k\033s"
 302      9BFA 85BE 
 302      FF9B 8FFE 
 302      FA8D CA6B 
 302      1B73 
 303 009c 5ABF 6FEA 		.ascii	"Z\277o\352\247*\337\355\336\216\377\334\324\257U\336\264\272"
 303      A72A DFED 
 303      DE8E FFDC 
 303      D4AF 55DE 
 303      B4BA 
 304 00ae FA73 533E 		.ascii	"\372sS>\tx\234\230\307\245\f\024?\345\353\035\252\274>\361d\231"
 304      0978 9C98 
 304      C7A5 0C14 
 304      3FE5 EB1D 
 304      AABC 3EF1 
 305 00c4 975F AA7C 		.ascii	"\227_\252|\244\277|\344\013S\337\017x\0351\257\223\033\367a\217"
 305      A4BF 7CE4 
 305      0B53 DF0F 
 305      781D 31AF 
 305      931B F761 
 306 00d9 F55D 9D67 		.ascii	"\365]\235g\373fX?WyC\302\301\342\347\246\276\255\362\345\274"
 306      FB66 583F 
 306      5779 43C2 
 306      C1E2 E7A6 
 306      BEAD F2E5 
 307 00ee E2EB 2F4C 		.ascii	"\342\353/L\375L\345\317o\343w\304\3247\003>G\314\347\\\004\267"
 307      FD4C E5CF 
 307      6FE3 77C4 
 307      D437 033E 
 307      47CC E75C 
 308 0104 6C7D 62EA 		.ascii	"l}b\352k*\257\336)Y\342\373\177P\371\351\364\352\342g\246\276"
 308      6B2A AFDE 
 308      2959 E2FB 
 308      7F50 F9E9 
 308      F4EA E267 
 309 011a 627F AE98 		.ascii	"b\177\256\230\317\335\n\235\251\346\345\213*\277Y\270\230\027"
 309      CFDD 0A9D 
 309      A9E6 E58B 
 309      2ABF 59B8 
 309      9817 
 310 012c 533F 5679 		.ascii	"S?Vy\205/\247\362SS\237W\371\370L\351\3247\246~\244\362\356\340"
 310      852F A7F2 
 310      5353 9F57 
 310      F9F8 4CE9 
 310      D437 A67E 
 311 0144 FC28 D667 		.ascii	"\374(\326g\003\226K\314r\025\217\372R\357\231\372\224\312\023"
 311      0396 4BCC 
 311      7215 8FFA 
 311      52EF 99FA 
 311      94CA 13
 312 0157 E377 FDCB 		.ascii	"\343w\375\313s\240\362\261\321\253P\356\316D\300r\212Y\316\210"
 312      73A0 F2B1 
 312      D1AB 50EE 
 312      CE44 C072 
 312      8A59 CE88 
 313 016b E98C 282E 		.ascii	"\351\214(.\377\270\376\334\203\240h~\376{\275<q\327C\374\274"
 313      FFB8 FEDC 
 313      83A0 687E 
 313      FE7B BD3C 
 313      71D7 43FC 
 314 0180 1195 1F9D 		.ascii	"\021\225\037\235'\337|m\352{\372~\025\223W_\232\372P\300v\210"
 314      27DF 7C6D 
 314      EA7B FA7E 
 314      1593 575F 
 314      9AFA 50C0 
 315 0196 D98E A1F9 		.ascii	"\331\216\241\371\254tv\327\200\312\037\027\345\247\3373\365\035"
 315      AC74 76D7 
 315      80CA 1F17 
 315      E5A7 DF33 
 315      F51D 
 316 01a8 95CF 2D8F 		.ascii	"\225\317-\217g\362\372\276\200\355\022\263]\023\t\021u_\231z"
 316      67F2 FABE 
 316      80ED 12B3 
 316      5D13 0911 
 316      755F 997A 
 317 01bc 8FAE 2FCF 		.ascii	"\217\256/\317\177\344\372m\251\274je%\237\335\331\031\260\235"
 317      7FE4 FA6D 
 317      A9BC 6A65 
 317      259F DDD9 
 317      19B0 9D
 318 01cf 62B6 332E 		.ascii	"b\2663.\"g\226\327\267\253|s\305\233\360\211\251o\350v\310z\024"
 318      2267 96D7 
 318      B7AB 7C73 
 318      C59B F089 
 318      A96F E876 
 319 01e6 CBEB 5BF5 		.ascii	"\313\353[\365~\024\f\366\261\276\256\362\272\206\201>\256Os@"
 319      7E14 0CF6 
 319      B1BE AEF2 
 319      BA86 813E 
 319      AE4F 7340 
 320 01fa 3B88 6987 		.ascii	";\210i\207\322\351\204\347\\\377F\225\237\247%wr\377VU~\227\364"
 320      D2E9 84E7 
 320      5CFF 4695 
 320      9FA7 2577 
 320      72FF 5655 
 321 0211 B188 DF57 		.ascii	"\261\210\337W\037\320.b\332\245|2\3459\357_\253\362\266\351\360"
 321      1FD0 2E62 
 321      DAA5 7C32 
 321      E539 EF5F 
 321      ABF2 B6E9 
 322 0226 C5AF 4C7D 		.ascii	"\305\257L}Y\345\t\375\2537|\277*}\277\332\204\267|\376\222\312"
 322      59E5 09FD 
 322      AB37 7CBF 
 322      2A7D BFDA 
 322      84B7 7CFE 
 323 023c 639B 66BA 		.ascii	"c\233f\272\331\336\025\001\375&\246\337\256\316\013O\331\177"
 323      D9DE 1501 
 323      FD26 A6DF 
 323      AECE 0B4F 
 323      D97F 
 324 024e 6F55 7E3B 		.ascii	"oU~;W2\301\373/\250\374\321IM\031\367\247,\240\037\305\364c\324"
 324      5732 C1FB 
 324      2FA8 FCD1 
 324      494D 19F7 
 324      A72C A01F 
 325 0266 609B 97DF 		.ascii	"`\233\227\337W\252\362\355\232\260C\356\317\234\312\273\316n"
 325      57AA F2ED 
 325      9AB0 43EE 
 325      CF9C CABB 
 325      CE6E 
 326 0278 AEBE 31F5 		.ascii	"\256\2761\365\327\001\375*\246_\333f\202#x\274\212U\0369\235"
 326      D701 FD2A 
 326      A65F DB66 
 326      8223 78BC 
 326      8A55 1E39 
 327 028d ED65 FFCC 		.ascii	"\355e\377\314\350~}\337_\314\353\013\365\361\017\215{\307\365"
 327      E87E 7DDF 
 327      5FCC EB0B 
 327      F5F1 0F8D 
 327      7BC7 F5
 328 02a0 9BD6 F7CB 		.ascii	"\233\326\367\313\232\236\371\332\324_\006\364\273\230~\317K\356"
 328      9A9E F9DA 
 328      D45F 06F4 
 328      BB98 7ECF 
 328      4BEE 
 329 02b2 49E6 F9C8 		.ascii	"I\346\371\310\323\337\337uv\300\353'u^P\226\313\365y\036p\036"
 329      D3DF DF75 
 329      76C0 EB27 
 329      755E 5096 
 329      CBF5 791E 
 330 02c8 C49C 87C3 		.ascii	"\304\234\207\303\312\324k\366G\256\312\247\343\267\374\347\303"
 330      CAD4 6BF6 
 330      47AE CAA7 
 330      E3B7 FCE7 
 330      C3
 331 02d9 A7F2 969A 		.ascii	"\247\362\226\232\222e\356Ov\300y\021s^\234\374\313\016\356O\246"
 331      9265 EE4F 
 331      76C0 7911 
 331      735E 9CFC 
 331      CB0E EE4F 
 332 02ee CA7B CE3B 		.ascii	"\312{\316;\177`\312cz\271Z\222\336ry\323U\276sU\375\362KS\037"
 332      7F60 CA63 
 332      7AB9 5A92 
 332      DE72 79D3 
 332      55BE 7355 
 333 0307 D5D3 A4E8 		.ascii	"\325\323\244\350\355\033\036\317\247\001\307M\314q\233\037x\023"
 333      ED1B 1ECF 
 333      A701 C74D 
 333      CC71 9B1F 
 333      7813 
 334 0319 CBCF 4B55 		.ascii	"\313\317KUy\253\257\355\035\227oX\337\357\320\227\302\343\231"
 334      79AB AFED 
 334      1D97 6F58 
 334      DFEF D097 
 334      C2E3 99
 335 032c 1C70 1CC5 		.ascii	"\034p\034\305\034\307\246\370\271\016\276~\222\312\313\006W\013"
 335      1CC7 A6F8 
 335      B90E BE7E 
 335      92CA CB06 
 335      570B 
 336 033e B93C 832A 		.ascii	"\271<\203*\357\253Z*`{$\004\034W1\307\365\375\360\263\033.\217"
 336      EFAB 5A2A 
 336      607B 2404 
 336      1C57 31C7 
 336      F5FD F0B3 
 337 0355 A397 6FF5 		.ascii	"\243\227o\365v\200\333\333\257\362g\253\336h~_l\300q\026s\234"
 337      7680 DBDB 
 337      AFF2 67AB 
 337      DE68 7E5F 
 337      6CC0 7116 
 338 036b DF0E 0CD4 		.ascii	"\337\016\f\324pyb\364t]\030{\311\366\353\325\3377\266\035\316"
 338      7079 62F4 
 338      745D 187B 
 338      C9F6 EBD5 
 338      DF37 B61D 
 339 0380 E73F 0938 		.ascii	"\347?\t8\356b\216{\273/(\202\337\027\251\277\247\251\375\230"
 339      EE62 8E7B 
 339      BB2F 2882 
 339      DF17 A9BF 
 339      A7A9 FD98 
 340 0394 EDDD ADDF 		.ascii	"\355\335\255\337\247,f\201\317\217\320\367\217\255\016\342\366"
 340      A72C 6681 
 340      CF8F D0F7 
 340      8FAD 0EE2 
 340      F6
 341 03a5 75A9 7CCA 		.ascii	"u\251|\312\273\234\312\365\r\017\030\027b\306E\331\321\213T\276"
 341      BB9C CAF5 
 341      0D0F 1817 
 341      62C6 45D9 
 341      D18B 54BE 
 342 03b9 DF63 95BF 		.ascii	"\337c\225\277\254_h\345\372v\250\374r\272m\226\365\320\200q\""
 342      AC5F 68E5 
 342      FA76 A8FC 
 342      72BA 6D96 
 342      F5D0 8071 
 343 03ce 669C DC74 		.ascii	"f\234\334t\006\265\361\376!*\177\021\276\032\301\366j\323\353"
 343      06B5 F1FE 
 343      212A 7F11 
 343      BE1A C1F6 
 343      6AD3 EB
 344 03e1 31FC 2A89 		.ascii	"1\374*\211\357\027\0240n\304\214\233\222\346\336\3773\345\217"
 344      EF17 1430 
 344      6EC4 8C9B 
 344      92E6 DEFF 
 344      33E5 8F
 345 03f4 4ACB D327 		.ascii	"J\313\323'.\266\371\370\026=]B\332.y\372n=\3664\0223\215rk#S"
 345      2EB6 F9F8 
 345      163D 5D42 
 345      DA2E 79FA 
 345      6E3D F634 
 346 040f 797A AE55 		.ascii	"yz\256U}8\252\253\201\217oR\365\350\331\334^n\337\225\307\236"
 346      7D38 AAAB 
 346      818F 6F52 
 346      F5E8 D9DC 
 346      5E6E DF95 
 347 0425 5662 A655 		.ascii	"Vb\246Ubwo\026O\327\205\252_^\306e\262"
 347      6277 6F16 
 347      4FD7 85AA 
 347      5F5E C665 
 347      B2
 348 0436 FD1A 54FD 		.string	"\375\032T\375c\337\214\177\373\316=\3664\0233\315\016*\"?\260~\252\352\375\276\226\021\26
 348      63DF 8C7F 
 348      FBCE 3DF6 
 348      3413 33CD 
 348      0E2A 223F 
 349 0537 AF5F F0D8 		.ascii	"\257_\360\330\303^\314\260O\254<;\342\351\236W\365\371\306\346"
 349      C35E CCB0 
 349      4FAC 3C3B 
 349      E2E9 9E57 
 349      F5F9 C6E6 
 350 054b 3CAE 4F91 		.ascii	"<\256O\221\026\247\321|v\337\254\307\326\0021Z0{\334\223\302"
 350      16A7 D17C 
 350      76DF ACC7 
 350      D602 315A 
 350      307B DC93 
 351 0560 C333 A3EA 		.ascii	"\3033\243\352\323W\263i<|\005\252~\262\367\3621o?\355\261\265"
 351      D357 B369 
 351      3C7C 05AA 
 351      7EB2 F7F2 
 351      316F 3FED 
 352 0576 428C 56DC 		.ascii	"B\214V\334\205\3545q\366O\251z\332\334\253\004\336?_o\357P\353"
 352      85EC 3571 
 352      F64F A97A 
 352      DADC AB04 
 352      DE3F 5F6F 
 353 058d 24BB 73C2 		.ascii	"$\273s\302ck\211\030-\351l]\330\341\347\373<zX\f\207\261\376"
 353      636B 8918 
 353      2DE9 6C5D 
 353      D8E1 E7FB 
 353      3C7A 580C 
 354 05a4 42D5 839A 		.ascii	"B\325\203\232\206Gy\375\270\307\326\0321Z\323\324S\177\312\345"
 354      8647 79FD 
 354      B8C7 D61A 
 354      315A D3D4 
 354      537F CAE5 
 355 05b8 19F3 D85A 		.ascii	"\031\363\330Z#Fkz\233\243\016\370}#\252~\261\0309\316\355\315"
 355      2346 6B7A 
 355      9BA3 0EF8 
 355      7D23 AA7E 
 355      B118 39CE 
 356 05ce D1DA 5BE7 		.ascii	"\321\332[\347\264\360\371\303\036[\213\304h\321zHv\007\333kH"
 356      B4F0 F9C3 
 356      1E5B 8BC4 
 356      68D1 7A48 
 356      7607 DB6B 
 357 05e3 D52B 9BB2 		.ascii	"\325+\233\262\006\270\375Y\252\236\324\237y\304\367\033\364\330"
 357      06B8 FD59 
 357      AA9E D49F 
 357      79C4 F71B 
 357      F4D8 
 358 05f5 5A25 D4AA 		.ascii	"Z%\324\252\005o<O\307\200\252\027\026\227\374\330\2243T9\376"
 358      056F 3C4F 
 358      C780 AA17 
 358      1697 FCD8 
 358      9433 5439 
 359 060a 6CF3 94E5 		.ascii	"l\363\224\345~\217\255eb\264\354]P\310\377\232r\257*gOW\206\260"
 359      7E8F AD65 
 359      62B4 EC5D 
 359      50C8 FF9A 
 359      72AF 2A67 
 360 0622 FC4C 9553 		.ascii	"\374L\225Sr\013\275~\347\346\261\245N\214\324\245\235\216T\361"
 360      720B BD7E 
 360      E7E6 B1A5 
 360      4E8C D4A5 
 360      9D8E 54F1 
 361 0636 EBBA 55BD 		.ascii	"\353\272U\275h\275y\214\3654=\273\206\226\203\270{]\036[\n\305"
 361      68BD 798C 
 361      F534 3DBB 
 361      8696 83B8 
 361      7B5D 1E5B 
 362 064c 48E1 F1EE 		.ascii	"H\341\361\356\336:\215\177\247\252\307\217\344U\361p\246\350"
 362      DE3A 8D7F 
 362      A7AA C78F 
 362      E455 F170 
 362      A6E8 
 363 065e E6DC 8FA9 		.ascii	"\346\334\217\251\340\352txl\251\024#\225\276\241\342Q\316\226"
 363      E0EA 7478 
 363      6CA9 1423 
 363      95BE A1E2 
 363      51CE 96
 364 0671 768F 2D95 		.ascii	"v\217-\225b\244\362\256\341\211\217\317o\323\273\027\035S\316"
 364      62A4 F2AE 
 364      E189 8FCF 
 364      6FD3 BB17 
 364      1D53 CE
 365 0684 DD4D 54F5 		.ascii	"\335MT\365\360\333\323j\277s\364\330R*FJ\267S\206\366\271\373"
 365      F0DB D36A 
 365      BF73 F4D8 
 365      522A 464A 
 365      B753 86F6 
 366 069a 2DAA 9EB9 		.ascii	"-\252\236\271x\273\300\335\217\327Rr\275Q\357w\226\036[j\305"
 366      78BB C0DD 
 366      8FD7 5272 
 366      BD51 EF77 
 366      961E 5B6A 
 367 06af 486D 55CF 		.ascii	"HmU\317d,\273\373\267H\237\\\017^\360\363\342Ty2m\250\236\345"
 367      642C BBFB 
 367      B748 9F5C 
 367      0F5E F0F3 
 367      E254 7932 
 368 06c7 FFB6 8558 		.ascii	"\377\266\205X\214\020\337n\347d\362\355\377\313\326a1:|\232\321"
 368      8C10 DF6E 
 368      E764 F2ED 
 368      FFCB D661 
 368      313A 7C9A 
 369 06dc 1FCA C1FB 		.ascii	"\037\312\301\373\237\2523\356\016\223\370m\321zm\275U\211\274"
 369      9FAA 33EE 
 369      0E93 F86D 
 369      D17A 6DBD 
 369      5589 BC
 370 06ef F97F D82A 		.ascii	"\371\177\330*-F\245c\323G\207\271\265\337\252s{0\274\310\276"
 370      2D46 A563 
 370      D347 87B9 
 370      B5DF AA73 
 370      7B30 BCC8 
 371 0704 8BD2 AF36 		.ascii	"\213\322\2576\236\262\311\306\371w[\303\305h\370\333\304\020"
 371      9EB2 C9C6 
 371      F977 5BC3 
 371      C568 F8DB 
 371      C410 
 372 0716 2F37 FEDF 		.ascii	"/7\376\337\324P*\177\275\302\262WkJJ\337\002\257\376W[\341\305"
 372      D450 2A7F 
 372      BDC2 B257 
 372      6B4A 4ADF 
 372      02AF FE57 
 373 072d 287C D54D 		.ascii	"(|\325M\234\217\313\366/\266\300\213\021\370\245\302\204\"^\375"
 373      9C8F CBF6 
 373      2FB6 C08B 
 373      11F8 A5C2 
 373      8422 5EFD 
 374 0741 1B75 75D1 		.ascii	"\033uu\321a(\337<L\2253\252W/9r\376\331\261\344_\214\374g\265"
 374      6128 DF3C 
 374      4C95 33AA 
 374      572F 3972 
 374      FED9 B1E4 
 375 075a 1CD6 7220 		.ascii	"\034\326r \377Zmy\374\215\303\362#-\207\317\266\312\370\354_"
 375      FF5A 6D79 
 375      FC8D C3F2 
 375      232D 87CF 
 375      B6CA F8EC 
 376 076f 3996 3910 		.ascii	"9\2269\020c\016\\3 \306\f\034g\226{\331a\277Tj\023\273\223\313"
 376      630E 5C33 
 376      20C6 0C1C 
 376      6796 7BD9 
 376      61BF 546A 
 377 0787 9F07 EBF1 		.ascii	"\237\007\353\361\366,a\217\307\377\237\034\313*\210\261\n\336"
 377      F62C 618F 
 377      C7FF 9F1C 
 377      CB2A 88B1 
 377      0ADE 
 378 0799 95B2 720E 		.ascii	"\225\262r\016\367\177DZ\373\256o\203\303\341N\265K\361\350\223"
 378      F77F 445A 
 378      FBAE 6F83 
 378      C3E1 4EB5 
 378      4BF1 E893 
 379 07ad 797E C92F 		.ascii	"y~\311/\234\357\214\204\030#q\230\2251\306\017\371\271c\371\b"
 379      9CEF 8C84 
 379      1823 7198 
 379      9531 C60F 
 379      F9B9 63F9 
 380 07c2 313E 623B 		.ascii	"1>b;\246#\231\257r\243\362\306\225\353"
 380      A623 99AF 
 380      72A3 F2C6 
 380      95EB 
 381 07d0 7DEE F7CF 		.ascii	"}\356\367\317\034\313V\210\261\025\336\234P\377\037\221?u,W!"
 381      1CCB 5688 
 381      B115 DE9C 
 381      50FF 1F91 
 381      3F75 2C57 
 382 07e5 C655 E4F7 		.ascii	"\306U\344\367\255\367\361C~\202t7a\360\251\377/xUN\036\336(a"
 382      ADF7 F143 
 382      7E82 7437 
 382      61F0 A9FF 
 382      2F78 554E 
 383 07fd B7FC 8363 		.ascii	"\267\374\203cy\0161\236\303\365\030b<F\372\311\026\177\375\367"
 383      790E 319E 
 383      C3F5 1862 
 383      3C46 FAC9 
 383      167F FDF7 
 384 0811 C8EA C2CA 		.ascii	"\310\352\302\312\007\371\346g\252\332\231\363!\215\315\363w\216"
 384      07F9 E667 
 384      AADA 99F3 
 384      218D CDF3 
 384      778E 
 385 0823 6540 C418 		.ascii	"e@\304\030\220\240\266\260\n\226\377V\235\261\272Q\377_\223\037"
 385      90A0 B6B0 
 385      0A96 FF56 
 385      9DB1 BA51 
 385      FF5F 931F 
 386 0837 54D9 F523 		.ascii	"T\331\365#b\374HX\350!G\310\3378\226\033\021\343F\326z\207\302"
 386      62FC 4858 
 386      E821 47C8 
 386      DF38 961B 
 386      11E3 46D6 
 387 084e D94B 3F56 		.ascii	"\331K?V\207d\251\376\220\003\342H\0174\2779\021cN\306\013\206"
 387      8764 A9FE 
 387      9003 E248 
 387      0F34 BF39 
 387      1163 4EC6 
 388 0864 D3F8 F3BF 		.ascii	"\323\370\363\277v,o\"\306\233,>*h\340<\372\221\032\366g\225\351"
 388      762C 6F22 
 388      C69B 2C3E 
 388      2A68 E03C 
 388      FA91 1AF6 
 389 087b 1C67 FBAA 		.ascii	"\034g\373\252\354Z\0251V\245+\271\260\212;\370W\216eU\304X\225"
 389      EC5A 1531 
 389      56A5 2BB9 
 389      B08A 3BF8 
 389      578E 6555 
 390 0892 99CC BB31 		.ascii	"\231\314\2731n\377_:\226S\021\343T\222\226/O\370\363\035\225"
 390      6EFF 5F3A 
 390      9653 11E3 
 390      5492 962F 
 390      4FF8 F31D 
 391 08a7 BF28 1D9A 		.ascii	"\277(\035\232\343\227\376\205c\031\0271\306\245\257\241\307o"
 391      E397 FE85 
 391      6319 1731 
 391      C6A5 AFA1 
 391      C76F 
 392 08b9 93FF DCB1 		.ascii	"\223\377\334\261|\213\030\337rS\231\234\306e\334\324\313\366"
 392      7C8B 18DF 
 392      7253 999C 
 392      C665 DCD4 
 392      CBF6 
 393 08cb 6EED 860F 		.ascii	"n\355\206\017\3773\307\2621bl\214k[\304\330\226\244\276\312K"
 393      FF33 C7B2 
 393      3162 6C8C 
 393      6B5B C4D8 
 393      96A4 BECA 
 394 08e0 3EFC A163 		.ascii	">\374\241c\271\0261\256%\361z\361\204\355\363\247\252\034:\034"
 394      B916 31AE 
 394      25F1 7AF1 
 394      84ED F3A7 
 394      AA1C 3A1C 
 395 08f4 CCBB AD7A 		.ascii	"\314\273\255z\034\313\304\21011\321\321\203\221<\204\177\342"
 395      1CCB C488 
 395      3131 D1D1 
 395      8391 3C84 
 395      7FE2 
 396 0906 581E 468C 		.ascii	"X\036F\214\207\211\231\337\f\343\317\227tkG\314.\360\347\177"
 396      8789 99DF 
 396      0CE3 CF97 
 396      746B 47CC 
 396      2EF0 E77F 
 397 091a EC58 9646 		.ascii	"\354X\226F\214\245q-\214\030\013S\260\364\372\226'\341\217\034"
 397      8CA5 712D 
 397      8C18 0B53 
 397      B0F4 FA96 
 397      27E1 8F1C 
 398 092e CBC1 8871 		.ascii	"\313\301\210q0\375\341\355\361l\2409\225\217v\344\307s\314\376"
 398      30FD E1ED 
 398      F16C A039 
 398      958F 76E4 
 398      C773 CCFE 
 399 0942 A1F3 9DA1 		.ascii	"\241\363\235\241\021ch\\\003#\306\300\024u\025\\\363H\377\201"
 399      1163 685C 
 399      0323 C6C0 
 399      1475 155C 
 399      F348 FF81 
 400 0956 63F9 1731 		.ascii	"c\371\0271\376\305\365+b\374J\320B{\025o\376C\325\353/j+\374"
 400      FEC5 F52B 
 400      62FC 4AD0 
 400      427B 156F 
 400      FE43 D5EB 
 401 096e 7FDA AAB2 		.ascii	"\177\332\252\262k_\304\330\227\324\235\256S\236\234\337w,\367"
 401      6B5F C4D8 
 401      97D4 9DAE 
 401      539E 9CDF 
 401      772C F7
 402 0981 22C6 BDB8 		.ascii	"\"\306\275\270nE\214[Yo\237\335\345\227\376\236c\231\0251f\245"
 402      6E45 8C5B 
 402      596F 9FDD 
 402      E597 FE9E 
 402      6399 1531 
 403 0997 7B7F A496 		.ascii	"{\177\244\226?\037Uy\356\344\312\020\357\376\003\307\362.b\274"
 403      3F1F 5579 
 403      EEE4 CA10 
 403      EFFE 03C7 
 403      F22E 62BC 
 404 09ab 8BEB 55C4 		.ascii	"\213\353U\304x\225\206\205\360\002.\373\357:\226U\021cU\\k\""
 404      7895 8685 
 404      F002 2EFB 
 404      EF3A 9655 
 404      1163 555C 
 405 09c1 C69A B856 		.ascii	"\306\232\270VD\214\025\031\235\332<\343a\371"
 405      448C 1519 
 405      9DDA 3CE3 
 405      61F9 
 406 09cf 1DC7 B222 		.string	"\035\307\262\"b\254Hn\306\341\022\217^\237\312;\234R\377\277\302|\337\371\316\231\210q&\2
 406      62AC 486E 
 406      C6E1 128F 
 406      5E9F CA3B 
 406      9C52 FFBF 
 407 0ad0 5DC1 132D 		.ascii	"]\301\023-x~A\023-h\256\200\211\026\260\274\256\3251\016\277"
 407      787E 4113 
 407      2D68 AE80 
 407      8916 B0BC 
 407      AED5 310E 
 408 0ae5 4F6C FD12 		.ascii	"Ol\375\022\255_~}\022\255O\256\036\211\326#WoD\353\215\253/\242"
 408      AD5F 7E7D 
 408      12AD 4FAE 
 408      1E89 D623 
 408      576F 44EB 
 409 0afd F5E5 28EB 		.ascii	"\365\345(\353\361%\227\365\201-'\242\345\304\225\017\321\362"
 409      F125 97F5 
 409      812D 27A2 
 409      E5C4 950F 
 409      D1F2 
 410 0b0f E1CA 8368 		.ascii	"\341\312\203hyp\345@\264\034\270\343^\364\270w\307\271\350q\356"
 410      7970 E540 
 410      B41C B8E3 
 410      5EF4 B877 
 410      C7B9 E871 
 411 0b24 8E6F D1E3 		.string	"\216o\321\343;c\342:\214\332p\337\236\326\242\247\265;\215EOcw\332\212\236\266\3564\025=M
 411      3B63 E23A 
 411      8CDA 70DF 
 411      9ED6 A2A7 
 411      B53B 8D45 
 412 0c25 5A18 9B19 		.string	"Z\030\233\031\233\030\033\031\353A\025\250c\254e\254a\254f\254\004e\240\202\361\035\343[\
 412      9B18 1B19 
 412      EB41 15A8 
 412      63AC 65AC 
 412      61AC 66AC 
 413 0d05 EDA0 0DB4 		.string	"\355\240\r\264\202\026\320\f\032A\023c\003\250\007u\240\026\324\200jP\005*A\005x\013\3361
 413      8216 D00C 
 413      1A41 1363 
 413      03A8 0775 
 413      A016 D480 
 414 0d8c 4EC0 3138 		.string	"N\30018\002\207\340"
 414      0287 E000 
 415 0d94 EC83 F760 		.string	"\354\203\367`\017\354\202\035\260\r\266\300&\330"
 415      0FEC 821D 
 415      B00D B6C0 
 415      26D8 00
 416 0da3 EB60 0DAC 		.string	"\353`\r\254\202\025\260\f\226\300\"X"
 416      8215 B00C 
 416      96C0 2258 
 416      00
 417 0db0 F360 0ECC 		.string	"\363`\016\314\202\0310\r\246\300$\230"
 417      8219 300D 
 417      A6C0 2498 
 417      00
 418 0dbd 3E30 0EC6 		.string	">0\016\306\300(\030\001\303`\b\f\202\001\320\017\372@/\350\001\335\240\013t\202\016\320\0
 418      C028 1801 
 418      C360 080C 
 418      8201 D00F 
 418      FA40 2FE8 
 419 0e08 BC04 F920 		.string	"\274\004\371 \017\274"
 419      0FBC 00
 420 0e0f CF41 2EC8 		.string	"\317A.\310\001\331 \013d\202\f\220\016\236\201\247 \r\244\202\024\220\f\222@\"H"
 420      01D9 200B 
 420      6482 0C90 
 420      0E9E 81A7 
 420      200D A482 
 421 0e2b F1C0 0171 		.string	"\361\300\001q \026\304\200h\360\004D\201H\340\005\021 \034\204\201\307\340\021\b\005! \03
 421      2016 C480 
 421      68F0 0444 
 421      8148 E005 
 421      1120 1C84 
 422 0e82 E6C1 1C98 		.ascii	"\346\301\034\230\0053`\032L\201I0\001|`\034\214\201Q0\002\206"
 422      0533 601A 
 422      4C81 4930 
 422      017C 601C 
 422      8C81 5130 
 423 0e98 C110 1804 		.ascii	"\301\020\030\004\003\240\037\364\201^\320\003\272A\027\350\004"
 423      03A0 1FF4 
 423      815E D003 
 423      BA41 17E8 
 423      04
 424 0ea9 1DA0 1DB4 		.ascii	"\035\240\035\264\201V\320\002\232A\023h\004\r\240\036\324\311"
 424      8156 D002 
 424      9A41 1368 
 424      040D A01E 
 424      D4C9 
 425 0ebb 438F 6C3E 		.ascii	"C\217l>\370\326\363\377\343p\2653"
 425      F8D6 F3FF 
 425      E370 B533 
 426               		.text
 427               		.section	.gnu.lto_.symbol_nodes.54aff7f3,"",@progbits
 428 0000 789C 6367 		.string	"x\234cg`d\340b"
 428      6064 E062 
 428      00
 429 0009 0256 4686 		.string	"\002VF\206F%\020\003"
 429      4625 1003 
 429      00
 430 0012 0511 00   		.string	"\005\021"
 431 0015 BC        		.ascii	"\274"
 432               		.text
 433               		.section	.gnu.lto_.refs.54aff7f3,"",@progbits
 434 0000 789C 6367 		.string	"x\234cg`\004B "
 434      6004 4220 
 434      00
 435 0009 00        		.string	""
 436 000a 00        		.string	""
 437 000b 5400      		.string	"T"
 438 000d 0A        		.ascii	"\n"
 439               		.text
 440               		.section	.gnu.lto_.decls.54aff7f3,"",@progbits
 441 0000 789C 6367 		.string	"x\234cg`d\370\301\310\300\220\305\300\300\020\002\304\377\201\200\tH_d@\005@%\fg\321\304f
 441      6064 F8C1 
 441      C8C0 90C5 
 441      C0C0 1002 
 441      C4FF 8180 
 442 002a F119 06DC 		.string	"\361\031\006\334`\"3\343\324o\323\3662331\202\330\367\236\3158\316\303,"
 442      6022 33E3 
 442      D46F D3F6 
 442      3233 3331 
 442      82D8 F79E 
 443 0044 66CF 9C28 		.string	"f\317\234(\305\302\304\300\270\207\221\031\242\356\304\231i\337x:\230\031\205\270\030\033
 443      C5C2 C4C0 
 443      B887 9119 
 443      A2EE C499 
 443      69DF 783A 
 444 0067 F922 40BE 		.string	"\371\"@\276"
 444      00
 445 006c 90BF 64C7 		.string	"\220\277d\307\313]L\314\022`\275S\346\357\234\315m\260\256\001\0028b\031\030\017\200\215a
 445      CB5D 4CCC 
 445      1260 BD53 
 445      E6EF 9CCD 
 445      6DB0 AE01 
 446 00bb 293B C228 		.string	");\302(\303x\230\021\350E\306\243\214\\@R_\206\361\020\220\213d\266\f\324\354\t\215\367\0
 446      C378 9811 
 446      E845 C6A3 
 446      8C5C 4052 
 446      5F86 F110 
 447 0118 3904 4430 		.string	"9\004D022\236d\344b\334\017T\260\017\354\224S\214B0\007\201\224\377\373\271\352\0243\314\
 447      3232 9E64 
 447      E462 DC0F 
 447      54B0 0FEC 
 447      9453 8C42 
 448 016e 0BC6 3199 		.string	"\013\3061\231\265020\236eTc\340u\366t5\26446\214w\016\r\nse/(\312O\317M\315\025),M\314+)\
 448      B530 3230 
 448      9E65 5463 
 448      E075 F674 
 448      35B4 3436 
 449 01c9 0402 B807 		.ascii	"\004\002\270\007"
 450               		.text
 451               		.section	.gnu.lto_.symtab.54aff7f3,"",@progbits
 452 0000 4349 4531 		.string	"CIE1931_CURVE"
 452      3933 315F 
 452      4355 5256 
 452      4500 
 453 000e 00        		.string	""
 454 000f 00        		.string	""
 455 0010 00        		.string	""
 456 0011 00        		.string	""
 457 0012 00        		.string	""
 458 0013 00        		.string	""
 459 0014 00        		.string	""
 460 0015 00        		.string	""
 461 0016 00        		.string	""
 462 0017 00        		.string	""
 463 0018 00        		.string	""
 464 0019 CD00      		.string	"\315"
 465 001b 00        		.string	""
 466 001c 00        		.string	""
 467               		.text
 468               		.section	.gnu.lto_.opts,"",@progbits
 469 0000 272D 666E 		.string	"'-fno-openmp' '-fno-openacc' '-fno-pie' '-mn-flash=1' '-mno-skip-bug' '-mmcu=avr5' '-Os' 
 469      6F2D 6F70 
 469      656E 6D70 
 469      2720 272D 
 469      666E 6F2D 
 470               		.text
 471               		.comm	__gnu_lto_v1,1,1
 472               		.comm	__gnu_lto_slim,1,1
 473               		.ident	"GCC: (GNU) 8.3.0"
DEFINED SYMBOLS
                            *ABS*:00000000 led_tables.c
C:\Users\nonej\Documents\Keyboard\msys64\tmp\ccCFzrsf.s:2      *ABS*:0000003e __SP_H__
C:\Users\nonej\Documents\Keyboard\msys64\tmp\ccCFzrsf.s:3      *ABS*:0000003d __SP_L__
C:\Users\nonej\Documents\Keyboard\msys64\tmp\ccCFzrsf.s:4      *ABS*:0000003f __SREG__
C:\Users\nonej\Documents\Keyboard\msys64\tmp\ccCFzrsf.s:5      *ABS*:00000000 __tmp_reg__
C:\Users\nonej\Documents\Keyboard\msys64\tmp\ccCFzrsf.s:6      *ABS*:00000001 __zero_reg__
C:\Users\nonej\Documents\Keyboard\msys64\tmp\ccCFzrsf.s:14     .gnu.debuglto_.debug_info:00000000 led_tables.c.90dacab0
                            *COM*:00000001 __gnu_lto_v1
                            *COM*:00000001 __gnu_lto_slim

NO UNDEFINED SYMBOLS
