   1               		.file	"outputselect.c"
   2               	__SP_H__ = 0x3e
   3               	__SP_L__ = 0x3d
   4               	__SREG__ = 0x3f
   5               	__tmp_reg__ = 0
   6               	__zero_reg__ = 1
   7               		.text
   8               	.Ltext0:
   9               		.cfi_sections	.debug_frame
  10               		.section	.text.set_output_user,"ax",@progbits
  11               		.weak	set_output_user
  13               	set_output_user:
  14               	.LVL0:
  15               	.LFB103:
  16               		.file 1 "tmk_core/protocol/lufa/outputselect.c"
   1:tmk_core/protocol/lufa/outputselect.c **** /*
   2:tmk_core/protocol/lufa/outputselect.c **** Copyright 2017 Priyadi Iman Nurcahyo
   3:tmk_core/protocol/lufa/outputselect.c **** This program is free software: you can redistribute it and/or modify
   4:tmk_core/protocol/lufa/outputselect.c **** it under the terms of the GNU General Public License as published by
   5:tmk_core/protocol/lufa/outputselect.c **** the Free Software Foundation, either version 2 of the License, or
   6:tmk_core/protocol/lufa/outputselect.c **** (at your option) any later version.
   7:tmk_core/protocol/lufa/outputselect.c **** This program is distributed in the hope that it will be useful,
   8:tmk_core/protocol/lufa/outputselect.c **** but WITHOUT ANY WARRANTY; without even the implied warranty of
   9:tmk_core/protocol/lufa/outputselect.c **** MERCHANTABILITY or FITNESS FOR A PARTICULAR PURPOSE.  See the
  10:tmk_core/protocol/lufa/outputselect.c **** GNU General Public License for more details.
  11:tmk_core/protocol/lufa/outputselect.c **** You should have received a copy of the GNU General Public License
  12:tmk_core/protocol/lufa/outputselect.c **** along with this program.  If not, see <http://www.gnu.org/licenses/>.
  13:tmk_core/protocol/lufa/outputselect.c **** */
  14:tmk_core/protocol/lufa/outputselect.c **** 
  15:tmk_core/protocol/lufa/outputselect.c **** #include "lufa.h"
  16:tmk_core/protocol/lufa/outputselect.c **** #include "outputselect.h"
  17:tmk_core/protocol/lufa/outputselect.c **** #ifdef MODULE_ADAFRUIT_BLE
  18:tmk_core/protocol/lufa/outputselect.c **** #    include "adafruit_ble.h"
  19:tmk_core/protocol/lufa/outputselect.c **** #endif
  20:tmk_core/protocol/lufa/outputselect.c **** 
  21:tmk_core/protocol/lufa/outputselect.c **** uint8_t desired_output = OUTPUT_DEFAULT;
  22:tmk_core/protocol/lufa/outputselect.c **** 
  23:tmk_core/protocol/lufa/outputselect.c **** /** \brief Set Output
  24:tmk_core/protocol/lufa/outputselect.c ****  *
  25:tmk_core/protocol/lufa/outputselect.c ****  * FIXME: Needs doc
  26:tmk_core/protocol/lufa/outputselect.c ****  */
  27:tmk_core/protocol/lufa/outputselect.c **** void set_output(uint8_t output) {
  28:tmk_core/protocol/lufa/outputselect.c ****     set_output_user(output);
  29:tmk_core/protocol/lufa/outputselect.c ****     desired_output = output;
  30:tmk_core/protocol/lufa/outputselect.c **** }
  31:tmk_core/protocol/lufa/outputselect.c **** 
  32:tmk_core/protocol/lufa/outputselect.c **** /** \brief Set Output User
  33:tmk_core/protocol/lufa/outputselect.c ****  *
  34:tmk_core/protocol/lufa/outputselect.c ****  * FIXME: Needs doc
  35:tmk_core/protocol/lufa/outputselect.c ****  */
  36:tmk_core/protocol/lufa/outputselect.c **** __attribute__((weak)) void set_output_user(uint8_t output) {}
  17               		.loc 1 36 60 view -0
  18               		.cfi_startproc
  19               	/* prologue: function */
  20               	/* frame size = 0 */
  21               	/* stack size = 0 */
  22               	.L__stack_usage = 0
  23               		.loc 1 36 61 view .LVU1
  24               	/* epilogue start */
  25               		.loc 1 36 1 is_stmt 0 view .LVU2
  26 0000 0895      		ret
  27               		.cfi_endproc
  28               	.LFE103:
  30               		.section	.text.set_output,"ax",@progbits
  31               	.global	set_output
  33               	set_output:
  34               	.LVL1:
  35               	.LFB102:
  27:tmk_core/protocol/lufa/outputselect.c ****     set_output_user(output);
  36               		.loc 1 27 33 is_stmt 1 view -0
  37               		.cfi_startproc
  27:tmk_core/protocol/lufa/outputselect.c ****     set_output_user(output);
  38               		.loc 1 27 33 is_stmt 0 view .LVU4
  39 0000 CF93      		push r28
  40               	.LCFI0:
  41               		.cfi_def_cfa_offset 3
  42               		.cfi_offset 28, -2
  43               	/* prologue: function */
  44               	/* frame size = 0 */
  45               	/* stack size = 1 */
  46               	.L__stack_usage = 1
  47 0002 C82F      		mov r28,r24
  28:tmk_core/protocol/lufa/outputselect.c ****     desired_output = output;
  48               		.loc 1 28 5 is_stmt 1 view .LVU5
  49 0004 0E94 0000 		call set_output_user
  50               	.LVL2:
  29:tmk_core/protocol/lufa/outputselect.c **** }
  51               		.loc 1 29 5 view .LVU6
  29:tmk_core/protocol/lufa/outputselect.c **** }
  52               		.loc 1 29 20 is_stmt 0 view .LVU7
  53 0008 C093 0000 		sts desired_output,r28
  54               	/* epilogue start */
  30:tmk_core/protocol/lufa/outputselect.c **** 
  55               		.loc 1 30 1 view .LVU8
  56 000c CF91      		pop r28
  57               	.LVL3:
  30:tmk_core/protocol/lufa/outputselect.c **** 
  58               		.loc 1 30 1 view .LVU9
  59 000e 0895      		ret
  60               		.cfi_endproc
  61               	.LFE102:
  63               		.section	.text.auto_detect_output,"ax",@progbits
  64               	.global	auto_detect_output
  66               	auto_detect_output:
  67               	.LFB104:
  37:tmk_core/protocol/lufa/outputselect.c **** 
  38:tmk_core/protocol/lufa/outputselect.c **** /** \brief Auto Detect Output
  39:tmk_core/protocol/lufa/outputselect.c ****  *
  40:tmk_core/protocol/lufa/outputselect.c ****  * FIXME: Needs doc
  41:tmk_core/protocol/lufa/outputselect.c ****  */
  42:tmk_core/protocol/lufa/outputselect.c **** uint8_t auto_detect_output(void) {
  68               		.loc 1 42 34 is_stmt 1 view -0
  69               		.cfi_startproc
  70               	/* prologue: function */
  71               	/* frame size = 0 */
  72               	/* stack size = 0 */
  73               	.L__stack_usage = 0
  43:tmk_core/protocol/lufa/outputselect.c ****     if (USB_DeviceState == DEVICE_STATE_Configured) {
  74               		.loc 1 43 5 view .LVU11
  75               		.loc 1 43 25 is_stmt 0 view .LVU12
  76 0000 8091 0000 		lds r24,USB_DeviceState
  77               		.loc 1 43 8 view .LVU13
  78 0004 8430      		cpi r24,lo8(4)
  79 0006 01F4      		brne .L5
  44:tmk_core/protocol/lufa/outputselect.c ****         return OUTPUT_USB;
  80               		.loc 1 44 16 view .LVU14
  81 0008 82E0      		ldi r24,lo8(2)
  82 000a 0895      		ret
  83               	.L5:
  45:tmk_core/protocol/lufa/outputselect.c ****     }
  46:tmk_core/protocol/lufa/outputselect.c **** 
  47:tmk_core/protocol/lufa/outputselect.c **** #ifdef MODULE_ADAFRUIT_BLE
  48:tmk_core/protocol/lufa/outputselect.c ****     if (adafruit_ble_is_connected()) {
  49:tmk_core/protocol/lufa/outputselect.c ****         return OUTPUT_BLUETOOTH;
  50:tmk_core/protocol/lufa/outputselect.c ****     }
  51:tmk_core/protocol/lufa/outputselect.c **** #endif
  52:tmk_core/protocol/lufa/outputselect.c **** 
  53:tmk_core/protocol/lufa/outputselect.c **** #ifdef BLUETOOTH_ENABLE
  54:tmk_core/protocol/lufa/outputselect.c ****     return OUTPUT_BLUETOOTH;  // should check if BT is connected here
  55:tmk_core/protocol/lufa/outputselect.c **** #endif
  56:tmk_core/protocol/lufa/outputselect.c **** 
  57:tmk_core/protocol/lufa/outputselect.c ****     return OUTPUT_NONE;
  84               		.loc 1 57 12 view .LVU15
  85 000c 81E0      		ldi r24,lo8(1)
  86               	/* epilogue start */
  58:tmk_core/protocol/lufa/outputselect.c **** }
  87               		.loc 1 58 1 view .LVU16
  88 000e 0895      		ret
  89               		.cfi_endproc
  90               	.LFE104:
  92               		.section	.text.where_to_send,"ax",@progbits
  93               	.global	where_to_send
  95               	where_to_send:
  96               	.LFB105:
  59:tmk_core/protocol/lufa/outputselect.c **** 
  60:tmk_core/protocol/lufa/outputselect.c **** /** \brief Where To Send
  61:tmk_core/protocol/lufa/outputselect.c ****  *
  62:tmk_core/protocol/lufa/outputselect.c ****  * FIXME: Needs doc
  63:tmk_core/protocol/lufa/outputselect.c ****  */
  64:tmk_core/protocol/lufa/outputselect.c **** uint8_t where_to_send(void) {
  97               		.loc 1 64 29 is_stmt 1 view -0
  98               		.cfi_startproc
  99               	/* prologue: function */
 100               	/* frame size = 0 */
 101               	/* stack size = 0 */
 102               	.L__stack_usage = 0
  65:tmk_core/protocol/lufa/outputselect.c ****     if (desired_output == OUTPUT_AUTO) {
 103               		.loc 1 65 5 view .LVU18
 104               		.loc 1 65 24 is_stmt 0 view .LVU19
 105 0000 8091 0000 		lds r24,desired_output
 106               		.loc 1 65 8 view .LVU20
 107 0004 8111      		cpse r24,__zero_reg__
 108 0006 00C0      		rjmp .L6
  66:tmk_core/protocol/lufa/outputselect.c ****         return auto_detect_output();
 109               		.loc 1 66 9 is_stmt 1 view .LVU21
 110               		.loc 1 66 16 is_stmt 0 view .LVU22
 111 0008 0C94 0000 		jmp auto_detect_output
 112               	.LVL4:
 113               	.L6:
 114               	/* epilogue start */
  67:tmk_core/protocol/lufa/outputselect.c ****     }
  68:tmk_core/protocol/lufa/outputselect.c ****     return desired_output;
  69:tmk_core/protocol/lufa/outputselect.c **** }
 115               		.loc 1 69 1 view .LVU23
 116 000c 0895      		ret
 117               		.cfi_endproc
 118               	.LFE105:
 120               	.global	desired_output
 121               		.section	.bss.desired_output,"aw",@nobits
 124               	desired_output:
 125 0000 00        		.zero	1
 126               		.text
 127               	.Letext0:
 128               		.file 2 "c:\\users\\nonej\\documents\\keyboard\\msys64\\home\\nonej\\qmk_utils\\avr8-gnu-toolchain
 129               		.file 3 "lib/lufa/LUFA/Drivers/USB/Core/AVR8/../StdRequestType.h"
 130               		.file 4 "lib/lufa/LUFA/Drivers/USB/Core/AVR8/../DeviceStandardReq.h"
 131               		.file 5 "lib/lufa/LUFA/Drivers/USB/Core/USBTask.h"
 132               		.file 6 "lib/lufa/LUFA/Drivers/USB/Core/HostStandardReq.h"
 133               		.file 7 "c:\\users\\nonej\\documents\\keyboard\\msys64\\home\\nonej\\qmk_utils\\avr8-gnu-toolchain
 134               		.file 8 "tmk_core/common/report.h"
 135               		.file 9 "tmk_core/common/host_driver.h"
 136               		.file 10 "tmk_core/common/host.h"
 137               		.file 11 "tmk_core/protocol/lufa/lufa.h"
 138               		.file 12 "lib/lufa/LUFA/Drivers/USB/Core/AVR8/../Device.h"
 139               		.file 13 "tmk_core/protocol/lufa/outputselect.h"
DEFINED SYMBOLS
                            *ABS*:00000000 outputselect.c
C:\Users\nonej\Documents\Keyboard\msys64\tmp\cczKrtxO.s:2      *ABS*:0000003e __SP_H__
C:\Users\nonej\Documents\Keyboard\msys64\tmp\cczKrtxO.s:3      *ABS*:0000003d __SP_L__
C:\Users\nonej\Documents\Keyboard\msys64\tmp\cczKrtxO.s:4      *ABS*:0000003f __SREG__
C:\Users\nonej\Documents\Keyboard\msys64\tmp\cczKrtxO.s:5      *ABS*:00000000 __tmp_reg__
C:\Users\nonej\Documents\Keyboard\msys64\tmp\cczKrtxO.s:6      *ABS*:00000001 __zero_reg__
C:\Users\nonej\Documents\Keyboard\msys64\tmp\cczKrtxO.s:13     .text.set_output_user:00000000 set_output_user
C:\Users\nonej\Documents\Keyboard\msys64\tmp\cczKrtxO.s:33     .text.set_output:00000000 set_output
C:\Users\nonej\Documents\Keyboard\msys64\tmp\cczKrtxO.s:124    .bss.desired_output:00000000 desired_output
C:\Users\nonej\Documents\Keyboard\msys64\tmp\cczKrtxO.s:66     .text.auto_detect_output:00000000 auto_detect_output
C:\Users\nonej\Documents\Keyboard\msys64\tmp\cczKrtxO.s:95     .text.where_to_send:00000000 where_to_send

UNDEFINED SYMBOLS
USB_DeviceState
__do_clear_bss
