   1               		.file	"split_scomm.c"
   2               	__SP_H__ = 0x3e
   3               	__SP_L__ = 0x3d
   4               	__SREG__ = 0x3f
   5               	__tmp_reg__ = 0
   6               	__zero_reg__ = 1
   7               		.file 1 "keyboards/crkbd/rev1/split_scomm.h"
   8               		.file 2 "keyboards/crkbd/serial.h"
   9               		.file 3 "c:\\users\\nonej\\documents\\keyboard\\msys64\\home\\nonej\\qmk_utils\\avr8-gnu-toolchain
  10               		.file 4 "keyboards/crkbd/rev1/split_scomm.c"
  11               		.section	.gnu.debuglto_.debug_info,"",@progbits
  12               	.Ldebug_info0:
  13               		.hidden	split_scomm.c.c720c595
  14               		.weak	split_scomm.c.c720c595
  15               	split_scomm.c.c720c595:
  16 0000 CB01 0000 		.long	0x1cb
  17 0004 0200      		.word	0x2
  18 0006 0000 0000 		.long	.Ldebug_abbrev0
  19 000a 04        		.byte	0x4
  20 000b 01        		.uleb128 0x1
  21 000c 0000 0000 		.long	.LASF26
  22 0010 0C        		.byte	0xc
  23 0011 0000 0000 		.long	.LASF27
  24 0015 0000 0000 		.long	.LASF28
  25 0019 0000 0000 		.long	.Ldebug_line0
  26 001d 02        		.uleb128 0x2
  27 001e 01        		.byte	0x1
  28 001f 06        		.byte	0x6
  29 0020 0000 0000 		.long	.LASF0
  30 0024 03        		.uleb128 0x3
  31 0025 0000 0000 		.long	.LASF15
  32 0029 03        		.byte	0x3
  33 002a 7E        		.byte	0x7e
  34 002b 16        		.byte	0x16
  35 002c 3500 0000 		.long	0x35
  36 0030 04        		.uleb128 0x4
  37 0031 2400 0000 		.long	0x24
  38 0035 02        		.uleb128 0x2
  39 0036 01        		.byte	0x1
  40 0037 08        		.byte	0x8
  41 0038 0000 0000 		.long	.LASF1
  42 003c 05        		.uleb128 0x5
  43 003d 02        		.byte	0x2
  44 003e 05        		.byte	0x5
  45 003f 696E 7400 		.string	"int"
  46 0043 02        		.uleb128 0x2
  47 0044 02        		.byte	0x2
  48 0045 07        		.byte	0x7
  49 0046 0000 0000 		.long	.LASF2
  50 004a 02        		.uleb128 0x2
  51 004b 04        		.byte	0x4
  52 004c 05        		.byte	0x5
  53 004d 0000 0000 		.long	.LASF3
  54 0051 02        		.uleb128 0x2
  55 0052 04        		.byte	0x4
  56 0053 07        		.byte	0x7
  57 0054 0000 0000 		.long	.LASF4
  58 0058 02        		.uleb128 0x2
  59 0059 08        		.byte	0x8
  60 005a 05        		.byte	0x5
  61 005b 0000 0000 		.long	.LASF5
  62 005f 02        		.uleb128 0x2
  63 0060 08        		.byte	0x8
  64 0061 07        		.byte	0x7
  65 0062 0000 0000 		.long	.LASF6
  66 0066 06        		.uleb128 0x6
  67 0067 3000 0000 		.long	0x30
  68 006b 7600 0000 		.long	0x76
  69 006f 07        		.uleb128 0x7
  70 0070 4300 0000 		.long	0x43
  71 0074 03        		.byte	0x3
  72 0075 00        		.byte	0
  73 0076 04        		.uleb128 0x4
  74 0077 6600 0000 		.long	0x66
  75 007b 08        		.uleb128 0x8
  76 007c 0000 0000 		.long	.LASF7
  77 0080 01        		.byte	0x1
  78 0081 0E        		.byte	0xe
  79 0082 19        		.byte	0x19
  80 0083 7600 0000 		.long	0x76
  81 0087 01        		.byte	0x1
  82 0088 01        		.byte	0x1
  83 0089 08        		.uleb128 0x8
  84 008a 0000 0000 		.long	.LASF8
  85 008e 01        		.byte	0x1
  86 008f 0F        		.byte	0xf
  87 0090 19        		.byte	0x19
  88 0091 7600 0000 		.long	0x76
  89 0095 01        		.byte	0x1
  90 0096 01        		.byte	0x1
  91 0097 08        		.uleb128 0x8
  92 0098 0000 0000 		.long	.LASF9
  93 009c 01        		.byte	0x1
  94 009d 10        		.byte	0x10
  95 009e 10        		.byte	0x10
  96 009f 2400 0000 		.long	0x24
  97 00a3 01        		.byte	0x1
  98 00a4 01        		.byte	0x1
  99 00a5 09        		.uleb128 0x9
 100 00a6 0000 0000 		.long	.LASF29
 101 00aa 08        		.byte	0x8
 102 00ab 02        		.byte	0x2
 103 00ac 2D        		.byte	0x2d
 104 00ad 10        		.byte	0x10
 105 00ae FE00 0000 		.long	0xfe
 106 00b2 0A        		.uleb128 0xa
 107 00b3 0000 0000 		.long	.LASF10
 108 00b7 02        		.byte	0x2
 109 00b8 2E        		.byte	0x2e
 110 00b9 0E        		.byte	0xe
 111 00ba FE00 0000 		.long	0xfe
 112 00be 02        		.byte	0x2
 113 00bf 23        		.byte	0x23
 114 00c0 00        		.uleb128 0
 115 00c1 0A        		.uleb128 0xa
 116 00c2 0000 0000 		.long	.LASF11
 117 00c6 02        		.byte	0x2
 118 00c7 2F        		.byte	0x2f
 119 00c8 0D        		.byte	0xd
 120 00c9 2400 0000 		.long	0x24
 121 00cd 02        		.byte	0x2
 122 00ce 23        		.byte	0x23
 123 00cf 02        		.uleb128 0x2
 124 00d0 0A        		.uleb128 0xa
 125 00d1 0000 0000 		.long	.LASF12
 126 00d5 02        		.byte	0x2
 127 00d6 30        		.byte	0x30
 128 00d7 0E        		.byte	0xe
 129 00d8 FE00 0000 		.long	0xfe
 130 00dc 02        		.byte	0x2
 131 00dd 23        		.byte	0x23
 132 00de 03        		.uleb128 0x3
 133 00df 0A        		.uleb128 0xa
 134 00e0 0000 0000 		.long	.LASF13
 135 00e4 02        		.byte	0x2
 136 00e5 31        		.byte	0x31
 137 00e6 0D        		.byte	0xd
 138 00e7 2400 0000 		.long	0x24
 139 00eb 02        		.byte	0x2
 140 00ec 23        		.byte	0x23
 141 00ed 05        		.uleb128 0x5
 142 00ee 0A        		.uleb128 0xa
 143 00ef 0000 0000 		.long	.LASF14
 144 00f3 02        		.byte	0x2
 145 00f4 32        		.byte	0x32
 146 00f5 0E        		.byte	0xe
 147 00f6 FE00 0000 		.long	0xfe
 148 00fa 02        		.byte	0x2
 149 00fb 23        		.byte	0x23
 150 00fc 06        		.uleb128 0x6
 151 00fd 00        		.byte	0
 152 00fe 0B        		.uleb128 0xb
 153 00ff 02        		.byte	0x2
 154 0100 2400 0000 		.long	0x24
 155 0104 03        		.uleb128 0x3
 156 0105 0000 0000 		.long	.LASF16
 157 0109 02        		.byte	0x2
 158 010a 33        		.byte	0x33
 159 010b 03        		.byte	0x3
 160 010c A500 0000 		.long	0xa5
 161 0110 0C        		.uleb128 0xc
 162 0111 7B00 0000 		.long	0x7b
 163 0115 04        		.byte	0x4
 164 0116 12        		.byte	0x12
 165 0117 0C        		.uleb128 0xc
 166 0118 8900 0000 		.long	0x89
 167 011c 04        		.byte	0x4
 168 011d 12        		.byte	0x12
 169 011e 0D        		.uleb128 0xd
 170 011f 0000 0000 		.long	.LASF17
 171 0123 04        		.byte	0x4
 172 0124 10        		.byte	0x10
 173 0125 12        		.byte	0x12
 174 0126 3000 0000 		.long	0x30
 175 012a 01        		.byte	0x1
 176 012b 0D        		.uleb128 0xd
 177 012c 0000 0000 		.long	.LASF18
 178 0130 04        		.byte	0x4
 179 0131 11        		.byte	0x11
 180 0132 12        		.byte	0x12
 181 0133 3000 0000 		.long	0x30
 182 0137 01        		.byte	0x1
 183 0138 0E        		.uleb128 0xe
 184 0139 9700 0000 		.long	0x97
 185 013d 04        		.byte	0x4
 186 013e 12        		.byte	0x12
 187 013f 09        		.byte	0x9
 188 0140 0D        		.uleb128 0xd
 189 0141 0000 0000 		.long	.LASF19
 190 0145 04        		.byte	0x4
 191 0146 13        		.byte	0x13
 192 0147 09        		.byte	0x9
 193 0148 2400 0000 		.long	0x24
 194 014c 01        		.byte	0x1
 195 014d 0D        		.uleb128 0xd
 196 014e 0000 0000 		.long	.LASF20
 197 0152 04        		.byte	0x4
 198 0153 14        		.byte	0x14
 199 0154 09        		.byte	0x9
 200 0155 2400 0000 		.long	0x24
 201 0159 01        		.byte	0x1
 202 015a 06        		.uleb128 0x6
 203 015b 0401 0000 		.long	0x104
 204 015f 6A01 0000 		.long	0x16a
 205 0163 07        		.uleb128 0x7
 206 0164 4300 0000 		.long	0x43
 207 0168 02        		.byte	0x2
 208 0169 00        		.byte	0
 209 016a 0D        		.uleb128 0xd
 210 016b 0000 0000 		.long	.LASF21
 211 016f 04        		.byte	0x4
 212 0170 16        		.byte	0x16
 213 0171 08        		.byte	0x8
 214 0172 5A01 0000 		.long	0x15a
 215 0176 01        		.byte	0x1
 216 0177 0F        		.uleb128 0xf
 217 0178 01        		.byte	0x1
 218 0179 0000 0000 		.long	.LASF30
 219 017d 04        		.byte	0x4
 220 017e 38        		.byte	0x38
 221 017f 05        		.byte	0x5
 222 0180 01        		.byte	0x1
 223 0181 3C00 0000 		.long	0x3c
 224 0185 BA01 0000 		.long	0x1ba
 225 0189 10        		.uleb128 0x10
 226 018a 0000 0000 		.long	.LASF31
 227 018e 04        		.byte	0x4
 228 018f 38        		.byte	0x38
 229 0190 1F        		.byte	0x1f
 230 0191 3C00 0000 		.long	0x3c
 231 0195 11        		.uleb128 0x11
 232 0196 0000 0000 		.long	.LASF10
 233 019a 04        		.byte	0x4
 234 019b 3A        		.byte	0x3a
 235 019c 09        		.byte	0x9
 236 019d 3C00 0000 		.long	0x3c
 237 01a1 11        		.uleb128 0x11
 238 01a2 0000 0000 		.long	.LASF22
 239 01a6 04        		.byte	0x4
 240 01a7 3A        		.byte	0x3a
 241 01a8 11        		.byte	0x11
 242 01a9 3C00 0000 		.long	0x3c
 243 01ad 11        		.uleb128 0x11
 244 01ae 0000 0000 		.long	.LASF23
 245 01b2 04        		.byte	0x4
 246 01b3 3B        		.byte	0x3b
 247 01b4 10        		.byte	0x10
 248 01b5 3C00 0000 		.long	0x3c
 249 01b9 00        		.byte	0
 250 01ba 12        		.uleb128 0x12
 251 01bb 01        		.byte	0x1
 252 01bc 0000 0000 		.long	.LASF24
 253 01c0 04        		.byte	0x4
 254 01c1 30        		.byte	0x30
 255 01c2 06        		.byte	0x6
 256 01c3 01        		.byte	0x1
 257 01c4 12        		.uleb128 0x12
 258 01c5 01        		.byte	0x1
 259 01c6 0000 0000 		.long	.LASF25
 260 01ca 04        		.byte	0x4
 261 01cb 2B        		.byte	0x2b
 262 01cc 06        		.byte	0x6
 263 01cd 01        		.byte	0x1
 264 01ce 00        		.byte	0
 265               		.section	.gnu.debuglto_.debug_abbrev,"",@progbits
 266               	.Ldebug_abbrev0:
 267 0000 01        		.uleb128 0x1
 268 0001 11        		.uleb128 0x11
 269 0002 01        		.byte	0x1
 270 0003 25        		.uleb128 0x25
 271 0004 0E        		.uleb128 0xe
 272 0005 13        		.uleb128 0x13
 273 0006 0B        		.uleb128 0xb
 274 0007 03        		.uleb128 0x3
 275 0008 0E        		.uleb128 0xe
 276 0009 1B        		.uleb128 0x1b
 277 000a 0E        		.uleb128 0xe
 278 000b 10        		.uleb128 0x10
 279 000c 06        		.uleb128 0x6
 280 000d 00        		.byte	0
 281 000e 00        		.byte	0
 282 000f 02        		.uleb128 0x2
 283 0010 24        		.uleb128 0x24
 284 0011 00        		.byte	0
 285 0012 0B        		.uleb128 0xb
 286 0013 0B        		.uleb128 0xb
 287 0014 3E        		.uleb128 0x3e
 288 0015 0B        		.uleb128 0xb
 289 0016 03        		.uleb128 0x3
 290 0017 0E        		.uleb128 0xe
 291 0018 00        		.byte	0
 292 0019 00        		.byte	0
 293 001a 03        		.uleb128 0x3
 294 001b 16        		.uleb128 0x16
 295 001c 00        		.byte	0
 296 001d 03        		.uleb128 0x3
 297 001e 0E        		.uleb128 0xe
 298 001f 3A        		.uleb128 0x3a
 299 0020 0B        		.uleb128 0xb
 300 0021 3B        		.uleb128 0x3b
 301 0022 0B        		.uleb128 0xb
 302 0023 39        		.uleb128 0x39
 303 0024 0B        		.uleb128 0xb
 304 0025 49        		.uleb128 0x49
 305 0026 13        		.uleb128 0x13
 306 0027 00        		.byte	0
 307 0028 00        		.byte	0
 308 0029 04        		.uleb128 0x4
 309 002a 35        		.uleb128 0x35
 310 002b 00        		.byte	0
 311 002c 49        		.uleb128 0x49
 312 002d 13        		.uleb128 0x13
 313 002e 00        		.byte	0
 314 002f 00        		.byte	0
 315 0030 05        		.uleb128 0x5
 316 0031 24        		.uleb128 0x24
 317 0032 00        		.byte	0
 318 0033 0B        		.uleb128 0xb
 319 0034 0B        		.uleb128 0xb
 320 0035 3E        		.uleb128 0x3e
 321 0036 0B        		.uleb128 0xb
 322 0037 03        		.uleb128 0x3
 323 0038 08        		.uleb128 0x8
 324 0039 00        		.byte	0
 325 003a 00        		.byte	0
 326 003b 06        		.uleb128 0x6
 327 003c 01        		.uleb128 0x1
 328 003d 01        		.byte	0x1
 329 003e 49        		.uleb128 0x49
 330 003f 13        		.uleb128 0x13
 331 0040 01        		.uleb128 0x1
 332 0041 13        		.uleb128 0x13
 333 0042 00        		.byte	0
 334 0043 00        		.byte	0
 335 0044 07        		.uleb128 0x7
 336 0045 21        		.uleb128 0x21
 337 0046 00        		.byte	0
 338 0047 49        		.uleb128 0x49
 339 0048 13        		.uleb128 0x13
 340 0049 2F        		.uleb128 0x2f
 341 004a 0B        		.uleb128 0xb
 342 004b 00        		.byte	0
 343 004c 00        		.byte	0
 344 004d 08        		.uleb128 0x8
 345 004e 34        		.uleb128 0x34
 346 004f 00        		.byte	0
 347 0050 03        		.uleb128 0x3
 348 0051 0E        		.uleb128 0xe
 349 0052 3A        		.uleb128 0x3a
 350 0053 0B        		.uleb128 0xb
 351 0054 3B        		.uleb128 0x3b
 352 0055 0B        		.uleb128 0xb
 353 0056 39        		.uleb128 0x39
 354 0057 0B        		.uleb128 0xb
 355 0058 49        		.uleb128 0x49
 356 0059 13        		.uleb128 0x13
 357 005a 3F        		.uleb128 0x3f
 358 005b 0C        		.uleb128 0xc
 359 005c 3C        		.uleb128 0x3c
 360 005d 0C        		.uleb128 0xc
 361 005e 00        		.byte	0
 362 005f 00        		.byte	0
 363 0060 09        		.uleb128 0x9
 364 0061 13        		.uleb128 0x13
 365 0062 01        		.byte	0x1
 366 0063 03        		.uleb128 0x3
 367 0064 0E        		.uleb128 0xe
 368 0065 0B        		.uleb128 0xb
 369 0066 0B        		.uleb128 0xb
 370 0067 3A        		.uleb128 0x3a
 371 0068 0B        		.uleb128 0xb
 372 0069 3B        		.uleb128 0x3b
 373 006a 0B        		.uleb128 0xb
 374 006b 39        		.uleb128 0x39
 375 006c 0B        		.uleb128 0xb
 376 006d 01        		.uleb128 0x1
 377 006e 13        		.uleb128 0x13
 378 006f 00        		.byte	0
 379 0070 00        		.byte	0
 380 0071 0A        		.uleb128 0xa
 381 0072 0D        		.uleb128 0xd
 382 0073 00        		.byte	0
 383 0074 03        		.uleb128 0x3
 384 0075 0E        		.uleb128 0xe
 385 0076 3A        		.uleb128 0x3a
 386 0077 0B        		.uleb128 0xb
 387 0078 3B        		.uleb128 0x3b
 388 0079 0B        		.uleb128 0xb
 389 007a 39        		.uleb128 0x39
 390 007b 0B        		.uleb128 0xb
 391 007c 49        		.uleb128 0x49
 392 007d 13        		.uleb128 0x13
 393 007e 38        		.uleb128 0x38
 394 007f 0A        		.uleb128 0xa
 395 0080 00        		.byte	0
 396 0081 00        		.byte	0
 397 0082 0B        		.uleb128 0xb
 398 0083 0F        		.uleb128 0xf
 399 0084 00        		.byte	0
 400 0085 0B        		.uleb128 0xb
 401 0086 0B        		.uleb128 0xb
 402 0087 49        		.uleb128 0x49
 403 0088 13        		.uleb128 0x13
 404 0089 00        		.byte	0
 405 008a 00        		.byte	0
 406 008b 0C        		.uleb128 0xc
 407 008c 34        		.uleb128 0x34
 408 008d 00        		.byte	0
 409 008e 47        		.uleb128 0x47
 410 008f 13        		.uleb128 0x13
 411 0090 3A        		.uleb128 0x3a
 412 0091 0B        		.uleb128 0xb
 413 0092 39        		.uleb128 0x39
 414 0093 0B        		.uleb128 0xb
 415 0094 00        		.byte	0
 416 0095 00        		.byte	0
 417 0096 0D        		.uleb128 0xd
 418 0097 34        		.uleb128 0x34
 419 0098 00        		.byte	0
 420 0099 03        		.uleb128 0x3
 421 009a 0E        		.uleb128 0xe
 422 009b 3A        		.uleb128 0x3a
 423 009c 0B        		.uleb128 0xb
 424 009d 3B        		.uleb128 0x3b
 425 009e 0B        		.uleb128 0xb
 426 009f 39        		.uleb128 0x39
 427 00a0 0B        		.uleb128 0xb
 428 00a1 49        		.uleb128 0x49
 429 00a2 13        		.uleb128 0x13
 430 00a3 3F        		.uleb128 0x3f
 431 00a4 0C        		.uleb128 0xc
 432 00a5 00        		.byte	0
 433 00a6 00        		.byte	0
 434 00a7 0E        		.uleb128 0xe
 435 00a8 34        		.uleb128 0x34
 436 00a9 00        		.byte	0
 437 00aa 47        		.uleb128 0x47
 438 00ab 13        		.uleb128 0x13
 439 00ac 3A        		.uleb128 0x3a
 440 00ad 0B        		.uleb128 0xb
 441 00ae 3B        		.uleb128 0x3b
 442 00af 0B        		.uleb128 0xb
 443 00b0 39        		.uleb128 0x39
 444 00b1 0B        		.uleb128 0xb
 445 00b2 00        		.byte	0
 446 00b3 00        		.byte	0
 447 00b4 0F        		.uleb128 0xf
 448 00b5 2E        		.uleb128 0x2e
 449 00b6 01        		.byte	0x1
 450 00b7 3F        		.uleb128 0x3f
 451 00b8 0C        		.uleb128 0xc
 452 00b9 03        		.uleb128 0x3
 453 00ba 0E        		.uleb128 0xe
 454 00bb 3A        		.uleb128 0x3a
 455 00bc 0B        		.uleb128 0xb
 456 00bd 3B        		.uleb128 0x3b
 457 00be 0B        		.uleb128 0xb
 458 00bf 39        		.uleb128 0x39
 459 00c0 0B        		.uleb128 0xb
 460 00c1 27        		.uleb128 0x27
 461 00c2 0C        		.uleb128 0xc
 462 00c3 49        		.uleb128 0x49
 463 00c4 13        		.uleb128 0x13
 464 00c5 01        		.uleb128 0x1
 465 00c6 13        		.uleb128 0x13
 466 00c7 00        		.byte	0
 467 00c8 00        		.byte	0
 468 00c9 10        		.uleb128 0x10
 469 00ca 05        		.uleb128 0x5
 470 00cb 00        		.byte	0
 471 00cc 03        		.uleb128 0x3
 472 00cd 0E        		.uleb128 0xe
 473 00ce 3A        		.uleb128 0x3a
 474 00cf 0B        		.uleb128 0xb
 475 00d0 3B        		.uleb128 0x3b
 476 00d1 0B        		.uleb128 0xb
 477 00d2 39        		.uleb128 0x39
 478 00d3 0B        		.uleb128 0xb
 479 00d4 49        		.uleb128 0x49
 480 00d5 13        		.uleb128 0x13
 481 00d6 00        		.byte	0
 482 00d7 00        		.byte	0
 483 00d8 11        		.uleb128 0x11
 484 00d9 34        		.uleb128 0x34
 485 00da 00        		.byte	0
 486 00db 03        		.uleb128 0x3
 487 00dc 0E        		.uleb128 0xe
 488 00dd 3A        		.uleb128 0x3a
 489 00de 0B        		.uleb128 0xb
 490 00df 3B        		.uleb128 0x3b
 491 00e0 0B        		.uleb128 0xb
 492 00e1 39        		.uleb128 0x39
 493 00e2 0B        		.uleb128 0xb
 494 00e3 49        		.uleb128 0x49
 495 00e4 13        		.uleb128 0x13
 496 00e5 00        		.byte	0
 497 00e6 00        		.byte	0
 498 00e7 12        		.uleb128 0x12
 499 00e8 2E        		.uleb128 0x2e
 500 00e9 00        		.byte	0
 501 00ea 3F        		.uleb128 0x3f
 502 00eb 0C        		.uleb128 0xc
 503 00ec 03        		.uleb128 0x3
 504 00ed 0E        		.uleb128 0xe
 505 00ee 3A        		.uleb128 0x3a
 506 00ef 0B        		.uleb128 0xb
 507 00f0 3B        		.uleb128 0x3b
 508 00f1 0B        		.uleb128 0xb
 509 00f2 39        		.uleb128 0x39
 510 00f3 0B        		.uleb128 0xb
 511 00f4 27        		.uleb128 0x27
 512 00f5 0C        		.uleb128 0xc
 513 00f6 00        		.byte	0
 514 00f7 00        		.byte	0
 515 00f8 00        		.byte	0
 516               		.section	.gnu.debuglto_.debug_line,"",@progbits
 517               	.Ldebug_line0:
 518 0000 DF00 0000 		.long	.LELT0-.LSLT0
 519               	.LSLT0:
 520 0004 0200      		.word	0x2
 521 0006 D900 0000 		.long	.LELTP0-.LASLTP0
 522               	.LASLTP0:
 523 000a 01        		.byte	0x1
 524 000b 01        		.byte	0x1
 525 000c F6        		.byte	0xf6
 526 000d F2        		.byte	0xf2
 527 000e 0D        		.byte	0xd
 528 000f 00        		.byte	0
 529 0010 01        		.byte	0x1
 530 0011 01        		.byte	0x1
 531 0012 01        		.byte	0x1
 532 0013 01        		.byte	0x1
 533 0014 00        		.byte	0
 534 0015 00        		.byte	0
 535 0016 00        		.byte	0
 536 0017 01        		.byte	0x1
 537 0018 00        		.byte	0
 538 0019 00        		.byte	0
 539 001a 01        		.byte	0x1
 540 001b 633A 5C75 		.ascii	"c:\\users\\nonej\\documents\\keyboard\\msys64\\home\\nonej\\"
 540      7365 7273 
 540      5C6E 6F6E 
 540      656A 5C64 
 540      6F63 756D 
 541 004f 716D 6B5F 		.ascii	"qmk_utils\\avr8-gnu-toolchain\\avr\\include"
 541      7574 696C 
 541      735C 6176 
 541      7238 2D67 
 541      6E75 2D74 
 542 0077 00        		.byte	0
 543 0078 6B65 7962 		.ascii	"keyboards/crkbd"
 543      6F61 7264 
 543      732F 6372 
 543      6B62 64
 544 0087 00        		.byte	0
 545 0088 6B65 7962 		.ascii	"keyboards/crkbd/rev1"
 545      6F61 7264 
 545      732F 6372 
 545      6B62 642F 
 545      7265 7631 
 546 009c 00        		.byte	0
 547 009d 00        		.byte	0
 548 009e 7265 7631 		.string	"rev1/split_scomm.h"
 548      2F73 706C 
 548      6974 5F73 
 548      636F 6D6D 
 548      2E68 00
 549 00b1 02        		.uleb128 0x2
 550 00b2 00        		.uleb128 0
 551 00b3 00        		.uleb128 0
 552 00b4 7365 7269 		.string	"serial.h"
 552      616C 2E68 
 552      00
 553 00bd 02        		.uleb128 0x2
 554 00be 00        		.uleb128 0
 555 00bf 00        		.uleb128 0
 556 00c0 7374 6469 		.string	"stdint.h"
 556      6E74 2E68 
 556      00
 557 00c9 01        		.uleb128 0x1
 558 00ca 00        		.uleb128 0
 559 00cb 00        		.uleb128 0
 560 00cc 7265 7631 		.string	"rev1/split_scomm.c"
 560      2F73 706C 
 560      6974 5F73 
 560      636F 6D6D 
 560      2E63 00
 561 00df 02        		.uleb128 0x2
 562 00e0 00        		.uleb128 0
 563 00e1 00        		.uleb128 0
 564 00e2 00        		.byte	0
 565               	.LELTP0:
 566               	.LELT0:
 567               		.section	.gnu.debuglto_.debug_str,"MS",@progbits,1
 568               	.LASF31:
 569 0000 6D61 7374 		.string	"master_update"
 569      6572 5F75 
 569      7064 6174 
 569      6500 
 570               	.LASF16:
 571 000e 5353 5444 		.string	"SSTD_t"
 571      5F74 00
 572               	.LASF13:
 573 0015 7461 7267 		.string	"target2initiator_buffer_size"
 573      6574 3269 
 573      6E69 7469 
 573      6174 6F72 
 573      5F62 7566 
 574               	.LASF12:
 575 0032 696E 6974 		.string	"initiator2target_buffer"
 575      6961 746F 
 575      7232 7461 
 575      7267 6574 
 575      5F62 7566 
 576               	.LASF14:
 577 004a 7461 7267 		.string	"target2initiator_buffer"
 577      6574 3269 
 577      6E69 7469 
 577      6174 6F72 
 577      5F62 7566 
 578               	.LASF17:
 579 0062 7374 6174 		.string	"status_com"
 579      7573 5F63 
 579      6F6D 00
 580               	.LASF10:
 581 006d 7374 6174 		.string	"status"
 581      7573 00
 582               	.LASF1:
 583 0074 756E 7369 		.string	"unsigned char"
 583      676E 6564 
 583      2063 6861 
 583      7200 
 584               	.LASF4:
 585 0082 6C6F 6E67 		.string	"long unsigned int"
 585      2075 6E73 
 585      6967 6E65 
 585      6420 696E 
 585      7400 
 586               	.LASF28:
 587 0094 433A 5C55 		.string	"C:\\Users\\nonej\\Documents\\Keyboard\\msys64\\home\\nonej\\qmk_firmware"
 587      7365 7273 
 587      5C6E 6F6E 
 587      656A 5C44 
 587      6F63 756D 
 588               	.LASF19:
 589 00d5 735F 6368 		.string	"s_change_old"
 589      616E 6765 
 589      5F6F 6C64 
 589      00
 590               	.LASF11:
 591 00e2 696E 6974 		.string	"initiator2target_buffer_size"
 591      6961 746F 
 591      7232 7461 
 591      7267 6574 
 591      5F62 7566 
 592               	.LASF29:
 593 00ff 5F53 5354 		.string	"_SSTD_t"
 593      445F 7400 
 594               	.LASF20:
 595 0107 735F 6368 		.string	"s_change_new"
 595      616E 6765 
 595      5F6E 6577 
 595      00
 596               	.LASF9:
 597 0114 736C 6176 		.string	"slave_buffer_change_count"
 597      655F 6275 
 597      6666 6572 
 597      5F63 6861 
 597      6E67 655F 
 598               	.LASF27:
 599 012e 6B65 7962 		.string	"keyboards/crkbd/rev1/split_scomm.c"
 599      6F61 7264 
 599      732F 6372 
 599      6B62 642F 
 599      7265 7631 
 600               	.LASF2:
 601 0151 756E 7369 		.string	"unsigned int"
 601      676E 6564 
 601      2069 6E74 
 601      00
 602               	.LASF30:
 603 015e 7365 7269 		.string	"serial_update_buffers"
 603      616C 5F75 
 603      7064 6174 
 603      655F 6275 
 603      6666 6572 
 604               	.LASF6:
 605 0174 6C6F 6E67 		.string	"long long unsigned int"
 605      206C 6F6E 
 605      6720 756E 
 605      7369 676E 
 605      6564 2069 
 606               	.LASF15:
 607 018b 7569 6E74 		.string	"uint8_t"
 607      385F 7400 
 608               	.LASF23:
 609 0193 6E65 6564 		.string	"need_retry"
 609      5F72 6574 
 609      7279 00
 610               	.LASF22:
 611 019e 736D 6174 		.string	"smatstatus"
 611      7374 6174 
 611      7573 00
 612               	.LASF24:
 613 01a9 7365 7269 		.string	"serial_slave_init"
 613      616C 5F73 
 613      6C61 7665 
 613      5F69 6E69 
 613      7400 
 614               	.LASF5:
 615 01bb 6C6F 6E67 		.string	"long long int"
 615      206C 6F6E 
 615      6720 696E 
 615      7400 
 616               	.LASF25:
 617 01c9 7365 7269 		.string	"serial_master_init"
 617      616C 5F6D 
 617      6173 7465 
 617      725F 696E 
 617      6974 00
 618               	.LASF21:
 619 01dc 7472 616E 		.string	"transactions"
 619      7361 6374 
 619      696F 6E73 
 619      00
 620               	.LASF7:
 621 01e9 7365 7269 		.string	"serial_slave_buffer"
 621      616C 5F73 
 621      6C61 7665 
 621      5F62 7566 
 621      6665 7200 
 622               	.LASF3:
 623 01fd 6C6F 6E67 		.string	"long int"
 623      2069 6E74 
 623      00
 624               	.LASF26:
 625 0206 474E 5520 		.string	"GNU C99 8.3.0 -mn-flash=1 -mno-skip-bug -mmcu=avr5 -gdwarf-2 -Os -std=gnu99 -funsigned-ch
 625      4339 3920 
 625      382E 332E 
 625      3020 2D6D 
 625      6E2D 666C 
 626               	.LASF0:
 627 02ee 7369 676E 		.string	"signed char"
 627      6564 2063 
 627      6861 7200 
 628               	.LASF18:
 629 02fa 7374 6174 		.string	"status1"
 629      7573 3100 
 630               	.LASF8:
 631 0302 7365 7269 		.string	"serial_master_buffer"
 631      616C 5F6D 
 631      6173 7465 
 631      725F 6275 
 631      6666 6572 
 632               		.text
 633               		.section	.gnu.lto_.profile.54afc5b5,"",@progbits
 634 0000 789C 6367 		.string	"x\234cg`\004B "
 634      6004 4220 
 634      00
 635 0009 00        		.string	""
 636 000a 00        		.string	""
 637 000b 5400      		.string	"T"
 638 000d 0A        		.ascii	"\n"
 639               		.text
 640               		.section	.gnu.lto_.icf.54afc5b5,"",@progbits
 641 0000 789C 6367 		.string	"x\234cg`d0b@"
 641      6064 3062 
 641      4000 
 642 000a 0E86 690B 		.string	"\016\206i\013\216\265q3n\332~p\032;\023\230\315\274|{\377\006F\226\3569m7XY\301$\333\246\
 642      8EB5 7133 
 642      6EDA 7E70 
 642      1A3B 1398 
 642      CDBC 7C7B 
 643 0039 2935 160F 		.ascii	")5\026\017"
 644               		.text
 645               		.section	.gnu.lto_.jmpfuncs.54afc5b5,"",@progbits
 646 0000 789C 6367 		.string	"x\234cg`dx\310\200"
 646      6064 78C8 
 646      8000 
 647 000a CC40 CCC2 		.string	"\314@\314\3028\221\231q\356\2123\3779[\030\233\0329f23\314\005\t3\356flad`<\300\310\310"
 647      3891 9971 
 647      EE8A 33FF 
 647      395B 189B 
 647      1A39 6632 
 648 002e C4FF FF33 		.string	"\304\377\377332\001\3255\366OX\313\337\301\fT\004\224\333\303(\003\306\214:2`\205\314 \30
 648      3332 01D5 
 648      35F6 4F58 
 648      CBDF C10C 
 648      5404 94DB 
 649 0084 AEC4 2E83 		.ascii	"\256\304.\203"
 650               		.text
 651               		.section	.gnu.lto_.inline.54afc5b5,"",@progbits
 652 0000 789C 6367 		.string	"x\234cg`d\330\311\200"
 652      6064 D8C9 
 652      8000 
 653 000a CC0C 0C6C 		.string	"\314\f\fl\377\201\200-\225\221\201\211\201\241\261\241\241\241\016(\004\244\032X\222\231@
 653      FF81 802D 
 653      9591 8189 
 653      81A1 B1A1 
 653      A1A1 0E28 
 654 0057 1164 4B66 		.string	"\021dKfa`\201\033\311\b\246X\2404\220b"
 654      6160 811B 
 654      C908 A658 
 654      A034 9062 
 654      00
 655 0068 00        		.string	""
 656 0069 970B 239E 		.ascii	"\227\013#\236"
 657               		.text
 658               		.section	.gnu.lto_.pureconst.54afc5b5,"",@progbits
 659 0000 789C 6367 		.string	"x\234cg`d\340b```f\230\301\3024\203\205y\006\013"
 659      6064 E062 
 659      6060 6066 
 659      98C1 C234 
 659      8385 7906 
 660 0016 0A77 01EF 		.ascii	"\nw\001\357"
 661               		.text
 662               		.section	.gnu.lto_serial_master_init.54afc5b5,"",@progbits
 663 0000 789C 5D4E 		.ascii	"x\234]NMKBQ\024<s\357KM\260V\021\201A\021m$\222\376A\377$\362"
 663      4D4B 4251 
 663      143C 73EF 
 663      4B4D B056 
 663      1181 4111 
 664 001c 6311 26C6 		.ascii	"c\021&\3063\202V\336gZ\266\252\220\210g\tb\b\217@\242Em\372\272"
 664      3382 56DE 
 664      675A B6AA 
 664      9088 6709 
 664      6208 8F40 
 665 0035 6DA3 553F 		.ascii	"m\243U?!*(Z\026.\n\355\334g\253\016\034\030\316\314\231\231 "
 665      212A 285A 
 665      162E 0AED 
 665      DC67 AB0E 
 665      1C18 CECC 
 666 004c 8126 4134 		.ascii	"\201&A4MD\343\274\220\004\241\224\232\017:!\001\030d\251\020"
 666      4D44 E3BC 
 666      9004 A194 
 666      9A0F 3A21 
 666      0118 64A9 
 667 0061 A820 50C0 		.ascii	"\250 P\300\266\334\223\370\354\034\276Db\0363J\037\\\214)O\303"
 667      B6DC 93F8 
 667      EC1C BE44 
 667      621E 334A 
 667      1F5C 8C29 
 668 0077 9544 55DE 		.ascii	"\225DU\336\376\340\0221\"V>\235u\367#\001\353\217\302\025\002"
 668      FEE0 1231 
 668      2256 3E9D 
 668      75F7 2301 
 668      EB8F C215 
 669 008c 1C46 74FA 		.ascii	"\034Ft\3728\240U\267\267\245\364\353\310\375(seIEv\263\2404m"
 669      38A0 55B7 
 669      B7A5 F4EB 
 669      C8FD 2873 
 669      6549 4576 
 670 00a4 4AE1 F878 		.ascii	"J\341\370xC\3233T\263\023\363\377\336Q\236\360\001\333\326\275"
 670      43D3 3354 
 670      B313 F3FF 
 670      DE51 9EF0 
 670      01DB D6BD 
 671 00b8 87DE 6009 		.ascii	"\207\336`\tE'\344JT%[\342\032%\030\312\331\331m\017W\244+\005"
 671      4527 E44A 
 671      5425 5BE2 
 671      1A25 18CA 
 671      D9D9 6D0F 
 672 00d0 FE2B 45DD 		.ascii	"\376+E\335\264\340\343\317\311\371Q\270\205cn-q\313\217\270A"
 672      B4E0 E3CF 
 672      C9F9 51B8 
 672      8563 6E2D 
 672      71CB 8FB8 
 673 00e5 D467 6AED 		.ascii	"\324gj\355\267\257!#\257(\325h\n\343\242\321B\277\370\235Q\316"
 673      B7AF 2123 
 673      AF28 D568 
 673      0AE3 A2D1 
 673      42BF F89D 
 674 00fb 445D 69D1 		.ascii	"D]i\321\007\212\215\357\260\1776S\346\\\277\262 \232\312\244"
 674      078A 8DEF 
 674      B07F 3653 
 674      E65C BFB2 
 674      209A CAA4 
 675 010f D713 B945 		.ascii	"\327\023\271E;\225\217'\355L\"\025\267\323ks\361\374\312\362"
 675      3B95 8F27 
 675      ED4C 2215 
 675      B7D3 6B73 
 675      F1FC CAF2 
 676 0123 D2EA 423E 		.ascii	"\322\352B>\231\313fg\223\364\013\271\242i\304"
 676      99CB 6667 
 676      93F4 0BB9 
 676      A269 C4
 677               		.text
 678               		.section	.gnu.lto_transactions.54afc5b5,"",@progbits
 679 0000 789C 6367 		.string	"x\234cg`d\270\317\310\300\240\312"
 679      6064 B8CF 
 679      C8C0 A0CA 
 679      00
 680 000d 0113 9919 		.ascii	"\001\023\231\031\347\2568\363\237\263\205\261\251\261\243\241"
 680      E7AE 38F3 
 680      9FB3 85B1 
 680      A9B1 A3A1 
 681 001d E141 F779 		.ascii	"\341A\367y9\326\231\314\fs\231!r\037\347\267\376d\356`\236\311"
 681      39D6 99CC 
 681      0C73 9921 
 681      721F E7B7 
 681      FE64 EE60 
 682 0033 CCC8 C802 		.ascii	"\314\310\310\002\3446\366OX\313"
 682      E436 F64F 
 682      58CB 
 683 003d 0FE2 3231 		.string	"\017\34221\202d'4\336\177\314\003\221E7h\301\366KL3\231\231\34723\202\315\371<\277\373\01
 683      8264 2734 
 683      DE7F CC03 
 683      9145 3768 
 683      C1F6 4B4C 
 684 013e 8610 AA70 		.ascii	"\206\020\252p"
 685               		.text
 686               		.section	.gnu.lto_serial_slave_init.54afc5b5,"",@progbits
 687 0000 789C 5D4E 		.ascii	"x\234]NMKBQ\024<s\357K\255\260vAaPD\033\213\244\177\320?\211"
 687      4D4B 4251 
 687      143C 73EF 
 687      4BAD B076 
 687      4161 5044 
 688 001b FC58 8489 		.ascii	"\374X\204\211\341\213\240\225\367\231\226\255*$\342U\202\024"
 688      E18B A095 
 688      F799 96AD 
 688      2A24 E255 
 688      8214 
 689 002d C2A3 1069 		.ascii	"\302\243\020i\321\252\257\333>\"\372\tQ\213\244e\037\233\320"
 689      D1AA AFDB 
 689      3E22 FA09 
 689      518B A465 
 689      1F9B D0
 690 0040 CE7D B6EA 		.ascii	"\316}\266\352\300\201\341\314\234\231\t\022h\034D\223D4\312\013"
 690      C081 E1CC 
 690      9C99 0912 
 690      681C 4493 
 690      4434 CA0B 
 691 0054 4910 4AA9 		.ascii	"I\020J\251\271\240\023\022\200A\226\n\201\362\002yl\311]\211"
 691      B9A0 1312 
 691      8041 960A 
 691      81F2 0279 
 691      6CC9 5D89 
 692 0068 8FEF C3D7 		.ascii	"\217\357\303\327p\324cF\351\375\307a\345i\270\222\250\302\333"
 692      70D4 6346 
 692      E9FD C761 
 692      E569 B892 
 692      A8C2 DB
 693 007b 1D5C 224A 		.ascii	"\035\\\"J\304\312\347\363\366^8`\375Q\270B\200\303\210\232O="
 693      C4CA E7F3 
 693      F65E 3860 
 693      FD51 B842 
 693      80C3 889A 
 694 0091 5AB5 3B9B 		.ascii	"Z\265;\233J?\f\265F\230+I*\260\233\005\245iC\n\307\307\353\232"
 694      4A3F 0CB5 
 694      4698 2B49 
 694      2AB0 9B05 
 694      A569 430A 
 695 00a9 5EA0 8ECF 		.ascii	"^\240\216\317\246\374\277\026Jc>`\333\252w\337\351-\242\340\204"
 695      A6FC BF16 
 695      4A63 3E60 
 695      DBAA 77DF 
 695      E92D A2E0 
 696 00be 5C89 8A64 		.ascii	"\\\211\212dK\\\243\bC9\333;\215\301\262t\245\300\177\245\250"
 696      4B5C A308 
 696      4339 DB3B 
 696      8DC1 B274 
 696      A5C0 7FA5 
 697 00d3 9A16 7CFC 		.ascii	"\232\026|\3749\2758\352\253\343\204[K\334\362#n\020\361\231\203"
 697      39BD 38EA 
 697      ABE3 845B 
 697      4BDC F223 
 697      6E10 F199 
 698 00e8 C6DB E780 		.ascii	"\306\333\347\200\221\227\225\252}\301\270h\324\321-~g\224\323"
 698      9197 95AA 
 698      7DC1 B868 
 698      D4D1 2D7E 
 698      6794 D3
 699 00fb 1157 5AF4 		.ascii	"\021WZ\364\216B\255\331\357\237\315\2248\327\257,\210&\322\251"
 699      8E42 ADD9 
 699      EF9F CD94 
 699      38D7 AF2C 
 699      8826 D2A9 
 700 010f B578 7621 		.ascii	"\265xv!\227\264c\211\\:\236\214\345R\253\2631{yiqe\336Nd3\231"
 700      97B4 6389 
 700      5C3A 9E8C 
 700      E552 ABB3 
 700      317B 7969 
 701 012a 9904 FD02 		.ascii	"\231\004\375\002\262;i\247"
 701      B23B 69A7 
 702               		.text
 703               		.section	.gnu.lto_serial_update_buffers.54afc5b5,"",@progbits
 704 0000 789C 9D54 		.ascii	"x\234\235T\357oSU\030>\3579\367W\333[\346\262\220\205d\306%$"
 704      EF6F 5355 
 704      183E EF39 
 704      F757 DB5B 
 704      E6B2 9085 
 705 0018 0BD9 CC26 		.ascii	"\013\331\314&\006b4~\340\017\340\213\361\203\237\f)\335B\f\f"
 705      0662 347E 
 705      E00F E08B 
 705      F183 9F0C 
 705      29DD 420C 
 706 002d 485B 4CFC 		.ascii	"H[L\374\304ii\207,\303\315\020\234C\026\230\003\234\230\261\020"
 706      C469 6987 
 706      2CC3 CD10 
 706      9C43 1698 
 706      039C 98B1 
 707 0042 4284 01AE 		.ascii	"B\204\001\256R\304M&\302P\230\2608\244\002\023g\304\210\030\025"
 707      52C4 4D26 
 707      C250 98B0 
 707      38A4 0213 
 707      67C4 8818 
 708 0057 5ADF F7DC 		.ascii	"Z\337\367\334\333\336\2156\201x\223\336\373\336s\316\363\234"
 708      DBDE 8D36 
 708      8178 93DE 
 708      FBDE 73CE 
 708      F39C 
 709 0069 E779 DE73 		.ascii	"\347y\336sk2`\243\006c\2573\306\216\340\017\202\f\270\224r\205"
 709      6B32 60A3 
 709      0663 AF33 
 709      C68E E00F 
 709      820C B894 
 710 007f 19B7 3817 		.ascii	"\031\2678\027\177\357\331\367\214&\375\372\326\353\327j5i\013"
 710      7FEF D9F7 
 710      8C26 FDFA 
 710      D6EB D76A 
 710      3569 0B
 711 0092 AEE1 5C2D 		.ascii	"\256\341\\-\2158O[\003\252VhqK\347\306\375\213w\353q\316j?\324"
 711      8D38 4F5B 
 711      03AA 5668 
 711      714B E7C6 
 711      FD8B 77EB 
 712 00ab B910 E70C 		.ascii	"\271\020\347\fn:\225\337rfl\023|\356j\253X\371\270\337\345\f"
 712      6E3A 95DF 
 712      7266 6C13 
 712      7CEE 6AAB 
 712      58F9 B8DF 
 713 00c1 B89C 7EB0 		.ascii	"\270\234~\260\335\271@\261\262\001T%-`\233\271\320t\303\264|"
 713      DDB9 40B1 
 713      B201 5425 
 713      2D60 9BB9 
 713      D074 C3B4 
 714 00d6 FE80 0D9B 		.ascii	"\376\200\r\233a\233xW\300\330\344\007\007*\336"
 714      619B 7857 
 714      C0D8 E407 
 714      072A DE
 715 00e5 163D 02E5 		.string	"\026=\002\345\343\353\304\344\355\373\026\275\002<\205\257C\277\345\026\324\017 \201Lw\33
 715      E3EB C4E4 
 715      EDFB 16BD 
 715      023C 85AF 
 715      43BF E516 
 716 01e6 7A88 7776 		.ascii	"z\210wv\r\2526j*\201\336\201\361\274/\t\211\270\205#\275\002"
 716      0DAA 366A 
 716      2A81 DE81 
 716      F1BC 2F09 
 716      89B8 8523 
 717 01fc 54BE 0F0E 		.ascii	"T\276\017\016\036\335\355\337\017\375\330C\035\316B\022\340\013"
 717      1EDD EDDF 
 717      0FFD D843 
 717      1DCE 4212 
 717      E00B 
 718 020e CA01 BE84 		.ascii	"\312\001\276\204\375\240\b}\016\037/%\340\245\004\243\036\301"
 718      FDA0 087D 
 718      0E1F 2F25 
 718      E0A5 04A3 
 718      1EC1 
 719 0220 1811 6421 		.ascii	"\030\021d!9\223y\331U\324M\b\274\332\204\030\317\367\375\003"
 719      3993 79D9 
 719      55D4 4D08 
 719      BCDA 8418 
 719      CFF7 FD03 
 720 0234 054F FF9E 		.ascii	"\005O\377\236\003%\377\016$\367\016\203\2638\370\310v\306\016"
 720      0325 FF0E 
 720      24F7 0E83 
 720      B338 F8C8 
 720      76C6 0E
 721 0247 D20B 5F21 		.ascii	"\322\013_!?\233{@9p8\0075=\302D\252D-\201)V$P\324y\227\032uL"
 721      3F9B 7B40 
 721      3970 3807 
 721      353D C244 
 721      AA44 2D81 
 722 0265 67A6 0ADC 		.ascii	"g\246\n\334P_\343\n\321n\345\273\036\262\202\220\376\216\247"
 722      505F E30A 
 722      D16E E5BB 
 722      1EB2 8290 
 722      FE8E A7
 723 0278 BD1C 5F72 		.ascii	"\275\034_r\026\213'\362=\356\371\376\332\r\356\207v\265\335\023"
 723      168B 27F2 
 723      3DEE F9FE 
 723      DA0D EE87 
 723      76B5 DD13 
 724 028c E57E DE83 		.ascii	"\345~\336\203\177\203p\334U\251\323\347\264\2363\307\227\251"
 724      7F83 70DC 
 724      55A9 D3E7 
 724      B49E 33C7 
 724      97A9 
 725 029e 94FE D1A1 		.ascii	"\224\376\321\241{\276\334|+\\[\367\300\304J\273\272\247\032\037"
 725      7BBE DC7C 
 725      2B5C 5BF7 
 725      C0C4 4ABB 
 725      BAA7 1A1F 
 726 02b2 7CF8 D675 		.ascii	"|\370\326u\216\226\005\276\"\243q\2503u\205\023#y\374ywv\201"
 726      8E96 05BE 
 726      22A3 71A8 
 726      3375 8513 
 726      2379 FC79 
 727 02c9 83D5 5051 		.ascii	"\203\325PQW|:kS\246\226\212x\244\375\346Y\323Um\321\361\247\301"
 727      577C 3A6B 
 727      53A6 968A 
 727      78A4 FDE6 
 727      59D3 556D 
 728 02e1 FE13 F294 		.ascii	"\376\023\362\224\351\250\346p\221T_P\252'\334fOg\316\b\227\321"
 728      E9A8 E670 
 728      9154 5F50 
 728      AA27 DC66 
 728      4F67 CE08 
 729 02f7 0BD9 EC8D 		.ascii	"\013\331\354\215\357\372\275\030\362_\035\213\212\335>\350v\244"
 729      EFFA BD18 
 729      F25F 1D8B 
 729      8ADD 3EE8 
 729      76A4 
 730 0309 B27C B72F 		.ascii	"\262|\267/Q\267\221g^w3\224B\245\"\266\262\271\233\357\210\002"
 730      51B7 9167 
 730      5E77 3394 
 730      42A5 22B6 
 730      B2B9 9BEF 
 731 031f 71BE 0C71 		.ascii	"q\276\fqUy\342o\025qC\031\342*EL\377\246s\202W3\316\227\366\321"
 731      5579 E26F 
 731      1571 4319 
 731      E22A 454C 
 731      FFA6 7382 
 732 0339 F6D2 E08D 		.ascii	"\366\322\340\215b\360d\305\034\276}\001\023\257\262\356\254A"
 732      62F0 64C5 
 732      1CBE 7D01 
 732      13AF B2EE 
 732      AC41 
 733 034b 26FA 3796 		.ascii	"&\3727\226\274 \361\223\355\213J>T\275\364\204\210\322\023\362"
 733      BC20 F193 
 733      ED8B 4A3E 
 733      54BD F484 
 733      88D2 13F2 
 734 035f 9D77 422E 		.ascii	"\235wB.?\356\200\2259\237W<\370\244:`\272\3223\344\351\2717\372"
 734      3FEE 8095 
 734      399F 573C 
 734      F8A4 3A60 
 734      BAD2 33E4 
 735 0377 ACCB F6F8 		.ascii	"\254\313\366\370\306\177\3575\376*\2629\366\333D`\236\327O\377"
 735      C67F EF35 
 735      FE2A B239 
 735      F6DB 4460 
 735      9ED7 4FFF 
 736 038b 1FF7 358F 		.ascii	"\037\3675\217{\212\270\033\034n;\217W\261\325#n\027f!\2617\342"
 736      7B8A B81B 
 736      1C6E 3B8F 
 736      57B1 D523 
 736      6E17 6621 
 737 03a2 C468 5207 		.ascii	"\304hR\007R\002\234u\030\301\342\265-o\255\336\020\2124G\233"
 737      5202 9C75 
 737      18C1 E2B5 
 737      2D6F ADDE 
 737      108A 3447 
 738 03b7 C291 B5AB 		.ascii	"\302\221\265\253\233\233\"-o.m\212n\\\367FlU4\274\241\265\265"
 738      9B9B 222D 
 738      6F2E 6D8A 
 738      6E5C F746 
 738      6C55 34BC 
 739 03ce 31CC 82AD 		.ascii	"1\314\202\255\241h\254%\262j\323\306\346P\254\245z\336dc\370"
 739      A168 AC25 
 739      B26A D3C6 
 739      E650 ACA5 
 739      7ADE 6463 
 740 03e3 85E7 9F0B 		.ascii	"\205\347\237\013/\177q9\363G[C\261h,\024\333\0245\234\307\177"
 740      2F7F 7139 
 740      F347 5B43 
 740      B168 2C14 
 740      DB14 359C 
 741 03f9 639E 571F 		.ascii	"c\236W\037"
 742               		.text
 743               		.section	.gnu.lto_serial_master_buffer.54afc5b5,"",@progbits
 744 0000 789C 6367 		.string	"x\234cg`d\320e`"
 744      6064 D065 
 744      6000 
 745 000a 9210 3091 		.string	"\222\0200\221\231qB\343\375\307<\035\3143\231\201\202@\356\251\031'g\363Y\355h\350X\320 0
 745      9971 42E3 
 745      FDC7 3C1D 
 745      CC33 9981 
 745      8240 EEA9 
 746 003b 7DB4 0E22 		.ascii	"}\264\016\""
 747               		.text
 748               		.section	.gnu.lto_serial_slave_buffer.54afc5b5,"",@progbits
 749 0000 789C 6367 		.string	"x\234cg`d\320e`"
 749      6064 D065 
 749      6000 
 750 000a 9210 3091 		.string	"\222\0200\221\231qB\343\375\307<\035\3143\231\201\202@\356\251\031'g\363Y\355h\350X\320 0
 750      9971 42E3 
 750      FDC7 3C1D 
 750      CC33 9981 
 750      8240 EEA9 
 751 003b 7DB4 0E22 		.ascii	"}\264\016\""
 752               		.text
 753               		.section	.gnu.lto_.symbol_nodes.54afc5b5,"",@progbits
 754 0000 789C 6D8E 		.ascii	"x\234m\216;\016\0021\fD\307q\262Y\330OG\215\304I@\342^\366\""
 754      3B0E 0231 
 754      0C44 C771 
 754      B259 D84F 
 754      478D C449 
 755 0019 6811 3512 		.ascii	"h\0215\022\305J\234\202\232\022q\t\304\001h)X\262\ttq\363\306"
 755      C54A 9C82 
 755      9A12 7109 
 755      C401 6829 
 755      58B2 0974 
 756 0030 9A19 CB1E 		.ascii	"\232\031\313\036\204\031\0010\245`\243\252\226\016w@\200\213"
 756      8419 0130 
 756      A560 A3AA 
 756      960E 7740 
 756      808B 
 757 0042 AE30 1ACE 		.ascii	"\2560\032\316\243[\214\201\211P6`\246b\362MG\261\351\n\223\330"
 757      A35B 8C81 
 757      8950 3660 
 757      A662 F24D 
 757      47B1 E90A 
 758 0058 B206 B2B3 		.ascii	"\262\006\262\2636\355\306\355\"\251Hd\237\2102\222*\341\3417"
 758      36ED C6ED 
 758      22A9 4864 
 758      9F88 3292 
 758      2AE1 E137 
 759 006c F378 1C50 		.ascii	"\363x\034P]\006\243\026\2337\032qY\203Qw\361\3055\233\346\257"
 759      5D06 A316 
 759      9B37 1A71 
 759      5983 5177 
 759      F1C5 359B 
 760 0082 B8BD 0DFD 		.ascii	"\270\275\r\375\233h[\004y\352\216/\320\265\n\362\361y\356\231"
 760      9B68 5B04 
 760      79EA 8E2F 
 760      D0B5 0AF2 
 760      F179 EE99 
 761 0096 CE2D BEC2 		.ascii	"\316-\276\302\234J`"
 761      9C4A 60
 762               		.text
 763               		.section	.gnu.lto_.refs.54afc5b5,"",@progbits
 764 0000 789C 0DC8 		.ascii	"x\234\r\310\273\r\2000\020\004\321\335\345>\030\313$4`\313\242"
 764      BB0D 8030 
 764      1004 D1DD 
 764      E53E 18CB 
 764      2434 60CB 
 765 0015 07FA AF8C 		.ascii	"\007\372\257\214\013\346\005\223 >\240\024\225\324\251\254Zy"
 765      0BE6 0593 
 765      203E A014 
 765      95D4 A9AC 
 765      5A79 
 766 0027 A953 35DB 		.ascii	"\251S5\333\0013\270\303\007\355F<\310I_\214\315x\361\003*\276"
 766      0133 B8C3 
 766      07ED 463C 
 766      C849 5F8C 
 766      CD78 F103 
 767 003d 01A1      		.ascii	"\001\241"
 768               		.text
 769               		.section	.gnu.lto_.decls.54afc5b5,"",@progbits
 770 0000 789C 8D56 		.ascii	"x\234\215V{P\224U\024\377\316w\027vY\0261\260\244\332\231\234"
 770      7B50 9455 
 770      14FF CE77 
 770      1776 5916 
 770      31B0 A4DA 
 771 0016 1C9A A169 		.ascii	"\034\232\241i\004l,m\232i\246\307\364\0073\375\321s\246?\332"
 771      046C 2C6D 
 771      9A69 A6C7 
 771      F407 33FD 
 771      D173 A63F 
 772 002b D665 4D46 		.ascii	"\326eMF\205\332]lj\246\231\217\227\n\211\256\226Z\221\200\370"
 772      85DA 5D6C 
 772      6AA6 998F 
 772      970A 89AE 
 772      965A 9180 
 773 0040 2245 84EC 		.ascii	"\"E\204\354A\201\271 \211@\030\242 \202\302\302\362PJ\362\221"
 773      4181 B920 
 773      8940 18A2 
 773      2082 C2C2 
 773      F250 4AF2 
 774 0055 F252 B673 		.ascii	"\362R\266s\037\313~\273Fy\207\303\375\316\275\347\374\316\357"
 774      1FCB 7EBB 
 774      4679 87C3 
 774      FDCE BDE7 
 774      FCCE EF
 775 0068 9CFB 5AAD 		.ascii	"\234\373Z\255\004\322\216pI\212\223%i\034$\311\213M+I\322i\024"
 775      04D2 8E70 
 775      498A 9325 
 775      691C 24C9 
 775      8B4D 2B49 
 776 007f 1C92 2EA2 		.ascii	"\034\222.\242\274-\361\026\212\322\207\342A\031F\271\202\362"
 776      BC2D F116 
 776      8AD2 87E2 
 776      4119 46B9 
 776      82F2 
 777 0091 17CA 3594 		.ascii	"\027\3125\2240\224\033(\267P\306Q\246P\246)\006b\206\241\204"
 777      3094 1B28 
 777      B750 C651 
 777      A650 A629 
 777      0662 86A1 
 778 00a6 A344 8014 		.ascii	"\243D\200\024\320\216\243\036\202\375J\2249\300c]@\371S\314\313"
 778      D08E A31E 
 778      82FD 4A94 
 778      39C0 635D 
 778      40F9 53CC 
 779 00bb 221E 8D03 		.ascii	"\"\036\215\003\002_\335\206q\220r\215\304\336\210}3\312\\\374"
 779      025F DD86 
 779      7190 728D 
 779      C4DE 887D 
 779      33CA 5CFC 
 780 00cf EEC2 7E9E 		.ascii	"\356\302~\236\300\242\370m(\235(gQ\316\241\264\013\177:\027!"
 780      C0A2 F86D 
 780      289D 2867 
 780      51CE A1B4 
 780      0B7F 3A17 
 781 00e4 B851 AE94 		.ascii	"\270Q\256\224\247\034\304\261\341\0368zD\035\376\215\343\357"
 781      A71C C4B1 
 781      E11E 387A 
 781      441D FE8D 
 781      E3EF 
 782 00f6 C06B 1325 		.ascii	"\300k\023%8\321Z\372\270\236D\271\017\347\207\260\177U\2057,"
 782      38D1 5AFA 
 782      B89E 44B9 
 782      0FE7 87B0 
 782      7F55 8537 
 783 010b 6AAA 1175 		.ascii	"j\252\021u\364\325t:\b;Z\346\366\024O\027\304[\335\036\276G\273"
 783      F4D5 743A 
 783      083B 5AE6 
 783      F614 4F17 
 783      C45B DD1E 
 784 0122 2D04 1A3B 		.ascii	"-\004\032;\013\366En \020\245\007\031\325\266\316\341[:T\347"
 784      0BF6 456E 
 784      2010 A507 
 784      19D5 B6CE 
 784      E15B 3A54 
 785 0137 E961 2EAA 		.ascii	"\351a.\252\373\376p\256\223\365\033\024l\255\212\242\217\241"
 785      FBFE 70AE 
 785      93F5 1B14 
 785      6CAD 8AA2 
 785      8FA1 
 786 0149 6635 6084 		.ascii	"f5`\204j@h8\nz\374\037\317U\264.u\037\272\023\302\261bP\255>"
 786      6A40 6838 
 786      0A7A FC1F 
 786      CF55 B42E 
 786      751F BA13 
 787 0163 DAD2 1CCA 		.ascii	"\332\322\034\312\261\\\200zq\356\3004\360\351PT\3676x\316h\270"
 787      B15C 807A 
 787      71EE C034 
 787      F0E9 5054 
 787      F736 78CE 
 788 0179 1A82 6A4B 		.ascii	"\032\202jK\313t\245Lp5\360{]\365\256\213t\312\250\007/\365tf"
 788      CB74 A54C 
 788      7035 F07B 
 788      5DF5 AE8B 
 788      74CA A807 
 789 0191 F47A 0C5C 		.ascii	"\364z\f\\\247\323\005\237\235\032\231C\036a\337\031\031%=\341"
 789      A7D3 059F 
 789      9D1A 9943 
 789      1E61 DF19 
 789      1925 3DE1 
 790 01a5 09E5 0A6F 		.ascii	"\t\345\no\272<\"\301\257@XvI\341\324\340\233\242\322\372\bba"
 790      BA3C 22C1 
 790      AF40 5876 
 790      49E1 D4E0 
 790      9BA2 D2FA 
 791 01bc C6E7 87FB 		.ascii	"\306\347\207\373\234:\232N\246\342*VBc$x\322\b\tF\t\032\200\201"
 791      9C3A 9A4E 
 791      A6E2 2A56 
 791      4263 2478 
 791      D208 0946 
 792 01d4 9F80 0409 		.ascii	"\237\200\004\t\3521\277\343<\241\235\035S\353\"8E\202\352\235"
 792      EA31 BFE3 
 792      3CA1 9D1D 
 792      53EB 2238 
 792      4582 EA9D 
 793 01e8 C9D3 553A 		.ascii	"\311\323U:\262\212AU\366\3750\2521\344Q(^\231\223\240.M"
 793      B28A 4155 
 793      F6FD 30AA 
 793      31E4 5128 
 793      5E99 93A0 
 794 01fe 3318 4481 		.string	"3\030D\201\177\310\330\245\030H\0260\257K9\312\2410R\314\225\3557;/\207\221\375\\)\376%\1
 794      7FC8 D8A5 
 794      1848 1630 
 794      AF4B 39CA 
 794      A130 52CC 
 795 02ff 667A 0C43 		.string	"fz\fC\375\302\310]\200(\337\341b\273=\263\273P\253\336i8\257*\343E\276\323h\217\306\025e\
 795      FDC2 C85D 
 795      8028 DFE1 
 795      62BB 3DB3 
 795      BB50 ABDE 
 796 032b A203 265C 		.string	"\242\003&\\\007\246b/\363N\f\2010\223|\337\302\212\217\313~@\366\007\222\300\363\372\032\
 796      07A6 622F 
 796      F34E 0C81 
 796      3093 7CDF 
 796      C28A 8FCB 
 797 0380 AC7C 6066 		.ascii	"\254|`f?\270q\231%X\253\341n5\207\366\\\325/\334\245\024\273"
 797      3FB8 7199 
 797      2558 ABE1 
 797      6E35 87F6 
 797      5CD5 2FDC 
 798 0397 1557 EFB1 		.ascii	"\025W\357\261'\006\261\352Y\350\245\241f\320\253Z\314^v\307@"
 798      2706 B1EA 
 798      59E8 A5A1 
 798      66D0 AB5A 
 798      CC5E 76C7 
 799 03ac 0F7E 24D5 		.ascii	"\017~$\325\343\235\323\007\013\321\375W\317\267\317\221\"~\207"
 799      E39D D307 
 799      0BD1 FD57 
 799      CFB7 CF91 
 799      227E 87
 800 03bf 65F5 7BF7 		.ascii	"e\365{\367\021\001E\317\f\302\314e0\375*\230~\025\314\317\b\343"
 800      1101 45CF 
 800      0CC2 CC65 
 800      30FD 2A98 
 800      7E15 CCCF 
 801 03d5 6130 7B6B 		.ascii	"a0{k\2770\221J\016S^6U\241\327`\355\340m=\245I\357\215\366\326"
 801      BF30 914A 
 801      0E53 5E36 
 801      55A1 D760 
 801      EDE0 6D3D 
 802 03ef 037A 753A 		.ascii	"\003zu:8\343Kg\210\2453\b\"\237\311\255M\323\006A\342\304[9x"
 802      38E3 4B67 
 802      88A5 3308 
 802      229F C9AD 
 802      4DD3 0641 
 803 0408 80D0 49A6 		.ascii	"\200\320I\246V0\240\2421\240\2421&K0\314h\254\3379x#\2144\314"
 803      5630 A0A2 
 803      31A0 A231 
 803      264B 30CC 
 803      68AC DF39 
 804 0421 CAA3 FBFA 		.ascii	"\312\243\373\372\tw\244zcv\005\234\357\221\231+p\363\340\240"
 804      0977 A47A 
 804      6376 059C 
 804      EF91 992B 
 804      70F3 E0A0 
 805 0435 5B66 BE38 		.ascii	"[f\2768\006\227\201y\327_\353\276\0231\313\242\374\311\262\370"
 805      0697 8179 
 805      D75F EBBE 
 805      1331 CBA2 
 805      FCC9 B2F8 
 806 0449 C397 4546 		.ascii	"\303\227EF~\3054-\245[\2417\335\263CyJ6\2416pI\225\303%q\353"
 806      7EC5 342D 
 806      A55B A137 
 806      DDB3 4379 
 806      4A36 A136 
 807 0464 4B70 85B1 		.ascii	"Kp\205\261/\313\037\371.\222\364s\366\305E\331%\021\002\241\351"
 807      2FCB 1FF9 
 807      2E92 F473 
 807      F6C5 45D9 
 807      2511 02A1 
 808 0479 2DA7 8179 		.ascii	"-\247\201y\217\252\274Gg\274\377b\336\347r\013\017D\222I\356"
 808      8FAA BC47 
 808      67BC FF62 
 808      DEE7 720B 
 808      0F44 9249 
 809 048e 5DD5 B12F 		.ascii	"]\325\261/S+\274\273br\224:`\025\274\252\362\277:\343\177\215"
 809      532B BCBB 
 809      6272 943A 
 809      6015 BCAA 
 809      F2BF 3AE3 
 810 04a4 F9E7 E6DC 		.ascii	"\371\347\346\334\252\324\221\255\204\371\177s\352\3403\217\355"
 810      AAD4 91AD 
 810      84F9 7F73 
 810      EAE0 338F 
 810      ED
 811 04b5 51DC 2EBA 		.ascii	"Q\334.\272\251\226f\342\025\225\300\016\361u\016\240:\372t\344"
 811      A996 66E2 
 811      1595 C00E 
 811      F175 0EA0 
 811      3AFA 74E4 
 812 04c9 1D39 6904 		.ascii	"\0359i\004\327\340\006<Fq\006\\\333\350;@\2572\366\024\036\236"
 812      D7E0 063C 
 812      4671 065C 
 812      DBE8 3B40 
 812      AF32 F614 
 813 04df F0BA 0929 		.ascii	"\360\272\t)\342\300G7\335\310\016C\344\342:\274t\266\322\013"
 813      E2C0 4737 
 813      DDC8 0E43 
 813      E4E2 3ABC 
 813      74B6 D20B 
 814 04f3 1298 E54D 		.ascii	"\022\230\345M\001\354\253'\325\377\006c\222\013qo1\334\252\252"
 814      01EC AB27 
 814      D5FF 0663 
 814      920B 716F 
 814      31DC AAAA 
 815 0507 6DDF 8690 		.ascii	"m\337\206\2202\016\363y\361\321f\037L\377\363\212\201a\214\005"
 815      320E F379 
 815      F1D1 661F 
 815      4CFF F38A 
 815      8161 8C05 
 816 051b 618C 098C 		.ascii	"a\214\t\214\026\304\030g\030\005\265W6\022\362\023\307\370qs"
 816      16C4 1867 
 816      1805 B557 
 816      3612 F213 
 816      C7F8 7173 
 817 052f 7653 1869 		.ascii	"vS\030i\344\312\305\306\202f\202\200\270\262\256\236\365!t\337"
 817      E4CA C5C6 
 817      8266 8280 
 817      B8B2 AE9E 
 817      F521 74DF 
 818 0543 2DA0 FB66 		.ascii	"-\240\373f\0221po\2516\311\004\216<nL:\204{\177\212\201\216\217"
 818      1231 706F 
 818      A936 C904 
 818      8E3C 6E4C 
 818      3A84 7B7F 
 819 055b D5D4 E845 		.ascii	"\325\324\350E\302\354\t.)\217#g9\354\315\334\333u\224\247\033"
 819      C2EC 092E 
 819      298F 2367 
 819      39EC CDDC 
 819      DB75 94A7 
 820 0570 7976 A8D2 		.ascii	"yv\250\322\275\023D\225\352\267\221j\025R\235f\250\371\336\232"
 820      BD13 4495 
 820      EAB7 916A 
 820      1552 9D66 
 820      A8F9 DE9A 
 821 0584 3C2D 7DF8 		.ascii	"<-}\370\263\356\355\341\237\030\276\320J\313\356\025,\224\203"
 821      B3EE EDE1 
 821      9F18 BED0 
 821      4ACB EE15 
 821      2C94 83
 822 0597 79E5 0632 		.ascii	"y\345\0062\312ix\257\327\267\205\"\215\201\343x\250JB\030\rj"
 822      CA69 78AF 
 822      D7B7 8522 
 822      8D81 E378 
 822      A84A 4218 
 823 05ad 9821 07D2 		.ascii	"\230!\007\322\240\272\"\033\223\n\221F\246Li\224\036\030}\225"
 823      A0BA 221B 
 823      930A 9146 
 823      A64C 6994 
 823      1E18 7D95 
 824 05c1 4C70 946B 		.ascii	"Lp\224kE9\023\342\301\327\240\332U\350=\023\301\037\374\005\364"
 824      4539 13E2 
 824      C1D7 A0DA 
 824      55E8 3D13 
 824      C11F FC05 
 825 05d6 1EFF DCF3 		.ascii	"\036\377\334\363\245v\326\037^\370\233\214\377\360j\344tK\206"
 825      A576 D61F 
 825      5EF8 9B8C 
 825      FFF0 6AE4 
 825      744B 86
 826 05e9 2BBE 26FC 		.ascii	"+\276&\374E\271\312_\024Z\226\034\331\b\3312\265_/G\371\274\330"
 826      45B9 CA5F 
 826      145A 961C 
 826      D908 D932 
 826      B55F 2F47 
 827 0600 B639 7FA5 		.ascii	"\2669\177\2452<\300\334\373_\346\355{\017\227ji\276\265\370\260"
 827      323C C0DC 
 827      FB5F E6ED 
 827      7B0F 976A 
 827      69BE B5F8 
 828 0615 7E80 DB63 		.ascii	"~\200\333c\203\034\005Y\"Y\277\027\035\301\275\273\003\263\315"
 828      831C 0559 
 828      2259 BF17 
 828      1DC1 BDBB 
 828      03B3 CD
 829 0628 65D9 66EE 		.ascii	"e\331f\356\277\\\037J6iX\272\307v\264\377\255\025Ek\242{\214"
 829      BF5C 1F4A 
 829      3669 58BA 
 829      C776 B4FF 
 829      AD15 456B 
 830 063f 86CC 0BAA 		.ascii	"\206\314\013\252X\236\250\330A\304\370\224atnj\375\204l\347\020"
 830      589E A8D8 
 830      41C4 F894 
 830      6174 6E6A 
 830      FD84 6CE7 
 831 0654 E30D 057B 		.ascii	"\343\r\005{\210\340q\335\307c\343]<6r\036N\304\310g\030c\231"
 831      88E0 71DD 
 831      C763 E35D 
 831      3C36 721E 
 831      4EC4 C867 
 832 066b 373D 3AF5 		.ascii	"7=:\365=E\017\277\277\230\233d\376\200b\217\306G\216\f\365\006"
 832      3D45 0FBF 
 832      BF98 9B64 
 832      FE80 628F 
 832      C647 8E0C 
 833 0681 FCAE A341 		.ascii	"\374\256\243A\374\306\233\205\361ff\274\245\354vw\230\332\330"
 833      FCC6 9B85 
 833      F166 66BC 
 833      A5EC 7677 
 833      98DA D8
 834 0694 1BF0 23D0 		.ascii	"\033\360#\320)\214\235\314\270nO\3456P\033\017\005\320\330\""
 834      298C 9DCC 
 834      B86E 4FE5 
 834      3650 1B0F 
 834      05D0 D822 
 835 06a8 8C69 6F74 		.ascii	"\214iot\230m\357Y\035\213SRS\034)fG\232\315\264<}\305\n\253\315"
 835      986D EF59 
 835      1D8B 5352 
 835      531C 2966 
 835      479A CDB4 
 836 06c2 644F F9D8 		.ascii	"dO\371\330\372\350*\353G\313\323\314\266d{\274\305\266jyr\274"
 836      FAE8 2AEB 
 836      47CB D3CC 
 836      B664 7BBC 
 836      C5B6 6A79 
 837 06d8 CDBA 3631 		.ascii	"\315\27261\336\376\376\352\024\207\311nI[\263f\221E\367\362+"
 837      DEFE FEEA 
 837      1487 C96E 
 837      495B B366 
 837      9145 F7F2 
 838 06ed 6F2C 7861 		.ascii	"o,xa\3312i~\300\360\"\313\323\213\023,K\226-\221\264\351)\251"
 838      D932 697E 
 838      C0F0 22CB 
 838      D38B 132C 
 838      4B96 2D91 
 839 0705 8EA5 26C7 		.ascii	"\216\245&\307\374\231\b\213yH\021\3108\3138#\020jw\230\035\351"
 839      FC99 088B 
 839      7948 11C8 
 839      38CB 3823 
 839      106A 7798 
 840 071b 76AD E9B5 		.ascii	"v\255\351\265\327^\177\0211f!\373`0O\273\325\226b^\275h\245\024"
 840      D75E 7F11 
 840      3166 21FB 
 840      6030 4FBB 
 840      D596 625E 
 841 0733 CA1D A3F8 		.ascii	"\312\035\243\370\200i\215\331\356@h\352\277\360\377s\223\356"
 841      8069 8DD9 
 841      EE40 68EA 
 841      BFF0 FF73 
 841      93EE 
 842 0745 136E F6D5 		.ascii	"\023n\366\325\346\265V\346u\277\030I\177?\331\354\260\212\360"
 842      E6B5 56E6 
 842      75BF 1849 
 842      7F3F D9EC 
 842      B08A F0
 843 0758 F687 EC69 		.ascii	"\366\207\354i+\320\213O\371\311\321\257\371\352)\221\340\335"
 843      2BD0 8B4F 
 843      F9C9 D1AF 
 843      F9EA 2991 
 843      E0DD 
 844 076a E336 73AA 		.ascii	"\3436s\252\335lq\244\244\245\032T\337v\203\335dYiN}\317jJ[\235"
 844      DD6C 71A4 
 844      A4A5 1A54 
 844      DF76 83DD 
 844      6459 694E 
 845 0784 EC57 52AD 		.ascii	"\354WR\255\037F\246Z\255\311&\233\325a\373hQ\342\222e\211z\277"
 845      1F46 A65A 
 845      ADC9 269B 
 845      D561 FB68 
 845      51E2 9265 
 846 079b FE20 672B 		.ascii	"\376 g+\252(\\,i\351\251\016=\257&*k\346\005\026\204\033k\371"
 846      AA28 5C2C 
 846      69E9 A90E 
 846      3DAF 262A 
 846      6BE6 0516 
 847 07b3 7C62 7440 		.ascii	"|bt@\332|\356\037\371\016/\320"
 847      DA7C EE1F 
 847      F90E 2FD0 
 848               		.text
 849               		.section	.gnu.lto_.symtab.54afc5b5,"",@progbits
 850 0000 7365 7269 		.string	"serial_master_init"
 850      616C 5F6D 
 850      6173 7465 
 850      725F 696E 
 850      6974 00
 851 0013 00        		.string	""
 852 0014 00        		.string	""
 853 0015 00        		.string	""
 854 0016 00        		.string	""
 855 0017 00        		.string	""
 856 0018 00        		.string	""
 857 0019 00        		.string	""
 858 001a 00        		.string	""
 859 001b 00        		.string	""
 860 001c 00        		.string	""
 861 001d 00        		.string	""
 862 001e E100      		.string	"\341"
 863 0020 00        		.string	""
 864 0021 00        		.string	""
 865 0022 7472 616E 		.string	"transactions"
 865      7361 6374 
 865      696F 6E73 
 865      00
 866 002f 00        		.string	""
 867 0030 00        		.string	""
 868 0031 00        		.string	""
 869 0032 00        		.string	""
 870 0033 00        		.string	""
 871 0034 00        		.string	""
 872 0035 00        		.string	""
 873 0036 00        		.string	""
 874 0037 00        		.string	""
 875 0038 00        		.string	""
 876 0039 00        		.string	""
 877 003a F300      		.string	"\363"
 878 003c 00        		.string	""
 879 003d 00        		.string	""
 880 003e 7365 7269 		.string	"serial_slave_init"
 880      616C 5F73 
 880      6C61 7665 
 880      5F69 6E69 
 880      7400 
 881 0050 00        		.string	""
 882 0051 00        		.string	""
 883 0052 00        		.string	""
 884 0053 00        		.string	""
 885 0054 00        		.string	""
 886 0055 00        		.string	""
 887 0056 00        		.string	""
 888 0057 00        		.string	""
 889 0058 00        		.string	""
 890 0059 00        		.string	""
 891 005a 00        		.string	""
 892 005b E300      		.string	"\343"
 893 005d 00        		.string	""
 894 005e 00        		.string	""
 895 005f 7365 7269 		.string	"serial_update_buffers"
 895      616C 5F75 
 895      7064 6174 
 895      655F 6275 
 895      6666 6572 
 896 0075 00        		.string	""
 897 0076 00        		.string	""
 898 0077 00        		.string	""
 899 0078 00        		.string	""
 900 0079 00        		.string	""
 901 007a 00        		.string	""
 902 007b 00        		.string	""
 903 007c 00        		.string	""
 904 007d 00        		.string	""
 905 007e 00        		.string	""
 906 007f 00        		.string	""
 907 0080 E700      		.string	"\347"
 908 0082 00        		.string	""
 909 0083 00        		.string	""
 910 0084 735F 6368 		.string	"s_change_old"
 910      616E 6765 
 910      5F6F 6C64 
 910      00
 911 0091 00        		.string	""
 912 0092 00        		.string	""
 913 0093 00        		.string	""
 914 0094 00        		.string	""
 915 0095 00        		.string	""
 916 0096 00        		.string	""
 917 0097 00        		.string	""
 918 0098 00        		.string	""
 919 0099 00        		.string	""
 920 009a 00        		.string	""
 921 009b 00        		.string	""
 922 009c F600      		.string	"\366"
 923 009e 00        		.string	""
 924 009f 00        		.string	""
 925 00a0 735F 6368 		.string	"s_change_new"
 925      616E 6765 
 925      5F6E 6577 
 925      00
 926 00ad 00        		.string	""
 927 00ae 00        		.string	""
 928 00af 00        		.string	""
 929 00b0 00        		.string	""
 930 00b1 00        		.string	""
 931 00b2 00        		.string	""
 932 00b3 00        		.string	""
 933 00b4 00        		.string	""
 934 00b5 00        		.string	""
 935 00b6 00        		.string	""
 936 00b7 00        		.string	""
 937 00b8 F800      		.string	"\370"
 938 00ba 00        		.string	""
 939 00bb 00        		.string	""
 940 00bc 736C 6176 		.string	"slave_buffer_change_count"
 940      655F 6275 
 940      6666 6572 
 940      5F63 6861 
 940      6E67 655F 
 941 00d6 00        		.string	""
 942 00d7 00        		.string	""
 943 00d8 00        		.string	""
 944 00d9 00        		.string	""
 945 00da 00        		.string	""
 946 00db 00        		.string	""
 947 00dc 00        		.string	""
 948 00dd 00        		.string	""
 949 00de 00        		.string	""
 950 00df 00        		.string	""
 951 00e0 00        		.string	""
 952 00e1 FE00      		.string	"\376"
 953 00e3 00        		.string	""
 954 00e4 00        		.string	""
 955 00e5 7374 6174 		.string	"status_com"
 955      7573 5F63 
 955      6F6D 00
 956 00f0 00        		.string	""
 957 00f1 00        		.string	""
 958 00f2 00        		.string	""
 959 00f3 00        		.string	""
 960 00f4 00        		.string	""
 961 00f5 00        		.string	""
 962 00f6 00        		.string	""
 963 00f7 00        		.string	""
 964 00f8 00        		.string	""
 965 00f9 00        		.string	""
 966 00fa 00        		.string	""
 967 00fb 0201 00   		.string	"\002\001"
 968 00fe 00        		.string	""
 969 00ff 7365 7269 		.string	"serial_master_buffer"
 969      616C 5F6D 
 969      6173 7465 
 969      725F 6275 
 969      6666 6572 
 970 0114 00        		.string	""
 971 0115 00        		.string	""
 972 0116 00        		.string	""
 973 0117 00        		.string	""
 974 0118 00        		.string	""
 975 0119 00        		.string	""
 976 011a 00        		.string	""
 977 011b 00        		.string	""
 978 011c 00        		.string	""
 979 011d 00        		.string	""
 980 011e 00        		.string	""
 981 011f 0901 00   		.string	"\t\001"
 982 0122 00        		.string	""
 983 0123 7374 6174 		.string	"status1"
 983      7573 3100 
 984 012b 00        		.string	""
 985 012c 00        		.string	""
 986 012d 00        		.string	""
 987 012e 00        		.string	""
 988 012f 00        		.string	""
 989 0130 00        		.string	""
 990 0131 00        		.string	""
 991 0132 00        		.string	""
 992 0133 00        		.string	""
 993 0134 00        		.string	""
 994 0135 00        		.string	""
 995 0136 0B01 00   		.string	"\013\001"
 996 0139 00        		.string	""
 997 013a 7365 7269 		.string	"serial_slave_buffer"
 997      616C 5F73 
 997      6C61 7665 
 997      5F62 7566 
 997      6665 7200 
 998 014e 00        		.string	""
 999 014f 00        		.string	""
 1000 0150 00        		.string	""
 1001 0151 00        		.string	""
 1002 0152 00        		.string	""
 1003 0153 00        		.string	""
 1004 0154 00        		.string	""
 1005 0155 00        		.string	""
 1006 0156 00        		.string	""
 1007 0157 00        		.string	""
 1008 0158 00        		.string	""
 1009 0159 0D01 00   		.string	"\r\001"
 1010 015c 00        		.string	""
 1011 015d 736F 6674 		.string	"soft_serial_initiator_init"
 1011      5F73 6572 
 1011      6961 6C5F 
 1011      696E 6974 
 1011      6961 746F 
 1012 0178 00        		.string	""
 1013 0179 02        		.ascii	"\002"
 1014 017a 00        		.string	""
 1015 017b 00        		.string	""
 1016 017c 00        		.string	""
 1017 017d 00        		.string	""
 1018 017e 00        		.string	""
 1019 017f 00        		.string	""
 1020 0180 00        		.string	""
 1021 0181 00        		.string	""
 1022 0182 00        		.string	""
 1023 0183 ED00      		.string	"\355"
 1024 0185 00        		.string	""
 1025 0186 00        		.string	""
 1026 0187 736F 6674 		.string	"soft_serial_target_init"
 1026      5F73 6572 
 1026      6961 6C5F 
 1026      7461 7267 
 1026      6574 5F69 
 1027 019f 00        		.string	""
 1028 01a0 02        		.ascii	"\002"
 1029 01a1 00        		.string	""
 1030 01a2 00        		.string	""
 1031 01a3 00        		.string	""
 1032 01a4 00        		.string	""
 1033 01a5 00        		.string	""
 1034 01a6 00        		.string	""
 1035 01a7 00        		.string	""
 1036 01a8 00        		.string	""
 1037 01a9 00        		.string	""
 1038 01aa EF00      		.string	"\357"
 1039 01ac 00        		.string	""
 1040 01ad 00        		.string	""
 1041 01ae 736F 6674 		.string	"soft_serial_transaction"
 1041      5F73 6572 
 1041      6961 6C5F 
 1041      7472 616E 
 1041      7361 6374 
 1042 01c6 00        		.string	""
 1043 01c7 02        		.ascii	"\002"
 1044 01c8 00        		.string	""
 1045 01c9 00        		.string	""
 1046 01ca 00        		.string	""
 1047 01cb 00        		.string	""
 1048 01cc 00        		.string	""
 1049 01cd 00        		.string	""
 1050 01ce 00        		.string	""
 1051 01cf 00        		.string	""
 1052 01d0 00        		.string	""
 1053 01d1 F100      		.string	"\361"
 1054 01d3 00        		.string	""
 1055 01d4 00        		.string	""
 1056               		.text
 1057               		.section	.gnu.lto_.opts,"",@progbits
 1058 0000 272D 666E 		.string	"'-fno-openmp' '-fno-openacc' '-fno-pie' '-mn-flash=1' '-mno-skip-bug' '-mmcu=avr5' '-Os' 
 1058      6F2D 6F70 
 1058      656E 6D70 
 1058      2720 272D 
 1058      666E 6F2D 
 1059               		.text
 1060               		.comm	__gnu_lto_v1,1,1
 1061               		.comm	__gnu_lto_slim,1,1
 1062               		.ident	"GCC: (GNU) 8.3.0"
DEFINED SYMBOLS
                            *ABS*:00000000 split_scomm.c
C:\Users\nonej\Documents\Keyboard\msys64\tmp\ccf7cQJY.s:2      *ABS*:0000003e __SP_H__
C:\Users\nonej\Documents\Keyboard\msys64\tmp\ccf7cQJY.s:3      *ABS*:0000003d __SP_L__
C:\Users\nonej\Documents\Keyboard\msys64\tmp\ccf7cQJY.s:4      *ABS*:0000003f __SREG__
C:\Users\nonej\Documents\Keyboard\msys64\tmp\ccf7cQJY.s:5      *ABS*:00000000 __tmp_reg__
C:\Users\nonej\Documents\Keyboard\msys64\tmp\ccf7cQJY.s:6      *ABS*:00000001 __zero_reg__
C:\Users\nonej\Documents\Keyboard\msys64\tmp\ccf7cQJY.s:15     .gnu.debuglto_.debug_info:00000000 split_scomm.c.c720c595
                            *COM*:00000001 __gnu_lto_v1
                            *COM*:00000001 __gnu_lto_slim

NO UNDEFINED SYMBOLS
