   1               		.file	"ws2812.c"
   2               	__SP_H__ = 0x3e
   3               	__SP_L__ = 0x3d
   4               	__SREG__ = 0x3f
   5               	__tmp_reg__ = 0
   6               	__zero_reg__ = 1
   7               		.file 1 "c:\\users\\nonej\\documents\\keyboard\\msys64\\home\\nonej\\qmk_utils\\avr8-gnu-toolchain
   8               		.file 2 "./quantum/color.h"
   9               		.file 3 "drivers/avr/ws2812.c"
  10               		.file 4 "c:\\users\\nonej\\documents\\keyboard\\msys64\\home\\nonej\\qmk_utils\\avr8-gnu-toolchain
  11               		.section	.gnu.debuglto_.debug_info,"",@progbits
  12               	.Ldebug_info0:
  13               		.hidden	ws2812.c.8e990a2d
  14               		.weak	ws2812.c.8e990a2d
  15               	ws2812.c.8e990a2d:
  16 0000 FC01 0000 		.long	0x1fc
  17 0004 0200      		.word	0x2
  18 0006 0000 0000 		.long	.Ldebug_abbrev0
  19 000a 04        		.byte	0x4
  20 000b 01        		.uleb128 0x1
  21 000c 0000 0000 		.long	.LASF29
  22 0010 0C        		.byte	0xc
  23 0011 0000 0000 		.long	.LASF30
  24 0015 0000 0000 		.long	.LASF31
  25 0019 0000 0000 		.long	.Ldebug_line0
  26 001d 02        		.uleb128 0x2
  27 001e 01        		.byte	0x1
  28 001f 06        		.byte	0x6
  29 0020 0000 0000 		.long	.LASF0
  30 0024 03        		.uleb128 0x3
  31 0025 0000 0000 		.long	.LASF2
  32 0029 01        		.byte	0x1
  33 002a 7E        		.byte	0x7e
  34 002b 16        		.byte	0x16
  35 002c 3000 0000 		.long	0x30
  36 0030 02        		.uleb128 0x2
  37 0031 01        		.byte	0x1
  38 0032 08        		.byte	0x8
  39 0033 0000 0000 		.long	.LASF1
  40 0037 04        		.uleb128 0x4
  41 0038 02        		.byte	0x2
  42 0039 05        		.byte	0x5
  43 003a 696E 7400 		.string	"int"
  44 003e 03        		.uleb128 0x3
  45 003f 0000 0000 		.long	.LASF3
  46 0043 01        		.byte	0x1
  47 0044 80        		.byte	0x80
  48 0045 16        		.byte	0x16
  49 0046 4A00 0000 		.long	0x4a
  50 004a 02        		.uleb128 0x2
  51 004b 02        		.byte	0x2
  52 004c 07        		.byte	0x7
  53 004d 0000 0000 		.long	.LASF4
  54 0051 02        		.uleb128 0x2
  55 0052 04        		.byte	0x4
  56 0053 05        		.byte	0x5
  57 0054 0000 0000 		.long	.LASF5
  58 0058 03        		.uleb128 0x3
  59 0059 0000 0000 		.long	.LASF6
  60 005d 01        		.byte	0x1
  61 005e 82        		.byte	0x82
  62 005f 16        		.byte	0x16
  63 0060 6400 0000 		.long	0x64
  64 0064 02        		.uleb128 0x2
  65 0065 04        		.byte	0x4
  66 0066 07        		.byte	0x7
  67 0067 0000 0000 		.long	.LASF7
  68 006b 02        		.uleb128 0x2
  69 006c 08        		.byte	0x8
  70 006d 05        		.byte	0x5
  71 006e 0000 0000 		.long	.LASF8
  72 0072 02        		.uleb128 0x2
  73 0073 08        		.byte	0x8
  74 0074 07        		.byte	0x7
  75 0075 0000 0000 		.long	.LASF9
  76 0079 05        		.uleb128 0x5
  77 007a 03        		.byte	0x3
  78 007b 02        		.byte	0x2
  79 007c 28        		.byte	0x28
  80 007d 09        		.byte	0x9
  81 007e AA00 0000 		.long	0xaa
  82 0082 06        		.uleb128 0x6
  83 0083 6700      		.string	"g"
  84 0085 02        		.byte	0x2
  85 0086 29        		.byte	0x29
  86 0087 0D        		.byte	0xd
  87 0088 2400 0000 		.long	0x24
  88 008c 02        		.byte	0x2
  89 008d 23        		.byte	0x23
  90 008e 00        		.uleb128 0
  91 008f 06        		.uleb128 0x6
  92 0090 7200      		.string	"r"
  93 0092 02        		.byte	0x2
  94 0093 2A        		.byte	0x2a
  95 0094 0D        		.byte	0xd
  96 0095 2400 0000 		.long	0x24
  97 0099 02        		.byte	0x2
  98 009a 23        		.byte	0x23
  99 009b 01        		.uleb128 0x1
 100 009c 06        		.uleb128 0x6
 101 009d 6200      		.string	"b"
 102 009f 02        		.byte	0x2
 103 00a0 2B        		.byte	0x2b
 104 00a1 0D        		.byte	0xd
 105 00a2 2400 0000 		.long	0x24
 106 00a6 02        		.byte	0x2
 107 00a7 23        		.byte	0x23
 108 00a8 02        		.uleb128 0x2
 109 00a9 00        		.byte	0
 110 00aa 03        		.uleb128 0x3
 111 00ab 0000 0000 		.long	.LASF10
 112 00af 02        		.byte	0x2
 113 00b0 2C        		.byte	0x2c
 114 00b1 03        		.byte	0x3
 115 00b2 7900 0000 		.long	0x79
 116 00b6 07        		.uleb128 0x7
 117 00b7 5247 4200 		.string	"RGB"
 118 00bb 02        		.byte	0x2
 119 00bc 2E        		.byte	0x2e
 120 00bd 0E        		.byte	0xe
 121 00be AA00 0000 		.long	0xaa
 122 00c2 08        		.uleb128 0x8
 123 00c3 01        		.byte	0x1
 124 00c4 0000 0000 		.long	.LASF17
 125 00c8 03        		.byte	0x3
 126 00c9 79        		.byte	0x79
 127 00ca 0D        		.byte	0xd
 128 00cb 01        		.byte	0x1
 129 00cc 2501 0000 		.long	0x125
 130 00d0 09        		.uleb128 0x9
 131 00d1 0000 0000 		.long	.LASF11
 132 00d5 03        		.byte	0x3
 133 00d6 79        		.byte	0x79
 134 00d7 2C        		.byte	0x2c
 135 00d8 2501 0000 		.long	0x125
 136 00dc 09        		.uleb128 0x9
 137 00dd 0000 0000 		.long	.LASF12
 138 00e1 03        		.byte	0x3
 139 00e2 79        		.byte	0x79
 140 00e3 3B        		.byte	0x3b
 141 00e4 3E00 0000 		.long	0x3e
 142 00e8 09        		.uleb128 0x9
 143 00e9 0000 0000 		.long	.LASF13
 144 00ed 03        		.byte	0x3
 145 00ee 79        		.byte	0x79
 146 00ef 4B        		.byte	0x4b
 147 00f0 2400 0000 		.long	0x24
 148 00f4 0A        		.uleb128 0xa
 149 00f5 0000 0000 		.long	.LASF14
 150 00f9 03        		.byte	0x3
 151 00fa 7A        		.byte	0x7a
 152 00fb 0D        		.byte	0xd
 153 00fc 2400 0000 		.long	0x24
 154 0100 0B        		.uleb128 0xb
 155 0101 6374 7200 		.string	"ctr"
 156 0105 03        		.byte	0x3
 157 0106 7A        		.byte	0x7a
 158 0107 16        		.byte	0x16
 159 0108 2400 0000 		.long	0x24
 160 010c 0A        		.uleb128 0xa
 161 010d 0000 0000 		.long	.LASF15
 162 0111 03        		.byte	0x3
 163 0112 7A        		.byte	0x7a
 164 0113 1B        		.byte	0x1b
 165 0114 2400 0000 		.long	0x24
 166 0118 0A        		.uleb128 0xa
 167 0119 0000 0000 		.long	.LASF16
 168 011d 03        		.byte	0x3
 169 011e 7B        		.byte	0x7b
 170 011f 0D        		.byte	0xd
 171 0120 2400 0000 		.long	0x24
 172 0124 00        		.byte	0
 173 0125 0C        		.uleb128 0xc
 174 0126 02        		.byte	0x2
 175 0127 2400 0000 		.long	0x24
 176 012b 08        		.uleb128 0x8
 177 012c 01        		.byte	0x1
 178 012d 0000 0000 		.long	.LASF18
 179 0131 03        		.byte	0x3
 180 0132 3A        		.byte	0x3a
 181 0133 06        		.byte	0x6
 182 0134 01        		.byte	0x1
 183 0135 5201 0000 		.long	0x152
 184 0139 09        		.uleb128 0x9
 185 013a 0000 0000 		.long	.LASF11
 186 013e 03        		.byte	0x3
 187 013f 3A        		.byte	0x3a
 188 0140 20        		.byte	0x20
 189 0141 2501 0000 		.long	0x125
 190 0145 09        		.uleb128 0x9
 191 0146 0000 0000 		.long	.LASF12
 192 014a 03        		.byte	0x3
 193 014b 3A        		.byte	0x3a
 194 014c 2F        		.byte	0x2f
 195 014d 3E00 0000 		.long	0x3e
 196 0151 00        		.byte	0
 197 0152 08        		.uleb128 0x8
 198 0153 01        		.byte	0x1
 199 0154 0000 0000 		.long	.LASF19
 200 0158 03        		.byte	0x3
 201 0159 2D        		.byte	0x2d
 202 015a 0D        		.byte	0xd
 203 015b 01        		.byte	0x1
 204 015c 8501 0000 		.long	0x185
 205 0160 09        		.uleb128 0x9
 206 0161 0000 0000 		.long	.LASF20
 207 0165 03        		.byte	0x3
 208 0166 2D        		.byte	0x2d
 209 0167 2A        		.byte	0x2a
 210 0168 8501 0000 		.long	0x185
 211 016c 09        		.uleb128 0x9
 212 016d 0000 0000 		.long	.LASF21
 213 0171 03        		.byte	0x3
 214 0172 2D        		.byte	0x2d
 215 0173 3D        		.byte	0x3d
 216 0174 3E00 0000 		.long	0x3e
 217 0178 09        		.uleb128 0x9
 218 0179 0000 0000 		.long	.LASF22
 219 017d 03        		.byte	0x3
 220 017e 2D        		.byte	0x2d
 221 017f 4B        		.byte	0x4b
 222 0180 2400 0000 		.long	0x24
 223 0184 00        		.byte	0
 224 0185 0C        		.uleb128 0xc
 225 0186 02        		.byte	0x2
 226 0187 B600 0000 		.long	0xb6
 227 018b 08        		.uleb128 0x8
 228 018c 01        		.byte	0x1
 229 018d 0000 0000 		.long	.LASF23
 230 0191 03        		.byte	0x3
 231 0192 28        		.byte	0x28
 232 0193 0D        		.byte	0xd
 233 0194 01        		.byte	0x1
 234 0195 B201 0000 		.long	0x1b2
 235 0199 09        		.uleb128 0x9
 236 019a 0000 0000 		.long	.LASF20
 237 019e 03        		.byte	0x3
 238 019f 28        		.byte	0x28
 239 01a0 26        		.byte	0x26
 240 01a1 8501 0000 		.long	0x185
 241 01a5 09        		.uleb128 0x9
 242 01a6 0000 0000 		.long	.LASF21
 243 01aa 03        		.byte	0x3
 244 01ab 28        		.byte	0x28
 245 01ac 39        		.byte	0x39
 246 01ad 3E00 0000 		.long	0x3e
 247 01b1 00        		.byte	0
 248 01b2 0D        		.uleb128 0xd
 249 01b3 0000 0000 		.long	.LASF32
 250 01b7 04        		.byte	0x4
 251 01b8 FF        		.byte	0xff
 252 01b9 01        		.byte	0x1
 253 01ba 01        		.byte	0x1
 254 01bb F801 0000 		.long	0x1f8
 255 01bf 09        		.uleb128 0x9
 256 01c0 0000 0000 		.long	.LASF24
 257 01c4 04        		.byte	0x4
 258 01c5 FF        		.byte	0xff
 259 01c6 12        		.byte	0x12
 260 01c7 F801 0000 		.long	0x1f8
 261 01cb 0E        		.uleb128 0xe
 262 01cc 0000 0000 		.long	.LASF25
 263 01d0 04        		.byte	0x4
 264 01d1 0101      		.word	0x101
 265 01d3 09        		.byte	0x9
 266 01d4 F801 0000 		.long	0x1f8
 267 01d8 0E        		.uleb128 0xe
 268 01d9 0000 0000 		.long	.LASF26
 269 01dd 04        		.byte	0x4
 270 01de 0501      		.word	0x105
 271 01e0 0B        		.byte	0xb
 272 01e1 5800 0000 		.long	0x58
 273 01e5 0F        		.uleb128 0xf
 274 01e6 01        		.byte	0x1
 275 01e7 0000 0000 		.long	.LASF27
 276 01eb 04        		.byte	0x4
 277 01ec 0601      		.word	0x106
 278 01ee 0E        		.byte	0xe
 279 01ef 01        		.byte	0x1
 280 01f0 01        		.byte	0x1
 281 01f1 10        		.uleb128 0x10
 282 01f2 6400 0000 		.long	0x64
 283 01f6 00        		.byte	0
 284 01f7 00        		.byte	0
 285 01f8 02        		.uleb128 0x2
 286 01f9 04        		.byte	0x4
 287 01fa 04        		.byte	0x4
 288 01fb 0000 0000 		.long	.LASF28
 289 01ff 00        		.byte	0
 290               		.section	.gnu.debuglto_.debug_abbrev,"",@progbits
 291               	.Ldebug_abbrev0:
 292 0000 01        		.uleb128 0x1
 293 0001 11        		.uleb128 0x11
 294 0002 01        		.byte	0x1
 295 0003 25        		.uleb128 0x25
 296 0004 0E        		.uleb128 0xe
 297 0005 13        		.uleb128 0x13
 298 0006 0B        		.uleb128 0xb
 299 0007 03        		.uleb128 0x3
 300 0008 0E        		.uleb128 0xe
 301 0009 1B        		.uleb128 0x1b
 302 000a 0E        		.uleb128 0xe
 303 000b 10        		.uleb128 0x10
 304 000c 06        		.uleb128 0x6
 305 000d 00        		.byte	0
 306 000e 00        		.byte	0
 307 000f 02        		.uleb128 0x2
 308 0010 24        		.uleb128 0x24
 309 0011 00        		.byte	0
 310 0012 0B        		.uleb128 0xb
 311 0013 0B        		.uleb128 0xb
 312 0014 3E        		.uleb128 0x3e
 313 0015 0B        		.uleb128 0xb
 314 0016 03        		.uleb128 0x3
 315 0017 0E        		.uleb128 0xe
 316 0018 00        		.byte	0
 317 0019 00        		.byte	0
 318 001a 03        		.uleb128 0x3
 319 001b 16        		.uleb128 0x16
 320 001c 00        		.byte	0
 321 001d 03        		.uleb128 0x3
 322 001e 0E        		.uleb128 0xe
 323 001f 3A        		.uleb128 0x3a
 324 0020 0B        		.uleb128 0xb
 325 0021 3B        		.uleb128 0x3b
 326 0022 0B        		.uleb128 0xb
 327 0023 39        		.uleb128 0x39
 328 0024 0B        		.uleb128 0xb
 329 0025 49        		.uleb128 0x49
 330 0026 13        		.uleb128 0x13
 331 0027 00        		.byte	0
 332 0028 00        		.byte	0
 333 0029 04        		.uleb128 0x4
 334 002a 24        		.uleb128 0x24
 335 002b 00        		.byte	0
 336 002c 0B        		.uleb128 0xb
 337 002d 0B        		.uleb128 0xb
 338 002e 3E        		.uleb128 0x3e
 339 002f 0B        		.uleb128 0xb
 340 0030 03        		.uleb128 0x3
 341 0031 08        		.uleb128 0x8
 342 0032 00        		.byte	0
 343 0033 00        		.byte	0
 344 0034 05        		.uleb128 0x5
 345 0035 13        		.uleb128 0x13
 346 0036 01        		.byte	0x1
 347 0037 0B        		.uleb128 0xb
 348 0038 0B        		.uleb128 0xb
 349 0039 3A        		.uleb128 0x3a
 350 003a 0B        		.uleb128 0xb
 351 003b 3B        		.uleb128 0x3b
 352 003c 0B        		.uleb128 0xb
 353 003d 39        		.uleb128 0x39
 354 003e 0B        		.uleb128 0xb
 355 003f 01        		.uleb128 0x1
 356 0040 13        		.uleb128 0x13
 357 0041 00        		.byte	0
 358 0042 00        		.byte	0
 359 0043 06        		.uleb128 0x6
 360 0044 0D        		.uleb128 0xd
 361 0045 00        		.byte	0
 362 0046 03        		.uleb128 0x3
 363 0047 08        		.uleb128 0x8
 364 0048 3A        		.uleb128 0x3a
 365 0049 0B        		.uleb128 0xb
 366 004a 3B        		.uleb128 0x3b
 367 004b 0B        		.uleb128 0xb
 368 004c 39        		.uleb128 0x39
 369 004d 0B        		.uleb128 0xb
 370 004e 49        		.uleb128 0x49
 371 004f 13        		.uleb128 0x13
 372 0050 38        		.uleb128 0x38
 373 0051 0A        		.uleb128 0xa
 374 0052 00        		.byte	0
 375 0053 00        		.byte	0
 376 0054 07        		.uleb128 0x7
 377 0055 16        		.uleb128 0x16
 378 0056 00        		.byte	0
 379 0057 03        		.uleb128 0x3
 380 0058 08        		.uleb128 0x8
 381 0059 3A        		.uleb128 0x3a
 382 005a 0B        		.uleb128 0xb
 383 005b 3B        		.uleb128 0x3b
 384 005c 0B        		.uleb128 0xb
 385 005d 39        		.uleb128 0x39
 386 005e 0B        		.uleb128 0xb
 387 005f 49        		.uleb128 0x49
 388 0060 13        		.uleb128 0x13
 389 0061 00        		.byte	0
 390 0062 00        		.byte	0
 391 0063 08        		.uleb128 0x8
 392 0064 2E        		.uleb128 0x2e
 393 0065 01        		.byte	0x1
 394 0066 3F        		.uleb128 0x3f
 395 0067 0C        		.uleb128 0xc
 396 0068 03        		.uleb128 0x3
 397 0069 0E        		.uleb128 0xe
 398 006a 3A        		.uleb128 0x3a
 399 006b 0B        		.uleb128 0xb
 400 006c 3B        		.uleb128 0x3b
 401 006d 0B        		.uleb128 0xb
 402 006e 39        		.uleb128 0x39
 403 006f 0B        		.uleb128 0xb
 404 0070 27        		.uleb128 0x27
 405 0071 0C        		.uleb128 0xc
 406 0072 01        		.uleb128 0x1
 407 0073 13        		.uleb128 0x13
 408 0074 00        		.byte	0
 409 0075 00        		.byte	0
 410 0076 09        		.uleb128 0x9
 411 0077 05        		.uleb128 0x5
 412 0078 00        		.byte	0
 413 0079 03        		.uleb128 0x3
 414 007a 0E        		.uleb128 0xe
 415 007b 3A        		.uleb128 0x3a
 416 007c 0B        		.uleb128 0xb
 417 007d 3B        		.uleb128 0x3b
 418 007e 0B        		.uleb128 0xb
 419 007f 39        		.uleb128 0x39
 420 0080 0B        		.uleb128 0xb
 421 0081 49        		.uleb128 0x49
 422 0082 13        		.uleb128 0x13
 423 0083 00        		.byte	0
 424 0084 00        		.byte	0
 425 0085 0A        		.uleb128 0xa
 426 0086 34        		.uleb128 0x34
 427 0087 00        		.byte	0
 428 0088 03        		.uleb128 0x3
 429 0089 0E        		.uleb128 0xe
 430 008a 3A        		.uleb128 0x3a
 431 008b 0B        		.uleb128 0xb
 432 008c 3B        		.uleb128 0x3b
 433 008d 0B        		.uleb128 0xb
 434 008e 39        		.uleb128 0x39
 435 008f 0B        		.uleb128 0xb
 436 0090 49        		.uleb128 0x49
 437 0091 13        		.uleb128 0x13
 438 0092 00        		.byte	0
 439 0093 00        		.byte	0
 440 0094 0B        		.uleb128 0xb
 441 0095 34        		.uleb128 0x34
 442 0096 00        		.byte	0
 443 0097 03        		.uleb128 0x3
 444 0098 08        		.uleb128 0x8
 445 0099 3A        		.uleb128 0x3a
 446 009a 0B        		.uleb128 0xb
 447 009b 3B        		.uleb128 0x3b
 448 009c 0B        		.uleb128 0xb
 449 009d 39        		.uleb128 0x39
 450 009e 0B        		.uleb128 0xb
 451 009f 49        		.uleb128 0x49
 452 00a0 13        		.uleb128 0x13
 453 00a1 00        		.byte	0
 454 00a2 00        		.byte	0
 455 00a3 0C        		.uleb128 0xc
 456 00a4 0F        		.uleb128 0xf
 457 00a5 00        		.byte	0
 458 00a6 0B        		.uleb128 0xb
 459 00a7 0B        		.uleb128 0xb
 460 00a8 49        		.uleb128 0x49
 461 00a9 13        		.uleb128 0x13
 462 00aa 00        		.byte	0
 463 00ab 00        		.byte	0
 464 00ac 0D        		.uleb128 0xd
 465 00ad 2E        		.uleb128 0x2e
 466 00ae 01        		.byte	0x1
 467 00af 03        		.uleb128 0x3
 468 00b0 0E        		.uleb128 0xe
 469 00b1 3A        		.uleb128 0x3a
 470 00b2 0B        		.uleb128 0xb
 471 00b3 3B        		.uleb128 0x3b
 472 00b4 0B        		.uleb128 0xb
 473 00b5 39        		.uleb128 0x39
 474 00b6 0B        		.uleb128 0xb
 475 00b7 27        		.uleb128 0x27
 476 00b8 0C        		.uleb128 0xc
 477 00b9 01        		.uleb128 0x1
 478 00ba 13        		.uleb128 0x13
 479 00bb 00        		.byte	0
 480 00bc 00        		.byte	0
 481 00bd 0E        		.uleb128 0xe
 482 00be 34        		.uleb128 0x34
 483 00bf 00        		.byte	0
 484 00c0 03        		.uleb128 0x3
 485 00c1 0E        		.uleb128 0xe
 486 00c2 3A        		.uleb128 0x3a
 487 00c3 0B        		.uleb128 0xb
 488 00c4 3B        		.uleb128 0x3b
 489 00c5 05        		.uleb128 0x5
 490 00c6 39        		.uleb128 0x39
 491 00c7 0B        		.uleb128 0xb
 492 00c8 49        		.uleb128 0x49
 493 00c9 13        		.uleb128 0x13
 494 00ca 00        		.byte	0
 495 00cb 00        		.byte	0
 496 00cc 0F        		.uleb128 0xf
 497 00cd 2E        		.uleb128 0x2e
 498 00ce 01        		.byte	0x1
 499 00cf 3F        		.uleb128 0x3f
 500 00d0 0C        		.uleb128 0xc
 501 00d1 03        		.uleb128 0x3
 502 00d2 0E        		.uleb128 0xe
 503 00d3 3A        		.uleb128 0x3a
 504 00d4 0B        		.uleb128 0xb
 505 00d5 3B        		.uleb128 0x3b
 506 00d6 05        		.uleb128 0x5
 507 00d7 39        		.uleb128 0x39
 508 00d8 0B        		.uleb128 0xb
 509 00d9 27        		.uleb128 0x27
 510 00da 0C        		.uleb128 0xc
 511 00db 3C        		.uleb128 0x3c
 512 00dc 0C        		.uleb128 0xc
 513 00dd 00        		.byte	0
 514 00de 00        		.byte	0
 515 00df 10        		.uleb128 0x10
 516 00e0 05        		.uleb128 0x5
 517 00e1 00        		.byte	0
 518 00e2 49        		.uleb128 0x49
 519 00e3 13        		.uleb128 0x13
 520 00e4 00        		.byte	0
 521 00e5 00        		.byte	0
 522 00e6 00        		.byte	0
 523               		.section	.gnu.debuglto_.debug_line,"",@progbits
 524               	.Ldebug_line0:
 525 0000 1F01 0000 		.long	.LELT0-.LSLT0
 526               	.LSLT0:
 527 0004 0200      		.word	0x2
 528 0006 1901 0000 		.long	.LELTP0-.LASLTP0
 529               	.LASLTP0:
 530 000a 01        		.byte	0x1
 531 000b 01        		.byte	0x1
 532 000c F6        		.byte	0xf6
 533 000d F2        		.byte	0xf2
 534 000e 0D        		.byte	0xd
 535 000f 00        		.byte	0
 536 0010 01        		.byte	0x1
 537 0011 01        		.byte	0x1
 538 0012 01        		.byte	0x1
 539 0013 01        		.byte	0x1
 540 0014 00        		.byte	0
 541 0015 00        		.byte	0
 542 0016 00        		.byte	0
 543 0017 01        		.byte	0x1
 544 0018 00        		.byte	0
 545 0019 00        		.byte	0
 546 001a 01        		.byte	0x1
 547 001b 633A 5C75 		.ascii	"c:\\users\\nonej\\documents\\keyboard\\msys64\\home\\nonej\\"
 547      7365 7273 
 547      5C6E 6F6E 
 547      656A 5C64 
 547      6F63 756D 
 548 004f 716D 6B5F 		.ascii	"qmk_utils\\avr8-gnu-toolchain\\avr\\include"
 548      7574 696C 
 548      735C 6176 
 548      7238 2D67 
 548      6E75 2D74 
 549 0077 00        		.byte	0
 550 0078 633A 5C75 		.ascii	"c:\\users\\nonej\\documents\\keyboard\\msys64\\home\\nonej\\"
 550      7365 7273 
 550      5C6E 6F6E 
 550      656A 5C64 
 550      6F63 756D 
 551 00ac 716D 6B5F 		.ascii	"qmk_utils\\avr8-gnu-toolchain\\avr\\include\\util"
 551      7574 696C 
 551      735C 6176 
 551      7238 2D67 
 551      6E75 2D74 
 552 00d9 00        		.byte	0
 553 00da 6472 6976 		.ascii	"drivers/avr"
 553      6572 732F 
 553      6176 72
 554 00e5 00        		.byte	0
 555 00e6 7175 616E 		.ascii	"quantum"
 555      7475 6D
 556 00ed 00        		.byte	0
 557 00ee 00        		.byte	0
 558 00ef 7374 6469 		.string	"stdint.h"
 558      6E74 2E68 
 558      00
 559 00f8 01        		.uleb128 0x1
 560 00f9 00        		.uleb128 0
 561 00fa 00        		.uleb128 0
 562 00fb 636F 6C6F 		.string	"color.h"
 562      722E 6800 
 563 0103 04        		.uleb128 0x4
 564 0104 00        		.uleb128 0
 565 0105 00        		.uleb128 0
 566 0106 7773 3238 		.string	"ws2812.c"
 566      3132 2E63 
 566      00
 567 010f 03        		.uleb128 0x3
 568 0110 00        		.uleb128 0
 569 0111 00        		.uleb128 0
 570 0112 7574 696C 		.string	"util\\delay.h"
 570      5C64 656C 
 570      6179 2E68 
 570      00
 571 011f 01        		.uleb128 0x1
 572 0120 00        		.uleb128 0
 573 0121 00        		.uleb128 0
 574 0122 00        		.byte	0
 575               	.LELTP0:
 576               	.LELT0:
 577               		.section	.gnu.debuglto_.debug_str,"MS",@progbits,1
 578               	.LASF21:
 579 0000 6C65 6473 		.string	"leds"
 579      00
 580               	.LASF20:
 581 0005 6C65 6461 		.string	"ledarray"
 581      7272 6179 
 581      00
 582               	.LASF4:
 583 000e 756E 7369 		.string	"unsigned int"
 583      676E 6564 
 583      2069 6E74 
 583      00
 584               	.LASF24:
 585 001b 5F5F 7573 		.string	"__us"
 585      00
 586               	.LASF27:
 587 0020 5F5F 6275 		.string	"__builtin_avr_delay_cycles"
 587      696C 7469 
 587      6E5F 6176 
 587      725F 6465 
 587      6C61 795F 
 588               	.LASF23:
 589 003b 7773 3238 		.string	"ws2812_setleds"
 589      3132 5F73 
 589      6574 6C65 
 589      6473 00
 590               	.LASF11:
 591 004a 6461 7461 		.string	"data"
 591      00
 592               	.LASF18:
 593 004f 7773 3238 		.string	"ws2812_sendarray"
 593      3132 5F73 
 593      656E 6461 
 593      7272 6179 
 593      00
 594               	.LASF1:
 595 0060 756E 7369 		.string	"unsigned char"
 595      676E 6564 
 595      2063 6861 
 595      7200 
 596               	.LASF22:
 597 006e 7069 6E6D 		.string	"pinmask"
 597      6173 6B00 
 598               	.LASF7:
 599 0076 6C6F 6E67 		.string	"long unsigned int"
 599      2075 6E73 
 599      6967 6E65 
 599      6420 696E 
 599      7400 
 600               	.LASF31:
 601 0088 433A 5C55 		.string	"C:\\Users\\nonej\\Documents\\Keyboard\\msys64\\home\\nonej\\qmk_firmware"
 601      7365 7273 
 601      5C6E 6F6E 
 601      656A 5C44 
 601      6F63 756D 
 602               	.LASF14:
 603 00c9 6375 7262 		.string	"curbyte"
 603      7974 6500 
 604               	.LASF28:
 605 00d1 646F 7562 		.string	"double"
 605      6C65 00
 606               	.LASF13:
 607 00d8 6D61 736B 		.string	"maskhi"
 607      6869 00
 608               	.LASF25:
 609 00df 5F5F 746D 		.string	"__tmp"
 609      7000 
 610               	.LASF19:
 611 00e5 7773 3238 		.string	"ws2812_setleds_pin"
 611      3132 5F73 
 611      6574 6C65 
 611      6473 5F70 
 611      696E 00
 612               	.LASF30:
 613 00f8 6472 6976 		.string	"drivers/avr/ws2812.c"
 613      6572 732F 
 613      6176 722F 
 613      7773 3238 
 613      3132 2E63 
 614               	.LASF32:
 615 010d 5F64 656C 		.string	"_delay_us"
 615      6179 5F75 
 615      7300 
 616               	.LASF9:
 617 0117 6C6F 6E67 		.string	"long long unsigned int"
 617      206C 6F6E 
 617      6720 756E 
 617      7369 676E 
 617      6564 2069 
 618               	.LASF2:
 619 012e 7569 6E74 		.string	"uint8_t"
 619      385F 7400 
 620               	.LASF15:
 621 0136 6D61 736B 		.string	"masklo"
 621      6C6F 00
 622               	.LASF12:
 623 013d 6461 746C 		.string	"datlen"
 623      656E 00
 624               	.LASF8:
 625 0144 6C6F 6E67 		.string	"long long int"
 625      206C 6F6E 
 625      6720 696E 
 625      7400 
 626               	.LASF16:
 627 0152 7372 6567 		.string	"sreg_prev"
 627      5F70 7265 
 627      7600 
 628               	.LASF26:
 629 015c 5F5F 7469 		.string	"__ticks_dc"
 629      636B 735F 
 629      6463 00
 630               	.LASF3:
 631 0167 7569 6E74 		.string	"uint16_t"
 631      3136 5F74 
 631      00
 632               	.LASF17:
 633 0170 7773 3238 		.string	"ws2812_sendarray_mask"
 633      3132 5F73 
 633      656E 6461 
 633      7272 6179 
 633      5F6D 6173 
 634               	.LASF6:
 635 0186 7569 6E74 		.string	"uint32_t"
 635      3332 5F74 
 635      00
 636               	.LASF5:
 637 018f 6C6F 6E67 		.string	"long int"
 637      2069 6E74 
 637      00
 638               	.LASF10:
 639 0198 6352 4742 		.string	"cRGB"
 639      00
 640               	.LASF29:
 641 019d 474E 5520 		.string	"GNU C99 8.3.0 -mn-flash=1 -mno-skip-bug -mmcu=avr5 -gdwarf-2 -Os -std=gnu99 -funsigned-ch
 641      4339 3920 
 641      382E 332E 
 641      3020 2D6D 
 641      6E2D 666C 
 642               	.LASF0:
 643 0285 7369 676E 		.string	"signed char"
 643      6564 2063 
 643      6861 7200 
 644               		.text
 645               		.section	.gnu.lto_.profile.54aff923,"",@progbits
 646 0000 789C 6367 		.string	"x\234cg`\004B "
 646      6004 4220 
 646      00
 647 0009 00        		.string	""
 648 000a 00        		.string	""
 649 000b 5400      		.string	"T"
 650 000d 0A        		.ascii	"\n"
 651               		.text
 652               		.section	.gnu.lto_.icf.54aff923,"",@progbits
 653 0000 789C 6367 		.string	"x\234cg`d\220b@"
 653      6064 9062 
 653      4000 
 654 000a 1686 D659 		.string	"\026\206\326Y\247_r0\376yvu\035\023S\347\371\253s\371\230\301$\003"
 654      A75F 7230 
 654      FE79 7675 
 654      1D13 53E7 
 654      F9AB 73F9 
 655 0023 A837 0C1F 		.ascii	"\2507\f\037"
 656               		.text
 657               		.section	.gnu.lto_.jmpfuncs.54aff923,"",@progbits
 658 0000 789C 8D4E 		.ascii	"x\234\215N;\n\302P\020\234\331\rI@\364\004\271\220\227\212\225"
 658      3B0A C250 
 658      109C D90D 
 658      4940 F404 
 658      B990 978A 
 659 0015 62A7 96AF 		.ascii	"b\247\226\257\263\363\020Q\260\364\n^\303X\033gC\024\223\312"
 659      B3F3 1051 
 659      B0F4 0A5E 
 659      C358 1B67 
 659      4314 93CA 
 660 0029 07F3 5886 		.ascii	"\007\363X\206\371\025 *\342\37328\311b\225\034\002\005c\3170"
 660      F915 202A 
 660      E2FB 3238 
 660      C962 951C 
 660      0205 63CF 
 661 003e B97F 18E3 		.ascii	"\271\177\030\343\301\331\274\236\273\371\326\223g<\346lX\201"
 661      C1D9 BC9E 
 661      BBF9 D693 
 661      673C E66C 
 661      5881 
 662 0050 57EA D407 		.ascii	"W\352\324\007\344V+,\b\b]\347\260\245<\353\307\375\264\b\017"
 662      E456 2B2C 
 662      0808 5DE7 
 662      B0A5 3CEB 
 662      C7FD B408 
 663 0065 157A A68A 		.ascii	"\025z\246\212G\222\332~<\204z$S\257\300H\234\3129\256\210U\267"
 663      4792 DA7E 
 663      3C84 7A24 
 663      53AF C048 
 663      9CCA 39AE 
 664 007c 76B3 9F45 		.ascii	"v\263\237E\203\261\344e\030U\366\233|\210\303\277q\023?\336$"
 664      83B1 E465 
 664      1855 F69B 
 664      7C88 C3BF 
 664      7113 3FDE 
 665 0091 AE3B D7   		.ascii	"\256;\327"
 666               		.text
 667               		.section	.gnu.lto_.inline.54aff923,"",@progbits
 668 0000 789C 6367 		.string	"x\234cg`d\270\315\200"
 668      6064 B8CD 
 668      8000 
 669 000a 2C0C 0C8A 		.string	",\f\f\212\r@\300\222\316\310\304\304\301\310\300\300("
 669      0D40 C092 
 669      CEC8 C4C4 
 669      C1C8 C0C0 
 669      2800 
 670 001c 2498 AD80 		.string	"$\230\255\200B\013\330\323\030\030\330\300\222\311L\f@\bf&\001\265p"
 670      420B D8D3 
 670      1818 D8C0 
 670      92C9 4C0C 
 670      4008 6626 
 671 0034 3532 32F0 		.string	"522\360\374\007\002\2264FF\210\026\260J\266d\034Z@:\030\301\332Xx\201\024\363\004?\020db`
 671      FC07 0296 
 671      3446 4688 
 671      16B0 4AB6 
 671      641C 5A40 
 672 0073 9834 2FB1 		.ascii	"\2304/\261"
 673               		.text
 674               		.section	.gnu.lto_.pureconst.54aff923,"",@progbits
 675 0000 789C 6367 		.string	"x\234cg`d\340e```a\330\305\3128\213\205i\006\013\363\f\026"
 675      6064 E065 
 675      6060 6061 
 675      D8C5 CA38 
 675      8B85 6906 
 676 0019 1342 02B5 		.ascii	"\023B\002\265"
 677               		.text
 678               		.section	.gnu.lto_ws2812_sendarray_mask.54aff923,"",@progbits
 679 0000 789C 8555 		.string	"x\234\205UoL\225e\024\177\316\373\274\357\375\177E\220\\:Ywl2\247N\021\333\3046[\365\251>
 679      6F4C 9565 
 679      147F CEFB 
 679      BCEF FD7F 
 679      4590 5C3A 
 680 009a 9FE9 3610 		.string	"\237\3516\020k\025\251j\260VQ\005D"
 680      6B15 A96A 
 680      B056 5105 
 680      4400 
 681 00a8 1E3D 92E6 		.ascii	"\036=\222\346\037\301_\265\374\\B\364\336\366\353\356\271{\021"
 681      1FC1 5FB5 
 681      FC5C 42F4 
 681      DEF6 EBEE 
 681      B97B 11
 682 00bb A247 4277 		.ascii	"\242GBw\254_\352\335\272\254G\203/L#\f\341\b\314E\303\256\276"
 682      AC5F EADD 
 682      BAAC 4783 
 682      2F4C 230C 
 682      E108 CC45 
 683 00d2 ED4D 29EB 		.ascii	"\355M)\353\361\f@\301mO\337\215\230\215\266\nL\305mK\254\363"
 683      F10C 40C1 
 683      6D4F DF8D 
 683      988D B60A 
 683      4CC5 6D4B 
 684 00e8 28C8 E741 		.ascii	"(\310\347A\240\334~zW\217sN\223\256\227\351\221\341\267uW\275"
 684      A0DC 7E7A 
 684      578F 734E 
 684      93AE 97E9 
 684      91E1 B775 
 685 00fe 94D0 0612 		.ascii	"\224\320\006\022\031\341\007\230\005Ga\226\020\250\313\350\006"
 685      19E1 0798 
 685      0547 6196 
 685      10A8 CBE8 
 685      06
 686 010f 01C7 600E 		.ascii	"\001\307`\016\"z;\327?t\313lFo\2166\264\330L\364\300;\204V1\352"
 686      227A 3BD7 
 686      3F74 CB6C 
 686      466F 8E36 
 686      B4D8 4CF4 
 687 0129 64B4 9A31 		.ascii	"d\264\2321\200\350vF\017o\352\r\245\310%\214\036\353\350\256"
 687      80E8 7646 
 687      0F6F EA0D 
 687      A5C8 258C 
 687      1EEB E8AE 
 688 013d B1C7 D133 		.ascii	"\261\307\3213\326\351\021\250\227\032\0347\360\213gA6\243\265"
 688      D6E9 11A8 
 688      971A 1C37 
 688      F08B 6741 
 688      36A3 B5
 689 0150 8C11 4477 		.ascii	"\214\021Dw\300\034A\230\177\266\235\030\264\313\227\r\357\367"
 689      C01C 4198 
 689      7FB6 9D18 
 689      B4CB 970D 
 689      EFF7 
 690 0162 2A1B 5D59 		.ascii	"*\033]Y\215\214\277\274kf\273\256\327\351*Q\234x\202B\210\214"
 690      8D8C BFBC 
 690      6B66 BBAE 
 690      D7E9 2A51 
 690      9C78 8242 
 691 0178 3A85 EC0F 		.ascii	":\205\354\017t\217\375\345\224\25736v\247-\3460\261\027vM\357"
 691      748F FDE5 
 691      94AF 3336 
 691      76A7 2DE6 
 691      30B1 1776 
 692 018e 4860 4F25 		.ascii	"H`O%ck\030[~88\244\3107\031[\035\216\016L1\261\321\327\364\032"
 692      636B 185B 
 692      7E38 38A4 
 692      C837 195B 
 692      1D8E 0E4C 
 693 01a8 5D21 E08F 		.ascii	"]!\340\217\311@\235\201\203\207w\036q\311\267\0308xq_{<\340["
 693      C940 9D81 
 693      8387 771E 
 693      71C9 B718 
 693      3878 715F 
 694 01c0 AFC6 813F 		.ascii	"\257\306\201?%\003\243l|u\377\370\026\267E\205\237!\013\272\360"
 694      2503 A36C 
 694      7C75 FFF8 
 694      16B7 4585 
 694      9F21 0BBA 
 695 01d5 D789 BF93 		.ascii	"\327\211\277\223\220e6\033~\241i\023\342\251\363\326\036-\242"
 695      9065 361B 
 695      7EA1 6913 
 695      E2A9 F3D6 
 695      1E2D A2
 696 01e8 8F3F AAD2 		.ascii	"\217?\252\322#g^h\351\270|H\231\016XD\213B\213\304\305\252\222"
 696      2367 5E68 
 696      E9B8 7C48 
 696      990E 5844 
 696      8B42 8BC4 
 697 01ff A4D1 62E1 		.ascii	"\244\321b\341\226Z\27156\240\022;\004\3218\311\314\3055w\013"
 697      965A B935 
 697      36A0 123B 
 697      04D1 38C9 
 697      CCC5 3577 
 698 0214 E24C 0132 		.ascii	"\342L\0012\234\nd\230\312\346i\f\235&\310{\272 \377BTH\361\367"
 698      9C0A 6498 
 698      CAE6 690C 
 698      9D26 C87B 
 698      BA20 FF42 
 699 022c 83BD B9A0 		.ascii	"\203\275\271\240GD\245TX,\217\210a\320w\337\254\3258^\222\377"
 699      4744 A554 
 699      582C 8F88 
 699      61D0 77DF 
 699      ACD5 385E 
 700 0242 4C49 880F 		.ascii	"LI\210\017\rq\004\312\306\252F\331\"$!$m\244\251\253\002C\241"
 700      0D71 04CA 
 700      C6AA 46D9 
 700      2224 2124 
 700      6DA4 A9AB 
 701 0259 A00E 15C7 		.ascii	"\240\016\025\307\267n\250\266\032\032\272\t\301\332\317\276\341"
 701      B76E A8B6 
 701      1A1A BA09 
 701      C1DA CFBE 
 701      E1
 702 026a 01B7 71AD 		.ascii	"\001\267q\255\256]\n\367M1\266\363p\273g\354\273!\330\003\341"
 702      AE5D 0AF7 
 702      4D31 B6F3 
 702      70BB 67EC 
 702      BB21 D803 
 703 027f E0BA A0EE 		.ascii	"\340\272\240\356\251\227v8\203\303x\232\206\021~E\275\341\321"
 703      A997 7638 
 703      83C3 789A 
 703      8611 7E45 
 703      BDE1 D1
 704 0292 E457 9110 		.ascii	"\344W\221\020\025\345[\023!h\354T5\254\272\244\241t\240\036\203"
 704      15E5 5B13 
 704      2168 EC54 
 704      35AC BAA4 
 704      A174 A01E 
 705 02a7 2EF3 D096 		.ascii	".\363\320\226\212\204*N\"\274Y3\263\300\020\357\233\326\316\377"
 705      8A84 2A4E 
 705      22BC 5933 
 705      B3C0 10EF 
 705      9BD6 CEFF 
 706 02bb 0FA2 DB08 		.ascii	"\017\242\333\b\242|S\202\336\205i#\354\261\007\254=j\331\303"
 706      A27C 5382 
 706      DE85 6923 
 706      ECB1 07AC 
 706      3D6A D9C3 
 707 02cf D793 7970 		.ascii	"\327\223yp\223\207\376\273\345N#\353+T\205\321#\343\215n\323"
 707      9387 FEBB 
 707      E54E 23EB 
 707      2B54 85D1 
 707      23E3 8D6E 
 708 02e4 6343 13B5 		.ascii	"cC\023\265\335\016g\023N{\310)\3627|\312\016NR\nnv\320b:\030"
 708      DD0E 6713 
 708      4E7B C829 
 708      F237 7CCA 
 708      0E4E 520A 
 709 02fe 8560 260B 		.ascii	"\205`&\0138X\357\"\337Pkw\2773\363\203\006\275\016\343w\220\207"
 709      3858 EF22 
 709      DF50 6B77 
 709      BF33 F383 
 709      06BD 0EE3 
 710 0315 C69B 6D7B 		.ascii	"\306\233m{4UA\203\337 \023\327s\2402\303\376t\003\207\215\227"
 710      3455 4183 
 710      DF20 13D7 
 710      73A0 32C3 
 710      FE74 0387 
 711 032b B515 BD9D 		.ascii	"\265\025\275\2352\336\371\203\233g\230\261\227\177_Yo60-$-4\353"
 711      32DE F983 
 711      9B67 98B1 
 711      977F 5F59 
 711      6F36 302D 
 712 0343 8964 8F51 		.ascii	"\211d\217Q\262iT\360\255\033\352\315.L\233\330e\311]>X\326\034"
 712      B269 54F0 
 712      AD1B EACD 
 712      2E4C 9BD8 
 712      65C9 5D3E 
 713 035a E28A E2FB 		.ascii	"\342\212\342\373\327p\200\362\323\210\351<\247w!\236^\0237\226"
 713      D770 80F2 
 713      D388 E93C 
 713      A777 219E 
 713      5E13 3796 
 714 036e 0613 4938 		.ascii	"\006\023I8\210cf\020\243P\301\371\251xoV _\333\276\365c\366\314"
 714      8863 6610 
 714      A350 C1F9 
 714      A978 6F56 
 714      205F DBBE 
 715 0386 BB8A 91   		.ascii	"\273\212\221"
 716 0389 A093 5CDC 		.string	"\240\223\\\334\254\332x>\205\023\354\245\004Q\323tn\377n\0055\320\0078*\351xr\021T\324\37
 716      ACDA 783E 
 716      8513 ECA5 
 716      0451 D374 
 716      6EFF 6E05 
 717 048a 73EC E9F1 		.ascii	"s\354\351\361\003\346\305\262=W\340/\\\355\365\007\026\346\255"
 717      03E6 C5B2 
 717      3D57 E02F 
 717      5CED F507 
 717      16E6 AD
 718 049d F62F FC24 		.ascii	"\366/\374$\220\223\273(gA\276P\013\362J\363\322\342\333\005\271"
 718      9093 BB28 
 718      6741 BE50 
 718      0BF2 4AF3 
 718      D2E2 DB05 
 719 04b2 DEA5 4BB3 		.ascii	"\336\245K\263\363r\n\204\005\365>\357JKQ^\340\343\025\205\366"
 719      F372 0A84 
 719      05F5 3EEF 
 719      4A4B 515E 
 719      E0E3 1585 
 720 04c7 80DF FBE1 		.ascii	"\200\337\373\341\373%~\357jV\370\212e~\251\337\232\277\312\277"
 720      FB25 7EEF 
 720      6A56 F88A 
 720      657E A9DF 
 720      9ABF CABF 
 721 04db 7C4D A957 		.ascii	"|M\251W\315\367\025\nk\221\267\250\330\277FlP<\306\347+(\304"
 721      CDF7 150A 
 721      6B91 B7A8 
 721      D8BF 466C 
 721      503C C6E7 
 722 04f2 7576 F6FC 		.ascii	"uv\366\374\\\217\307a\367\025\027\227\314^\366\222g\302\347\260"
 722      5C8F C761 
 722      F715 1797 
 722      CC5E F692 
 722      67C2 E7B0 
 723 0506 9B42 F1AA 		.ascii	"\233B\361\252R\262\314\231?{1*W\026\227\304\317\375\037\025\225"
 723      52B2 CC99 
 723      3F7B 312A 
 723      5716 97C4 
 723      CFFD 1F15 
 724 051b 7816 CCCB 		.ascii	"x\026\314\313~l\032X\356\017\240\351\242\371K&\305\277\370X\351"
 724      7E6C 1A58 
 724      EE0F A0E9 
 724      A2F9 4B26 
 724      C5BF F858 
 725 0530 0BF8 48B9 		.ascii	"\013\370H\271\310`\232\234trqR\326\247\317\013\274\371\234\337"
 725      C860 9A9C 
 725      7472 7152 
 725      D6A7 CF0B 
 725      BCF9 9CDF 
 726 0544 13A9 2CF7 		.ascii	"\023\251,\367\257\364\242oN\326a\027\352\262\254\002\241\370"
 726      AFF4 A26F 
 726      4ED6 6117 
 726      EAB2 AC02 
 726      A1F8 
 727 0556 85F2 86F8 		.ascii	"\205\362\206\370\017\374h\271\214"
 727      0FFC 68B9 
 727      8C
 728               		.text
 729               		.section	.gnu.lto_ws2812_setleds_pin.54aff923,"",@progbits
 730 0000 789C 7D94 		.string	"x\234}\224\377O\023g\034\307\237\317=w\355Q(\032\223-na\246M\026B0\242cn\201\375\260\270?
 730      FF4F 1367 
 730      1CC7 9FCF 
 730      3D77 ED51 
 730      281A 932D 
 731 0082 DC92 990A 		.string	"\334\222\231\nd\217\004{\340C\332A\341\311\323C\277;\253\217\343\033fd\317\276\226d\231\3
 731      648F 047B 
 731      E043 DA41 
 731      E1C9 D343 
 731      BF3B AB8F 
 732 00b5 12BA 53D3 		.ascii	"\022\272S\323\367\377R\271+\301Zt\273\347\276\234\261\321\365"
 732      F7FF 52B9 
 732      2BC1 5A74 
 732      BBE7 BE9C 
 732      B1D1 F5
 733 00c8 40D0 FEB3 		.ascii	"@\320\376\263\343\263I[\3251\306R\314\310\277\315\312r\224\302"
 733      E3B3 495B 
 733      D531 C652 
 733      CCC8 BFCD 
 733      CA72 94C2 
 734 00dc 05A0 1811 		.ascii	"\005\240\030\021\316C\005\234\203\nBp\315=+\021\030\201*$\006"
 734      CE43 059C 
 734      830A 4270 
 734      CD3D 2B11 
 734      1881 2A24 
 735 00f1 3BEE DE06 		.ascii	";\356\336\006\272U\320\335]\373\332K,z\341\035N\313`\374\207"
 735      BA55 D0DD 
 735      5DFB DA4B 
 735      2C7A E11D 
 735      4ECB 60FC 
 736 0106 96DD 0B48 		.ascii	"\226\335\013H\217\n\372\356\203\374e\205\326\013zh\352\352\005"
 736      8F0A FAEE 
 736      83FC 6585 
 736      D60B 7A68 
 736      EAEA 05
 737 0119 6AD1 BFBC 		.ascii	"j\321\277\274\220f\006\344\250\002c&\377j\005l\021\264\342\376"
 737      9066 06E4 
 737      A802 6326 
 737      FF6A 056C 
 737      11B4 E2FE 
 738 012d 1BE9 6FA0 		.ascii	"\033\351o\240\212p\346\336\320R\227\323&[%\303\267`\303&\022"
 738      8A70 E6DE 
 738      D052 97D3 
 738      265B 25C3 
 738      B760 C326 
 739 0142 727A 4A31 		.ascii	"rzJ1\330\322r+3\346^\374\344\335R@\316&\361\007\305\207]\001"
 739      D8D2 722B 
 739      33E6 5EFC 
 739      E4DD 5240 
 739      CE26 F107 
 740 015a CEDB 81E7 		.ascii	"\316\333\201\347\240\002\257\203\220\f%)l\243\f\314 -TJ\n\273"
 740      A002 AF83 
 740      900C 2529 
 740      6CA3 0CCC 
 740      202D 544A 
 741 0170 D920 73C0 		.ascii	"\331 s\300\216.W\213\300\017`\354\343\266\231\022ng)\340\341"
 741      8E2E 578B 
 741      C00F 60EC 
 741      E3B6 9912 
 741      6E67 29E0 
 742 0185 C9FD ED27 		.ascii	"\311\375\355'E[U\263\372\371\356\023\262\351\362\246\267\366"
 742      455B 55B3 
 742      FAF9 EE13 
 742      B2E9 F2A6 
 742      B7F6 
 743 0197 B4F4 D17E 		.ascii	"\264\364\321~\350M\246\223\314\225\243%p\021[\360\035o\001\\"
 743      E84D A693 
 743      CC95 A325 
 743      7011 5BF0 
 743      1D6F 015C 
 744 01ab 827E C070 		.ascii	"\202~\300p\315\007Z\301\214&a\300,U\370\021w>\022k\377\037`\034"
 744      CD07 5AC1 
 744      8C26 61C0 
 744      2C55 F811 
 744      773E 126B 
 745 01c3 0320 25B2 		.ascii	"\003 %\262\033\330he\327\374y\213\025\216f\251\035\003d\376\230"
 745      1BD8 6865 
 745      D7FC 798B 
 745      158E 66A9 
 745      1D03 64FE 
 746 01d8 1928 E709 		.ascii	"\031(\347\t\311\200\032@p\036Z\\b3\317\366\370\225\345\2224\244"
 746      C980 1A40 
 746      701E 5A5C 
 746      6233 CFF6 
 746      F895 E592 
 747 01ee 926A 8E3A 		.ascii	"\222j\216::)v\r."
 747      3A29 760D 
 747      2E
 748 01f7 431A 4896 		.string	"C\032H\226\252\"\200\222\243\245\"\376\031*\2209H\271\254\304\036\037\311,RSN2\2727\017/_
 748      AA22 8092 
 748      A3A5 22FE 
 748      192A 9039 
 748      48B9 ACC4 
 749 02f8 D3D8 0522 		.ascii	"\323\330\005\"\236\\\001_\367I\005\373\314\313\005\363\374\212"
 749      9E5C 015F 
 749      F749 05FB 
 749      CCCB 05F3 
 749      FC8A 
 750 030a 99EA D9CE 		.ascii	"\231\352\331\316-\036\002"
 750      2D1E 02
 751 0311 0366 CF5E 		.string	"\003f\317^<]f\215\301Q<\206\031s\fG\007\372i\001\376@\300y\001\017/=\331/\264\344\204\036
 751      3C5D 668D 
 751      C151 3C86 
 751      1973 0C47 
 751      07FA 6901 
 752 0412 0E25 F730 		.ascii	"\016%\3670"
 753               		.text
 754               		.section	.gnu.lto_ws2812_setleds.54aff923,"",@progbits
 755 0000 789C 6550 		.string	"x\234eP9K\003a\020\235\267\263\331\254\027\212 XD\320.\244\360\b\n\261\363G\b\326\301\244
 755      394B 0361 
 755      109D B7B3 
 755      D9AC 178A 
 755      2058 44D0 
 756 00b8 8B22 F611 		.string	"\213\"\366\021\300\036\002DRk\22118DP\030\353\271\273[p\247\307\236\237\235\236\251\370e_
 756      C01E 0244 
 756      526B 9131 
 756      3844 5018 
 756      EBB9 BB5B 
 757 0118 B5F8 12F2 		.ascii	"\265\370\022\362D\236\221m\366\200\273\327\352E\271\"\215T\322"
 757      449E 916D 
 757      F680 BBD7 
 757      EA45 B922 
 757      8D54 D2
 758 012b B4D9 9767 		.ascii	"\264\331\227g\321\307\t\322\240\002k\005v\215<{\317\316T\271"
 758      D1C7 09D2 
 758      A002 6B05 
 758      768D 3C7B 
 758      CFCE 54B9 
 759 013f 8E18 3071 		.ascii	"\216\0300q\212\200\315~zEj\341\255\322\223p_\206\3613F#j\210"
 759      8A80 CD7E 
 759      7A45 6AE1 
 759      ADD2 9370 
 759      5F86 F133 
 760 0157 5903 4371 		.ascii	"Y\003Cq+\321\026\035\262\332\206\023\341HG\270\265\237\314\301"
 760      2BD1 161D 
 760      B2DA 8613 
 760      E148 47B8 
 760      B59F CCC1 
 761 016b 782C 6A59 		.ascii	"x,jY\321\221\372\277Rk$\336\335\335\036\r\307H\227^\342\033 "
 761      D191 FABF 
 761      526B 24DE 
 761      DDDD 1E0D 
 761      C748 975E 
 762 0182 9E86 CE   		.ascii	"\236\206\316"
 763               		.text
 764               		.section	.gnu.lto_ws2812_sendarray.54aff923,"",@progbits
 765 0000 789C 6550 		.string	"x\234eP\273J\003Q\020\235sg\263Y\321\240\b\202B\002V\022,|\244\220\330\371\021\372\001\30
 765      BB4A 0351 
 765      109D 7367 
 765      B359 D1A0 
 765      0882 4202 
 766 0040 B133 68E3 		.string	"\2613h\343kv\325\312\201\201s\346\336s\346\341'\320\024\210\372\210($\t&(\255\365\200?c)\
 766      6B76 D5CA 
 766      8181 73E6 
 766      DE73 E6E1 
 766      27D0 1488 
 767 00c7 F778 EA95 		.ascii	"\367x\352\225\332f\321\372U\277\017\271j\003\316?\265\021:\027"
 767      DA66 D1FA 
 767      55BF 0FB9 
 767      6A03 CE3F 
 767      B511 3A17 
 768 00db F531 C2E4 		.ascii	"\3651\302\344jnw?W\003\246\361;4N`\312\031\210v*>G\177~\315\211"
 768      6A6E 773F 
 768      5703 A6F1 
 768      3B34 4E60 
 768      CA19 8876 
 769 00f6 5107 FB64 		.ascii	"Q\007\373d}\351&\343{\252Y\246\254\254l@;\224c\225\361\360\264"
 769      7DE9 26E3 
 769      7BAA 59A6 
 769      ACAC 6C40 
 769      3B94 6395 
 770 010d 4377 D05B 		.ascii	"Cw\320[\017\354Y<!\327\356\001\351\260^\270\372\252\233A6c\331"
 770      0FEC 593C 
 770      21D7 EE01 
 770      E9B0 5EB8 
 770      FAAA 9B41 
 771 0124 EC5B 6671 		.ascii	"\354[fq\307)f@yVyv\317x\361\222[\254w\357a\302\302\031\2026\373"
 771      C729 6640 
 771      7956 7976 
 771      CF78 F192 
 771      5BAC 77EF 
 772 013f E919 D94D 		.ascii	"\351\031\331M\323spc\226\361\323E\021\265\304\223#\023\211d\252"
 772      D373 7063 
 772      96F1 D345 
 772      11B5 C493 
 772      2313 8964 
 773 0154 3B36 91EC 		.ascii	";6\221\354\236LE\242\275\221\256a2\342\261\361X\363\037\355\212"
 773      9E4C 45A2 
 773      BD91 AE61 
 773      32E2 B1F1 
 773      58F3 1FED 
 774 0169 26FA FB7B 		.ascii	"&\372\373{b\2218\231R\037M\214}\003c\202\204\367"
 774      6291 3899 
 774      521F 4D8C 
 774      7D03 6382 
 774      84F7 
 775               		.text
 776               		.section	.gnu.lto_.symbol_nodes.54aff923,"",@progbits
 777 0000 789C 6DCB 		.ascii	"x\234m\313\273\r\2000\020\003P_.\342;\004kPB\026\273\203\t\030"
 777      BB0D 8030 
 777      1003 505F 
 777      2EE2 3B04 
 777      6B50 4216 
 778 0018 2333 3004 		.ascii	"#30\004C \026\240\245\201(IG\\Y~r\r\202G\210i\005\367\343G\332"
 778      4320 16A0 
 778      A581 2849 
 778      475C 597E 
 778      720D 8247 
 779 0033 0E40 805D 		.ascii	"\016@\200]\347@a\257\205VU\265?\250\304\224\241\021.\002\365"
 779      E740 61AF 
 779      8556 55B5 
 779      3FA8 C494 
 779      A111 2E02 
 780 0048 62DF 9C21 		.ascii	"b\337\234!\"\240:\001LX\342\341$&\233\352\325\261\241T\035sv"
 780      22A0 3A01 
 780      4C58 E2E1 
 780      2426 9BEA 
 780      D5B1 A154 
 781 005f 870F 9183 		.ascii	"\207\017\221\203.\350"
 781      2EE8 
 782               		.text
 783               		.section	.gnu.lto_.refs.54aff923,"",@progbits
 784 0000 789C 6367 		.string	"x\234cg`\004B "
 784      6004 4220 
 784      00
 785 0009 00        		.string	""
 786 000a 00        		.string	""
 787 000b 5400      		.string	"T"
 788 000d 0A        		.ascii	"\n"
 789               		.text
 790               		.section	.gnu.lto_.decls.54aff923,"",@progbits
 791 0000 789C 8D56 		.ascii	"x\234\215VkLT\327\026\336\353\234af8<4\2436\246\341\0077\226"
 791      6B4C 54D7 
 791      16DE EB9C 
 791      6166 383C 
 791      34A3 36A6 
 792 0018 98FE A8A0 		.ascii	"\230\376\250\240\266\006\333\037M\332{\353\375uMn\322\037&\223"
 792      B606 DB1F 
 792      4DDA 7BEB 
 792      FD75 4D6E 
 792      D21F 2693 
 793 002c CC1D 6726 		.ascii	"\314\035g&2u\030\332yh\370\325\003\224\021\337R\301{}\264\276"
 793      3275 18DA 
 793      7968 F8D5 
 793      0394 11DF 
 793      52C1 7B7D 
 794 0042 15B9 3E50 		.ascii	"\025\271>PZ\233\\\021\246\240\025mU\240\205*T\031|\200\312CZ"
 794      5A9B 5C11 
 794      A6A0 156D 
 794      55A0 852A 
 794      5419 7C80 
 795 0059 AD28 8873 		.ascii	"\255(\210s\327~\234\231\003e\032Of\315>{\235o\177\353[\373\254"
 795      D77E 9C99 
 795      0365 1A4F 
 795      66CD 3E7B 
 795      9D6F 7FEB 
 796 0070 BDF7 3111 		.ascii	"\275\3671\021 _\247\020\262\032\b\251B\213\342\225D\biE\243m"
 796      205F A710 
 796      B21A 08A9 
 796      428B E295 
 796      4408 6945 
 797 0086 13DA 05B4 		.ascii	"\023\332\005\264F\264N\264\b\341\027}\326\2076\210\366\033\332"
 797      46B4 4EB4 
 797      08E1 177D 
 797      D687 3688 
 797      F61B DA
 798 0099 08DA 18F9 		.ascii	"\b\332\030\371\343u\0259\323\261\315C\263\240\315\234\3049\216"
 798      E375 1539 
 798      D3B1 CD43 
 798      B3A0 CD9C 
 798      C439 8E
 799 00ac 9641 8134 		.ascii	"\226A\201466\311\330\246\240\245\241-\023\034 bM\276\272\360"
 799      3636 C9D8 
 799      A6A0 A5A1 
 799      2D13 1C20 
 799      624D BEBA 
 800 00c1 C1F4 49DC 		.ascii	"\301\364I\334\235:n\312\273L\307\235\216m/\266KE\036\323\260"
 800      9D3A 6ECA 
 800      BB4C C79D 
 800      8E6D 2FB6 
 800      4B45 1ED3 
 801 00d6 3F2A B80C 		.ascii	"?*\270\f\"\027\032g\026L\235\313]\364\233\023\304{\005x\314\001"
 801      2217 1A67 
 801      164C 9DCB 
 801      5DF4 9B13 
 801      C47B 0578 
 802 00ec 8195 C4BC 		.ascii	"\201\225\304\274\fN\301\363p\n\036mN\322\005O\257\216g$A\376"
 802      0C4E C1F3 
 802      700A 1E6D 
 802      4ED2 054F 
 802      AF8E 6724 
 803 0102 E532 5CBC 		.ascii	"\3452\\\274\266\363\320\2642\031,\nH\330m\273\326\367\304\214"
 803      B6F3 D0B4 
 803      3219 2C0A 
 803      48D8 6DBB 
 803      D6F7 C48C 
 804 0116 DD99 0A4C 		.ascii	"\335\231\nL\307n\350\314\336\033\006\354f(\020\005\354o)\352"
 804      C76E E8CC 
 804      DE1B 06EC 
 804      6628 1005 
 804      EC6F 29EA 
 805 012a BE9D CAFB 		.ascii	"\276\235\312\373tpi\363\315n\223,\261\373\377\354;\335f\3149"
 805      7470 69F3 
 805      CD6E 932C 
 805      B1FB FFEC 
 805      3BDD 66CC 
 806 013f AEF2 CB9C 		.ascii	"\256\362\313\234M\240\001d\026%3\205>?\262\273\352\\\232\274"
 806      4DA0 0164 
 806      1625 3385 
 806      3E3F B2BB 
 806      EA5C 9ABC 
 807 0153 9061 AFF7 		.ascii	"\220a\257\367\365l1+e\252Z\254\206\367\250\306\331\004\026f@"
 807      F56C 312B 
 807      65AA 5AAC 
 807      86F7 A8C6 
 807      D904 1666 
 808 0168 4E06 816F 		.ascii	"N\006\201o\201q\207!\207@=d\300Y\310\240\370\223=\247\207\f\251"
 808      8171 8721 
 808      8740 3D64 
 808      C059 C8A0 
 808      F893 3DA7 
 809 017f EB28 BE45 		.ascii	"\353(\276EU\225\331\320\b\n\324\341\3633\370\234@\023\244\262"
 809      5595 D9D0 
 809      080A D4E1 
 809      F333 F89C 
 809      4013 A4B2 
 810 0193 9784 2D4D 		.ascii	"\227\204-Mag\3653\252y\031j\216\312:\321\313\270\350\372\362"
 810      6167 F533 
 810      AA79 196A 
 810      8ECA 3AD1 
 810      CBB8 E8FA 
 811 01a8 AE5E 457E 		.ascii	"\256^E~\207\335\367\205J#I\\\b#&1V\370\016\330\b&\345<:\317Q"
 811      87DD F785 
 811      4A23 495C 
 811      0823 2631 
 811      56F8 0ED8 
 812 01c3 E705 5070 		.ascii	"\347\005PpT\373W\227\360\351_\031CS\325\365v\243\374\001\273"
 812      54FB 5797 
 812      F0E9 5F19 
 812      4353 D5F5 
 812      76A3 FC01 
 813 01d8 3FD5 34D2 		.ascii	"?\3254\322\231*\377\235\335\327l\037\271\241\030$\002\227\330"
 813      992A FF9D 
 813      DDD7 6C1F 
 813      B9A1 1824 
 813      0297 D8
 814 01eb 2CA0 E78B 		.ascii	",\240\347\213\216\261P\032\237i\252\252*rl<\211\317\364l\354"
 814      8EB1 501A 
 814      9F69 AAAA 
 814      2A72 6C3C 
 814      89CF F46C 
 815 0200 EE0A 55DF 		.ascii	"\356\nU\337\225\345\245tl\322\351\347\007\026\301\214\254\254"
 815      95E5 A574 
 815      6CD2 E9E7 
 815      0716 C18C 
 815      ACAC 
 816 0212 ACD7 CBE9 		.ascii	"\254\327\313\351\\FT@a\227Q\303\017h\337\203\201\300U\230A\225"
 816      5C46 5440 
 816      6197 51C3 
 816      0F68 DF83 
 816      81C0 5598 
 817 0228 C18F F03A 		.ascii	"\301\217\360:\264@\026\264\241\265B\026\235\205\375lV\257\356"
 817      B440 16B4 
 817      A1B5 4216 
 817      9D85 FD6C 
 817      56AF EE
 818 023b 78AD BDA4 		.ascii	"x\255\275\244H\255\371\027\233\252\213\230\013\035\302g\231@"
 818      48AD F917 
 818      9BAA 8B98 
 818      0B1D C267 
 818      9940 
 819 024d 36FD 9B9F 		.ascii	"6\375\233\237\021Cw\376M\335\300'\365\312$$\237`\035\264-\006"
 819      1143 77FE 
 819      4DDD C027 
 819      F5CA 2424 
 819      9F60 1DB4 
 820 0263 6D9E 04CD 		.ascii	"m\236\004\315\211!\017S\325\341\357*e\254\003\n!l\026\3435\367"
 820      8921 0F53 
 820      D5E1 EF2A 
 820      65AC 030A 
 820      216C 16E3 
 821 0279 B872 B0DF 		.ascii	"\270r\260\337$;i\256R\353\231kM2\314H\220)t`\202\177\222,\217"
 821      243B 69AE 
 821      52EB 996B 
 821      4D32 CC48 
 821      9029 7460 
 822 0292 D4FB 160D 		.ascii	"\324\373\026\r\324\216\260\237P\223\210\305\002\263p\r\365\203"
 822      D48E B09F 
 822      5093 88C5 
 822      02B3 700D 
 822      F583 
 823 02a4 7B53 6537 		.ascii	"{Se7\013w\362\227\375\225i\211\303]\177\231pO\356\262\304\256"
 823      0B77 F297 
 823      FD95 6989 
 823      C35D 7F99 
 823      704F EEB2 
 824 02ba 21EE 675D 		.ascii	"!\356g]\274v-\336\223\243\207\206A_\255\024\031\257\326NQ\255"
 824      BC76 2DDE 
 824      93A3 8786 
 824      415F AD14 
 824      19AF D64E 
 825 02d0 9DAC 5A1F 		.ascii	"\235\254Z\037\236\037\2525a\031\314\245\325\032\215N\323\325"
 825      9E1F AA35 
 825      6119 CCA5 
 825      D51A 8D4E 
 825      D3D5 
 826 02e2 EB5C 5EAF 		.ascii	"\353\\^\257G\016\224\3573\312\371\354\376\327\335\245\317d^C"
 826      470E 94EF 
 826      33CA F9EC 
 826      FED7 DDA5 
 826      CF64 5E43 
 827 02f6 06EC 767E 		.ascii	"\006\354v~\031\3751\215\327P&\345:v\265\330\310\253yXU-\230["
 827      19FD 318D 
 827      D750 26E5 
 827      3A76 B5D8 
 827      C8AB 7958 
 828 030e 3746 BD49 		.ascii	"7F\275I\013\367\0060>V\315\277\240\263\213:#\254\232k\216\326"
 828      0BF7 0630 
 828      3E56 CDBF 
 828      A0B3 8B3A 
 828      23AC 9A6B 
 829 0324 EC30 7423 		.ascii	"\3540t#\002\3271\333)\2518\020\r0\343}`]l%\336\b\027\b\030\321"
 829      02D7 31DB 
 829      29A9 3810 
 829      0D30 E37D 
 829      605D 6C25 
 830 033e EE05 8AFB 		.ascii	"\356\005\212\373\2458!\373\001\021|Q\355\342\334\002\022'\244"
 830      A538 21FB 
 830      0111 7C51 
 830      EDE2 DC02 
 830      1227 A4
 831 0351 3E49 2B1A 		.ascii	">I+\032\316/`\370'\2018i\004\003\347\325\t\230\360\220\007\326"
 831      CE2F 60F8 
 831      2781 3869 
 831      0403 E7D5 
 831      0998 F090 
 832 0367 3DD6 6709 		.ascii	"=\326g\tZU^\356\331\364\225A^\305\346\371a\357hs2\256^\302*}"
 832      5A55 5EEE 
 832      D9F4 9541 
 832      5EC5 E6F9 
 832      61EF 6873 
 833 0381 9581 FA0E 		.ascii	"\225\201\372\016\356/\213\032\230\017w\001\270\r\334\331\324"
 833      EE2F 8B1A 
 833      980F 7701 
 833      B80D DCD9 
 833      D4
 834 0392 7DC5 C89C 		.ascii	"}\305\310\234\270\371\300\035\356<1XR\2224{\033+\026U\315\004"
 834      B8F9 C01D 
 834      EE3C 3158 
 834      5292 347B 
 834      1B2B 1655 
 835 03a8 C87B 25B6 		.ascii	"\310{%\266Jz\261\344\b\334\005\003\017\032\335\332\375\2279{"
 835      4A7A B1E4 
 835      08DC 0503 
 835      0F1A DDDA 
 835      FD97 397B 
 836 03bc D548 440D 		.ascii	"\325HD\r\367\035ym\367\377*T5\204\303\260\024\021\b\267t\345"
 836      F71D 796D 
 836      F7FF 2A54 
 836      3584 C3B0 
 836      1411 08B7 
 837 03d2 758B ED23 		.ascii	"u\213\355#\320\203\3574\263\021\363\350\20398~\254\243\030\367"
 837      D083 EF34 
 837      B311 F3E8 
 837      8339 387E 
 837      ACA3 18F7 
 838 03e6 CC7D F092 		.ascii	"\314}\360\222\252\357s\201g\216\337\03133'\026!<\340\316[\315"
 838      AAEF 7381 
 838      678E DF19 
 838      3333 2716 
 838      213C E0CE 
 839 03fc 8FC7 13A9 		.ascii	"\217\307\023\251\036`\252\3735\325?\037\354\257K\021\262\037"
 839      1E60 AAFB 
 839      35D5 3F1F 
 839      ECAF 4B11 
 839      B21F 
 840 040e 7CA8 6EC0 		.ascii	"|\250n\300!\026\212\201{:\301\367t\202\333p#\034d\202C\373;\373"
 840      2116 8A81 
 840      7B3A C1F7 
 840      7482 DB70 
 840      231C 6482 
 841 0426 15F9 6B2E 		.ascii	"\025\371k.\370\362\370\343\001)&\216\013\036~\364\274:5\246\355"
 841      F8F2 F8E3 
 841      0129 268E 
 841      0B1E 7EF4 
 841      BC3A 35A6 
 842 043b 21D7 767F 		.ascii	"!\327v\177mGIZ\002m\2772m\303\232\266\373\367\032o\246\243\266"
 842      6D47 495A 
 842      026D BF32 
 842      6DC3 9AB6 
 842      FBF7 1A6F 
 843 0452 3DA8 AD51 		.ascii	"=\250\255Q\323\206\030\030\322i\033\322i[/\023\370\215i;\265"
 843      D386 1818 
 843      D269 1BD2 
 843      695B 2F13 
 843      F88D 693B 
 844 0467 F5E2 B664 		.ascii	"\365\342\266d\371\\bm\035]\r-r\354m?\346\332\356\325\3657\244"
 844      F95C 626D 
 844      1D5D 0D2D 
 844      72EC 6D3F 
 844      E6DA EED5 
 845 047e 26D0 F684 		.ascii	"&\320\366\204i\373]\323Vz\340\233\241$\241\255cE\251\032.\302"
 845      69FB 5DD3 
 845      567A E09B 
 845      A124 A1AD 
 845      6345 A91A 
 846 0494 4112 45C1 		.ascii	"A\022E\301#\235\272G:u\377\305\231\033a\352\324g\003;\025\271"
 846      239D BA47 
 846      3A75 FFC5 
 846      991B 61EA 
 846      D467 033B 
 847 04aa 9DAB 3B7E 		.ascii	"\235\253;~t\254FaJ\346j\342\266\265\267T+\tt\2142\035\3174\035"
 847      74AC 4661 
 847      4AE6 6AE2 
 847      B6B5 B754 
 847      2B09 748C 
 848 04c3 87D7      		.ascii	"\207\327"
 849 04c5 5415 25D3 		.string	"T\025%\323\367\207\320\013\365o7\327U\250e!5SM\246@x\252\223\362T\234\341\004\306\250\b\3
 849      F787 D00B 
 849      F56F 37D7 
 849      55A8 6521 
 849      3553 4DA6 
 850 05c6 EB78 80F5 		.string	"\353x\200\365,\300\256K\352 $\f\260A\013\220\303\370\317n\276t\302\314\371[\342\374q\370F
 850      2CC0 AE4B 
 850      EA20 240C 
 850      B041 0B90 
 850      C3F8 CF6E 
 851 060b 6F66 E0AA 		.ascii	"of\340\252\352\206+\222\034\341_\247\325\307\276\254I\227\037"
 851      EA86 2B92 
 851      1CE1 5FA7 
 851      D5C7 BEAC 
 851      4997 1F
 852 061e F0CE FAC6 		.ascii	"\360\316\372\306\246]t\323\206rI|\233\305\227\323\322\224\227"
 852      A65D 74D3 
 852      8672 497C 
 852      9BC5 97D3 
 852      D294 97
 853 0631 584E 1512 		.ascii	"XN\025\022]N[%\261\234\276\257\035l6\342r\n\343\262~\321 \361"
 853      5D4E 5B25 
 853      B19C BEAF 
 853      1D6C 36E2 
 853      720A E3B2 
 854 0649 75BD 57A1 		.ascii	"u\275W\2410\330\"\211\305\004\237K\006\250\224\346POlu\237\302"
 854      30D8 2289 
 854      C504 9F4B 
 854      06A8 94E6 
 854      504F 6C75 
 855 065f BD07 7DF4 		.ascii	"\275\007}\364\224//\016\233\365\251\rLHm\233H\215\2663\235>\367"
 855      942F 2F0E 
 855      9BF5 A90D 
 855      4C48 6D9B 
 855      488D B633 
 856 0676 2A97 CF9F 		.ascii	"*\227\317\237m_\345\313^\355_\220;\177\301<\207y\311?>\314|\177"
 856      6D5F E5CB 
 856      5EED 5F90 
 856      3B7F C13C 
 856      8779 C93F 
 857 068e F162 62D1 		.ascii	"\361bb\321<\363r]\213\027\347\330\0278\211)\350\366\006rm\001"
 857      3CF3 725D 
 857      8B17 E7D8 
 857      1738 8929 
 857      E8F6 0672 
 858 06a4 336D E72F 		.ascii	"3m\347/\262\005\300\007+\214\037\333\035+]NXn\231\227\375I\320"
 858      B205 C007 
 858      2B8C 1FDB 
 858      1D2B 5D4E 
 858      586E 9997 
 859 06bb EE0D 04F3 		.ascii	"\356\r\004\363\263\035\005\236\002\337\274<bp\374s\311{2\032"
 859      B31D 059E 
 859      02DF BC3C 
 859      6270 FC73 
 859      C97B 321A 
 860 06cf 1BB1 7081 		.ascii	"\033\261p\201-0\213\263\332\374.\257\323\356\363\331\013m\371"
 860      2D30 8BB3 
 860      DAFC 2EAF 
 860      D3EE F3D9 
 860      0B6D F9
 861 06e2 76FF CA59 		.ascii	"v\377\312YS)\321\024 6\340q9\375\266\217\335\336\364\211\256"
 861      5329 D114 
 861      2036 E071 
 861      39FD B68F 
 861      DDDE F489 
 862 06f7 E993 D95E 		.ascii	"\351\223\331^\265\331\226\007\335\236\200\333kC*\233\323\345"
 862      B5D9 9607 
 862      DD9E 80DB 
 862      6B43 2A9B 
 862      D3E5 
 863 0709 C108 8E42 		.ascii	"\301\b\216B\207\307\345\377\310\361\2665\350\307 Vo\201\327\365"
 863      87C7 E5FF 
 863      C8F1 B635 
 863      E8C7 2056 
 863      6F81 D7F5 
 864 071d 91D5 59E0 		.ascii	"\221\325Y\340\b\346\273\274\001\277u\245\253py\201\335\347\264"
 864      08E6 BBBC 
 864      01BF 75A5 
 864      AB70 7981 
 864      DDE7 B4
 865 0730 E6FB 0BFD 		.ascii	"\346\373\013\375\213\336\264\346\025\344\273\004\350\223\374"
 865      8BDE B4E6 
 865      15E4 BB04 
 865      E893 FC
 866 073f 95B6 60C0 		.ascii	"\225\266`\300\355\361[\221.\367\215\025\336\340\033\201\202\002"
 866      EDF1 5B91 
 866      2EF7 8D15 
 866      DEE0 1B81 
 866      8202 
 867 0751 8F23 CFEE 		.ascii	"\217#\317\356\366R\227\325\355ux\202N\227\225\202\254,\034K;"
 867      F652 97D5 
 867      ED75 7882 
 867      4E97 9582 
 867      AC2C 1C4B 
 868 0766 CFEE 4B16 		.ascii	"\317\356K\026\321\203\3764\273g\265\275\320os{=n\257\353\377"
 868      D183 FE34 
 868      BB67 B5BD 
 868      D06F 737B 
 868      3D6E AFEB 
 869 077b 4CC5 CD1A 		.ascii	"L\305\315\032"
 870               		.text
 871               		.section	.gnu.lto_.symtab.54aff923,"",@progbits
 872 0000 7773 3238 		.string	"ws2812_sendarray_mask"
 872      3132 5F73 
 872      656E 6461 
 872      7272 6179 
 872      5F6D 6173 
 873 0016 00        		.string	""
 874 0017 00        		.string	""
 875 0018 00        		.string	""
 876 0019 00        		.string	""
 877 001a 00        		.string	""
 878 001b 00        		.string	""
 879 001c 00        		.string	""
 880 001d 00        		.string	""
 881 001e 00        		.string	""
 882 001f 00        		.string	""
 883 0020 00        		.string	""
 884 0021 E700      		.string	"\347"
 885 0023 00        		.string	""
 886 0024 00        		.string	""
 887 0025 7773 3238 		.string	"ws2812_setleds_pin"
 887      3132 5F73 
 887      6574 6C65 
 887      6473 5F70 
 887      696E 00
 888 0038 00        		.string	""
 889 0039 00        		.string	""
 890 003a 00        		.string	""
 891 003b 00        		.string	""
 892 003c 00        		.string	""
 893 003d 00        		.string	""
 894 003e 00        		.string	""
 895 003f 00        		.string	""
 896 0040 00        		.string	""
 897 0041 00        		.string	""
 898 0042 00        		.string	""
 899 0043 ED00      		.string	"\355"
 900 0045 00        		.string	""
 901 0046 00        		.string	""
 902 0047 7773 3238 		.string	"ws2812_setleds"
 902      3132 5F73 
 902      6574 6C65 
 902      6473 00
 903 0056 00        		.string	""
 904 0057 00        		.string	""
 905 0058 00        		.string	""
 906 0059 00        		.string	""
 907 005a 00        		.string	""
 908 005b 00        		.string	""
 909 005c 00        		.string	""
 910 005d 00        		.string	""
 911 005e 00        		.string	""
 912 005f 00        		.string	""
 913 0060 00        		.string	""
 914 0061 F200      		.string	"\362"
 915 0063 00        		.string	""
 916 0064 00        		.string	""
 917 0065 7773 3238 		.string	"ws2812_sendarray"
 917      3132 5F73 
 917      656E 6461 
 917      7272 6179 
 917      00
 918 0076 00        		.string	""
 919 0077 00        		.string	""
 920 0078 00        		.string	""
 921 0079 00        		.string	""
 922 007a 00        		.string	""
 923 007b 00        		.string	""
 924 007c 00        		.string	""
 925 007d 00        		.string	""
 926 007e 00        		.string	""
 927 007f 00        		.string	""
 928 0080 00        		.string	""
 929 0081 F700      		.string	"\367"
 930 0083 00        		.string	""
 931 0084 00        		.string	""
 932               		.text
 933               		.section	.gnu.lto_.opts,"",@progbits
 934 0000 272D 666E 		.string	"'-fno-openmp' '-fno-openacc' '-fno-pie' '-mn-flash=1' '-mno-skip-bug' '-mmcu=avr5' '-Os' 
 934      6F2D 6F70 
 934      656E 6D70 
 934      2720 272D 
 934      666E 6F2D 
 935               		.text
 936               		.comm	__gnu_lto_v1,1,1
 937               		.comm	__gnu_lto_slim,1,1
 938               		.ident	"GCC: (GNU) 8.3.0"
DEFINED SYMBOLS
                            *ABS*:00000000 ws2812.c
C:\Users\nonej\Documents\Keyboard\msys64\tmp\cc90DX14.s:2      *ABS*:0000003e __SP_H__
C:\Users\nonej\Documents\Keyboard\msys64\tmp\cc90DX14.s:3      *ABS*:0000003d __SP_L__
C:\Users\nonej\Documents\Keyboard\msys64\tmp\cc90DX14.s:4      *ABS*:0000003f __SREG__
C:\Users\nonej\Documents\Keyboard\msys64\tmp\cc90DX14.s:5      *ABS*:00000000 __tmp_reg__
C:\Users\nonej\Documents\Keyboard\msys64\tmp\cc90DX14.s:6      *ABS*:00000001 __zero_reg__
C:\Users\nonej\Documents\Keyboard\msys64\tmp\cc90DX14.s:15     .gnu.debuglto_.debug_info:00000000 ws2812.c.8e990a2d
                            *COM*:00000001 __gnu_lto_v1
                            *COM*:00000001 __gnu_lto_slim

NO UNDEFINED SYMBOLS
